2025-01-08 00:02:34,395 ERROR Send request fail, request = MemberReportRequest{headers={}, requestId='null'}, retryTimes = 0, errorMessage = java.util.concurrent.TimeoutException: Waited 3000 milliseconds (plus 191709 nanoseconds delay) for io.grpc.stub.ClientCalls$GrpcFuture@7228273b[status=PENDING, info=[GrpcFuture{clientCall=ClientCallImpl{method=MethodDescriptor{fullMethodName=Request/request, type=UNARY, idempotent=false, safe=false, sampledToLocalTracing=true, requestMarshaller=io.grpc.protobuf.lite.ProtoLiteUtils$MessageMarshaller@1885cbe4, responseMarshaller=io.grpc.protobuf.lite.ProtoLiteUtils$MessageMarshaller@156926f3, schemaDescriptor=com.alibaba.nacos.api.grpc.auto.RequestGrpc$RequestMethodDescriptorSupplier@2755cb99}}}]]

2025-01-08 00:02:36,628 INFO [Cluster-nacos3:8848] Server check success, currentServer is nacos3:8848 

2025-01-08 00:09:15,015 INFO [capacityManagement] start correct usage

2025-01-08 00:09:15,020 INFO [capacityManagement] end correct usage, cost: 0.004981629s

2025-01-08 00:09:15,644 WARN clearHistoryConfig get scheduled

2025-01-08 00:09:15,644 WARN clearHistoryConfig is enable in current context, try to run cleaner

2025-01-08 00:09:15,645 WARN clearConfigHistory, getBeforeStamp:2024-12-09 00:09:15.0, pageSize:1000

2025-01-08 00:09:15,647 WARN history config cleaner successfully

2025-01-08 00:19:15,021 INFO [capacityManagement] start correct usage

2025-01-08 00:19:15,023 INFO [capacityManagement] end correct usage, cost: 0.002294258s

2025-01-08 00:19:15,648 WARN clearHistoryConfig get scheduled

2025-01-08 00:19:15,648 WARN clearHistoryConfig is enable in current context, try to run cleaner

2025-01-08 00:19:15,648 WARN clearConfigHistory, getBeforeStamp:2024-12-09 00:19:15.0, pageSize:1000

2025-01-08 00:19:15,650 WARN history config cleaner successfully

2025-01-08 00:29:15,023 INFO [capacityManagement] start correct usage

2025-01-08 00:29:15,027 INFO [capacityManagement] end correct usage, cost: 0.002842666s

2025-01-08 00:29:15,651 WARN clearHistoryConfig get scheduled

2025-01-08 00:29:15,651 WARN clearHistoryConfig is enable in current context, try to run cleaner

2025-01-08 00:29:15,651 WARN clearConfigHistory, getBeforeStamp:2024-12-09 00:29:15.0, pageSize:1000

2025-01-08 00:29:15,652 WARN history config cleaner successfully

2025-01-08 00:39:15,027 INFO [capacityManagement] start correct usage

2025-01-08 00:39:15,030 INFO [capacityManagement] end correct usage, cost: 0.002464331s

2025-01-08 00:39:15,653 WARN clearHistoryConfig get scheduled

2025-01-08 00:39:15,653 WARN clearHistoryConfig is enable in current context, try to run cleaner

2025-01-08 00:39:15,653 WARN clearConfigHistory, getBeforeStamp:2024-12-09 00:39:15.0, pageSize:1000

2025-01-08 00:39:15,655 WARN history config cleaner successfully

2025-01-08 00:49:15,031 INFO [capacityManagement] start correct usage

2025-01-08 00:49:15,033 INFO [capacityManagement] end correct usage, cost: 0.002657095s

2025-01-08 00:49:15,655 WARN clearHistoryConfig get scheduled

2025-01-08 00:49:15,656 WARN clearHistoryConfig is enable in current context, try to run cleaner

2025-01-08 00:49:15,656 WARN clearConfigHistory, getBeforeStamp:2024-12-09 00:49:15.0, pageSize:1000

2025-01-08 00:49:15,658 WARN history config cleaner successfully

2025-01-08 00:59:15,034 INFO [capacityManagement] start correct usage

2025-01-08 00:59:15,037 INFO [capacityManagement] end correct usage, cost: 0.002291956s

2025-01-08 00:59:15,658 WARN clearHistoryConfig get scheduled

2025-01-08 00:59:15,658 WARN clearHistoryConfig is enable in current context, try to run cleaner

2025-01-08 00:59:15,658 WARN clearConfigHistory, getBeforeStamp:2024-12-09 00:59:15.0, pageSize:1000

2025-01-08 00:59:15,660 WARN history config cleaner successfully

2025-01-08 01:09:15,037 INFO [capacityManagement] start correct usage

2025-01-08 01:09:15,040 INFO [capacityManagement] end correct usage, cost: 0.002525992s

2025-01-08 01:09:15,660 WARN clearHistoryConfig get scheduled

2025-01-08 01:09:15,660 WARN clearHistoryConfig is enable in current context, try to run cleaner

2025-01-08 01:09:15,661 WARN clearConfigHistory, getBeforeStamp:2024-12-09 01:09:15.0, pageSize:1000

2025-01-08 01:09:15,662 WARN history config cleaner successfully

2025-01-08 01:19:15,040 INFO [capacityManagement] start correct usage

2025-01-08 01:19:15,043 INFO [capacityManagement] end correct usage, cost: 0.002550061s

2025-01-08 01:19:15,662 WARN clearHistoryConfig get scheduled

2025-01-08 01:19:15,662 WARN clearHistoryConfig is enable in current context, try to run cleaner

2025-01-08 01:19:15,662 WARN clearConfigHistory, getBeforeStamp:2024-12-09 01:19:15.0, pageSize:1000

2025-01-08 01:19:15,665 WARN history config cleaner successfully

2025-01-08 01:29:15,044 INFO [capacityManagement] start correct usage

2025-01-08 01:29:15,047 INFO [capacityManagement] end correct usage, cost: 0.002993695s

2025-01-08 01:29:15,665 WARN clearHistoryConfig get scheduled

2025-01-08 01:29:15,665 WARN clearHistoryConfig is enable in current context, try to run cleaner

2025-01-08 01:29:15,666 WARN clearConfigHistory, getBeforeStamp:2024-12-09 01:29:15.0, pageSize:1000

2025-01-08 01:29:15,668 WARN history config cleaner successfully

2025-01-08 01:39:15,047 INFO [capacityManagement] start correct usage

2025-01-08 01:39:15,051 INFO [capacityManagement] end correct usage, cost: 0.002585876s

2025-01-08 01:39:15,668 WARN clearHistoryConfig get scheduled

2025-01-08 01:39:15,668 WARN clearHistoryConfig is enable in current context, try to run cleaner

2025-01-08 01:39:15,669 WARN clearConfigHistory, getBeforeStamp:2024-12-09 01:39:15.0, pageSize:1000

2025-01-08 01:39:15,671 WARN history config cleaner successfully

2025-01-08 01:49:15,052 INFO [capacityManagement] start correct usage

2025-01-08 01:49:15,055 INFO [capacityManagement] end correct usage, cost: 0.003027388s

2025-01-08 01:49:15,671 WARN clearHistoryConfig get scheduled

2025-01-08 01:49:15,671 WARN clearHistoryConfig is enable in current context, try to run cleaner

2025-01-08 01:49:15,671 WARN clearConfigHistory, getBeforeStamp:2024-12-09 01:49:15.0, pageSize:1000

2025-01-08 01:49:15,673 WARN history config cleaner successfully

2025-01-08 01:59:15,055 INFO [capacityManagement] start correct usage

2025-01-08 01:59:15,058 INFO [capacityManagement] end correct usage, cost: 0.002430156s

2025-01-08 01:59:15,674 WARN clearHistoryConfig get scheduled

2025-01-08 01:59:15,674 WARN clearHistoryConfig is enable in current context, try to run cleaner

2025-01-08 01:59:15,674 WARN clearConfigHistory, getBeforeStamp:2024-12-09 01:59:15.0, pageSize:1000

2025-01-08 01:59:15,676 WARN history config cleaner successfully

2025-01-08 02:09:15,059 INFO [capacityManagement] start correct usage

2025-01-08 02:09:15,063 INFO [capacityManagement] end correct usage, cost: 0.003215921s

2025-01-08 02:09:15,676 WARN clearHistoryConfig get scheduled

2025-01-08 02:09:15,677 WARN clearHistoryConfig is enable in current context, try to run cleaner

2025-01-08 02:09:15,677 WARN clearConfigHistory, getBeforeStamp:2024-12-09 02:09:15.0, pageSize:1000

2025-01-08 02:09:15,679 WARN history config cleaner successfully

2025-01-08 02:19:15,063 INFO [capacityManagement] start correct usage

2025-01-08 02:19:15,066 INFO [capacityManagement] end correct usage, cost: 0.002547839s

2025-01-08 02:19:15,680 WARN clearHistoryConfig get scheduled

2025-01-08 02:19:15,680 WARN clearHistoryConfig is enable in current context, try to run cleaner

2025-01-08 02:19:15,680 WARN clearConfigHistory, getBeforeStamp:2024-12-09 02:19:15.0, pageSize:1000

2025-01-08 02:19:15,683 WARN history config cleaner successfully

2025-01-08 02:29:15,067 INFO [capacityManagement] start correct usage

2025-01-08 02:29:15,070 INFO [capacityManagement] end correct usage, cost: 0.002587138s

2025-01-08 02:29:15,683 WARN clearHistoryConfig get scheduled

2025-01-08 02:29:15,683 WARN clearHistoryConfig is enable in current context, try to run cleaner

2025-01-08 02:29:15,683 WARN clearConfigHistory, getBeforeStamp:2024-12-09 02:29:15.0, pageSize:1000

2025-01-08 02:29:15,685 WARN history config cleaner successfully

2025-01-08 02:33:53,896 ERROR Send request fail, request = MemberReportRequest{headers={}, requestId='null'}, retryTimes = 0, errorMessage = java.util.concurrent.TimeoutException: Waited 3000 milliseconds (plus 82030 nanoseconds delay) for io.grpc.stub.ClientCalls$GrpcFuture@a10f41[status=PENDING, info=[GrpcFuture{clientCall=ClientCallImpl{method=MethodDescriptor{fullMethodName=Request/request, type=UNARY, idempotent=false, safe=false, sampledToLocalTracing=true, requestMarshaller=io.grpc.protobuf.lite.ProtoLiteUtils$MessageMarshaller@1885cbe4, responseMarshaller=io.grpc.protobuf.lite.ProtoLiteUtils$MessageMarshaller@156926f3, schemaDescriptor=com.alibaba.nacos.api.grpc.auto.RequestGrpc$RequestMethodDescriptorSupplier@2755cb99}}}]]

2025-01-08 02:33:55,943 INFO [Cluster-nacos3:8848] Server check success, currentServer is nacos3:8848 

2025-01-08 02:39:15,070 INFO [capacityManagement] start correct usage

2025-01-08 02:39:15,073 INFO [capacityManagement] end correct usage, cost: 0.002625597s

2025-01-08 02:39:15,686 WARN clearHistoryConfig get scheduled

2025-01-08 02:39:15,686 WARN clearHistoryConfig is enable in current context, try to run cleaner

2025-01-08 02:39:15,686 WARN clearConfigHistory, getBeforeStamp:2024-12-09 02:39:15.0, pageSize:1000

2025-01-08 02:39:15,689 WARN history config cleaner successfully

2025-01-08 02:49:15,073 INFO [capacityManagement] start correct usage

2025-01-08 02:49:15,076 INFO [capacityManagement] end correct usage, cost: 0.00281184s

2025-01-08 02:49:15,689 WARN clearHistoryConfig get scheduled

2025-01-08 02:49:15,689 WARN clearHistoryConfig is enable in current context, try to run cleaner

2025-01-08 02:49:15,689 WARN clearConfigHistory, getBeforeStamp:2024-12-09 02:49:15.0, pageSize:1000

2025-01-08 02:49:15,691 WARN history config cleaner successfully

2025-01-08 02:59:15,077 INFO [capacityManagement] start correct usage

2025-01-08 02:59:15,082 INFO [capacityManagement] end correct usage, cost: 0.005464101s

2025-01-08 02:59:15,692 WARN clearHistoryConfig get scheduled

2025-01-08 02:59:15,692 WARN clearHistoryConfig is enable in current context, try to run cleaner

2025-01-08 02:59:15,692 WARN clearConfigHistory, getBeforeStamp:2024-12-09 02:59:15.0, pageSize:1000

2025-01-08 02:59:15,694 WARN history config cleaner successfully

2025-01-08 03:09:15,083 INFO [capacityManagement] start correct usage

2025-01-08 03:09:15,086 INFO [capacityManagement] end correct usage, cost: 0.002816511s

2025-01-08 03:09:15,694 WARN clearHistoryConfig get scheduled

2025-01-08 03:09:15,694 WARN clearHistoryConfig is enable in current context, try to run cleaner

2025-01-08 03:09:15,695 WARN clearConfigHistory, getBeforeStamp:2024-12-09 03:09:15.0, pageSize:1000

2025-01-08 03:09:15,696 WARN history config cleaner successfully

2025-01-08 03:19:15,087 INFO [capacityManagement] start correct usage

2025-01-08 03:19:15,090 INFO [capacityManagement] end correct usage, cost: 0.002592039s

2025-01-08 03:19:15,697 WARN clearHistoryConfig get scheduled

2025-01-08 03:19:15,697 WARN clearHistoryConfig is enable in current context, try to run cleaner

2025-01-08 03:19:15,697 WARN clearConfigHistory, getBeforeStamp:2024-12-09 03:19:15.0, pageSize:1000

2025-01-08 03:19:15,701 WARN history config cleaner successfully

2025-01-08 03:29:15,090 INFO [capacityManagement] start correct usage

2025-01-08 03:29:15,092 INFO [capacityManagement] end correct usage, cost: 0.001694971s

2025-01-08 03:29:15,701 WARN clearHistoryConfig get scheduled

2025-01-08 03:29:15,702 WARN clearHistoryConfig is enable in current context, try to run cleaner

2025-01-08 03:29:15,702 WARN clearConfigHistory, getBeforeStamp:2024-12-09 03:29:15.0, pageSize:1000

2025-01-08 03:29:15,704 WARN history config cleaner successfully

2025-01-08 03:38:45,014 ERROR Send request fail, request = MemberReportRequest{headers={}, requestId='null'}, retryTimes = 0, errorMessage = java.util.concurrent.TimeoutException: Waited 3000 milliseconds (plus 165055 nanoseconds delay) for io.grpc.stub.ClientCalls$GrpcFuture@1b0ffce9[status=PENDING, info=[GrpcFuture{clientCall=ClientCallImpl{method=MethodDescriptor{fullMethodName=Request/request, type=UNARY, idempotent=false, safe=false, sampledToLocalTracing=true, requestMarshaller=io.grpc.protobuf.lite.ProtoLiteUtils$MessageMarshaller@1885cbe4, responseMarshaller=io.grpc.protobuf.lite.ProtoLiteUtils$MessageMarshaller@156926f3, schemaDescriptor=com.alibaba.nacos.api.grpc.auto.RequestGrpc$RequestMethodDescriptorSupplier@2755cb99}}}]]

2025-01-08 03:38:46,770 INFO [Cluster-nacos2:8848] Server check success, currentServer is nacos2:8848 

2025-01-08 03:39:15,092 INFO [capacityManagement] start correct usage

2025-01-08 03:39:15,096 INFO [capacityManagement] end correct usage, cost: 0.002716799s

2025-01-08 03:39:15,704 WARN clearHistoryConfig get scheduled

2025-01-08 03:39:15,704 WARN clearHistoryConfig is enable in current context, try to run cleaner

2025-01-08 03:39:15,704 WARN clearConfigHistory, getBeforeStamp:2024-12-09 03:39:15.0, pageSize:1000

2025-01-08 03:39:15,707 WARN history config cleaner successfully

2025-01-08 03:49:15,097 INFO [capacityManagement] start correct usage

2025-01-08 03:49:15,100 INFO [capacityManagement] end correct usage, cost: 0.002622177s

2025-01-08 03:49:15,707 WARN clearHistoryConfig get scheduled

2025-01-08 03:49:15,707 WARN clearHistoryConfig is enable in current context, try to run cleaner

2025-01-08 03:49:15,707 WARN clearConfigHistory, getBeforeStamp:2024-12-09 03:49:15.0, pageSize:1000

2025-01-08 03:49:15,709 WARN history config cleaner successfully

2025-01-08 03:59:15,100 INFO [capacityManagement] start correct usage

2025-01-08 03:59:15,103 INFO [capacityManagement] end correct usage, cost: 0.002698121s

2025-01-08 03:59:15,709 WARN clearHistoryConfig get scheduled

2025-01-08 03:59:15,709 WARN clearHistoryConfig is enable in current context, try to run cleaner

2025-01-08 03:59:15,709 WARN clearConfigHistory, getBeforeStamp:2024-12-09 03:59:15.0, pageSize:1000

2025-01-08 03:59:15,711 WARN history config cleaner successfully

2025-01-08 04:09:15,103 INFO [capacityManagement] start correct usage

2025-01-08 04:09:15,106 INFO [capacityManagement] end correct usage, cost: 0.002560676s

2025-01-08 04:09:15,711 WARN clearHistoryConfig get scheduled

2025-01-08 04:09:15,711 WARN clearHistoryConfig is enable in current context, try to run cleaner

2025-01-08 04:09:15,711 WARN clearConfigHistory, getBeforeStamp:2024-12-09 04:09:15.0, pageSize:1000

2025-01-08 04:09:15,713 WARN history config cleaner successfully

2025-01-08 04:19:15,107 INFO [capacityManagement] start correct usage

2025-01-08 04:19:15,109 INFO [capacityManagement] end correct usage, cost: 0.002143404s

2025-01-08 04:19:15,714 WARN clearHistoryConfig get scheduled

2025-01-08 04:19:15,714 WARN clearHistoryConfig is enable in current context, try to run cleaner

2025-01-08 04:19:15,714 WARN clearConfigHistory, getBeforeStamp:2024-12-09 04:19:15.0, pageSize:1000

2025-01-08 04:19:15,716 WARN history config cleaner successfully

2025-01-08 04:22:02,016 ERROR Send request fail, request = MemberReportRequest{headers={}, requestId='null'}, retryTimes = 0, errorMessage = java.util.concurrent.TimeoutException: Waited 3000 milliseconds (plus 269520 nanoseconds delay) for io.grpc.stub.ClientCalls$GrpcFuture@4fb69205[status=PENDING, info=[GrpcFuture{clientCall=ClientCallImpl{method=MethodDescriptor{fullMethodName=Request/request, type=UNARY, idempotent=false, safe=false, sampledToLocalTracing=true, requestMarshaller=io.grpc.protobuf.lite.ProtoLiteUtils$MessageMarshaller@1885cbe4, responseMarshaller=io.grpc.protobuf.lite.ProtoLiteUtils$MessageMarshaller@156926f3, schemaDescriptor=com.alibaba.nacos.api.grpc.auto.RequestGrpc$RequestMethodDescriptorSupplier@2755cb99}}}]]

2025-01-08 04:22:03,166 INFO [Cluster-nacos2:8848] Server check success, currentServer is nacos2:8848 

2025-01-08 04:29:15,109 INFO [capacityManagement] start correct usage

2025-01-08 04:29:15,112 INFO [capacityManagement] end correct usage, cost: 0.002121953s

2025-01-08 04:29:15,717 WARN clearHistoryConfig get scheduled

2025-01-08 04:29:15,717 WARN clearHistoryConfig is enable in current context, try to run cleaner

2025-01-08 04:29:15,717 WARN clearConfigHistory, getBeforeStamp:2024-12-09 04:29:15.0, pageSize:1000

2025-01-08 04:29:15,719 WARN history config cleaner successfully

2025-01-08 04:39:15,112 INFO [capacityManagement] start correct usage

2025-01-08 04:39:15,114 INFO [capacityManagement] end correct usage, cost: 0.001871491s

2025-01-08 04:39:15,720 WARN clearHistoryConfig get scheduled

2025-01-08 04:39:15,720 WARN clearHistoryConfig is enable in current context, try to run cleaner

2025-01-08 04:39:15,720 WARN clearConfigHistory, getBeforeStamp:2024-12-09 04:39:15.0, pageSize:1000

2025-01-08 04:39:15,723 WARN history config cleaner successfully

2025-01-08 04:49:15,114 INFO [capacityManagement] start correct usage

2025-01-08 04:49:15,118 INFO [capacityManagement] end correct usage, cost: 0.00288675s

2025-01-08 04:49:15,723 WARN clearHistoryConfig get scheduled

2025-01-08 04:49:15,723 WARN clearHistoryConfig is enable in current context, try to run cleaner

2025-01-08 04:49:15,724 WARN clearConfigHistory, getBeforeStamp:2024-12-09 04:49:15.0, pageSize:1000

2025-01-08 04:49:15,728 WARN history config cleaner successfully

2025-01-08 04:59:15,118 INFO [capacityManagement] start correct usage

2025-01-08 04:59:15,121 INFO [capacityManagement] end correct usage, cost: 0.002494647s

2025-01-08 04:59:15,728 WARN clearHistoryConfig get scheduled

2025-01-08 04:59:15,728 WARN clearHistoryConfig is enable in current context, try to run cleaner

2025-01-08 04:59:15,729 WARN clearConfigHistory, getBeforeStamp:2024-12-09 04:59:15.0, pageSize:1000

2025-01-08 04:59:15,731 WARN history config cleaner successfully

2025-01-08 05:09:15,121 INFO [capacityManagement] start correct usage

2025-01-08 05:09:15,124 INFO [capacityManagement] end correct usage, cost: 0.002642131s

2025-01-08 05:09:15,731 WARN clearHistoryConfig get scheduled

2025-01-08 05:09:15,731 WARN clearHistoryConfig is enable in current context, try to run cleaner

2025-01-08 05:09:15,732 WARN clearConfigHistory, getBeforeStamp:2024-12-09 05:09:15.0, pageSize:1000

2025-01-08 05:09:15,734 WARN history config cleaner successfully

2025-01-08 05:19:15,124 INFO [capacityManagement] start correct usage

2025-01-08 05:19:15,126 INFO [capacityManagement] end correct usage, cost: 0.001517739s

2025-01-08 05:19:15,734 WARN clearHistoryConfig get scheduled

2025-01-08 05:19:15,734 WARN clearHistoryConfig is enable in current context, try to run cleaner

2025-01-08 05:19:15,734 WARN clearConfigHistory, getBeforeStamp:2024-12-09 05:19:15.0, pageSize:1000

2025-01-08 05:19:15,735 WARN history config cleaner successfully

2025-01-08 05:29:15,126 INFO [capacityManagement] start correct usage

2025-01-08 05:29:15,129 INFO [capacityManagement] end correct usage, cost: 0.00258382s

2025-01-08 05:29:15,736 WARN clearHistoryConfig get scheduled

2025-01-08 05:29:15,736 WARN clearHistoryConfig is enable in current context, try to run cleaner

2025-01-08 05:29:15,736 WARN clearConfigHistory, getBeforeStamp:2024-12-09 05:29:15.0, pageSize:1000

2025-01-08 05:29:15,738 WARN history config cleaner successfully

2025-01-08 05:39:15,130 INFO [capacityManagement] start correct usage

2025-01-08 05:39:15,134 INFO [capacityManagement] end correct usage, cost: 0.002708596s

2025-01-08 05:39:15,739 WARN clearHistoryConfig get scheduled

2025-01-08 05:39:15,739 WARN clearHistoryConfig is enable in current context, try to run cleaner

2025-01-08 05:39:15,739 WARN clearConfigHistory, getBeforeStamp:2024-12-09 05:39:15.0, pageSize:1000

2025-01-08 05:39:15,741 WARN history config cleaner successfully

2025-01-08 05:49:15,134 INFO [capacityManagement] start correct usage

2025-01-08 05:49:15,137 INFO [capacityManagement] end correct usage, cost: 0.002567183s

2025-01-08 05:49:15,741 WARN clearHistoryConfig get scheduled

2025-01-08 05:49:15,742 WARN clearHistoryConfig is enable in current context, try to run cleaner

2025-01-08 05:49:15,742 WARN clearConfigHistory, getBeforeStamp:2024-12-09 05:49:15.0, pageSize:1000

2025-01-08 05:49:15,744 WARN history config cleaner successfully

2025-01-08 05:59:15,138 INFO [capacityManagement] start correct usage

2025-01-08 05:59:15,141 INFO [capacityManagement] end correct usage, cost: 0.002717177s

2025-01-08 05:59:15,744 WARN clearHistoryConfig get scheduled

2025-01-08 05:59:15,744 WARN clearHistoryConfig is enable in current context, try to run cleaner

2025-01-08 05:59:15,745 WARN clearConfigHistory, getBeforeStamp:2024-12-09 05:59:15.0, pageSize:1000

2025-01-08 05:59:15,747 WARN history config cleaner successfully

2025-01-08 06:09:15,141 INFO [capacityManagement] start correct usage

2025-01-08 06:09:15,144 INFO [capacityManagement] end correct usage, cost: 0.002664797s

2025-01-08 06:09:15,748 WARN clearHistoryConfig get scheduled

2025-01-08 06:09:15,748 WARN clearHistoryConfig is enable in current context, try to run cleaner

2025-01-08 06:09:15,748 WARN clearConfigHistory, getBeforeStamp:2024-12-09 06:09:15.0, pageSize:1000

2025-01-08 06:09:15,750 WARN history config cleaner successfully

2025-01-08 06:19:15,145 INFO [capacityManagement] start correct usage

2025-01-08 06:19:15,148 INFO [capacityManagement] end correct usage, cost: 0.002679264s

2025-01-08 06:19:15,750 WARN clearHistoryConfig get scheduled

2025-01-08 06:19:15,751 WARN clearHistoryConfig is enable in current context, try to run cleaner

2025-01-08 06:19:15,751 WARN clearConfigHistory, getBeforeStamp:2024-12-09 06:19:15.0, pageSize:1000

2025-01-08 06:19:15,753 WARN history config cleaner successfully

2025-01-08 06:29:15,148 INFO [capacityManagement] start correct usage

2025-01-08 06:29:15,151 INFO [capacityManagement] end correct usage, cost: 0.002483856s

2025-01-08 06:29:15,753 WARN clearHistoryConfig get scheduled

2025-01-08 06:29:15,754 WARN clearHistoryConfig is enable in current context, try to run cleaner

2025-01-08 06:29:15,754 WARN clearConfigHistory, getBeforeStamp:2024-12-09 06:29:15.0, pageSize:1000

2025-01-08 06:29:15,756 WARN history config cleaner successfully

2025-01-08 06:39:15,151 INFO [capacityManagement] start correct usage

2025-01-08 06:39:15,153 INFO [capacityManagement] end correct usage, cost: 0.002025343s

2025-01-08 06:39:15,756 WARN clearHistoryConfig get scheduled

2025-01-08 06:39:15,757 WARN clearHistoryConfig is enable in current context, try to run cleaner

2025-01-08 06:39:15,757 WARN clearConfigHistory, getBeforeStamp:2024-12-09 06:39:15.0, pageSize:1000

2025-01-08 06:39:15,759 WARN history config cleaner successfully

2025-01-08 06:49:15,154 INFO [capacityManagement] start correct usage

2025-01-08 06:49:15,157 INFO [capacityManagement] end correct usage, cost: 0.002423589s

2025-01-08 06:49:15,759 WARN clearHistoryConfig get scheduled

2025-01-08 06:49:15,759 WARN clearHistoryConfig is enable in current context, try to run cleaner

2025-01-08 06:49:15,759 WARN clearConfigHistory, getBeforeStamp:2024-12-09 06:49:15.0, pageSize:1000

2025-01-08 06:49:15,761 WARN history config cleaner successfully

2025-01-08 06:59:15,158 INFO [capacityManagement] start correct usage

2025-01-08 06:59:15,161 INFO [capacityManagement] end correct usage, cost: 0.002851205s

2025-01-08 06:59:15,762 WARN clearHistoryConfig get scheduled

2025-01-08 06:59:15,762 WARN clearHistoryConfig is enable in current context, try to run cleaner

2025-01-08 06:59:15,762 WARN clearConfigHistory, getBeforeStamp:2024-12-09 06:59:15.0, pageSize:1000

2025-01-08 06:59:15,765 WARN history config cleaner successfully

2025-01-08 07:09:15,162 INFO [capacityManagement] start correct usage

2025-01-08 07:09:15,165 INFO [capacityManagement] end correct usage, cost: 0.002603912s

2025-01-08 07:09:15,765 WARN clearHistoryConfig get scheduled

2025-01-08 07:09:15,765 WARN clearHistoryConfig is enable in current context, try to run cleaner

2025-01-08 07:09:15,765 WARN clearConfigHistory, getBeforeStamp:2024-12-09 07:09:15.0, pageSize:1000

2025-01-08 07:09:15,767 WARN history config cleaner successfully

2025-01-08 07:19:15,165 INFO [capacityManagement] start correct usage

2025-01-08 07:19:15,168 INFO [capacityManagement] end correct usage, cost: 0.002023714s

2025-01-08 07:19:15,768 WARN clearHistoryConfig get scheduled

2025-01-08 07:19:15,768 WARN clearHistoryConfig is enable in current context, try to run cleaner

2025-01-08 07:19:15,768 WARN clearConfigHistory, getBeforeStamp:2024-12-09 07:19:15.0, pageSize:1000

2025-01-08 07:19:15,770 WARN history config cleaner successfully

2025-01-08 07:29:15,168 INFO [capacityManagement] start correct usage

2025-01-08 07:29:15,170 INFO [capacityManagement] end correct usage, cost: 0.002085381s

2025-01-08 07:29:15,770 WARN clearHistoryConfig get scheduled

2025-01-08 07:29:15,770 WARN clearHistoryConfig is enable in current context, try to run cleaner

2025-01-08 07:29:15,771 WARN clearConfigHistory, getBeforeStamp:2024-12-09 07:29:15.0, pageSize:1000

2025-01-08 07:29:15,773 WARN history config cleaner successfully

2025-01-08 07:39:15,171 INFO [capacityManagement] start correct usage

2025-01-08 07:39:15,173 INFO [capacityManagement] end correct usage, cost: 0.001794282s

2025-01-08 07:39:15,774 WARN clearHistoryConfig get scheduled

2025-01-08 07:39:15,774 WARN clearHistoryConfig is enable in current context, try to run cleaner

2025-01-08 07:39:15,774 WARN clearConfigHistory, getBeforeStamp:2024-12-09 07:39:15.0, pageSize:1000

2025-01-08 07:39:15,776 WARN history config cleaner successfully

2025-01-08 07:49:15,173 INFO [capacityManagement] start correct usage

2025-01-08 07:49:15,176 INFO [capacityManagement] end correct usage, cost: 0.002580689s

2025-01-08 07:49:15,776 WARN clearHistoryConfig get scheduled

2025-01-08 07:49:15,776 WARN clearHistoryConfig is enable in current context, try to run cleaner

2025-01-08 07:49:15,777 WARN clearConfigHistory, getBeforeStamp:2024-12-09 07:49:15.0, pageSize:1000

2025-01-08 07:49:15,779 WARN history config cleaner successfully

2025-01-08 07:58:14,707 ERROR Send request fail, request = MemberReportRequest{headers={}, requestId='null'}, retryTimes = 0, errorMessage = java.util.concurrent.TimeoutException: Waited 3000 milliseconds (plus 2042 milliseconds, 304899 nanoseconds delay) for io.grpc.stub.ClientCalls$GrpcFuture@794ec877[status=PENDING, info=[GrpcFuture{clientCall=ClientCallImpl{method=MethodDescriptor{fullMethodName=Request/request, type=UNARY, idempotent=false, safe=false, sampledToLocalTracing=true, requestMarshaller=io.grpc.protobuf.lite.ProtoLiteUtils$MessageMarshaller@1885cbe4, responseMarshaller=io.grpc.protobuf.lite.ProtoLiteUtils$MessageMarshaller@156926f3, schemaDescriptor=com.alibaba.nacos.api.grpc.auto.RequestGrpc$RequestMethodDescriptorSupplier@2755cb99}}}]]

2025-01-08 07:58:15,168 INFO [Cluster-nacos3:8848] Server check success, currentServer is nacos3:8848 

2025-01-08 07:59:15,177 INFO [capacityManagement] start correct usage

2025-01-08 07:59:15,179 INFO [capacityManagement] end correct usage, cost: 0.002379537s

2025-01-08 07:59:15,779 WARN clearHistoryConfig get scheduled

2025-01-08 07:59:15,779 WARN clearHistoryConfig is enable in current context, try to run cleaner

2025-01-08 07:59:15,779 WARN clearConfigHistory, getBeforeStamp:2024-12-09 07:59:15.0, pageSize:1000

2025-01-08 07:59:15,781 WARN history config cleaner successfully

2025-01-08 08:09:15,180 INFO [capacityManagement] start correct usage

2025-01-08 08:09:15,185 INFO [capacityManagement] end correct usage, cost: 0.005430065s

2025-01-08 08:09:15,781 WARN clearHistoryConfig get scheduled

2025-01-08 08:09:15,781 WARN clearHistoryConfig is enable in current context, try to run cleaner

2025-01-08 08:09:15,781 WARN clearConfigHistory, getBeforeStamp:2024-12-09 08:09:15.0, pageSize:1000

2025-01-08 08:09:15,783 WARN history config cleaner successfully

2025-01-08 08:19:15,186 INFO [capacityManagement] start correct usage

2025-01-08 08:19:15,189 INFO [capacityManagement] end correct usage, cost: 0.00267076s

2025-01-08 08:19:15,783 WARN clearHistoryConfig get scheduled

2025-01-08 08:19:15,783 WARN clearHistoryConfig is enable in current context, try to run cleaner

2025-01-08 08:19:15,784 WARN clearConfigHistory, getBeforeStamp:2024-12-09 08:19:15.0, pageSize:1000

2025-01-08 08:19:15,785 WARN history config cleaner successfully

2025-01-08 08:19:51,979 ERROR Send request fail, request = MemberReportRequest{headers={}, requestId='null'}, retryTimes = 0, errorMessage = java.util.concurrent.TimeoutException: Waited 3000 milliseconds (plus 212741 nanoseconds delay) for io.grpc.stub.ClientCalls$GrpcFuture@65994b44[status=PENDING, info=[GrpcFuture{clientCall=ClientCallImpl{method=MethodDescriptor{fullMethodName=Request/request, type=UNARY, idempotent=false, safe=false, sampledToLocalTracing=true, requestMarshaller=io.grpc.protobuf.lite.ProtoLiteUtils$MessageMarshaller@1885cbe4, responseMarshaller=io.grpc.protobuf.lite.ProtoLiteUtils$MessageMarshaller@156926f3, schemaDescriptor=com.alibaba.nacos.api.grpc.auto.RequestGrpc$RequestMethodDescriptorSupplier@2755cb99}}}]]

2025-01-08 08:19:52,807 INFO [Cluster-nacos2:8848] Server check success, currentServer is nacos2:8848 

2025-01-08 08:29:15,189 INFO [capacityManagement] start correct usage

2025-01-08 08:29:15,191 INFO [capacityManagement] end correct usage, cost: 0.001905992s

2025-01-08 08:29:15,786 WARN clearHistoryConfig get scheduled

2025-01-08 08:29:15,786 WARN clearHistoryConfig is enable in current context, try to run cleaner

2025-01-08 08:29:15,786 WARN clearConfigHistory, getBeforeStamp:2024-12-09 08:29:15.0, pageSize:1000

2025-01-08 08:29:15,789 WARN history config cleaner successfully

2025-01-08 08:39:15,192 INFO [capacityManagement] start correct usage

2025-01-08 08:39:15,194 INFO [capacityManagement] end correct usage, cost: 0.002150769s

2025-01-08 08:39:15,789 WARN clearHistoryConfig get scheduled

2025-01-08 08:39:15,789 WARN clearHistoryConfig is enable in current context, try to run cleaner

2025-01-08 08:39:15,789 WARN clearConfigHistory, getBeforeStamp:2024-12-09 08:39:15.0, pageSize:1000

2025-01-08 08:39:15,791 WARN history config cleaner successfully

2025-01-08 08:49:15,195 INFO [capacityManagement] start correct usage

2025-01-08 08:49:15,197 INFO [capacityManagement] end correct usage, cost: 0.002626224s

2025-01-08 08:49:15,791 WARN clearHistoryConfig get scheduled

2025-01-08 08:49:15,791 WARN clearHistoryConfig is enable in current context, try to run cleaner

2025-01-08 08:49:15,792 WARN clearConfigHistory, getBeforeStamp:2024-12-09 08:49:15.0, pageSize:1000

2025-01-08 08:49:15,794 WARN history config cleaner successfully

2025-01-08 08:59:15,198 INFO [capacityManagement] start correct usage

2025-01-08 08:59:15,201 INFO [capacityManagement] end correct usage, cost: 0.00249503s

2025-01-08 08:59:15,794 WARN clearHistoryConfig get scheduled

2025-01-08 08:59:15,794 WARN clearHistoryConfig is enable in current context, try to run cleaner

2025-01-08 08:59:15,794 WARN clearConfigHistory, getBeforeStamp:2024-12-09 08:59:15.0, pageSize:1000

2025-01-08 08:59:15,797 WARN history config cleaner successfully

2025-01-08 09:09:15,201 INFO [capacityManagement] start correct usage

2025-01-08 09:09:15,204 INFO [capacityManagement] end correct usage, cost: 0.002528759s

2025-01-08 09:09:15,797 WARN clearHistoryConfig get scheduled

2025-01-08 09:09:15,797 WARN clearHistoryConfig is enable in current context, try to run cleaner

2025-01-08 09:09:15,797 WARN clearConfigHistory, getBeforeStamp:2024-12-09 09:09:15.0, pageSize:1000

2025-01-08 09:09:15,801 WARN history config cleaner successfully

2025-01-08 09:19:15,204 INFO [capacityManagement] start correct usage

2025-01-08 09:19:15,219 INFO [capacityManagement] end correct usage, cost: 0.014798137s

2025-01-08 09:19:15,801 WARN clearHistoryConfig get scheduled

2025-01-08 09:19:15,801 WARN clearHistoryConfig is enable in current context, try to run cleaner

2025-01-08 09:19:15,801 WARN clearConfigHistory, getBeforeStamp:2024-12-09 09:19:15.0, pageSize:1000

2025-01-08 09:19:15,808 WARN history config cleaner successfully

2025-01-08 09:24:44,490 ERROR Send request fail, request = MemberReportRequest{headers={}, requestId='null'}, retryTimes = 0, errorMessage = java.util.concurrent.TimeoutException: Waited 3000 milliseconds (plus 201419 nanoseconds delay) for io.grpc.stub.ClientCalls$GrpcFuture@3b7eb21d[status=PENDING, info=[GrpcFuture{clientCall=ClientCallImpl{method=MethodDescriptor{fullMethodName=Request/request, type=UNARY, idempotent=false, safe=false, sampledToLocalTracing=true, requestMarshaller=io.grpc.protobuf.lite.ProtoLiteUtils$MessageMarshaller@1885cbe4, responseMarshaller=io.grpc.protobuf.lite.ProtoLiteUtils$MessageMarshaller@156926f3, schemaDescriptor=com.alibaba.nacos.api.grpc.auto.RequestGrpc$RequestMethodDescriptorSupplier@2755cb99}}}]]

2025-01-08 09:24:45,391 INFO [Cluster-nacos3:8848] Server check success, currentServer is nacos3:8848 

2025-01-08 09:29:15,220 INFO [capacityManagement] start correct usage

2025-01-08 09:29:15,222 INFO [capacityManagement] end correct usage, cost: 0.002317118s

2025-01-08 09:29:15,808 WARN clearHistoryConfig get scheduled

2025-01-08 09:29:15,808 WARN clearHistoryConfig is enable in current context, try to run cleaner

2025-01-08 09:29:15,808 WARN clearConfigHistory, getBeforeStamp:2024-12-09 09:29:15.0, pageSize:1000

2025-01-08 09:29:15,811 WARN history config cleaner successfully

2025-01-08 09:39:15,223 INFO [capacityManagement] start correct usage

2025-01-08 09:39:15,225 INFO [capacityManagement] end correct usage, cost: 0.002472931s

2025-01-08 09:39:15,811 WARN clearHistoryConfig get scheduled

2025-01-08 09:39:15,811 WARN clearHistoryConfig is enable in current context, try to run cleaner

2025-01-08 09:39:15,811 WARN clearConfigHistory, getBeforeStamp:2024-12-09 09:39:15.0, pageSize:1000

2025-01-08 09:39:15,813 WARN history config cleaner successfully

2025-01-08 09:49:15,226 INFO [capacityManagement] start correct usage

2025-01-08 09:49:15,228 INFO [capacityManagement] end correct usage, cost: 0.001923491s

2025-01-08 09:49:15,813 WARN clearHistoryConfig get scheduled

2025-01-08 09:49:15,814 WARN clearHistoryConfig is enable in current context, try to run cleaner

2025-01-08 09:49:15,814 WARN clearConfigHistory, getBeforeStamp:2024-12-09 09:49:15.0, pageSize:1000

2025-01-08 09:49:15,816 WARN history config cleaner successfully

2025-01-08 09:59:15,228 INFO [capacityManagement] start correct usage

2025-01-08 09:59:15,231 INFO [capacityManagement] end correct usage, cost: 0.002750223s

2025-01-08 09:59:15,816 WARN clearHistoryConfig get scheduled

2025-01-08 09:59:15,816 WARN clearHistoryConfig is enable in current context, try to run cleaner

2025-01-08 09:59:15,817 WARN clearConfigHistory, getBeforeStamp:2024-12-09 09:59:15.0, pageSize:1000

2025-01-08 09:59:15,819 WARN history config cleaner successfully

2025-01-08 10:07:58,647 ERROR Send request fail, request = MemberReportRequest{headers={}, requestId='null'}, retryTimes = 0, errorMessage = java.util.concurrent.TimeoutException: Waited 3000 milliseconds (plus 156850 nanoseconds delay) for io.grpc.stub.ClientCalls$GrpcFuture@4934af27[status=PENDING, info=[GrpcFuture{clientCall=ClientCallImpl{method=MethodDescriptor{fullMethodName=Request/request, type=UNARY, idempotent=false, safe=false, sampledToLocalTracing=true, requestMarshaller=io.grpc.protobuf.lite.ProtoLiteUtils$MessageMarshaller@1885cbe4, responseMarshaller=io.grpc.protobuf.lite.ProtoLiteUtils$MessageMarshaller@156926f3, schemaDescriptor=com.alibaba.nacos.api.grpc.auto.RequestGrpc$RequestMethodDescriptorSupplier@2755cb99}}}]]

2025-01-08 10:08:02,394 INFO [Cluster-nacos2:8848] Server check success, currentServer is nacos2:8848 

2025-01-08 10:09:15,232 INFO [capacityManagement] start correct usage

2025-01-08 10:09:15,235 INFO [capacityManagement] end correct usage, cost: 0.002292878s

2025-01-08 10:09:15,819 WARN clearHistoryConfig get scheduled

2025-01-08 10:09:15,819 WARN clearHistoryConfig is enable in current context, try to run cleaner

2025-01-08 10:09:15,820 WARN clearConfigHistory, getBeforeStamp:2024-12-09 10:09:15.0, pageSize:1000

2025-01-08 10:09:15,822 WARN history config cleaner successfully

2025-01-08 10:19:15,235 INFO [capacityManagement] start correct usage

2025-01-08 10:19:15,236 INFO [capacityManagement] end correct usage, cost: 0.001183556s

2025-01-08 10:19:15,822 WARN clearHistoryConfig get scheduled

2025-01-08 10:19:15,822 WARN clearHistoryConfig is enable in current context, try to run cleaner

2025-01-08 10:19:15,822 WARN clearConfigHistory, getBeforeStamp:2024-12-09 10:19:15.0, pageSize:1000

2025-01-08 10:19:15,824 WARN history config cleaner successfully

2025-01-08 10:29:15,237 INFO [capacityManagement] start correct usage

2025-01-08 10:29:15,239 INFO [capacityManagement] end correct usage, cost: 0.002059108s

2025-01-08 10:29:15,824 WARN clearHistoryConfig get scheduled

2025-01-08 10:29:15,824 WARN clearHistoryConfig is enable in current context, try to run cleaner

2025-01-08 10:29:15,824 WARN clearConfigHistory, getBeforeStamp:2024-12-09 10:29:15.0, pageSize:1000

2025-01-08 10:29:15,826 WARN history config cleaner successfully

2025-01-08 10:39:15,239 INFO [capacityManagement] start correct usage

2025-01-08 10:39:15,241 INFO [capacityManagement] end correct usage, cost: 0.001915785s

2025-01-08 10:39:15,827 WARN clearHistoryConfig get scheduled

2025-01-08 10:39:15,827 WARN clearHistoryConfig is enable in current context, try to run cleaner

2025-01-08 10:39:15,827 WARN clearConfigHistory, getBeforeStamp:2024-12-09 10:39:15.0, pageSize:1000

2025-01-08 10:39:15,829 WARN history config cleaner successfully

2025-01-08 10:49:15,242 INFO [capacityManagement] start correct usage

2025-01-08 10:49:15,244 INFO [capacityManagement] end correct usage, cost: 0.001601779s

2025-01-08 10:49:15,829 WARN clearHistoryConfig get scheduled

2025-01-08 10:49:15,829 WARN clearHistoryConfig is enable in current context, try to run cleaner

2025-01-08 10:49:15,830 WARN clearConfigHistory, getBeforeStamp:2024-12-09 10:49:15.0, pageSize:1000

2025-01-08 10:49:15,832 WARN history config cleaner successfully

2025-01-08 10:51:17,831 ERROR Send request fail, request = MemberReportRequest{headers={}, requestId='null'}, retryTimes = 0, errorMessage = java.util.concurrent.TimeoutException: Waited 3000 milliseconds (plus 152590 nanoseconds delay) for io.grpc.stub.ClientCalls$GrpcFuture@c53992f[status=PENDING, info=[GrpcFuture{clientCall=ClientCallImpl{method=MethodDescriptor{fullMethodName=Request/request, type=UNARY, idempotent=false, safe=false, sampledToLocalTracing=true, requestMarshaller=io.grpc.protobuf.lite.ProtoLiteUtils$MessageMarshaller@1885cbe4, responseMarshaller=io.grpc.protobuf.lite.ProtoLiteUtils$MessageMarshaller@156926f3, schemaDescriptor=com.alibaba.nacos.api.grpc.auto.RequestGrpc$RequestMethodDescriptorSupplier@2755cb99}}}]]

2025-01-08 10:51:19,631 INFO [Cluster-nacos2:8848] Server check success, currentServer is nacos2:8848 

2025-01-08 10:59:15,244 INFO [capacityManagement] start correct usage

2025-01-08 10:59:15,246 INFO [capacityManagement] end correct usage, cost: 0.001586655s

2025-01-08 10:59:15,832 WARN clearHistoryConfig get scheduled

2025-01-08 10:59:15,832 WARN clearHistoryConfig is enable in current context, try to run cleaner

2025-01-08 10:59:15,833 WARN clearConfigHistory, getBeforeStamp:2024-12-09 10:59:15.0, pageSize:1000

2025-01-08 10:59:15,834 WARN history config cleaner successfully

2025-01-08 11:09:15,247 INFO [capacityManagement] start correct usage

2025-01-08 11:09:15,249 INFO [capacityManagement] end correct usage, cost: 0.002245296s

2025-01-08 11:09:15,835 WARN clearHistoryConfig get scheduled

2025-01-08 11:09:15,835 WARN clearHistoryConfig is enable in current context, try to run cleaner

2025-01-08 11:09:15,835 WARN clearConfigHistory, getBeforeStamp:2024-12-09 11:09:15.0, pageSize:1000

2025-01-08 11:09:15,836 WARN history config cleaner successfully

2025-01-08 11:19:15,249 INFO [capacityManagement] start correct usage

2025-01-08 11:19:15,252 INFO [capacityManagement] end correct usage, cost: 0.002513466s

2025-01-08 11:19:15,837 WARN clearHistoryConfig get scheduled

2025-01-08 11:19:15,837 WARN clearHistoryConfig is enable in current context, try to run cleaner

2025-01-08 11:19:15,837 WARN clearConfigHistory, getBeforeStamp:2024-12-09 11:19:15.0, pageSize:1000

2025-01-08 11:19:15,839 WARN history config cleaner successfully

2025-01-08 11:29:15,253 INFO [capacityManagement] start correct usage

2025-01-08 11:29:15,254 INFO [capacityManagement] end correct usage, cost: 0.001716747s

2025-01-08 11:29:15,840 WARN clearHistoryConfig get scheduled

2025-01-08 11:29:15,840 WARN clearHistoryConfig is enable in current context, try to run cleaner

2025-01-08 11:29:15,840 WARN clearConfigHistory, getBeforeStamp:2024-12-09 11:29:15.0, pageSize:1000

2025-01-08 11:29:15,842 WARN history config cleaner successfully

2025-01-08 11:34:28,377 ERROR Send request fail, request = MemberReportRequest{headers={}, requestId='null'}, retryTimes = 0, errorMessage = java.util.concurrent.TimeoutException: Waited 3000 milliseconds (plus 209181 nanoseconds delay) for io.grpc.stub.ClientCalls$GrpcFuture@b31e0b8[status=PENDING, info=[GrpcFuture{clientCall=ClientCallImpl{method=MethodDescriptor{fullMethodName=Request/request, type=UNARY, idempotent=false, safe=false, sampledToLocalTracing=true, requestMarshaller=io.grpc.protobuf.lite.ProtoLiteUtils$MessageMarshaller@1885cbe4, responseMarshaller=io.grpc.protobuf.lite.ProtoLiteUtils$MessageMarshaller@156926f3, schemaDescriptor=com.alibaba.nacos.api.grpc.auto.RequestGrpc$RequestMethodDescriptorSupplier@2755cb99}}}]]

2025-01-08 11:34:30,598 INFO [Cluster-nacos3:8848] Server check success, currentServer is nacos3:8848 

2025-01-08 11:39:15,255 INFO [capacityManagement] start correct usage

2025-01-08 11:39:15,257 INFO [capacityManagement] end correct usage, cost: 0.002003211s

2025-01-08 11:39:15,842 WARN clearHistoryConfig get scheduled

2025-01-08 11:39:15,842 WARN clearHistoryConfig is enable in current context, try to run cleaner

2025-01-08 11:39:15,842 WARN clearConfigHistory, getBeforeStamp:2024-12-09 11:39:15.0, pageSize:1000

2025-01-08 11:39:15,844 WARN history config cleaner successfully

2025-01-08 11:49:15,258 INFO [capacityManagement] start correct usage

2025-01-08 11:49:15,260 INFO [capacityManagement] end correct usage, cost: 0.002422343s

2025-01-08 11:49:15,845 WARN clearHistoryConfig get scheduled

2025-01-08 11:49:15,845 WARN clearHistoryConfig is enable in current context, try to run cleaner

2025-01-08 11:49:15,845 WARN clearConfigHistory, getBeforeStamp:2024-12-09 11:49:15.0, pageSize:1000

2025-01-08 11:49:15,847 WARN history config cleaner successfully

2025-01-08 11:56:07,733 ERROR Send request fail, request = MemberReportRequest{headers={}, requestId='null'}, retryTimes = 0, errorMessage = java.util.concurrent.TimeoutException: Waited 3000 milliseconds (plus 107544 nanoseconds delay) for io.grpc.stub.ClientCalls$GrpcFuture@f88fdb4[status=PENDING, info=[GrpcFuture{clientCall=ClientCallImpl{method=MethodDescriptor{fullMethodName=Request/request, type=UNARY, idempotent=false, safe=false, sampledToLocalTracing=true, requestMarshaller=io.grpc.protobuf.lite.ProtoLiteUtils$MessageMarshaller@1885cbe4, responseMarshaller=io.grpc.protobuf.lite.ProtoLiteUtils$MessageMarshaller@156926f3, schemaDescriptor=com.alibaba.nacos.api.grpc.auto.RequestGrpc$RequestMethodDescriptorSupplier@2755cb99}}}]]

2025-01-08 11:56:10,148 INFO [Cluster-nacos2:8848] Server check success, currentServer is nacos2:8848 

2025-01-08 11:59:15,261 INFO [capacityManagement] start correct usage

2025-01-08 11:59:15,263 INFO [capacityManagement] end correct usage, cost: 0.002549505s

2025-01-08 11:59:15,848 WARN clearHistoryConfig get scheduled

2025-01-08 11:59:15,848 WARN clearHistoryConfig is enable in current context, try to run cleaner

2025-01-08 11:59:15,849 WARN clearConfigHistory, getBeforeStamp:2024-12-09 11:59:15.0, pageSize:1000

2025-01-08 11:59:15,851 WARN history config cleaner successfully

2025-01-08 12:09:15,264 INFO [capacityManagement] start correct usage

2025-01-08 12:09:15,266 INFO [capacityManagement] end correct usage, cost: 0.001875115s

2025-01-08 12:09:15,851 WARN clearHistoryConfig get scheduled

2025-01-08 12:09:15,851 WARN clearHistoryConfig is enable in current context, try to run cleaner

2025-01-08 12:09:15,852 WARN clearConfigHistory, getBeforeStamp:2024-12-09 12:09:15.0, pageSize:1000

2025-01-08 12:09:15,854 WARN history config cleaner successfully

2025-01-08 12:17:45,622 ERROR Send request fail, request = MemberReportRequest{headers={}, requestId='null'}, retryTimes = 0, errorMessage = java.util.concurrent.TimeoutException: Waited 3000 milliseconds (plus 286 milliseconds, 811828 nanoseconds delay) for io.grpc.stub.ClientCalls$GrpcFuture@2cd77f9d[status=PENDING, info=[GrpcFuture{clientCall=ClientCallImpl{method=MethodDescriptor{fullMethodName=Request/request, type=UNARY, idempotent=false, safe=false, sampledToLocalTracing=true, requestMarshaller=io.grpc.protobuf.lite.ProtoLiteUtils$MessageMarshaller@1885cbe4, responseMarshaller=io.grpc.protobuf.lite.ProtoLiteUtils$MessageMarshaller@156926f3, schemaDescriptor=com.alibaba.nacos.api.grpc.auto.RequestGrpc$RequestMethodDescriptorSupplier@2755cb99}}}]]

2025-01-08 12:17:46,043 INFO [Cluster-nacos2:8848] Server check success, currentServer is nacos2:8848 

2025-01-08 12:19:15,266 INFO [capacityManagement] start correct usage

2025-01-08 12:19:15,269 INFO [capacityManagement] end correct usage, cost: 0.002330192s

2025-01-08 12:19:15,854 WARN clearHistoryConfig get scheduled

2025-01-08 12:19:15,854 WARN clearHistoryConfig is enable in current context, try to run cleaner

2025-01-08 12:19:15,854 WARN clearConfigHistory, getBeforeStamp:2024-12-09 12:19:15.0, pageSize:1000

2025-01-08 12:19:15,856 WARN history config cleaner successfully

2025-01-08 12:29:15,269 INFO [capacityManagement] start correct usage

2025-01-08 12:29:15,272 INFO [capacityManagement] end correct usage, cost: 0.003101961s

2025-01-08 12:29:15,856 WARN clearHistoryConfig get scheduled

2025-01-08 12:29:15,857 WARN clearHistoryConfig is enable in current context, try to run cleaner

2025-01-08 12:29:15,857 WARN clearConfigHistory, getBeforeStamp:2024-12-09 12:29:15.0, pageSize:1000

2025-01-08 12:29:15,858 WARN history config cleaner successfully

2025-01-08 12:39:15,273 INFO [capacityManagement] start correct usage

2025-01-08 12:39:15,276 INFO [capacityManagement] end correct usage, cost: 0.003184199s

2025-01-08 12:39:15,859 WARN clearHistoryConfig get scheduled

2025-01-08 12:39:15,859 WARN clearHistoryConfig is enable in current context, try to run cleaner

2025-01-08 12:39:15,859 WARN clearConfigHistory, getBeforeStamp:2024-12-09 12:39:15.0, pageSize:1000

2025-01-08 12:39:15,860 WARN history config cleaner successfully

2025-01-08 12:49:15,277 INFO [capacityManagement] start correct usage

2025-01-08 12:49:15,280 INFO [capacityManagement] end correct usage, cost: 0.002756003s

2025-01-08 12:49:15,861 WARN clearHistoryConfig get scheduled

2025-01-08 12:49:15,861 WARN clearHistoryConfig is enable in current context, try to run cleaner

2025-01-08 12:49:15,861 WARN clearConfigHistory, getBeforeStamp:2024-12-09 12:49:15.0, pageSize:1000

2025-01-08 12:49:15,863 WARN history config cleaner successfully

2025-01-08 12:59:15,280 INFO [capacityManagement] start correct usage

2025-01-08 12:59:15,283 INFO [capacityManagement] end correct usage, cost: 0.002421608s

2025-01-08 12:59:15,863 WARN clearHistoryConfig get scheduled

2025-01-08 12:59:15,863 WARN clearHistoryConfig is enable in current context, try to run cleaner

2025-01-08 12:59:15,863 WARN clearConfigHistory, getBeforeStamp:2024-12-09 12:59:15.0, pageSize:1000

2025-01-08 12:59:15,865 WARN history config cleaner successfully

2025-01-08 13:09:15,283 INFO [capacityManagement] start correct usage

2025-01-08 13:09:15,286 INFO [capacityManagement] end correct usage, cost: 0.002484467s

2025-01-08 13:09:15,866 WARN clearHistoryConfig get scheduled

2025-01-08 13:09:15,866 WARN clearHistoryConfig is enable in current context, try to run cleaner

2025-01-08 13:09:15,866 WARN clearConfigHistory, getBeforeStamp:2024-12-09 13:09:15.0, pageSize:1000

2025-01-08 13:09:15,868 WARN history config cleaner successfully

2025-01-08 13:19:15,286 INFO [capacityManagement] start correct usage

2025-01-08 13:19:15,288 INFO [capacityManagement] end correct usage, cost: 0.001569524s

2025-01-08 13:19:15,869 WARN clearHistoryConfig get scheduled

2025-01-08 13:19:15,869 WARN clearHistoryConfig is enable in current context, try to run cleaner

2025-01-08 13:19:15,869 WARN clearConfigHistory, getBeforeStamp:2024-12-09 13:19:15.0, pageSize:1000

2025-01-08 13:19:15,871 WARN history config cleaner successfully

2025-01-08 13:22:36,583 ERROR Send request fail, request = MemberReportRequest{headers={}, requestId='null'}, retryTimes = 0, errorMessage = java.util.concurrent.TimeoutException: Waited 3000 milliseconds (plus 100936 nanoseconds delay) for io.grpc.stub.ClientCalls$GrpcFuture@5d5c379c[status=PENDING, info=[GrpcFuture{clientCall=ClientCallImpl{method=MethodDescriptor{fullMethodName=Request/request, type=UNARY, idempotent=false, safe=false, sampledToLocalTracing=true, requestMarshaller=io.grpc.protobuf.lite.ProtoLiteUtils$MessageMarshaller@1885cbe4, responseMarshaller=io.grpc.protobuf.lite.ProtoLiteUtils$MessageMarshaller@156926f3, schemaDescriptor=com.alibaba.nacos.api.grpc.auto.RequestGrpc$RequestMethodDescriptorSupplier@2755cb99}}}]]

2025-01-08 13:22:37,131 INFO [Cluster-nacos3:8848] Server check success, currentServer is nacos3:8848 

2025-01-08 13:29:15,289 INFO [capacityManagement] start correct usage

2025-01-08 13:29:15,292 INFO [capacityManagement] end correct usage, cost: 0.002652763s

2025-01-08 13:29:15,872 WARN clearHistoryConfig get scheduled

2025-01-08 13:29:15,872 WARN clearHistoryConfig is enable in current context, try to run cleaner

2025-01-08 13:29:15,872 WARN clearConfigHistory, getBeforeStamp:2024-12-09 13:29:15.0, pageSize:1000

2025-01-08 13:29:15,874 WARN history config cleaner successfully

2025-01-08 13:39:15,292 INFO [capacityManagement] start correct usage

2025-01-08 13:39:15,295 INFO [capacityManagement] end correct usage, cost: 0.002593613s

2025-01-08 13:39:15,874 WARN clearHistoryConfig get scheduled

2025-01-08 13:39:15,874 WARN clearHistoryConfig is enable in current context, try to run cleaner

2025-01-08 13:39:15,875 WARN clearConfigHistory, getBeforeStamp:2024-12-09 13:39:15.0, pageSize:1000

2025-01-08 13:39:15,877 WARN history config cleaner successfully

2025-01-08 13:44:12,335 ERROR Send request fail, request = MemberReportRequest{headers={}, requestId='null'}, retryTimes = 0, errorMessage = java.util.concurrent.TimeoutException: Waited 3000 milliseconds (plus 160460 nanoseconds delay) for io.grpc.stub.ClientCalls$GrpcFuture@77fc0a38[status=PENDING, info=[GrpcFuture{clientCall=ClientCallImpl{method=MethodDescriptor{fullMethodName=Request/request, type=UNARY, idempotent=false, safe=false, sampledToLocalTracing=true, requestMarshaller=io.grpc.protobuf.lite.ProtoLiteUtils$MessageMarshaller@1885cbe4, responseMarshaller=io.grpc.protobuf.lite.ProtoLiteUtils$MessageMarshaller@156926f3, schemaDescriptor=com.alibaba.nacos.api.grpc.auto.RequestGrpc$RequestMethodDescriptorSupplier@2755cb99}}}]]

2025-01-08 13:44:14,304 INFO [Cluster-nacos3:8848] Server check success, currentServer is nacos3:8848 

2025-01-08 13:49:15,295 INFO [capacityManagement] start correct usage

2025-01-08 13:49:15,298 INFO [capacityManagement] end correct usage, cost: 0.002509975s

2025-01-08 13:49:15,877 WARN clearHistoryConfig get scheduled

2025-01-08 13:49:15,877 WARN clearHistoryConfig is enable in current context, try to run cleaner

2025-01-08 13:49:15,877 WARN clearConfigHistory, getBeforeStamp:2024-12-09 13:49:15.0, pageSize:1000

2025-01-08 13:49:15,879 WARN history config cleaner successfully

2025-01-08 13:59:15,298 INFO [capacityManagement] start correct usage

2025-01-08 13:59:15,300 INFO [capacityManagement] end correct usage, cost: 0.001627903s

2025-01-08 13:59:15,879 WARN clearHistoryConfig get scheduled

2025-01-08 13:59:15,879 WARN clearHistoryConfig is enable in current context, try to run cleaner

2025-01-08 13:59:15,879 WARN clearConfigHistory, getBeforeStamp:2024-12-09 13:59:15.0, pageSize:1000

2025-01-08 13:59:15,881 WARN history config cleaner successfully

2025-01-08 14:05:53,057 ERROR Send request fail, request = MemberReportRequest{headers={}, requestId='null'}, retryTimes = 0, errorMessage = java.util.concurrent.TimeoutException: Waited 3000 milliseconds (plus 332910 nanoseconds delay) for io.grpc.stub.ClientCalls$GrpcFuture@3a825be9[status=PENDING, info=[GrpcFuture{clientCall=ClientCallImpl{method=MethodDescriptor{fullMethodName=Request/request, type=UNARY, idempotent=false, safe=false, sampledToLocalTracing=true, requestMarshaller=io.grpc.protobuf.lite.ProtoLiteUtils$MessageMarshaller@1885cbe4, responseMarshaller=io.grpc.protobuf.lite.ProtoLiteUtils$MessageMarshaller@156926f3, schemaDescriptor=com.alibaba.nacos.api.grpc.auto.RequestGrpc$RequestMethodDescriptorSupplier@2755cb99}}}]]

2025-01-08 14:05:53,654 INFO [Cluster-nacos3:8848] Server check success, currentServer is nacos3:8848 

2025-01-08 14:09:15,301 INFO [capacityManagement] start correct usage

2025-01-08 14:09:15,303 INFO [capacityManagement] end correct usage, cost: 0.001938675s

2025-01-08 14:09:15,881 WARN clearHistoryConfig get scheduled

2025-01-08 14:09:15,881 WARN clearHistoryConfig is enable in current context, try to run cleaner

2025-01-08 14:09:15,882 WARN clearConfigHistory, getBeforeStamp:2024-12-09 14:09:15.0, pageSize:1000

2025-01-08 14:09:15,884 WARN history config cleaner successfully

2025-01-08 14:19:15,303 INFO [capacityManagement] start correct usage

2025-01-08 14:19:15,306 INFO [capacityManagement] end correct usage, cost: 0.002608961s

2025-01-08 14:19:15,884 WARN clearHistoryConfig get scheduled

2025-01-08 14:19:15,884 WARN clearHistoryConfig is enable in current context, try to run cleaner

2025-01-08 14:19:15,884 WARN clearConfigHistory, getBeforeStamp:2024-12-09 14:19:15.0, pageSize:1000

2025-01-08 14:19:15,887 WARN history config cleaner successfully

2025-01-08 14:29:15,307 INFO [capacityManagement] start correct usage

2025-01-08 14:29:15,309 INFO [capacityManagement] end correct usage, cost: 0.002554686s

2025-01-08 14:29:15,887 WARN clearHistoryConfig get scheduled

2025-01-08 14:29:15,887 WARN clearHistoryConfig is enable in current context, try to run cleaner

2025-01-08 14:29:15,887 WARN clearConfigHistory, getBeforeStamp:2024-12-09 14:29:15.0, pageSize:1000

2025-01-08 14:29:15,889 WARN history config cleaner successfully

2025-01-08 14:39:15,310 INFO [capacityManagement] start correct usage

2025-01-08 14:39:15,312 INFO [capacityManagement] end correct usage, cost: 0.002404399s

2025-01-08 14:39:15,890 WARN clearHistoryConfig get scheduled

2025-01-08 14:39:15,890 WARN clearHistoryConfig is enable in current context, try to run cleaner

2025-01-08 14:39:15,890 WARN clearConfigHistory, getBeforeStamp:2024-12-09 14:39:15.0, pageSize:1000

2025-01-08 14:39:15,892 WARN history config cleaner successfully

2025-01-08 14:49:15,313 INFO [capacityManagement] start correct usage

2025-01-08 14:49:15,316 INFO [capacityManagement] end correct usage, cost: 0.002782276s

2025-01-08 14:49:15,893 WARN clearHistoryConfig get scheduled

2025-01-08 14:49:15,893 WARN clearHistoryConfig is enable in current context, try to run cleaner

2025-01-08 14:49:15,893 WARN clearConfigHistory, getBeforeStamp:2024-12-09 14:49:15.0, pageSize:1000

2025-01-08 14:49:15,895 WARN history config cleaner successfully

2025-01-08 14:59:15,316 INFO [capacityManagement] start correct usage

2025-01-08 14:59:15,319 INFO [capacityManagement] end correct usage, cost: 0.002527996s

2025-01-08 14:59:15,896 WARN clearHistoryConfig get scheduled

2025-01-08 14:59:15,896 WARN clearHistoryConfig is enable in current context, try to run cleaner

2025-01-08 14:59:15,896 WARN clearConfigHistory, getBeforeStamp:2024-12-09 14:59:15.0, pageSize:1000

2025-01-08 14:59:15,898 WARN history config cleaner successfully

2025-01-08 15:09:15,320 INFO [capacityManagement] start correct usage

2025-01-08 15:09:15,322 INFO [capacityManagement] end correct usage, cost: 0.002466721s

2025-01-08 15:09:15,898 WARN clearHistoryConfig get scheduled

2025-01-08 15:09:15,898 WARN clearHistoryConfig is enable in current context, try to run cleaner

2025-01-08 15:09:15,899 WARN clearConfigHistory, getBeforeStamp:2024-12-09 15:09:15.0, pageSize:1000

2025-01-08 15:09:15,901 WARN history config cleaner successfully

2025-01-08 15:19:15,323 INFO [capacityManagement] start correct usage

2025-01-08 15:19:15,325 INFO [capacityManagement] end correct usage, cost: 0.002390185s

2025-01-08 15:19:15,901 WARN clearHistoryConfig get scheduled

2025-01-08 15:19:15,901 WARN clearHistoryConfig is enable in current context, try to run cleaner

2025-01-08 15:19:15,902 WARN clearConfigHistory, getBeforeStamp:2024-12-09 15:19:15.0, pageSize:1000

2025-01-08 15:19:15,904 WARN history config cleaner successfully

2025-01-08 15:29:15,326 INFO [capacityManagement] start correct usage

2025-01-08 15:29:15,329 INFO [capacityManagement] end correct usage, cost: 0.002934728s

2025-01-08 15:29:15,904 WARN clearHistoryConfig get scheduled

2025-01-08 15:29:15,904 WARN clearHistoryConfig is enable in current context, try to run cleaner

2025-01-08 15:29:15,904 WARN clearConfigHistory, getBeforeStamp:2024-12-09 15:29:15.0, pageSize:1000

2025-01-08 15:29:15,906 WARN history config cleaner successfully

2025-01-08 15:39:15,330 INFO [capacityManagement] start correct usage

2025-01-08 15:39:15,332 INFO [capacityManagement] end correct usage, cost: 0.002437964s

2025-01-08 15:39:15,906 WARN clearHistoryConfig get scheduled

2025-01-08 15:39:15,907 WARN clearHistoryConfig is enable in current context, try to run cleaner

2025-01-08 15:39:15,907 WARN clearConfigHistory, getBeforeStamp:2024-12-09 15:39:15.0, pageSize:1000

2025-01-08 15:39:15,909 WARN history config cleaner successfully

2025-01-08 15:49:15,333 INFO [capacityManagement] start correct usage

2025-01-08 15:49:15,335 INFO [capacityManagement] end correct usage, cost: 0.002282753s

2025-01-08 15:49:15,909 WARN clearHistoryConfig get scheduled

2025-01-08 15:49:15,910 WARN clearHistoryConfig is enable in current context, try to run cleaner

2025-01-08 15:49:15,910 WARN clearConfigHistory, getBeforeStamp:2024-12-09 15:49:15.0, pageSize:1000

2025-01-08 15:49:15,912 WARN history config cleaner successfully

2025-01-08 15:59:15,336 INFO [capacityManagement] start correct usage

2025-01-08 15:59:15,338 INFO [capacityManagement] end correct usage, cost: 0.002394994s

2025-01-08 15:59:15,912 WARN clearHistoryConfig get scheduled

2025-01-08 15:59:15,913 WARN clearHistoryConfig is enable in current context, try to run cleaner

2025-01-08 15:59:15,913 WARN clearConfigHistory, getBeforeStamp:2024-12-09 15:59:15.0, pageSize:1000

2025-01-08 15:59:15,915 WARN history config cleaner successfully

2025-01-08 16:09:15,339 INFO [capacityManagement] start correct usage

2025-01-08 16:09:15,341 INFO [capacityManagement] end correct usage, cost: 0.002265356s

2025-01-08 16:09:15,915 WARN clearHistoryConfig get scheduled

2025-01-08 16:09:15,915 WARN clearHistoryConfig is enable in current context, try to run cleaner

2025-01-08 16:09:15,915 WARN clearConfigHistory, getBeforeStamp:2024-12-09 16:09:15.0, pageSize:1000

2025-01-08 16:09:15,917 WARN history config cleaner successfully

2025-01-08 16:19:15,342 INFO [capacityManagement] start correct usage

2025-01-08 16:19:15,344 INFO [capacityManagement] end correct usage, cost: 0.00251897s

2025-01-08 16:19:15,917 WARN clearHistoryConfig get scheduled

2025-01-08 16:19:15,917 WARN clearHistoryConfig is enable in current context, try to run cleaner

2025-01-08 16:19:15,918 WARN clearConfigHistory, getBeforeStamp:2024-12-09 16:19:15.0, pageSize:1000

2025-01-08 16:19:15,920 WARN history config cleaner successfully

2025-01-08 16:29:15,345 INFO [capacityManagement] start correct usage

2025-01-08 16:29:15,347 INFO [capacityManagement] end correct usage, cost: 0.002320899s

2025-01-08 16:29:15,920 WARN clearHistoryConfig get scheduled

2025-01-08 16:29:15,920 WARN clearHistoryConfig is enable in current context, try to run cleaner

2025-01-08 16:29:15,920 WARN clearConfigHistory, getBeforeStamp:2024-12-09 16:29:15.0, pageSize:1000

2025-01-08 16:29:15,922 WARN history config cleaner successfully

2025-01-08 16:39:15,348 INFO [capacityManagement] start correct usage

2025-01-08 16:39:15,350 INFO [capacityManagement] end correct usage, cost: 0.002230676s

2025-01-08 16:39:15,923 WARN clearHistoryConfig get scheduled

2025-01-08 16:39:15,923 WARN clearHistoryConfig is enable in current context, try to run cleaner

2025-01-08 16:39:15,923 WARN clearConfigHistory, getBeforeStamp:2024-12-09 16:39:15.0, pageSize:1000

2025-01-08 16:39:15,925 WARN history config cleaner successfully

2025-01-08 16:49:15,350 INFO [capacityManagement] start correct usage

2025-01-08 16:49:15,354 INFO [capacityManagement] end correct usage, cost: 0.00346353s

2025-01-08 16:49:15,926 WARN clearHistoryConfig get scheduled

2025-01-08 16:49:15,926 WARN clearHistoryConfig is enable in current context, try to run cleaner

2025-01-08 16:49:15,926 WARN clearConfigHistory, getBeforeStamp:2024-12-09 16:49:15.0, pageSize:1000

2025-01-08 16:49:15,928 WARN history config cleaner successfully

2025-01-08 16:58:52,505 ERROR Send request fail, request = MemberReportRequest{headers={}, requestId='null'}, retryTimes = 0, errorMessage = java.util.concurrent.TimeoutException: Waited 3000 milliseconds (plus 213907 nanoseconds delay) for io.grpc.stub.ClientCalls$GrpcFuture@3903133a[status=PENDING, info=[GrpcFuture{clientCall=ClientCallImpl{method=MethodDescriptor{fullMethodName=Request/request, type=UNARY, idempotent=false, safe=false, sampledToLocalTracing=true, requestMarshaller=io.grpc.protobuf.lite.ProtoLiteUtils$MessageMarshaller@1885cbe4, responseMarshaller=io.grpc.protobuf.lite.ProtoLiteUtils$MessageMarshaller@156926f3, schemaDescriptor=com.alibaba.nacos.api.grpc.auto.RequestGrpc$RequestMethodDescriptorSupplier@2755cb99}}}]]

2025-01-08 16:58:57,242 INFO [Cluster-nacos3:8848] Server check success, currentServer is nacos3:8848 

2025-01-08 16:59:15,355 INFO [capacityManagement] start correct usage

2025-01-08 16:59:15,358 INFO [capacityManagement] end correct usage, cost: 0.002637783s

2025-01-08 16:59:15,929 WARN clearHistoryConfig get scheduled

2025-01-08 16:59:15,929 WARN clearHistoryConfig is enable in current context, try to run cleaner

2025-01-08 16:59:15,929 WARN clearConfigHistory, getBeforeStamp:2024-12-09 16:59:15.0, pageSize:1000

2025-01-08 16:59:15,931 WARN history config cleaner successfully

2025-01-08 17:09:15,358 INFO [capacityManagement] start correct usage

2025-01-08 17:09:15,361 INFO [capacityManagement] end correct usage, cost: 0.002766774s

2025-01-08 17:09:15,931 WARN clearHistoryConfig get scheduled

2025-01-08 17:09:15,931 WARN clearHistoryConfig is enable in current context, try to run cleaner

2025-01-08 17:09:15,931 WARN clearConfigHistory, getBeforeStamp:2024-12-09 17:09:15.0, pageSize:1000

2025-01-08 17:09:15,934 WARN history config cleaner successfully

