2025-01-07 10:21:39,687 INFO Not configure type of control plugin, no limit control for current node.

2025-01-07 10:21:39,692 INFO Load connection metrics collector,size=2,[com.alibaba.nacos.config.server.service.LongPollingConnectionMetricsCollector@3b0f7d9d, com.alibaba.nacos.core.remote.LongConnectionMetricsCollector@5c84624f]

2025-01-07 10:21:39,693 INFO No connection rule content found ,use default empty rule 

2025-01-07 10:21:39,751 INFO No tps control rule of CONFIG_PUSH_COUNT found,content =null  

2025-01-07 10:21:39,753 WARN Tps point for CONFIG_PUSH_COUNT registered, But tps control manager is no limit implementation.

2025-01-07 10:21:39,754 INFO No tps control rule of CONFIG_PUSH_SUCCESS found,content =null  

2025-01-07 10:21:39,754 WARN Tps point for CONFIG_PUSH_SUCCESS registered, But tps control manager is no limit implementation.

2025-01-07 10:21:39,754 INFO No tps control rule of CONFIG_PUSH_FAIL found,content =null  

2025-01-07 10:21:39,754 WARN Tps point for CONFIG_PUSH_FAIL registered, But tps control manager is no limit implementation.

2025-01-07 10:22:06,367 INFO Not configure type of control plugin, no limit control for current node.

2025-01-07 10:22:06,386 INFO Load connection metrics collector,size=2,[com.alibaba.nacos.config.server.service.LongPollingConnectionMetricsCollector@6e0d4a8, com.alibaba.nacos.core.remote.LongConnectionMetricsCollector@30272916]

2025-01-07 10:22:06,387 INFO No connection rule content found ,use default empty rule 

2025-01-07 10:22:06,491 INFO No tps control rule of CONFIG_PUSH_COUNT found,content =null  

2025-01-07 10:22:06,491 WARN Tps point for CONFIG_PUSH_COUNT registered, But tps control manager is no limit implementation.

2025-01-07 10:22:06,491 INFO No tps control rule of CONFIG_PUSH_SUCCESS found,content =null  

2025-01-07 10:22:06,491 WARN Tps point for CONFIG_PUSH_SUCCESS registered, But tps control manager is no limit implementation.

2025-01-07 10:22:06,491 INFO No tps control rule of CONFIG_PUSH_FAIL found,content =null  

2025-01-07 10:22:06,491 WARN Tps point for CONFIG_PUSH_FAIL registered, But tps control manager is no limit implementation.

2025-01-07 10:22:34,043 INFO Not configure type of control plugin, no limit control for current node.

2025-01-07 10:22:34,049 INFO Load connection metrics collector,size=2,[com.alibaba.nacos.config.server.service.LongPollingConnectionMetricsCollector@75201592, com.alibaba.nacos.core.remote.LongConnectionMetricsCollector@aa5455e]

2025-01-07 10:22:34,050 INFO No connection rule content found ,use default empty rule 

2025-01-07 10:22:34,128 INFO No tps control rule of CONFIG_PUSH_COUNT found,content =null  

2025-01-07 10:22:34,128 WARN Tps point for CONFIG_PUSH_COUNT registered, But tps control manager is no limit implementation.

2025-01-07 10:22:34,128 INFO No tps control rule of CONFIG_PUSH_SUCCESS found,content =null  

2025-01-07 10:22:34,128 WARN Tps point for CONFIG_PUSH_SUCCESS registered, But tps control manager is no limit implementation.

2025-01-07 10:22:34,129 INFO No tps control rule of CONFIG_PUSH_FAIL found,content =null  

2025-01-07 10:22:34,129 WARN Tps point for CONFIG_PUSH_FAIL registered, But tps control manager is no limit implementation.

2025-01-07 10:23:00,679 INFO Not configure type of control plugin, no limit control for current node.

2025-01-07 10:23:00,687 INFO Load connection metrics collector,size=2,[com.alibaba.nacos.config.server.service.LongPollingConnectionMetricsCollector@7e8e8651, com.alibaba.nacos.core.remote.LongConnectionMetricsCollector@271f18d3]

2025-01-07 10:23:00,688 INFO No connection rule content found ,use default empty rule 

2025-01-07 10:23:00,765 INFO No tps control rule of CONFIG_PUSH_COUNT found,content =null  

2025-01-07 10:23:00,771 WARN Tps point for CONFIG_PUSH_COUNT registered, But tps control manager is no limit implementation.

2025-01-07 10:23:00,771 INFO No tps control rule of CONFIG_PUSH_SUCCESS found,content =null  

2025-01-07 10:23:00,772 WARN Tps point for CONFIG_PUSH_SUCCESS registered, But tps control manager is no limit implementation.

2025-01-07 10:23:00,772 INFO No tps control rule of CONFIG_PUSH_FAIL found,content =null  

2025-01-07 10:23:00,772 WARN Tps point for CONFIG_PUSH_FAIL registered, But tps control manager is no limit implementation.

2025-01-07 10:23:27,223 INFO Not configure type of control plugin, no limit control for current node.

2025-01-07 10:23:27,227 INFO Load connection metrics collector,size=2,[com.alibaba.nacos.config.server.service.LongPollingConnectionMetricsCollector@2e27d72f, com.alibaba.nacos.core.remote.LongConnectionMetricsCollector@4837595f]

2025-01-07 10:23:27,228 INFO No connection rule content found ,use default empty rule 

2025-01-07 10:23:27,320 INFO No tps control rule of CONFIG_PUSH_COUNT found,content =null  

2025-01-07 10:23:27,320 WARN Tps point for CONFIG_PUSH_COUNT registered, But tps control manager is no limit implementation.

2025-01-07 10:23:27,320 INFO No tps control rule of CONFIG_PUSH_SUCCESS found,content =null  

2025-01-07 10:23:27,320 WARN Tps point for CONFIG_PUSH_SUCCESS registered, But tps control manager is no limit implementation.

2025-01-07 10:23:27,320 INFO No tps control rule of CONFIG_PUSH_FAIL found,content =null  

2025-01-07 10:23:27,320 WARN Tps point for CONFIG_PUSH_FAIL registered, But tps control manager is no limit implementation.

2025-01-07 10:23:53,553 INFO Not configure type of control plugin, no limit control for current node.

2025-01-07 10:23:53,557 INFO Load connection metrics collector,size=2,[com.alibaba.nacos.config.server.service.LongPollingConnectionMetricsCollector@4f8caaf3, com.alibaba.nacos.core.remote.LongConnectionMetricsCollector@15b986cd]

2025-01-07 10:23:53,557 INFO No connection rule content found ,use default empty rule 

2025-01-07 10:23:53,647 INFO No tps control rule of CONFIG_PUSH_COUNT found,content =null  

2025-01-07 10:23:53,647 WARN Tps point for CONFIG_PUSH_COUNT registered, But tps control manager is no limit implementation.

2025-01-07 10:23:53,647 INFO No tps control rule of CONFIG_PUSH_SUCCESS found,content =null  

2025-01-07 10:23:53,647 WARN Tps point for CONFIG_PUSH_SUCCESS registered, But tps control manager is no limit implementation.

2025-01-07 10:23:53,647 INFO No tps control rule of CONFIG_PUSH_FAIL found,content =null  

2025-01-07 10:23:53,647 WARN Tps point for CONFIG_PUSH_FAIL registered, But tps control manager is no limit implementation.

2025-01-07 10:24:22,275 INFO Not configure type of control plugin, no limit control for current node.

2025-01-07 10:24:22,279 INFO Load connection metrics collector,size=2,[com.alibaba.nacos.config.server.service.LongPollingConnectionMetricsCollector@66b72664, com.alibaba.nacos.core.remote.LongConnectionMetricsCollector@58cd06cb]

2025-01-07 10:24:22,280 INFO No connection rule content found ,use default empty rule 

2025-01-07 10:24:22,355 INFO No tps control rule of CONFIG_PUSH_COUNT found,content =null  

2025-01-07 10:24:22,356 WARN Tps point for CONFIG_PUSH_COUNT registered, But tps control manager is no limit implementation.

2025-01-07 10:24:22,356 INFO No tps control rule of CONFIG_PUSH_SUCCESS found,content =null  

2025-01-07 10:24:22,356 WARN Tps point for CONFIG_PUSH_SUCCESS registered, But tps control manager is no limit implementation.

2025-01-07 10:24:22,356 INFO No tps control rule of CONFIG_PUSH_FAIL found,content =null  

2025-01-07 10:24:22,356 WARN Tps point for CONFIG_PUSH_FAIL registered, But tps control manager is no limit implementation.

2025-01-07 10:24:48,685 INFO Not configure type of control plugin, no limit control for current node.

2025-01-07 10:24:48,696 INFO Load connection metrics collector,size=2,[com.alibaba.nacos.config.server.service.LongPollingConnectionMetricsCollector@4c5204af, com.alibaba.nacos.core.remote.LongConnectionMetricsCollector@14c053c6]

2025-01-07 10:24:48,697 INFO No connection rule content found ,use default empty rule 

2025-01-07 10:24:48,824 INFO No tps control rule of CONFIG_PUSH_COUNT found,content =null  

2025-01-07 10:24:48,824 WARN Tps point for CONFIG_PUSH_COUNT registered, But tps control manager is no limit implementation.

2025-01-07 10:24:48,824 INFO No tps control rule of CONFIG_PUSH_SUCCESS found,content =null  

2025-01-07 10:24:48,824 WARN Tps point for CONFIG_PUSH_SUCCESS registered, But tps control manager is no limit implementation.

2025-01-07 10:24:48,824 INFO No tps control rule of CONFIG_PUSH_FAIL found,content =null  

2025-01-07 10:24:48,824 WARN Tps point for CONFIG_PUSH_FAIL registered, But tps control manager is no limit implementation.

2025-01-07 10:25:16,467 INFO Not configure type of control plugin, no limit control for current node.

2025-01-07 10:25:16,471 INFO Load connection metrics collector,size=2,[com.alibaba.nacos.config.server.service.LongPollingConnectionMetricsCollector@772485dd, com.alibaba.nacos.core.remote.LongConnectionMetricsCollector@79ab3a71]

2025-01-07 10:25:16,474 INFO No connection rule content found ,use default empty rule 

2025-01-07 10:25:16,606 INFO No tps control rule of CONFIG_PUSH_COUNT found,content =null  

2025-01-07 10:25:16,606 WARN Tps point for CONFIG_PUSH_COUNT registered, But tps control manager is no limit implementation.

2025-01-07 10:25:16,606 INFO No tps control rule of CONFIG_PUSH_SUCCESS found,content =null  

2025-01-07 10:25:16,606 WARN Tps point for CONFIG_PUSH_SUCCESS registered, But tps control manager is no limit implementation.

2025-01-07 10:25:16,606 INFO No tps control rule of CONFIG_PUSH_FAIL found,content =null  

2025-01-07 10:25:16,606 WARN Tps point for CONFIG_PUSH_FAIL registered, But tps control manager is no limit implementation.

2025-01-07 10:25:43,823 INFO Not configure type of control plugin, no limit control for current node.

2025-01-07 10:25:43,827 INFO Load connection metrics collector,size=2,[com.alibaba.nacos.config.server.service.LongPollingConnectionMetricsCollector@273c947f, com.alibaba.nacos.core.remote.LongConnectionMetricsCollector@1af1347d]

2025-01-07 10:25:43,828 INFO No connection rule content found ,use default empty rule 

2025-01-07 10:25:43,908 INFO No tps control rule of CONFIG_PUSH_COUNT found,content =null  

2025-01-07 10:25:43,908 WARN Tps point for CONFIG_PUSH_COUNT registered, But tps control manager is no limit implementation.

2025-01-07 10:25:43,909 INFO No tps control rule of CONFIG_PUSH_SUCCESS found,content =null  

2025-01-07 10:25:43,909 WARN Tps point for CONFIG_PUSH_SUCCESS registered, But tps control manager is no limit implementation.

2025-01-07 10:25:43,909 INFO No tps control rule of CONFIG_PUSH_FAIL found,content =null  

2025-01-07 10:25:43,909 WARN Tps point for CONFIG_PUSH_FAIL registered, But tps control manager is no limit implementation.

2025-01-07 10:26:11,991 INFO Not configure type of control plugin, no limit control for current node.

2025-01-07 10:26:12,006 INFO Load connection metrics collector,size=2,[com.alibaba.nacos.config.server.service.LongPollingConnectionMetricsCollector@9fecdf1, com.alibaba.nacos.core.remote.LongConnectionMetricsCollector@3b0f7d9d]

2025-01-07 10:26:12,007 INFO No connection rule content found ,use default empty rule 

2025-01-07 10:26:12,107 INFO No tps control rule of CONFIG_PUSH_COUNT found,content =null  

2025-01-07 10:26:12,108 WARN Tps point for CONFIG_PUSH_COUNT registered, But tps control manager is no limit implementation.

2025-01-07 10:26:12,108 INFO No tps control rule of CONFIG_PUSH_SUCCESS found,content =null  

2025-01-07 10:26:12,108 WARN Tps point for CONFIG_PUSH_SUCCESS registered, But tps control manager is no limit implementation.

2025-01-07 10:26:12,108 INFO No tps control rule of CONFIG_PUSH_FAIL found,content =null  

2025-01-07 10:26:12,139 WARN Tps point for CONFIG_PUSH_FAIL registered, But tps control manager is no limit implementation.

2025-01-07 10:26:39,652 INFO Not configure type of control plugin, no limit control for current node.

2025-01-07 10:26:39,679 INFO Load connection metrics collector,size=2,[com.alibaba.nacos.config.server.service.LongPollingConnectionMetricsCollector@b273a59, com.alibaba.nacos.core.remote.LongConnectionMetricsCollector@251ebf23]

2025-01-07 10:26:39,680 INFO No connection rule content found ,use default empty rule 

2025-01-07 10:26:39,752 INFO No tps control rule of CONFIG_PUSH_COUNT found,content =null  

2025-01-07 10:26:39,752 WARN Tps point for CONFIG_PUSH_COUNT registered, But tps control manager is no limit implementation.

2025-01-07 10:26:39,752 INFO No tps control rule of CONFIG_PUSH_SUCCESS found,content =null  

2025-01-07 10:26:39,752 WARN Tps point for CONFIG_PUSH_SUCCESS registered, But tps control manager is no limit implementation.

2025-01-07 10:26:39,752 INFO No tps control rule of CONFIG_PUSH_FAIL found,content =null  

2025-01-07 10:26:39,753 WARN Tps point for CONFIG_PUSH_FAIL registered, But tps control manager is no limit implementation.

2025-01-07 10:27:04,717 INFO Not configure type of control plugin, no limit control for current node.

2025-01-07 10:27:04,720 INFO Load connection metrics collector,size=2,[com.alibaba.nacos.config.server.service.LongPollingConnectionMetricsCollector@3add81c4, com.alibaba.nacos.core.remote.LongConnectionMetricsCollector@1c65121]

2025-01-07 10:27:04,721 INFO No connection rule content found ,use default empty rule 

2025-01-07 10:27:04,770 INFO No tps control rule of CONFIG_PUSH_COUNT found,content =null  

2025-01-07 10:27:04,770 WARN Tps point for CONFIG_PUSH_COUNT registered, But tps control manager is no limit implementation.

2025-01-07 10:27:04,770 INFO No tps control rule of CONFIG_PUSH_SUCCESS found,content =null  

2025-01-07 10:27:04,770 WARN Tps point for CONFIG_PUSH_SUCCESS registered, But tps control manager is no limit implementation.

2025-01-07 10:27:04,770 INFO No tps control rule of CONFIG_PUSH_FAIL found,content =null  

2025-01-07 10:27:04,770 WARN Tps point for CONFIG_PUSH_FAIL registered, But tps control manager is no limit implementation.

2025-01-07 10:27:33,447 INFO Not configure type of control plugin, no limit control for current node.

2025-01-07 10:27:33,451 INFO Load connection metrics collector,size=2,[com.alibaba.nacos.config.server.service.LongPollingConnectionMetricsCollector@25230246, com.alibaba.nacos.core.remote.LongConnectionMetricsCollector@4a8b5227]

2025-01-07 10:27:33,452 INFO No connection rule content found ,use default empty rule 

2025-01-07 10:27:33,511 INFO No tps control rule of CONFIG_PUSH_COUNT found,content =null  

2025-01-07 10:27:33,511 WARN Tps point for CONFIG_PUSH_COUNT registered, But tps control manager is no limit implementation.

2025-01-07 10:27:33,512 INFO No tps control rule of CONFIG_PUSH_SUCCESS found,content =null  

2025-01-07 10:27:33,512 WARN Tps point for CONFIG_PUSH_SUCCESS registered, But tps control manager is no limit implementation.

2025-01-07 10:27:33,512 INFO No tps control rule of CONFIG_PUSH_FAIL found,content =null  

2025-01-07 10:27:33,512 WARN Tps point for CONFIG_PUSH_FAIL registered, But tps control manager is no limit implementation.

2025-01-07 10:28:00,853 INFO Not configure type of control plugin, no limit control for current node.

2025-01-07 10:28:00,864 INFO Load connection metrics collector,size=2,[com.alibaba.nacos.config.server.service.LongPollingConnectionMetricsCollector@28b576a9, com.alibaba.nacos.core.remote.LongConnectionMetricsCollector@2f6bbeb0]

2025-01-07 10:28:00,865 INFO No connection rule content found ,use default empty rule 

2025-01-07 10:28:00,934 INFO No tps control rule of CONFIG_PUSH_COUNT found,content =null  

2025-01-07 10:28:00,934 WARN Tps point for CONFIG_PUSH_COUNT registered, But tps control manager is no limit implementation.

2025-01-07 10:28:00,935 INFO No tps control rule of CONFIG_PUSH_SUCCESS found,content =null  

2025-01-07 10:28:00,935 WARN Tps point for CONFIG_PUSH_SUCCESS registered, But tps control manager is no limit implementation.

2025-01-07 10:28:00,935 INFO No tps control rule of CONFIG_PUSH_FAIL found,content =null  

2025-01-07 10:28:00,935 WARN Tps point for CONFIG_PUSH_FAIL registered, But tps control manager is no limit implementation.

2025-01-07 10:28:28,288 INFO Not configure type of control plugin, no limit control for current node.

2025-01-07 10:28:28,304 INFO Load connection metrics collector,size=2,[com.alibaba.nacos.config.server.service.LongPollingConnectionMetricsCollector@c20be82, com.alibaba.nacos.core.remote.LongConnectionMetricsCollector@3ef41c66]

2025-01-07 10:28:28,305 INFO No connection rule content found ,use default empty rule 

2025-01-07 10:28:28,393 INFO No tps control rule of CONFIG_PUSH_COUNT found,content =null  

2025-01-07 10:28:28,396 WARN Tps point for CONFIG_PUSH_COUNT registered, But tps control manager is no limit implementation.

2025-01-07 10:28:28,396 INFO No tps control rule of CONFIG_PUSH_SUCCESS found,content =null  

2025-01-07 10:28:28,396 WARN Tps point for CONFIG_PUSH_SUCCESS registered, But tps control manager is no limit implementation.

2025-01-07 10:28:28,396 INFO No tps control rule of CONFIG_PUSH_FAIL found,content =null  

2025-01-07 10:28:28,396 WARN Tps point for CONFIG_PUSH_FAIL registered, But tps control manager is no limit implementation.

2025-01-07 10:28:55,635 INFO Not configure type of control plugin, no limit control for current node.

2025-01-07 10:28:55,639 INFO Load connection metrics collector,size=2,[com.alibaba.nacos.config.server.service.LongPollingConnectionMetricsCollector@1e287667, com.alibaba.nacos.core.remote.LongConnectionMetricsCollector@4201a617]

2025-01-07 10:28:55,640 INFO No connection rule content found ,use default empty rule 

2025-01-07 10:28:55,707 INFO No tps control rule of CONFIG_PUSH_COUNT found,content =null  

2025-01-07 10:28:55,708 WARN Tps point for CONFIG_PUSH_COUNT registered, But tps control manager is no limit implementation.

2025-01-07 10:28:55,708 INFO No tps control rule of CONFIG_PUSH_SUCCESS found,content =null  

2025-01-07 10:28:55,708 WARN Tps point for CONFIG_PUSH_SUCCESS registered, But tps control manager is no limit implementation.

2025-01-07 10:28:55,708 INFO No tps control rule of CONFIG_PUSH_FAIL found,content =null  

2025-01-07 10:28:55,708 WARN Tps point for CONFIG_PUSH_FAIL registered, But tps control manager is no limit implementation.

2025-01-07 10:29:23,103 INFO Not configure type of control plugin, no limit control for current node.

2025-01-07 10:29:23,114 INFO Load connection metrics collector,size=2,[com.alibaba.nacos.config.server.service.LongPollingConnectionMetricsCollector@515f4131, com.alibaba.nacos.core.remote.LongConnectionMetricsCollector@4c5204af]

2025-01-07 10:29:23,115 INFO No connection rule content found ,use default empty rule 

2025-01-07 10:29:23,172 INFO No tps control rule of CONFIG_PUSH_COUNT found,content =null  

2025-01-07 10:29:23,173 WARN Tps point for CONFIG_PUSH_COUNT registered, But tps control manager is no limit implementation.

2025-01-07 10:29:23,173 INFO No tps control rule of CONFIG_PUSH_SUCCESS found,content =null  

2025-01-07 10:29:23,173 WARN Tps point for CONFIG_PUSH_SUCCESS registered, But tps control manager is no limit implementation.

2025-01-07 10:29:23,173 INFO No tps control rule of CONFIG_PUSH_FAIL found,content =null  

2025-01-07 10:29:23,173 WARN Tps point for CONFIG_PUSH_FAIL registered, But tps control manager is no limit implementation.

2025-01-07 10:29:50,803 INFO Not configure type of control plugin, no limit control for current node.

2025-01-07 10:29:50,806 INFO Load connection metrics collector,size=2,[com.alibaba.nacos.config.server.service.LongPollingConnectionMetricsCollector@5a6d5a8f, com.alibaba.nacos.core.remote.LongConnectionMetricsCollector@315ba14a]

2025-01-07 10:29:50,819 INFO No connection rule content found ,use default empty rule 

2025-01-07 10:29:50,889 INFO No tps control rule of CONFIG_PUSH_COUNT found,content =null  

2025-01-07 10:29:50,889 WARN Tps point for CONFIG_PUSH_COUNT registered, But tps control manager is no limit implementation.

2025-01-07 10:29:50,889 INFO No tps control rule of CONFIG_PUSH_SUCCESS found,content =null  

2025-01-07 10:29:50,889 WARN Tps point for CONFIG_PUSH_SUCCESS registered, But tps control manager is no limit implementation.

2025-01-07 10:29:50,889 INFO No tps control rule of CONFIG_PUSH_FAIL found,content =null  

2025-01-07 10:29:50,889 WARN Tps point for CONFIG_PUSH_FAIL registered, But tps control manager is no limit implementation.

2025-01-07 10:30:19,601 INFO Not configure type of control plugin, no limit control for current node.

2025-01-07 10:30:19,605 INFO Load connection metrics collector,size=2,[com.alibaba.nacos.config.server.service.LongPollingConnectionMetricsCollector@d71adc2, com.alibaba.nacos.core.remote.LongConnectionMetricsCollector@1a1d3c1a]

2025-01-07 10:30:19,606 INFO No connection rule content found ,use default empty rule 

2025-01-07 10:30:19,686 INFO No tps control rule of CONFIG_PUSH_COUNT found,content =null  

2025-01-07 10:30:19,686 WARN Tps point for CONFIG_PUSH_COUNT registered, But tps control manager is no limit implementation.

2025-01-07 10:30:19,686 INFO No tps control rule of CONFIG_PUSH_SUCCESS found,content =null  

2025-01-07 10:30:19,686 WARN Tps point for CONFIG_PUSH_SUCCESS registered, But tps control manager is no limit implementation.

2025-01-07 10:30:19,686 INFO No tps control rule of CONFIG_PUSH_FAIL found,content =null  

2025-01-07 10:30:19,695 WARN Tps point for CONFIG_PUSH_FAIL registered, But tps control manager is no limit implementation.

2025-01-07 10:30:28,237 INFO No tps control rule of ConfigQuery found,content =null  

2025-01-07 10:30:28,238 WARN Tps point for ConfigQuery registered, But tps control manager is no limit implementation.

2025-01-07 10:30:28,238 INFO No tps control rule of ClusterConfigChangeNotify found,content =null  

2025-01-07 10:30:28,238 WARN Tps point for ClusterConfigChangeNotify registered, But tps control manager is no limit implementation.

2025-01-07 10:30:28,278 INFO No tps control rule of ConfigListen found,content =null  

2025-01-07 10:30:28,278 WARN Tps point for ConfigListen registered, But tps control manager is no limit implementation.

2025-01-07 10:30:28,278 INFO No tps control rule of ConfigRemove found,content =null  

2025-01-07 10:30:28,278 WARN Tps point for ConfigRemove registered, But tps control manager is no limit implementation.

2025-01-07 10:30:28,278 INFO No tps control rule of ConfigPublish found,content =null  

2025-01-07 10:30:28,278 WARN Tps point for ConfigPublish registered, But tps control manager is no limit implementation.

2025-01-07 10:30:28,278 INFO No tps control rule of HealthCheck found,content =null  

2025-01-07 10:30:28,278 WARN Tps point for HealthCheck registered, But tps control manager is no limit implementation.

2025-01-07 10:30:28,279 INFO No tps control rule of RemoteNamingServiceQuery found,content =null  

2025-01-07 10:30:28,279 WARN Tps point for RemoteNamingServiceQuery registered, But tps control manager is no limit implementation.

2025-01-07 10:30:28,279 INFO No tps control rule of RemoteNamingInstanceBatchRegister found,content =null  

2025-01-07 10:30:28,279 WARN Tps point for RemoteNamingInstanceBatchRegister registered, But tps control manager is no limit implementation.

2025-01-07 10:30:28,279 INFO No tps control rule of RemoteNamingInstanceRegisterDeregister found,content =null  

2025-01-07 10:30:28,279 WARN Tps point for RemoteNamingInstanceRegisterDeregister registered, But tps control manager is no limit implementation.

2025-01-07 10:30:28,279 INFO No tps control rule of RemoteNamingServiceListQuery found,content =null  

2025-01-07 10:30:28,279 WARN Tps point for RemoteNamingServiceListQuery registered, But tps control manager is no limit implementation.

2025-01-07 10:30:28,282 INFO No tps control rule of RemoteNamingServiceSubscribeUnSubscribe found,content =null  

2025-01-07 10:30:28,282 WARN Tps point for RemoteNamingServiceSubscribeUnSubscribe registered, But tps control manager is no limit implementation.

2025-01-07 10:30:28,282 WARN Tps point for RemoteNamingInstanceRegisterDeregister registered, But tps control manager is no limit implementation.

2025-01-07 10:30:28,283 INFO No tps control rule of HttpHealthCheck found,content =null  

2025-01-07 10:30:28,283 WARN Tps point for HttpHealthCheck registered, But tps control manager is no limit implementation.

2025-01-07 10:30:28,283 INFO No tps control rule of NamingInstanceRegister found,content =null  

2025-01-07 10:30:28,283 WARN Tps point for NamingInstanceRegister registered, But tps control manager is no limit implementation.

2025-01-07 10:30:28,283 INFO No tps control rule of NamingServiceSubscribe found,content =null  

2025-01-07 10:30:28,283 WARN Tps point for NamingServiceSubscribe registered, But tps control manager is no limit implementation.

2025-01-07 10:30:28,283 INFO No tps control rule of NamingServiceRegister found,content =null  

2025-01-07 10:30:28,283 WARN Tps point for NamingServiceRegister registered, But tps control manager is no limit implementation.

2025-01-07 10:30:28,283 INFO No tps control rule of NamingInstanceMetadataUpdate found,content =null  

2025-01-07 10:30:28,283 WARN Tps point for NamingInstanceMetadataUpdate registered, But tps control manager is no limit implementation.

2025-01-07 10:30:28,284 WARN Tps point for ConfigQuery registered, But tps control manager is no limit implementation.

2025-01-07 10:30:28,284 INFO No tps control rule of NamingServiceListQuery found,content =null  

2025-01-07 10:30:28,284 WARN Tps point for NamingServiceListQuery registered, But tps control manager is no limit implementation.

2025-01-07 10:30:28,284 INFO No tps control rule of NamingServiceUpdate found,content =null  

2025-01-07 10:30:28,284 WARN Tps point for NamingServiceUpdate registered, But tps control manager is no limit implementation.

2025-01-07 10:30:28,284 INFO No tps control rule of NamingInstanceQuery found,content =null  

2025-01-07 10:30:28,284 WARN Tps point for NamingInstanceQuery registered, But tps control manager is no limit implementation.

2025-01-07 10:30:28,284 INFO No tps control rule of NamingServiceDeregister found,content =null  

2025-01-07 10:30:28,284 WARN Tps point for NamingServiceDeregister registered, But tps control manager is no limit implementation.

2025-01-07 10:30:28,284 WARN Tps point for NamingInstanceRegister registered, But tps control manager is no limit implementation.

2025-01-07 10:30:28,284 WARN Tps point for NamingServiceRegister registered, But tps control manager is no limit implementation.

2025-01-07 10:30:28,284 WARN Tps point for NamingServiceDeregister registered, But tps control manager is no limit implementation.

2025-01-07 10:30:28,284 INFO No tps control rule of NamingInstanceUpdate found,content =null  

2025-01-07 10:30:28,284 WARN Tps point for NamingInstanceUpdate registered, But tps control manager is no limit implementation.

2025-01-07 10:30:28,284 WARN Tps point for HttpHealthCheck registered, But tps control manager is no limit implementation.

2025-01-07 10:30:28,284 WARN Tps point for NamingInstanceUpdate registered, But tps control manager is no limit implementation.

2025-01-07 10:30:28,284 INFO No tps control rule of NamingServiceQuery found,content =null  

2025-01-07 10:30:28,284 WARN Tps point for NamingServiceQuery registered, But tps control manager is no limit implementation.

2025-01-07 10:30:28,284 WARN Tps point for NamingServiceQuery registered, But tps control manager is no limit implementation.

2025-01-07 10:30:28,284 WARN Tps point for NamingInstanceMetadataUpdate registered, But tps control manager is no limit implementation.

2025-01-07 10:30:28,284 WARN Tps point for NamingInstanceMetadataUpdate registered, But tps control manager is no limit implementation.

2025-01-07 10:30:28,284 WARN Tps point for NamingInstanceMetadataUpdate registered, But tps control manager is no limit implementation.

2025-01-07 10:30:28,284 INFO No tps control rule of NamingInstanceDeregister found,content =null  

2025-01-07 10:30:28,284 WARN Tps point for NamingInstanceDeregister registered, But tps control manager is no limit implementation.

2025-01-07 10:30:28,284 WARN Tps point for ConfigPublish registered, But tps control manager is no limit implementation.

2025-01-07 10:30:28,285 WARN Tps point for NamingInstanceDeregister registered, But tps control manager is no limit implementation.

2025-01-07 10:30:28,285 WARN Tps point for NamingInstanceQuery registered, But tps control manager is no limit implementation.

2025-01-07 10:30:28,285 WARN Tps point for NamingServiceListQuery registered, But tps control manager is no limit implementation.

2025-01-07 10:30:28,285 WARN Tps point for NamingServiceUpdate registered, But tps control manager is no limit implementation.

2025-01-07 10:30:28,285 WARN Tps point for NamingServiceSubscribe registered, But tps control manager is no limit implementation.

2025-01-07 10:37:21,508 INFO Not configure type of control plugin, no limit control for current node.

2025-01-07 10:37:21,511 INFO Load connection metrics collector,size=2,[com.alibaba.nacos.config.server.service.LongPollingConnectionMetricsCollector@4837595f, com.alibaba.nacos.core.remote.LongConnectionMetricsCollector@3b718392]

2025-01-07 10:37:21,521 INFO No connection rule content found ,use default empty rule 

2025-01-07 10:37:21,588 INFO No tps control rule of CONFIG_PUSH_COUNT found,content =null  

2025-01-07 10:37:21,588 WARN Tps point for CONFIG_PUSH_COUNT registered, But tps control manager is no limit implementation.

2025-01-07 10:37:21,588 INFO No tps control rule of CONFIG_PUSH_SUCCESS found,content =null  

2025-01-07 10:37:21,588 WARN Tps point for CONFIG_PUSH_SUCCESS registered, But tps control manager is no limit implementation.

2025-01-07 10:37:21,599 INFO No tps control rule of CONFIG_PUSH_FAIL found,content =null  

2025-01-07 10:37:21,599 WARN Tps point for CONFIG_PUSH_FAIL registered, But tps control manager is no limit implementation.

2025-01-07 10:37:32,027 INFO No tps control rule of ConfigQuery found,content =null  

2025-01-07 10:37:32,027 WARN Tps point for ConfigQuery registered, But tps control manager is no limit implementation.

2025-01-07 10:37:32,028 INFO No tps control rule of ClusterConfigChangeNotify found,content =null  

2025-01-07 10:37:32,028 WARN Tps point for ClusterConfigChangeNotify registered, But tps control manager is no limit implementation.

2025-01-07 10:37:32,097 INFO No tps control rule of ConfigListen found,content =null  

2025-01-07 10:37:32,098 WARN Tps point for ConfigListen registered, But tps control manager is no limit implementation.

2025-01-07 10:37:32,098 INFO No tps control rule of ConfigRemove found,content =null  

2025-01-07 10:37:32,098 WARN Tps point for ConfigRemove registered, But tps control manager is no limit implementation.

2025-01-07 10:37:32,098 INFO No tps control rule of ConfigPublish found,content =null  

2025-01-07 10:37:32,098 WARN Tps point for ConfigPublish registered, But tps control manager is no limit implementation.

2025-01-07 10:37:32,098 INFO No tps control rule of HealthCheck found,content =null  

2025-01-07 10:37:32,098 WARN Tps point for HealthCheck registered, But tps control manager is no limit implementation.

2025-01-07 10:37:32,098 INFO No tps control rule of RemoteNamingServiceQuery found,content =null  

2025-01-07 10:37:32,098 WARN Tps point for RemoteNamingServiceQuery registered, But tps control manager is no limit implementation.

2025-01-07 10:37:32,101 INFO No tps control rule of RemoteNamingInstanceBatchRegister found,content =null  

2025-01-07 10:37:32,101 WARN Tps point for RemoteNamingInstanceBatchRegister registered, But tps control manager is no limit implementation.

2025-01-07 10:37:32,101 INFO No tps control rule of RemoteNamingInstanceRegisterDeregister found,content =null  

2025-01-07 10:37:32,101 WARN Tps point for RemoteNamingInstanceRegisterDeregister registered, But tps control manager is no limit implementation.

2025-01-07 10:37:32,101 INFO No tps control rule of RemoteNamingServiceListQuery found,content =null  

2025-01-07 10:37:32,101 WARN Tps point for RemoteNamingServiceListQuery registered, But tps control manager is no limit implementation.

2025-01-07 10:37:32,102 INFO No tps control rule of RemoteNamingServiceSubscribeUnSubscribe found,content =null  

2025-01-07 10:37:32,102 WARN Tps point for RemoteNamingServiceSubscribeUnSubscribe registered, But tps control manager is no limit implementation.

2025-01-07 10:37:32,102 WARN Tps point for RemoteNamingInstanceRegisterDeregister registered, But tps control manager is no limit implementation.

2025-01-07 10:37:32,102 INFO No tps control rule of NamingServiceQuery found,content =null  

2025-01-07 10:37:32,102 WARN Tps point for NamingServiceQuery registered, But tps control manager is no limit implementation.

2025-01-07 10:37:32,102 INFO No tps control rule of NamingServiceUpdate found,content =null  

2025-01-07 10:37:32,102 WARN Tps point for NamingServiceUpdate registered, But tps control manager is no limit implementation.

2025-01-07 10:37:32,102 INFO No tps control rule of NamingInstanceQuery found,content =null  

2025-01-07 10:37:32,102 WARN Tps point for NamingInstanceQuery registered, But tps control manager is no limit implementation.

2025-01-07 10:37:32,102 INFO No tps control rule of NamingServiceListQuery found,content =null  

2025-01-07 10:37:32,102 WARN Tps point for NamingServiceListQuery registered, But tps control manager is no limit implementation.

2025-01-07 10:37:32,102 INFO No tps control rule of NamingServiceRegister found,content =null  

2025-01-07 10:37:32,102 WARN Tps point for NamingServiceRegister registered, But tps control manager is no limit implementation.

2025-01-07 10:37:32,103 INFO No tps control rule of HttpHealthCheck found,content =null  

2025-01-07 10:37:32,103 WARN Tps point for HttpHealthCheck registered, But tps control manager is no limit implementation.

2025-01-07 10:37:32,103 INFO No tps control rule of NamingServiceDeregister found,content =null  

2025-01-07 10:37:32,103 WARN Tps point for NamingServiceDeregister registered, But tps control manager is no limit implementation.

2025-01-07 10:37:32,103 INFO No tps control rule of NamingInstanceDeregister found,content =null  

2025-01-07 10:37:32,103 WARN Tps point for NamingInstanceDeregister registered, But tps control manager is no limit implementation.

2025-01-07 10:37:32,103 WARN Tps point for HttpHealthCheck registered, But tps control manager is no limit implementation.

2025-01-07 10:37:32,103 INFO No tps control rule of NamingInstanceUpdate found,content =null  

2025-01-07 10:37:32,103 WARN Tps point for NamingInstanceUpdate registered, But tps control manager is no limit implementation.

2025-01-07 10:37:32,103 WARN Tps point for NamingServiceRegister registered, But tps control manager is no limit implementation.

2025-01-07 10:37:32,103 WARN Tps point for NamingServiceUpdate registered, But tps control manager is no limit implementation.

2025-01-07 10:37:32,103 WARN Tps point for NamingServiceListQuery registered, But tps control manager is no limit implementation.

2025-01-07 10:37:32,103 WARN Tps point for ConfigPublish registered, But tps control manager is no limit implementation.

2025-01-07 10:37:32,103 INFO No tps control rule of NamingInstanceMetadataUpdate found,content =null  

2025-01-07 10:37:32,103 WARN Tps point for NamingInstanceMetadataUpdate registered, But tps control manager is no limit implementation.

2025-01-07 10:37:32,103 WARN Tps point for NamingInstanceDeregister registered, But tps control manager is no limit implementation.

2025-01-07 10:37:32,103 WARN Tps point for NamingInstanceMetadataUpdate registered, But tps control manager is no limit implementation.

2025-01-07 10:37:32,103 WARN Tps point for ConfigQuery registered, But tps control manager is no limit implementation.

2025-01-07 10:37:32,103 INFO No tps control rule of NamingInstanceRegister found,content =null  

2025-01-07 10:37:32,112 WARN Tps point for NamingInstanceRegister registered, But tps control manager is no limit implementation.

2025-01-07 10:37:32,112 WARN Tps point for NamingServiceDeregister registered, But tps control manager is no limit implementation.

2025-01-07 10:37:32,112 WARN Tps point for NamingInstanceMetadataUpdate registered, But tps control manager is no limit implementation.

2025-01-07 10:37:32,112 WARN Tps point for NamingInstanceRegister registered, But tps control manager is no limit implementation.

2025-01-07 10:37:32,112 INFO No tps control rule of NamingServiceSubscribe found,content =null  

2025-01-07 10:37:32,112 WARN Tps point for NamingServiceSubscribe registered, But tps control manager is no limit implementation.

2025-01-07 10:37:32,112 WARN Tps point for NamingInstanceMetadataUpdate registered, But tps control manager is no limit implementation.

2025-01-07 10:37:32,112 WARN Tps point for NamingInstanceUpdate registered, But tps control manager is no limit implementation.

2025-01-07 10:37:32,112 WARN Tps point for NamingServiceQuery registered, But tps control manager is no limit implementation.

2025-01-07 10:37:32,112 WARN Tps point for NamingServiceSubscribe registered, But tps control manager is no limit implementation.

2025-01-07 10:37:32,112 WARN Tps point for NamingInstanceQuery registered, But tps control manager is no limit implementation.

2025-01-07 10:40:00,349 INFO Not configure type of control plugin, no limit control for current node.

2025-01-07 10:40:00,352 INFO Load connection metrics collector,size=2,[com.alibaba.nacos.config.server.service.LongPollingConnectionMetricsCollector@64a1923a, com.alibaba.nacos.core.remote.LongConnectionMetricsCollector@18ca3c62]

2025-01-07 10:40:00,353 INFO No connection rule content found ,use default empty rule 

2025-01-07 10:40:00,430 INFO No tps control rule of CONFIG_PUSH_COUNT found,content =null  

2025-01-07 10:40:00,431 WARN Tps point for CONFIG_PUSH_COUNT registered, But tps control manager is no limit implementation.

2025-01-07 10:40:00,431 INFO No tps control rule of CONFIG_PUSH_SUCCESS found,content =null  

2025-01-07 10:40:00,431 WARN Tps point for CONFIG_PUSH_SUCCESS registered, But tps control manager is no limit implementation.

2025-01-07 10:40:00,432 INFO No tps control rule of CONFIG_PUSH_FAIL found,content =null  

2025-01-07 10:40:00,432 WARN Tps point for CONFIG_PUSH_FAIL registered, But tps control manager is no limit implementation.

2025-01-07 10:41:05,756 INFO Not configure type of control plugin, no limit control for current node.

2025-01-07 10:41:05,768 INFO Load connection metrics collector,size=2,[com.alibaba.nacos.config.server.service.LongPollingConnectionMetricsCollector@2a415aa9, com.alibaba.nacos.core.remote.LongConnectionMetricsCollector@71ea1fda]

2025-01-07 10:41:05,769 INFO No connection rule content found ,use default empty rule 

2025-01-07 10:41:05,852 INFO No tps control rule of CONFIG_PUSH_COUNT found,content =null  

2025-01-07 10:41:05,853 WARN Tps point for CONFIG_PUSH_COUNT registered, But tps control manager is no limit implementation.

2025-01-07 10:41:05,853 INFO No tps control rule of CONFIG_PUSH_SUCCESS found,content =null  

2025-01-07 10:41:05,853 WARN Tps point for CONFIG_PUSH_SUCCESS registered, But tps control manager is no limit implementation.

2025-01-07 10:41:05,853 INFO No tps control rule of CONFIG_PUSH_FAIL found,content =null  

2025-01-07 10:41:05,853 WARN Tps point for CONFIG_PUSH_FAIL registered, But tps control manager is no limit implementation.

2025-01-07 10:41:14,456 INFO No tps control rule of ConfigQuery found,content =null  

2025-01-07 10:41:14,457 WARN Tps point for ConfigQuery registered, But tps control manager is no limit implementation.

2025-01-07 10:41:14,457 INFO No tps control rule of ClusterConfigChangeNotify found,content =null  

2025-01-07 10:41:14,457 WARN Tps point for ClusterConfigChangeNotify registered, But tps control manager is no limit implementation.

2025-01-07 10:41:14,499 INFO No tps control rule of ConfigListen found,content =null  

2025-01-07 10:41:14,499 WARN Tps point for ConfigListen registered, But tps control manager is no limit implementation.

2025-01-07 10:41:14,500 INFO No tps control rule of ConfigRemove found,content =null  

2025-01-07 10:41:14,500 WARN Tps point for ConfigRemove registered, But tps control manager is no limit implementation.

2025-01-07 10:41:14,500 INFO No tps control rule of ConfigPublish found,content =null  

2025-01-07 10:41:14,500 WARN Tps point for ConfigPublish registered, But tps control manager is no limit implementation.

2025-01-07 10:41:14,500 INFO No tps control rule of HealthCheck found,content =null  

2025-01-07 10:41:14,500 WARN Tps point for HealthCheck registered, But tps control manager is no limit implementation.

2025-01-07 10:41:14,500 INFO No tps control rule of RemoteNamingServiceQuery found,content =null  

2025-01-07 10:41:14,500 WARN Tps point for RemoteNamingServiceQuery registered, But tps control manager is no limit implementation.

2025-01-07 10:41:14,500 INFO No tps control rule of RemoteNamingInstanceBatchRegister found,content =null  

2025-01-07 10:41:14,500 WARN Tps point for RemoteNamingInstanceBatchRegister registered, But tps control manager is no limit implementation.

2025-01-07 10:41:14,500 INFO No tps control rule of RemoteNamingInstanceRegisterDeregister found,content =null  

2025-01-07 10:41:14,500 WARN Tps point for RemoteNamingInstanceRegisterDeregister registered, But tps control manager is no limit implementation.

2025-01-07 10:41:14,500 INFO No tps control rule of RemoteNamingServiceListQuery found,content =null  

2025-01-07 10:41:14,500 WARN Tps point for RemoteNamingServiceListQuery registered, But tps control manager is no limit implementation.

2025-01-07 10:41:14,500 INFO No tps control rule of RemoteNamingServiceSubscribeUnSubscribe found,content =null  

2025-01-07 10:41:14,501 WARN Tps point for RemoteNamingServiceSubscribeUnSubscribe registered, But tps control manager is no limit implementation.

2025-01-07 10:41:14,501 WARN Tps point for RemoteNamingInstanceRegisterDeregister registered, But tps control manager is no limit implementation.

2025-01-07 10:41:14,507 INFO No tps control rule of NamingServiceDeregister found,content =null  

2025-01-07 10:41:14,507 WARN Tps point for NamingServiceDeregister registered, But tps control manager is no limit implementation.

2025-01-07 10:41:14,507 WARN Tps point for ConfigPublish registered, But tps control manager is no limit implementation.

2025-01-07 10:41:14,507 INFO No tps control rule of NamingServiceUpdate found,content =null  

2025-01-07 10:41:14,507 WARN Tps point for NamingServiceUpdate registered, But tps control manager is no limit implementation.

2025-01-07 10:41:14,508 INFO No tps control rule of NamingServiceListQuery found,content =null  

2025-01-07 10:41:14,508 WARN Tps point for NamingServiceListQuery registered, But tps control manager is no limit implementation.

2025-01-07 10:41:14,508 INFO No tps control rule of NamingInstanceRegister found,content =null  

2025-01-07 10:41:14,508 WARN Tps point for NamingInstanceRegister registered, But tps control manager is no limit implementation.

2025-01-07 10:41:14,508 INFO No tps control rule of NamingInstanceQuery found,content =null  

2025-01-07 10:41:14,508 WARN Tps point for NamingInstanceQuery registered, But tps control manager is no limit implementation.

2025-01-07 10:41:14,508 WARN Tps point for NamingServiceDeregister registered, But tps control manager is no limit implementation.

2025-01-07 10:41:14,508 WARN Tps point for NamingServiceUpdate registered, But tps control manager is no limit implementation.

2025-01-07 10:41:14,508 WARN Tps point for ConfigQuery registered, But tps control manager is no limit implementation.

2025-01-07 10:41:14,508 INFO No tps control rule of NamingInstanceUpdate found,content =null  

2025-01-07 10:41:14,508 WARN Tps point for NamingInstanceUpdate registered, But tps control manager is no limit implementation.

2025-01-07 10:41:14,508 INFO No tps control rule of NamingInstanceMetadataUpdate found,content =null  

2025-01-07 10:41:14,508 WARN Tps point for NamingInstanceMetadataUpdate registered, But tps control manager is no limit implementation.

2025-01-07 10:41:14,508 WARN Tps point for NamingInstanceMetadataUpdate registered, But tps control manager is no limit implementation.

2025-01-07 10:41:14,508 INFO No tps control rule of NamingServiceRegister found,content =null  

2025-01-07 10:41:14,508 WARN Tps point for NamingServiceRegister registered, But tps control manager is no limit implementation.

2025-01-07 10:41:14,508 WARN Tps point for NamingInstanceQuery registered, But tps control manager is no limit implementation.

2025-01-07 10:41:14,509 INFO No tps control rule of NamingInstanceDeregister found,content =null  

2025-01-07 10:41:14,509 WARN Tps point for NamingInstanceDeregister registered, But tps control manager is no limit implementation.

2025-01-07 10:41:14,509 WARN Tps point for NamingInstanceDeregister registered, But tps control manager is no limit implementation.

2025-01-07 10:41:14,509 WARN Tps point for NamingInstanceUpdate registered, But tps control manager is no limit implementation.

2025-01-07 10:41:14,509 WARN Tps point for NamingInstanceMetadataUpdate registered, But tps control manager is no limit implementation.

2025-01-07 10:41:14,509 WARN Tps point for NamingServiceListQuery registered, But tps control manager is no limit implementation.

2025-01-07 10:41:14,509 WARN Tps point for NamingServiceRegister registered, But tps control manager is no limit implementation.

2025-01-07 10:41:14,509 INFO No tps control rule of NamingServiceSubscribe found,content =null  

2025-01-07 10:41:14,509 WARN Tps point for NamingServiceSubscribe registered, But tps control manager is no limit implementation.

2025-01-07 10:41:14,509 WARN Tps point for NamingInstanceMetadataUpdate registered, But tps control manager is no limit implementation.

2025-01-07 10:41:14,509 WARN Tps point for NamingInstanceRegister registered, But tps control manager is no limit implementation.

2025-01-07 10:41:14,509 INFO No tps control rule of NamingServiceQuery found,content =null  

2025-01-07 10:41:14,509 WARN Tps point for NamingServiceQuery registered, But tps control manager is no limit implementation.

2025-01-07 10:41:14,509 WARN Tps point for NamingServiceQuery registered, But tps control manager is no limit implementation.

2025-01-07 10:41:14,509 INFO No tps control rule of HttpHealthCheck found,content =null  

2025-01-07 10:41:14,509 WARN Tps point for HttpHealthCheck registered, But tps control manager is no limit implementation.

2025-01-07 10:41:14,509 WARN Tps point for HttpHealthCheck registered, But tps control manager is no limit implementation.

2025-01-07 10:41:14,509 WARN Tps point for NamingServiceSubscribe registered, But tps control manager is no limit implementation.

2025-01-07 10:44:12,346 INFO Not configure type of control plugin, no limit control for current node.

2025-01-07 10:44:12,368 INFO Load connection metrics collector,size=2,[com.alibaba.nacos.config.server.service.LongPollingConnectionMetricsCollector@410e94e, com.alibaba.nacos.core.remote.LongConnectionMetricsCollector@1bdbf9be]

2025-01-07 10:44:12,372 INFO No connection rule content found ,use default empty rule 

2025-01-07 10:44:12,547 INFO No tps control rule of CONFIG_PUSH_COUNT found,content =null  

2025-01-07 10:44:12,552 WARN Tps point for CONFIG_PUSH_COUNT registered, But tps control manager is no limit implementation.

2025-01-07 10:44:12,552 INFO No tps control rule of CONFIG_PUSH_SUCCESS found,content =null  

2025-01-07 10:44:12,552 WARN Tps point for CONFIG_PUSH_SUCCESS registered, But tps control manager is no limit implementation.

2025-01-07 10:44:12,553 INFO No tps control rule of CONFIG_PUSH_FAIL found,content =null  

2025-01-07 10:44:12,553 WARN Tps point for CONFIG_PUSH_FAIL registered, But tps control manager is no limit implementation.

2025-01-07 10:44:22,195 INFO No tps control rule of ConfigQuery found,content =null  

2025-01-07 10:44:22,195 WARN Tps point for ConfigQuery registered, But tps control manager is no limit implementation.

2025-01-07 10:44:22,195 INFO No tps control rule of ClusterConfigChangeNotify found,content =null  

2025-01-07 10:44:22,196 WARN Tps point for ClusterConfigChangeNotify registered, But tps control manager is no limit implementation.

2025-01-07 10:44:22,209 INFO No tps control rule of ConfigListen found,content =null  

2025-01-07 10:44:22,209 WARN Tps point for ConfigListen registered, But tps control manager is no limit implementation.

2025-01-07 10:44:22,209 INFO No tps control rule of ConfigRemove found,content =null  

2025-01-07 10:44:22,209 WARN Tps point for ConfigRemove registered, But tps control manager is no limit implementation.

2025-01-07 10:44:22,209 INFO No tps control rule of ConfigPublish found,content =null  

2025-01-07 10:44:22,209 WARN Tps point for ConfigPublish registered, But tps control manager is no limit implementation.

2025-01-07 10:44:22,209 INFO No tps control rule of HealthCheck found,content =null  

2025-01-07 10:44:22,209 WARN Tps point for HealthCheck registered, But tps control manager is no limit implementation.

2025-01-07 10:44:22,210 INFO No tps control rule of RemoteNamingServiceQuery found,content =null  

2025-01-07 10:44:22,210 WARN Tps point for RemoteNamingServiceQuery registered, But tps control manager is no limit implementation.

2025-01-07 10:44:22,210 INFO No tps control rule of RemoteNamingInstanceBatchRegister found,content =null  

2025-01-07 10:44:22,210 WARN Tps point for RemoteNamingInstanceBatchRegister registered, But tps control manager is no limit implementation.

2025-01-07 10:44:22,210 INFO No tps control rule of RemoteNamingInstanceRegisterDeregister found,content =null  

2025-01-07 10:44:22,210 WARN Tps point for RemoteNamingInstanceRegisterDeregister registered, But tps control manager is no limit implementation.

2025-01-07 10:44:22,210 INFO No tps control rule of RemoteNamingServiceListQuery found,content =null  

2025-01-07 10:44:22,210 WARN Tps point for RemoteNamingServiceListQuery registered, But tps control manager is no limit implementation.

2025-01-07 10:44:22,210 INFO No tps control rule of RemoteNamingServiceSubscribeUnSubscribe found,content =null  

2025-01-07 10:44:22,210 WARN Tps point for RemoteNamingServiceSubscribeUnSubscribe registered, But tps control manager is no limit implementation.

2025-01-07 10:44:22,210 WARN Tps point for RemoteNamingInstanceRegisterDeregister registered, But tps control manager is no limit implementation.

2025-01-07 10:44:22,211 INFO No tps control rule of NamingInstanceDeregister found,content =null  

2025-01-07 10:44:22,211 WARN Tps point for NamingInstanceDeregister registered, But tps control manager is no limit implementation.

2025-01-07 10:44:22,211 INFO No tps control rule of NamingInstanceRegister found,content =null  

2025-01-07 10:44:22,211 WARN Tps point for NamingInstanceRegister registered, But tps control manager is no limit implementation.

2025-01-07 10:44:22,211 INFO No tps control rule of NamingServiceQuery found,content =null  

2025-01-07 10:44:22,211 WARN Tps point for NamingServiceQuery registered, But tps control manager is no limit implementation.

2025-01-07 10:44:22,211 INFO No tps control rule of NamingInstanceMetadataUpdate found,content =null  

2025-01-07 10:44:22,211 WARN Tps point for NamingInstanceMetadataUpdate registered, But tps control manager is no limit implementation.

2025-01-07 10:44:22,211 INFO No tps control rule of NamingServiceUpdate found,content =null  

2025-01-07 10:44:22,211 WARN Tps point for NamingServiceUpdate registered, But tps control manager is no limit implementation.

2025-01-07 10:44:22,211 WARN Tps point for NamingInstanceRegister registered, But tps control manager is no limit implementation.

2025-01-07 10:44:22,211 WARN Tps point for NamingServiceUpdate registered, But tps control manager is no limit implementation.

2025-01-07 10:44:22,211 INFO No tps control rule of NamingInstanceQuery found,content =null  

2025-01-07 10:44:22,211 WARN Tps point for NamingInstanceQuery registered, But tps control manager is no limit implementation.

2025-01-07 10:44:22,211 WARN Tps point for NamingInstanceMetadataUpdate registered, But tps control manager is no limit implementation.

2025-01-07 10:44:22,211 INFO No tps control rule of NamingServiceListQuery found,content =null  

2025-01-07 10:44:22,211 WARN Tps point for NamingServiceListQuery registered, But tps control manager is no limit implementation.

2025-01-07 10:44:22,211 WARN Tps point for NamingInstanceQuery registered, But tps control manager is no limit implementation.

2025-01-07 10:44:22,211 WARN Tps point for ConfigPublish registered, But tps control manager is no limit implementation.

2025-01-07 10:44:22,211 WARN Tps point for NamingServiceQuery registered, But tps control manager is no limit implementation.

2025-01-07 10:44:22,211 INFO No tps control rule of NamingServiceSubscribe found,content =null  

2025-01-07 10:44:22,211 WARN Tps point for NamingServiceSubscribe registered, But tps control manager is no limit implementation.

2025-01-07 10:44:22,211 WARN Tps point for NamingServiceListQuery registered, But tps control manager is no limit implementation.

2025-01-07 10:44:22,211 INFO No tps control rule of NamingServiceDeregister found,content =null  

2025-01-07 10:44:22,212 WARN Tps point for NamingServiceDeregister registered, But tps control manager is no limit implementation.

2025-01-07 10:44:22,212 INFO No tps control rule of NamingInstanceUpdate found,content =null  

2025-01-07 10:44:22,212 WARN Tps point for NamingInstanceUpdate registered, But tps control manager is no limit implementation.

2025-01-07 10:44:22,212 WARN Tps point for NamingServiceSubscribe registered, But tps control manager is no limit implementation.

2025-01-07 10:44:22,212 WARN Tps point for NamingInstanceMetadataUpdate registered, But tps control manager is no limit implementation.

2025-01-07 10:44:22,212 WARN Tps point for NamingInstanceUpdate registered, But tps control manager is no limit implementation.

2025-01-07 10:44:22,212 WARN Tps point for NamingServiceDeregister registered, But tps control manager is no limit implementation.

2025-01-07 10:44:22,212 INFO No tps control rule of NamingServiceRegister found,content =null  

2025-01-07 10:44:22,212 WARN Tps point for NamingServiceRegister registered, But tps control manager is no limit implementation.

2025-01-07 10:44:22,212 WARN Tps point for ConfigQuery registered, But tps control manager is no limit implementation.

2025-01-07 10:44:22,212 INFO No tps control rule of HttpHealthCheck found,content =null  

2025-01-07 10:44:22,212 WARN Tps point for HttpHealthCheck registered, But tps control manager is no limit implementation.

2025-01-07 10:44:22,212 WARN Tps point for HttpHealthCheck registered, But tps control manager is no limit implementation.

2025-01-07 10:44:22,212 WARN Tps point for NamingInstanceMetadataUpdate registered, But tps control manager is no limit implementation.

2025-01-07 10:44:22,212 WARN Tps point for NamingInstanceDeregister registered, But tps control manager is no limit implementation.

2025-01-07 10:44:22,212 WARN Tps point for NamingServiceRegister registered, But tps control manager is no limit implementation.

2025-01-07 10:58:47,746 INFO Not configure type of control plugin, no limit control for current node.

2025-01-07 10:58:47,749 INFO Load connection metrics collector,size=2,[com.alibaba.nacos.config.server.service.LongPollingConnectionMetricsCollector@49bf29c6, com.alibaba.nacos.core.remote.LongConnectionMetricsCollector@3fcdcf]

2025-01-07 10:58:47,750 INFO No connection rule content found ,use default empty rule 

2025-01-07 10:58:47,814 INFO No tps control rule of CONFIG_PUSH_COUNT found,content =null  

2025-01-07 10:58:47,814 WARN Tps point for CONFIG_PUSH_COUNT registered, But tps control manager is no limit implementation.

2025-01-07 10:58:47,814 INFO No tps control rule of CONFIG_PUSH_SUCCESS found,content =null  

2025-01-07 10:58:47,814 WARN Tps point for CONFIG_PUSH_SUCCESS registered, But tps control manager is no limit implementation.

2025-01-07 10:58:47,814 INFO No tps control rule of CONFIG_PUSH_FAIL found,content =null  

2025-01-07 10:58:47,814 WARN Tps point for CONFIG_PUSH_FAIL registered, But tps control manager is no limit implementation.

2025-01-07 10:58:57,311 INFO No tps control rule of ConfigQuery found,content =null  

2025-01-07 10:58:57,311 WARN Tps point for ConfigQuery registered, But tps control manager is no limit implementation.

2025-01-07 10:58:57,312 INFO No tps control rule of ClusterConfigChangeNotify found,content =null  

2025-01-07 10:58:57,312 WARN Tps point for ClusterConfigChangeNotify registered, But tps control manager is no limit implementation.

2025-01-07 10:58:57,413 INFO No tps control rule of ConfigListen found,content =null  

2025-01-07 10:58:57,413 WARN Tps point for ConfigListen registered, But tps control manager is no limit implementation.

2025-01-07 10:58:57,413 INFO No tps control rule of ConfigRemove found,content =null  

2025-01-07 10:58:57,413 WARN Tps point for ConfigRemove registered, But tps control manager is no limit implementation.

2025-01-07 10:58:57,413 INFO No tps control rule of ConfigPublish found,content =null  

2025-01-07 10:58:57,413 WARN Tps point for ConfigPublish registered, But tps control manager is no limit implementation.

2025-01-07 10:58:57,413 INFO No tps control rule of HealthCheck found,content =null  

2025-01-07 10:58:57,413 WARN Tps point for HealthCheck registered, But tps control manager is no limit implementation.

2025-01-07 10:58:57,413 INFO No tps control rule of RemoteNamingServiceQuery found,content =null  

2025-01-07 10:58:57,413 WARN Tps point for RemoteNamingServiceQuery registered, But tps control manager is no limit implementation.

2025-01-07 10:58:57,413 INFO No tps control rule of RemoteNamingInstanceBatchRegister found,content =null  

2025-01-07 10:58:57,413 WARN Tps point for RemoteNamingInstanceBatchRegister registered, But tps control manager is no limit implementation.

2025-01-07 10:58:57,413 INFO No tps control rule of RemoteNamingInstanceRegisterDeregister found,content =null  

2025-01-07 10:58:57,413 WARN Tps point for RemoteNamingInstanceRegisterDeregister registered, But tps control manager is no limit implementation.

2025-01-07 10:58:57,414 INFO No tps control rule of RemoteNamingServiceListQuery found,content =null  

2025-01-07 10:58:57,414 WARN Tps point for RemoteNamingServiceListQuery registered, But tps control manager is no limit implementation.

2025-01-07 10:58:57,415 INFO No tps control rule of RemoteNamingServiceSubscribeUnSubscribe found,content =null  

2025-01-07 10:58:57,415 WARN Tps point for RemoteNamingServiceSubscribeUnSubscribe registered, But tps control manager is no limit implementation.

2025-01-07 10:58:57,415 WARN Tps point for RemoteNamingInstanceRegisterDeregister registered, But tps control manager is no limit implementation.

2025-01-07 10:58:57,434 INFO No tps control rule of HttpHealthCheck found,content =null  

2025-01-07 10:58:57,434 WARN Tps point for HttpHealthCheck registered, But tps control manager is no limit implementation.

2025-01-07 10:58:57,434 INFO No tps control rule of NamingInstanceQuery found,content =null  

2025-01-07 10:58:57,434 WARN Tps point for NamingInstanceQuery registered, But tps control manager is no limit implementation.

2025-01-07 10:58:57,434 INFO No tps control rule of NamingInstanceRegister found,content =null  

2025-01-07 10:58:57,434 WARN Tps point for NamingInstanceRegister registered, But tps control manager is no limit implementation.

2025-01-07 10:58:57,434 INFO No tps control rule of NamingServiceListQuery found,content =null  

2025-01-07 10:58:57,434 WARN Tps point for NamingServiceListQuery registered, But tps control manager is no limit implementation.

2025-01-07 10:58:57,434 WARN Tps point for NamingInstanceQuery registered, But tps control manager is no limit implementation.

2025-01-07 10:58:57,434 INFO No tps control rule of NamingServiceUpdate found,content =null  

2025-01-07 10:58:57,434 WARN Tps point for NamingServiceUpdate registered, But tps control manager is no limit implementation.

2025-01-07 10:58:57,434 WARN Tps point for NamingInstanceRegister registered, But tps control manager is no limit implementation.

2025-01-07 10:58:57,435 INFO No tps control rule of NamingServiceSubscribe found,content =null  

2025-01-07 10:58:57,435 WARN Tps point for NamingServiceSubscribe registered, But tps control manager is no limit implementation.

2025-01-07 10:58:57,435 WARN Tps point for NamingServiceListQuery registered, But tps control manager is no limit implementation.

2025-01-07 10:58:57,435 WARN Tps point for ConfigPublish registered, But tps control manager is no limit implementation.

2025-01-07 10:58:57,435 INFO No tps control rule of NamingInstanceMetadataUpdate found,content =null  

2025-01-07 10:58:57,435 WARN Tps point for NamingInstanceMetadataUpdate registered, But tps control manager is no limit implementation.

2025-01-07 10:58:57,435 WARN Tps point for NamingServiceUpdate registered, But tps control manager is no limit implementation.

2025-01-07 10:58:57,435 WARN Tps point for ConfigQuery registered, But tps control manager is no limit implementation.

2025-01-07 10:58:57,435 WARN Tps point for NamingInstanceMetadataUpdate registered, But tps control manager is no limit implementation.

2025-01-07 10:58:57,435 WARN Tps point for NamingInstanceMetadataUpdate registered, But tps control manager is no limit implementation.

2025-01-07 10:58:57,435 WARN Tps point for HttpHealthCheck registered, But tps control manager is no limit implementation.

2025-01-07 10:58:57,435 INFO No tps control rule of NamingInstanceDeregister found,content =null  

2025-01-07 10:58:57,435 WARN Tps point for NamingInstanceDeregister registered, But tps control manager is no limit implementation.

2025-01-07 10:58:57,435 WARN Tps point for NamingServiceSubscribe registered, But tps control manager is no limit implementation.

2025-01-07 10:58:57,435 WARN Tps point for NamingInstanceDeregister registered, But tps control manager is no limit implementation.

2025-01-07 10:58:57,435 INFO No tps control rule of NamingServiceQuery found,content =null  

2025-01-07 10:58:57,435 WARN Tps point for NamingServiceQuery registered, But tps control manager is no limit implementation.

2025-01-07 10:58:57,435 INFO No tps control rule of NamingServiceRegister found,content =null  

2025-01-07 10:58:57,435 WARN Tps point for NamingServiceRegister registered, But tps control manager is no limit implementation.

2025-01-07 10:58:57,435 INFO No tps control rule of NamingInstanceUpdate found,content =null  

2025-01-07 10:58:57,435 WARN Tps point for NamingInstanceUpdate registered, But tps control manager is no limit implementation.

2025-01-07 10:58:57,435 WARN Tps point for NamingInstanceMetadataUpdate registered, But tps control manager is no limit implementation.

2025-01-07 10:58:57,435 INFO No tps control rule of NamingServiceDeregister found,content =null  

2025-01-07 10:58:57,435 WARN Tps point for NamingServiceDeregister registered, But tps control manager is no limit implementation.

2025-01-07 10:58:57,435 WARN Tps point for NamingServiceDeregister registered, But tps control manager is no limit implementation.

2025-01-07 10:58:57,435 WARN Tps point for NamingInstanceUpdate registered, But tps control manager is no limit implementation.

2025-01-07 10:58:57,435 WARN Tps point for NamingServiceRegister registered, But tps control manager is no limit implementation.

2025-01-07 10:58:57,435 WARN Tps point for NamingServiceQuery registered, But tps control manager is no limit implementation.

2025-01-07 11:21:29,079 INFO Not configure type of control plugin, no limit control for current node.

2025-01-07 11:21:29,115 INFO Load connection metrics collector,size=2,[com.alibaba.nacos.config.server.service.LongPollingConnectionMetricsCollector@2b50150, com.alibaba.nacos.core.remote.LongConnectionMetricsCollector@6bb7cce7]

2025-01-07 11:21:29,129 INFO No connection rule content found ,use default empty rule 

2025-01-07 11:21:29,245 INFO No tps control rule of CONFIG_PUSH_COUNT found,content =null  

2025-01-07 11:21:29,245 WARN Tps point for CONFIG_PUSH_COUNT registered, But tps control manager is no limit implementation.

2025-01-07 11:21:29,245 INFO No tps control rule of CONFIG_PUSH_SUCCESS found,content =null  

2025-01-07 11:21:29,245 WARN Tps point for CONFIG_PUSH_SUCCESS registered, But tps control manager is no limit implementation.

2025-01-07 11:21:29,245 INFO No tps control rule of CONFIG_PUSH_FAIL found,content =null  

2025-01-07 11:21:29,245 WARN Tps point for CONFIG_PUSH_FAIL registered, But tps control manager is no limit implementation.

2025-01-07 11:21:38,662 INFO No tps control rule of ConfigQuery found,content =null  

2025-01-07 11:21:38,662 WARN Tps point for ConfigQuery registered, But tps control manager is no limit implementation.

2025-01-07 11:21:38,662 INFO No tps control rule of ClusterConfigChangeNotify found,content =null  

2025-01-07 11:21:38,662 WARN Tps point for ClusterConfigChangeNotify registered, But tps control manager is no limit implementation.

2025-01-07 11:21:38,674 INFO No tps control rule of ConfigListen found,content =null  

2025-01-07 11:21:38,674 WARN Tps point for ConfigListen registered, But tps control manager is no limit implementation.

2025-01-07 11:21:38,675 INFO No tps control rule of ConfigRemove found,content =null  

2025-01-07 11:21:38,675 WARN Tps point for ConfigRemove registered, But tps control manager is no limit implementation.

2025-01-07 11:21:38,675 INFO No tps control rule of ConfigPublish found,content =null  

2025-01-07 11:21:38,675 WARN Tps point for ConfigPublish registered, But tps control manager is no limit implementation.

2025-01-07 11:21:38,675 INFO No tps control rule of HealthCheck found,content =null  

2025-01-07 11:21:38,675 WARN Tps point for HealthCheck registered, But tps control manager is no limit implementation.

2025-01-07 11:21:38,675 INFO No tps control rule of RemoteNamingServiceQuery found,content =null  

2025-01-07 11:21:38,675 WARN Tps point for RemoteNamingServiceQuery registered, But tps control manager is no limit implementation.

2025-01-07 11:21:38,675 INFO No tps control rule of RemoteNamingInstanceBatchRegister found,content =null  

2025-01-07 11:21:38,675 WARN Tps point for RemoteNamingInstanceBatchRegister registered, But tps control manager is no limit implementation.

2025-01-07 11:21:38,675 INFO No tps control rule of RemoteNamingInstanceRegisterDeregister found,content =null  

2025-01-07 11:21:38,675 WARN Tps point for RemoteNamingInstanceRegisterDeregister registered, But tps control manager is no limit implementation.

2025-01-07 11:21:38,676 INFO No tps control rule of RemoteNamingServiceListQuery found,content =null  

2025-01-07 11:21:38,676 WARN Tps point for RemoteNamingServiceListQuery registered, But tps control manager is no limit implementation.

2025-01-07 11:21:38,676 INFO No tps control rule of RemoteNamingServiceSubscribeUnSubscribe found,content =null  

2025-01-07 11:21:38,676 WARN Tps point for RemoteNamingServiceSubscribeUnSubscribe registered, But tps control manager is no limit implementation.

2025-01-07 11:21:38,676 WARN Tps point for RemoteNamingInstanceRegisterDeregister registered, But tps control manager is no limit implementation.

2025-01-07 11:21:38,676 INFO No tps control rule of HttpHealthCheck found,content =null  

2025-01-07 11:21:38,676 WARN Tps point for HttpHealthCheck registered, But tps control manager is no limit implementation.

2025-01-07 11:21:38,676 INFO No tps control rule of NamingServiceQuery found,content =null  

2025-01-07 11:21:38,676 WARN Tps point for NamingServiceQuery registered, But tps control manager is no limit implementation.

2025-01-07 11:21:38,676 INFO No tps control rule of NamingServiceDeregister found,content =null  

2025-01-07 11:21:38,676 WARN Tps point for NamingServiceDeregister registered, But tps control manager is no limit implementation.

2025-01-07 11:21:38,677 INFO No tps control rule of NamingInstanceDeregister found,content =null  

2025-01-07 11:21:38,677 WARN Tps point for NamingInstanceDeregister registered, But tps control manager is no limit implementation.

2025-01-07 11:21:38,677 INFO No tps control rule of NamingServiceUpdate found,content =null  

2025-01-07 11:21:38,677 WARN Tps point for NamingServiceUpdate registered, But tps control manager is no limit implementation.

2025-01-07 11:21:38,677 INFO No tps control rule of NamingServiceRegister found,content =null  

2025-01-07 11:21:38,677 WARN Tps point for NamingServiceRegister registered, But tps control manager is no limit implementation.

2025-01-07 11:21:38,677 INFO No tps control rule of NamingServiceSubscribe found,content =null  

2025-01-07 11:21:38,677 WARN Tps point for NamingServiceSubscribe registered, But tps control manager is no limit implementation.

2025-01-07 11:21:38,677 WARN Tps point for NamingServiceUpdate registered, But tps control manager is no limit implementation.

2025-01-07 11:21:38,677 WARN Tps point for NamingServiceRegister registered, But tps control manager is no limit implementation.

2025-01-07 11:21:38,677 WARN Tps point for NamingServiceQuery registered, But tps control manager is no limit implementation.

2025-01-07 11:21:38,677 INFO No tps control rule of NamingInstanceQuery found,content =null  

2025-01-07 11:21:38,677 WARN Tps point for NamingInstanceQuery registered, But tps control manager is no limit implementation.

2025-01-07 11:21:38,677 INFO No tps control rule of NamingInstanceMetadataUpdate found,content =null  

2025-01-07 11:21:38,677 WARN Tps point for NamingInstanceMetadataUpdate registered, But tps control manager is no limit implementation.

2025-01-07 11:21:38,677 WARN Tps point for NamingInstanceMetadataUpdate registered, But tps control manager is no limit implementation.

2025-01-07 11:21:38,677 WARN Tps point for NamingServiceSubscribe registered, But tps control manager is no limit implementation.

2025-01-07 11:21:38,677 WARN Tps point for NamingInstanceMetadataUpdate registered, But tps control manager is no limit implementation.

2025-01-07 11:21:38,677 INFO No tps control rule of NamingServiceListQuery found,content =null  

2025-01-07 11:21:38,677 WARN Tps point for NamingServiceListQuery registered, But tps control manager is no limit implementation.

2025-01-07 11:21:38,677 WARN Tps point for HttpHealthCheck registered, But tps control manager is no limit implementation.

2025-01-07 11:21:38,677 WARN Tps point for NamingInstanceMetadataUpdate registered, But tps control manager is no limit implementation.

2025-01-07 11:21:38,677 INFO No tps control rule of NamingInstanceUpdate found,content =null  

2025-01-07 11:21:38,677 WARN Tps point for NamingInstanceUpdate registered, But tps control manager is no limit implementation.

2025-01-07 11:21:38,677 WARN Tps point for NamingInstanceUpdate registered, But tps control manager is no limit implementation.

2025-01-07 11:21:38,677 INFO No tps control rule of NamingInstanceRegister found,content =null  

2025-01-07 11:21:38,677 WARN Tps point for NamingInstanceRegister registered, But tps control manager is no limit implementation.

2025-01-07 11:21:38,677 WARN Tps point for NamingServiceDeregister registered, But tps control manager is no limit implementation.

2025-01-07 11:21:38,677 WARN Tps point for NamingServiceListQuery registered, But tps control manager is no limit implementation.

2025-01-07 11:21:38,677 WARN Tps point for ConfigQuery registered, But tps control manager is no limit implementation.

2025-01-07 11:21:38,677 WARN Tps point for NamingInstanceRegister registered, But tps control manager is no limit implementation.

2025-01-07 11:21:38,677 WARN Tps point for NamingInstanceQuery registered, But tps control manager is no limit implementation.

2025-01-07 11:21:38,677 WARN Tps point for ConfigPublish registered, But tps control manager is no limit implementation.

2025-01-07 11:21:38,677 WARN Tps point for NamingInstanceDeregister registered, But tps control manager is no limit implementation.

2025-01-07 11:39:15,047 INFO Not configure type of control plugin, no limit control for current node.

2025-01-07 11:39:15,050 INFO Load connection metrics collector,size=2,[com.alibaba.nacos.config.server.service.LongPollingConnectionMetricsCollector@a53bb6f, com.alibaba.nacos.core.remote.LongConnectionMetricsCollector@6759f091]

2025-01-07 11:39:15,051 INFO No connection rule content found ,use default empty rule 

2025-01-07 11:39:15,130 INFO No tps control rule of CONFIG_PUSH_COUNT found,content =null  

2025-01-07 11:39:15,130 WARN Tps point for CONFIG_PUSH_COUNT registered, But tps control manager is no limit implementation.

2025-01-07 11:39:15,130 INFO No tps control rule of CONFIG_PUSH_SUCCESS found,content =null  

2025-01-07 11:39:15,130 WARN Tps point for CONFIG_PUSH_SUCCESS registered, But tps control manager is no limit implementation.

2025-01-07 11:39:15,130 INFO No tps control rule of CONFIG_PUSH_FAIL found,content =null  

2025-01-07 11:39:15,131 WARN Tps point for CONFIG_PUSH_FAIL registered, But tps control manager is no limit implementation.

2025-01-07 11:39:24,449 INFO No tps control rule of ConfigQuery found,content =null  

2025-01-07 11:39:24,449 WARN Tps point for ConfigQuery registered, But tps control manager is no limit implementation.

2025-01-07 11:39:24,449 INFO No tps control rule of ClusterConfigChangeNotify found,content =null  

2025-01-07 11:39:24,449 WARN Tps point for ClusterConfigChangeNotify registered, But tps control manager is no limit implementation.

2025-01-07 11:39:24,518 INFO No tps control rule of ConfigListen found,content =null  

2025-01-07 11:39:24,518 WARN Tps point for ConfigListen registered, But tps control manager is no limit implementation.

2025-01-07 11:39:24,518 INFO No tps control rule of ConfigRemove found,content =null  

2025-01-07 11:39:24,518 WARN Tps point for ConfigRemove registered, But tps control manager is no limit implementation.

2025-01-07 11:39:24,518 INFO No tps control rule of ConfigPublish found,content =null  

2025-01-07 11:39:24,518 WARN Tps point for ConfigPublish registered, But tps control manager is no limit implementation.

2025-01-07 11:39:24,518 INFO No tps control rule of HealthCheck found,content =null  

2025-01-07 11:39:24,518 WARN Tps point for HealthCheck registered, But tps control manager is no limit implementation.

2025-01-07 11:39:24,518 INFO No tps control rule of RemoteNamingServiceQuery found,content =null  

2025-01-07 11:39:24,518 WARN Tps point for RemoteNamingServiceQuery registered, But tps control manager is no limit implementation.

2025-01-07 11:39:24,518 INFO No tps control rule of RemoteNamingInstanceBatchRegister found,content =null  

2025-01-07 11:39:24,519 WARN Tps point for RemoteNamingInstanceBatchRegister registered, But tps control manager is no limit implementation.

2025-01-07 11:39:24,519 INFO No tps control rule of RemoteNamingInstanceRegisterDeregister found,content =null  

2025-01-07 11:39:24,519 WARN Tps point for RemoteNamingInstanceRegisterDeregister registered, But tps control manager is no limit implementation.

2025-01-07 11:39:24,519 INFO No tps control rule of RemoteNamingServiceListQuery found,content =null  

2025-01-07 11:39:24,519 WARN Tps point for RemoteNamingServiceListQuery registered, But tps control manager is no limit implementation.

2025-01-07 11:39:24,519 INFO No tps control rule of RemoteNamingServiceSubscribeUnSubscribe found,content =null  

2025-01-07 11:39:24,519 WARN Tps point for RemoteNamingServiceSubscribeUnSubscribe registered, But tps control manager is no limit implementation.

2025-01-07 11:39:24,519 WARN Tps point for RemoteNamingInstanceRegisterDeregister registered, But tps control manager is no limit implementation.

2025-01-07 11:39:24,534 INFO No tps control rule of NamingInstanceDeregister found,content =null  

2025-01-07 11:39:24,534 WARN Tps point for NamingInstanceDeregister registered, But tps control manager is no limit implementation.

2025-01-07 11:39:24,535 INFO No tps control rule of HttpHealthCheck found,content =null  

2025-01-07 11:39:24,535 WARN Tps point for HttpHealthCheck registered, But tps control manager is no limit implementation.

2025-01-07 11:39:24,535 INFO No tps control rule of NamingServiceQuery found,content =null  

2025-01-07 11:39:24,535 WARN Tps point for NamingServiceQuery registered, But tps control manager is no limit implementation.

2025-01-07 11:39:24,535 WARN Tps point for NamingInstanceDeregister registered, But tps control manager is no limit implementation.

2025-01-07 11:39:24,535 INFO No tps control rule of NamingServiceRegister found,content =null  

2025-01-07 11:39:24,535 WARN Tps point for NamingServiceRegister registered, But tps control manager is no limit implementation.

2025-01-07 11:39:24,535 INFO No tps control rule of NamingInstanceMetadataUpdate found,content =null  

2025-01-07 11:39:24,535 WARN Tps point for NamingInstanceMetadataUpdate registered, But tps control manager is no limit implementation.

2025-01-07 11:39:24,535 INFO No tps control rule of NamingServiceListQuery found,content =null  

2025-01-07 11:39:24,535 WARN Tps point for NamingServiceListQuery registered, But tps control manager is no limit implementation.

2025-01-07 11:39:24,535 INFO No tps control rule of NamingServiceDeregister found,content =null  

2025-01-07 11:39:24,535 WARN Tps point for NamingServiceDeregister registered, But tps control manager is no limit implementation.

2025-01-07 11:39:24,535 WARN Tps point for NamingInstanceMetadataUpdate registered, But tps control manager is no limit implementation.

2025-01-07 11:39:24,535 INFO No tps control rule of NamingInstanceQuery found,content =null  

2025-01-07 11:39:24,535 WARN Tps point for NamingInstanceQuery registered, But tps control manager is no limit implementation.

2025-01-07 11:39:24,535 WARN Tps point for NamingServiceRegister registered, But tps control manager is no limit implementation.

2025-01-07 11:39:24,535 INFO No tps control rule of NamingServiceSubscribe found,content =null  

2025-01-07 11:39:24,535 WARN Tps point for NamingServiceSubscribe registered, But tps control manager is no limit implementation.

2025-01-07 11:39:24,535 WARN Tps point for NamingInstanceMetadataUpdate registered, But tps control manager is no limit implementation.

2025-01-07 11:39:24,535 WARN Tps point for NamingInstanceMetadataUpdate registered, But tps control manager is no limit implementation.

2025-01-07 11:39:24,535 WARN Tps point for HttpHealthCheck registered, But tps control manager is no limit implementation.

2025-01-07 11:39:24,535 INFO No tps control rule of NamingInstanceRegister found,content =null  

2025-01-07 11:39:24,536 WARN Tps point for NamingInstanceRegister registered, But tps control manager is no limit implementation.

2025-01-07 11:39:24,536 INFO No tps control rule of NamingInstanceUpdate found,content =null  

2025-01-07 11:39:24,536 WARN Tps point for NamingInstanceUpdate registered, But tps control manager is no limit implementation.

2025-01-07 11:39:24,536 WARN Tps point for NamingServiceDeregister registered, But tps control manager is no limit implementation.

2025-01-07 11:39:24,536 WARN Tps point for NamingServiceSubscribe registered, But tps control manager is no limit implementation.

2025-01-07 11:39:24,536 WARN Tps point for NamingInstanceUpdate registered, But tps control manager is no limit implementation.

2025-01-07 11:39:24,536 WARN Tps point for NamingServiceListQuery registered, But tps control manager is no limit implementation.

2025-01-07 11:39:24,536 WARN Tps point for ConfigQuery registered, But tps control manager is no limit implementation.

2025-01-07 11:39:24,536 WARN Tps point for NamingInstanceQuery registered, But tps control manager is no limit implementation.

2025-01-07 11:39:24,536 INFO No tps control rule of NamingServiceUpdate found,content =null  

2025-01-07 11:39:24,536 WARN Tps point for NamingServiceUpdate registered, But tps control manager is no limit implementation.

2025-01-07 11:39:24,536 WARN Tps point for NamingServiceQuery registered, But tps control manager is no limit implementation.

2025-01-07 11:39:24,536 WARN Tps point for ConfigPublish registered, But tps control manager is no limit implementation.

2025-01-07 11:39:24,536 WARN Tps point for NamingServiceUpdate registered, But tps control manager is no limit implementation.

2025-01-07 11:39:24,536 WARN Tps point for NamingInstanceRegister registered, But tps control manager is no limit implementation.

