2025-01-08 00:02:36,135 INFO This Raft event changes : RaftEvent{groupId='naming_service_metadata', leader='nacos2:7848', term=10, raftClusterInfo=[nacos3:7848, nacos1:7848, nacos2:7848]}

2025-01-08 00:02:36,184 INFO This Raft event changes : RaftEvent{groupId='naming_persistent_service', leader='nacos3:7848', term=11, raftClusterInfo=[nacos3:7848, nacos1:7848, nacos2:7848]}

2025-01-08 00:02:36,477 INFO This Raft event changes : RaftEvent{groupId='naming_persistent_service_v2', leader='nacos2:7848', term=11, raftClusterInfo=[nacos3:7848, nacos1:7848, nacos2:7848]}

2025-01-08 02:33:55,567 ERROR Fail to refresh route configuration for group : naming_service_metadata, status is : Status[UNKNOWN<-1>: handleRequest internal error]

2025-01-08 02:33:55,610 INFO This Raft event changes : RaftEvent{groupId='naming_instance_metadata', leader='nacos2:7848', term=13, raftClusterInfo=[nacos3:7848, nacos1:7848, nacos2:7848]}

2025-01-08 02:33:55,613 INFO This Raft event changes : RaftEvent{groupId='naming_persistent_service', leader='nacos2:7848', term=12, raftClusterInfo=[nacos3:7848, nacos1:7848, nacos2:7848]}

2025-01-08 02:33:57,641 INFO This Raft event changes : RaftEvent{groupId='naming_persistent_service_v2', leader='nacos1:7848', term=12, raftClusterInfo=[nacos3:7848, nacos1:7848, nacos2:7848]}

2025-01-08 02:33:57,698 ERROR Fail to refresh route configuration for group : naming_service_metadata, status is : Status[UNKNOWN<-1>: handleRequest internal error]

2025-01-08 02:33:57,903 INFO This Raft event changes : RaftEvent{groupId='naming_service_metadata', leader='nacos3:7848', term=11, raftClusterInfo=[nacos3:7848, nacos1:7848, nacos2:7848]}

2025-01-08 03:38:46,805 INFO This Raft event changes : RaftEvent{groupId='naming_persistent_service', leader='nacos3:7848', term=13, raftClusterInfo=[nacos3:7848, nacos1:7848, nacos2:7848]}

2025-01-08 03:38:46,808 INFO This Raft event changes : RaftEvent{groupId='naming_persistent_service_v2', leader='nacos3:7848', term=13, raftClusterInfo=[nacos3:7848, nacos1:7848, nacos2:7848]}

2025-01-08 03:38:47,828 ERROR Fail to refresh route configuration for group : naming_service_metadata, status is : Status[UNKNOWN<-1>: handleRequest internal error]

2025-01-08 03:38:49,710 INFO This Raft event changes : RaftEvent{groupId='naming_service_metadata', leader='nacos1:7848', term=12, raftClusterInfo=[nacos3:7848, nacos1:7848, nacos2:7848]}

2025-01-08 04:22:02,890 ERROR Fail to refresh route configuration for group : naming_persistent_service, status is : Status[UNKNOWN<-1>: handleRequest internal error]

2025-01-08 04:22:04,055 INFO This Raft event changes : RaftEvent{groupId='naming_persistent_service', leader='nacos2:7848', term=14, raftClusterInfo=[nacos3:7848, nacos1:7848, nacos2:7848]}

2025-01-08 07:58:14,761 INFO This Raft event changes : RaftEvent{groupId='naming_persistent_service_v2', leader='nacos3:7848', term=13, raftClusterInfo=[nacos3:7848, nacos1:7848, nacos2:7848]}

2025-01-08 07:58:14,813 INFO This Raft event changes : RaftEvent{groupId='naming_persistent_service_v2', leader='nacos1:7848', term=14, raftClusterInfo=[nacos3:7848, nacos1:7848, nacos2:7848]}

2025-01-08 07:58:14,814 INFO This Raft event changes : RaftEvent{groupId='naming_instance_metadata', leader='nacos3:7848', term=14, raftClusterInfo=[nacos3:7848, nacos1:7848, nacos2:7848]}

2025-01-08 07:58:14,822 INFO This Raft event changes : RaftEvent{groupId='naming_persistent_service', leader='nacos3:7848', term=15, raftClusterInfo=[nacos3:7848, nacos1:7848, nacos2:7848]}

2025-01-08 09:24:45,437 ERROR Fail to refresh route configuration for group : naming_persistent_service, status is : Status[UNKNOWN<-1>: handleRequest internal error]

2025-01-08 09:24:46,445 ERROR Fail to refresh route configuration for group : naming_service_metadata, status is : Status[UNKNOWN<-1>: handleRequest internal error]

2025-01-08 09:24:46,905 INFO This Raft event changes : RaftEvent{groupId='naming_service_metadata', leader='nacos3:7848', term=13, raftClusterInfo=[nacos3:7848, nacos1:7848, nacos2:7848]}

2025-01-08 09:24:50,538 INFO This Raft event changes : RaftEvent{groupId='naming_persistent_service', leader='nacos3:7848', term=16, raftClusterInfo=[nacos3:7848, nacos1:7848, nacos2:7848]}

2025-01-08 10:08:02,147 INFO This Raft event changes : RaftEvent{groupId='naming_persistent_service', leader='nacos3:7848', term=16, raftClusterInfo=[nacos3:7848, nacos1:7848, nacos2:7848]}

2025-01-08 10:08:02,148 ERROR Fail to refresh route configuration for group : naming_persistent_service_v2, status is : Status[UNKNOWN<-1>: handleRequest internal error]

2025-01-08 10:08:02,427 INFO This Raft event changes : RaftEvent{groupId='naming_persistent_service_v2', leader='nacos2:7848', term=15, raftClusterInfo=[nacos3:7848, nacos1:7848, nacos2:7848]}

2025-01-08 10:51:19,305 ERROR Fail to refresh route configuration for group : naming_persistent_service_v2, status is : Status[UNKNOWN<-1>: handleRequest internal error]

2025-01-08 10:51:22,411 INFO This Raft event changes : RaftEvent{groupId='naming_persistent_service_v2', leader='nacos1:7848', term=16, raftClusterInfo=[nacos3:7848, nacos1:7848, nacos2:7848]}

2025-01-08 11:34:30,410 ERROR Fail to refresh route configuration for group : naming_service_metadata, status is : Status[UNKNOWN<-1>: handleRequest internal error]

2025-01-08 11:34:30,422 INFO This Raft event changes : RaftEvent{groupId='naming_persistent_service', leader='nacos2:7848', term=17, raftClusterInfo=[nacos3:7848, nacos1:7848, nacos2:7848]}

2025-01-08 11:34:31,728 INFO This Raft event changes : RaftEvent{groupId='naming_service_metadata', leader='nacos1:7848', term=14, raftClusterInfo=[nacos3:7848, nacos1:7848, nacos2:7848]}

2025-01-08 11:56:10,130 ERROR Fail to refresh route configuration for group : naming_service_metadata, status is : Status[UNKNOWN<-1>: handleRequest internal error]

2025-01-08 11:56:10,158 INFO This Raft event changes : RaftEvent{groupId='naming_service_metadata', leader='nacos3:7848', term=15, raftClusterInfo=[nacos3:7848, nacos1:7848, nacos2:7848]}

2025-01-08 11:56:10,163 INFO This Raft event changes : RaftEvent{groupId='naming_persistent_service', leader='nacos3:7848', term=18, raftClusterInfo=[nacos3:7848, nacos1:7848, nacos2:7848]}

2025-01-08 11:56:10,160 ERROR Fail to refresh leader for group : naming_persistent_service, status is : Status[UNKNOWN<-1>: Unknown leader, Unknown leader, Unknown leader]

2025-01-08 11:56:10,188 ERROR Fail to refresh route configuration for group : naming_persistent_service, status is : Status[UNKNOWN<-1>: handleRequest internal error]

2025-01-08 11:56:10,193 INFO This Raft event changes : RaftEvent{groupId='naming_instance_metadata', leader='nacos2:7848', term=15, raftClusterInfo=[nacos3:7848, nacos1:7848, nacos2:7848]}

2025-01-08 11:56:10,193 INFO This Raft event changes : RaftEvent{groupId='naming_persistent_service_v2', leader='nacos2:7848', term=17, raftClusterInfo=[nacos3:7848, nacos1:7848, nacos2:7848]}

2025-01-08 14:27:30,175 INFO This Raft event changes : RaftEvent{groupId='naming_service_metadata', leader='nacos3:7848', term=15, raftClusterInfo=[nacos3:7848, nacos1:7848, nacos2:7848]}

2025-01-08 14:27:30,211 INFO This Raft event changes : RaftEvent{groupId='naming_instance_metadata', leader='nacos3:7848', term=16, raftClusterInfo=[nacos3:7848, nacos1:7848, nacos2:7848]}

2025-01-08 15:10:46,099 INFO This Raft event changes : RaftEvent{groupId='naming_persistent_service_v2', leader='nacos2:7848', term=17, raftClusterInfo=[nacos3:7848, nacos1:7848, nacos2:7848]}

2025-01-08 15:10:46,128 INFO This Raft event changes : RaftEvent{groupId='naming_persistent_service_v2', leader='nacos1:7848', term=18, raftClusterInfo=[nacos3:7848, nacos1:7848, nacos2:7848]}

2025-01-08 16:58:56,860 INFO This Raft event changes : RaftEvent{groupId='naming_persistent_service', leader='nacos3:7848', term=18, raftClusterInfo=[nacos3:7848, nacos1:7848, nacos2:7848]}

2025-01-08 16:58:57,431 INFO This Raft event changes : RaftEvent{groupId='naming_persistent_service_v2', leader='nacos3:7848', term=19, raftClusterInfo=[nacos3:7848, nacos1:7848, nacos2:7848]}

