2025-01-07 10:21:31,747 INFO [ClientConnectionEventListenerRegistry] registry listener - ConnectionBasedClientManager

2025-01-07 10:21:59,811 INFO [ClientConnectionEventListenerRegistry] registry listener - ConnectionBasedClientManager

2025-01-07 10:22:27,570 INFO [ClientConnectionEventListenerRegistry] registry listener - ConnectionBasedClientManager

2025-01-07 10:22:54,734 INFO [ClientConnectionEventListenerRegistry] registry listener - ConnectionBasedClientManager

2025-01-07 10:23:20,881 INFO [ClientConnectionEventListenerRegistry] registry listener - ConnectionBasedClientManager

2025-01-07 10:23:47,413 INFO [ClientConnectionEventListenerRegistry] registry listener - ConnectionBasedClientManager

2025-01-07 10:24:14,491 INFO [ClientConnectionEventListenerRegistry] registry listener - ConnectionBasedClientManager

2025-01-07 10:24:41,514 INFO [ClientConnectionEventListenerRegistry] registry listener - ConnectionBasedClientManager

2025-01-07 10:25:09,961 INFO [ClientConnectionEventListenerRegistry] registry listener - ConnectionBasedClientManager

2025-01-07 10:25:36,983 INFO [ClientConnectionEventListenerRegistry] registry listener - ConnectionBasedClientManager

2025-01-07 10:26:04,498 INFO [ClientConnectionEventListenerRegistry] registry listener - ConnectionBasedClientManager

2025-01-07 10:26:31,954 INFO [ClientConnectionEventListenerRegistry] registry listener - ConnectionBasedClientManager

2025-01-07 10:26:59,277 INFO [ClientConnectionEventListenerRegistry] registry listener - ConnectionBasedClientManager

2025-01-07 10:27:25,590 INFO [ClientConnectionEventListenerRegistry] registry listener - ConnectionBasedClientManager

2025-01-07 10:27:54,434 INFO [ClientConnectionEventListenerRegistry] registry listener - ConnectionBasedClientManager

2025-01-07 10:28:22,219 INFO [ClientConnectionEventListenerRegistry] registry listener - ConnectionBasedClientManager

2025-01-07 10:28:49,393 INFO [ClientConnectionEventListenerRegistry] registry listener - ConnectionBasedClientManager

2025-01-07 10:29:16,292 INFO [ClientConnectionEventListenerRegistry] registry listener - ConnectionBasedClientManager

2025-01-07 10:29:43,974 INFO [ClientConnectionEventListenerRegistry] registry listener - ConnectionBasedClientManager

2025-01-07 10:30:12,125 INFO [ClientConnectionEventListenerRegistry] registry listener - ConnectionBasedClientManager

2025-01-07 10:30:20,335 INFO [ClientConnectionEventListenerRegistry] registry listener - ConfigConnectionEventListener

2025-01-07 10:30:20,396 INFO Nacos GrpcSdkServer Rpc server starting at port 9848

2025-01-07 10:30:20,440 INFO Load ProtocolNegotiatorBuilder com.alibaba.nacos.core.remote.grpc.negotiator.tls.SdkDefaultTlsProtocolNegotiatorBuilder for type DEFAULT_TLS

2025-01-07 10:30:20,440 INFO Load ProtocolNegotiatorBuilder com.alibaba.nacos.core.remote.grpc.negotiator.tls.ClusterDefaultTlsProtocolNegotiatorBuilder for type CLUSTER_DEFAULT_TLS

2025-01-07 10:30:20,441 WARN Not found ProtocolNegotiatorBuilder for type nacos.remote.server.rpc.protocol.negotiator.type, will use default type nacos.remote.server.rpc.protocol.negotiator.type

2025-01-07 10:30:20,446 WARN Recommended use 'nacos.remote.server.grpc.sdk.max-inbound-message-size' property instead 'nacos.remote.server.grpc.maxinbound.message.size', now property value is 10485760

2025-01-07 10:30:20,578 INFO Ssl Context auto refresh is not supported.

2025-01-07 10:30:20,578 INFO Ssl Context auto refresh is not supported.

2025-01-07 10:30:20,578 INFO RpcServerSslContextRefresher initialization completed.

2025-01-07 10:30:20,578 INFO Nacos GrpcSdkServer Rpc server started at port 9848

2025-01-07 10:30:20,582 INFO Nacos GrpcClusterServer Rpc server starting at port 9849

2025-01-07 10:30:20,584 WARN Not found ProtocolNegotiatorBuilder for type nacos.remote.cluster.server.rpc.protocol.negotiator.type, will use default type nacos.remote.cluster.server.rpc.protocol.negotiator.type

2025-01-07 10:30:20,585 WARN Recommended use 'nacos.remote.server.grpc.cluster.max-inbound-message-size' property instead 'nacos.remote.server.grpc.maxinbound.message.size', now property value is 10485760

2025-01-07 10:30:20,605 INFO Nacos GrpcClusterServer Rpc server started at port 9849

2025-01-07 10:30:20,740 INFO [ClientConnectionEventListenerRegistry] registry listener - RpcAckCallbackInitorOrCleaner

2025-01-07 10:36:51,835 INFO Nacos GrpcClusterServer Rpc server stopping

2025-01-07 10:36:51,852 INFO Nacos GrpcSdkServer Rpc server stopping

2025-01-07 10:36:51,883 INFO Nacos GrpcSdkServer Rpc server stopped successfully...

2025-01-07 10:36:51,884 INFO Nacos GrpcClusterServer Rpc server stopped successfully...

2025-01-07 10:37:14,629 INFO [ClientConnectionEventListenerRegistry] registry listener - ConnectionBasedClientManager

2025-01-07 10:37:22,175 INFO [ClientConnectionEventListenerRegistry] registry listener - ConfigConnectionEventListener

2025-01-07 10:37:22,227 INFO Nacos GrpcSdkServer Rpc server starting at port 9848

2025-01-07 10:37:22,288 INFO Load ProtocolNegotiatorBuilder com.alibaba.nacos.core.remote.grpc.negotiator.tls.SdkDefaultTlsProtocolNegotiatorBuilder for type DEFAULT_TLS

2025-01-07 10:37:22,289 INFO Load ProtocolNegotiatorBuilder com.alibaba.nacos.core.remote.grpc.negotiator.tls.ClusterDefaultTlsProtocolNegotiatorBuilder for type CLUSTER_DEFAULT_TLS

2025-01-07 10:37:22,289 WARN Not found ProtocolNegotiatorBuilder for type nacos.remote.server.rpc.protocol.negotiator.type, will use default type nacos.remote.server.rpc.protocol.negotiator.type

2025-01-07 10:37:22,293 WARN Recommended use 'nacos.remote.server.grpc.sdk.max-inbound-message-size' property instead 'nacos.remote.server.grpc.maxinbound.message.size', now property value is 10485760

2025-01-07 10:37:22,383 INFO Ssl Context auto refresh is not supported.

2025-01-07 10:37:22,383 INFO Ssl Context auto refresh is not supported.

2025-01-07 10:37:22,383 INFO RpcServerSslContextRefresher initialization completed.

2025-01-07 10:37:22,383 INFO Nacos GrpcSdkServer Rpc server started at port 9848

2025-01-07 10:37:22,387 INFO Nacos GrpcClusterServer Rpc server starting at port 9849

2025-01-07 10:37:22,392 WARN Not found ProtocolNegotiatorBuilder for type nacos.remote.cluster.server.rpc.protocol.negotiator.type, will use default type nacos.remote.cluster.server.rpc.protocol.negotiator.type

2025-01-07 10:37:22,408 WARN Recommended use 'nacos.remote.server.grpc.cluster.max-inbound-message-size' property instead 'nacos.remote.server.grpc.maxinbound.message.size', now property value is 10485760

2025-01-07 10:37:22,447 INFO Nacos GrpcClusterServer Rpc server started at port 9849

2025-01-07 10:37:22,559 INFO [ClientConnectionEventListenerRegistry] registry listener - RpcAckCallbackInitorOrCleaner

2025-01-07 10:39:29,554 INFO Nacos GrpcSdkServer Rpc server stopping

2025-01-07 10:39:29,558 INFO Nacos GrpcClusterServer Rpc server stopping

2025-01-07 10:39:29,597 INFO Nacos GrpcSdkServer Rpc server stopped successfully...

2025-01-07 10:39:29,605 INFO Nacos GrpcClusterServer Rpc server stopped successfully...

2025-01-07 10:39:51,736 INFO [ClientConnectionEventListenerRegistry] registry listener - ConnectionBasedClientManager

2025-01-07 10:40:01,209 INFO [ClientConnectionEventListenerRegistry] registry listener - ConfigConnectionEventListener

2025-01-07 10:40:01,345 INFO Nacos GrpcSdkServer Rpc server starting at port 9848

2025-01-07 10:40:01,396 INFO Load ProtocolNegotiatorBuilder com.alibaba.nacos.core.remote.grpc.negotiator.tls.SdkDefaultTlsProtocolNegotiatorBuilder for type DEFAULT_TLS

2025-01-07 10:40:01,396 INFO Load ProtocolNegotiatorBuilder com.alibaba.nacos.core.remote.grpc.negotiator.tls.ClusterDefaultTlsProtocolNegotiatorBuilder for type CLUSTER_DEFAULT_TLS

2025-01-07 10:40:01,396 WARN Not found ProtocolNegotiatorBuilder for type nacos.remote.server.rpc.protocol.negotiator.type, will use default type nacos.remote.server.rpc.protocol.negotiator.type

2025-01-07 10:40:01,409 WARN Recommended use 'nacos.remote.server.grpc.sdk.max-inbound-message-size' property instead 'nacos.remote.server.grpc.maxinbound.message.size', now property value is 10485760

2025-01-07 10:40:01,521 INFO Ssl Context auto refresh is not supported.

2025-01-07 10:40:01,522 INFO Ssl Context auto refresh is not supported.

2025-01-07 10:40:01,522 INFO RpcServerSslContextRefresher initialization completed.

2025-01-07 10:40:01,522 INFO Nacos GrpcSdkServer Rpc server started at port 9848

2025-01-07 10:40:57,726 INFO [ClientConnectionEventListenerRegistry] registry listener - ConnectionBasedClientManager

2025-01-07 10:41:06,438 INFO [ClientConnectionEventListenerRegistry] registry listener - ConfigConnectionEventListener

2025-01-07 10:41:06,513 INFO Nacos GrpcSdkServer Rpc server starting at port 9848

2025-01-07 10:41:06,575 INFO Load ProtocolNegotiatorBuilder com.alibaba.nacos.core.remote.grpc.negotiator.tls.SdkDefaultTlsProtocolNegotiatorBuilder for type DEFAULT_TLS

2025-01-07 10:41:06,576 INFO Load ProtocolNegotiatorBuilder com.alibaba.nacos.core.remote.grpc.negotiator.tls.ClusterDefaultTlsProtocolNegotiatorBuilder for type CLUSTER_DEFAULT_TLS

2025-01-07 10:41:06,576 WARN Not found ProtocolNegotiatorBuilder for type nacos.remote.server.rpc.protocol.negotiator.type, will use default type nacos.remote.server.rpc.protocol.negotiator.type

2025-01-07 10:41:06,586 WARN Recommended use 'nacos.remote.server.grpc.sdk.max-inbound-message-size' property instead 'nacos.remote.server.grpc.maxinbound.message.size', now property value is 10485760

2025-01-07 10:41:06,705 INFO Ssl Context auto refresh is not supported.

2025-01-07 10:41:06,711 INFO Ssl Context auto refresh is not supported.

2025-01-07 10:41:06,711 INFO RpcServerSslContextRefresher initialization completed.

2025-01-07 10:41:06,711 INFO Nacos GrpcSdkServer Rpc server started at port 9848

2025-01-07 10:41:06,714 INFO Nacos GrpcClusterServer Rpc server starting at port 9849

2025-01-07 10:41:06,724 WARN Not found ProtocolNegotiatorBuilder for type nacos.remote.cluster.server.rpc.protocol.negotiator.type, will use default type nacos.remote.cluster.server.rpc.protocol.negotiator.type

2025-01-07 10:41:06,725 WARN Recommended use 'nacos.remote.server.grpc.cluster.max-inbound-message-size' property instead 'nacos.remote.server.grpc.maxinbound.message.size', now property value is 10485760

2025-01-07 10:41:06,762 INFO Nacos GrpcClusterServer Rpc server started at port 9849

2025-01-07 10:41:06,967 INFO [ClientConnectionEventListenerRegistry] registry listener - RpcAckCallbackInitorOrCleaner

2025-01-07 10:43:41,653 INFO Nacos GrpcSdkServer Rpc server stopping

2025-01-07 10:43:41,666 INFO Nacos GrpcClusterServer Rpc server stopping

2025-01-07 10:43:41,687 INFO Nacos GrpcSdkServer Rpc server stopped successfully...

2025-01-07 10:43:41,688 INFO Nacos GrpcClusterServer Rpc server stopped successfully...

2025-01-07 10:44:04,622 INFO [ClientConnectionEventListenerRegistry] registry listener - ConnectionBasedClientManager

2025-01-07 10:44:13,358 INFO [ClientConnectionEventListenerRegistry] registry listener - ConfigConnectionEventListener

2025-01-07 10:44:13,456 INFO Nacos GrpcSdkServer Rpc server starting at port 9848

2025-01-07 10:44:13,495 INFO Load ProtocolNegotiatorBuilder com.alibaba.nacos.core.remote.grpc.negotiator.tls.SdkDefaultTlsProtocolNegotiatorBuilder for type DEFAULT_TLS

2025-01-07 10:44:13,495 INFO Load ProtocolNegotiatorBuilder com.alibaba.nacos.core.remote.grpc.negotiator.tls.ClusterDefaultTlsProtocolNegotiatorBuilder for type CLUSTER_DEFAULT_TLS

2025-01-07 10:44:13,496 WARN Not found ProtocolNegotiatorBuilder for type nacos.remote.server.rpc.protocol.negotiator.type, will use default type nacos.remote.server.rpc.protocol.negotiator.type

2025-01-07 10:44:13,500 WARN Recommended use 'nacos.remote.server.grpc.sdk.max-inbound-message-size' property instead 'nacos.remote.server.grpc.maxinbound.message.size', now property value is 10485760

2025-01-07 10:44:13,629 INFO Ssl Context auto refresh is not supported.

2025-01-07 10:44:13,629 INFO Ssl Context auto refresh is not supported.

2025-01-07 10:44:13,629 INFO RpcServerSslContextRefresher initialization completed.

2025-01-07 10:44:13,629 INFO Nacos GrpcSdkServer Rpc server started at port 9848

2025-01-07 10:44:13,640 INFO Nacos GrpcClusterServer Rpc server starting at port 9849

2025-01-07 10:44:13,641 WARN Not found ProtocolNegotiatorBuilder for type nacos.remote.cluster.server.rpc.protocol.negotiator.type, will use default type nacos.remote.cluster.server.rpc.protocol.negotiator.type

2025-01-07 10:44:13,659 WARN Recommended use 'nacos.remote.server.grpc.cluster.max-inbound-message-size' property instead 'nacos.remote.server.grpc.maxinbound.message.size', now property value is 10485760

2025-01-07 10:44:13,672 INFO Nacos GrpcClusterServer Rpc server started at port 9849

2025-01-07 10:44:13,873 INFO [ClientConnectionEventListenerRegistry] registry listener - RpcAckCallbackInitorOrCleaner

2025-01-07 10:58:09,832 INFO Nacos GrpcSdkServer Rpc server stopping

2025-01-07 10:58:09,851 INFO Nacos GrpcClusterServer Rpc server stopping

2025-01-07 10:58:09,916 INFO Nacos GrpcClusterServer Rpc server stopped successfully...

2025-01-07 10:58:09,917 INFO Nacos GrpcSdkServer Rpc server stopped successfully...

2025-01-07 10:58:40,107 INFO [ClientConnectionEventListenerRegistry] registry listener - ConnectionBasedClientManager

2025-01-07 10:58:48,258 INFO [ClientConnectionEventListenerRegistry] registry listener - ConfigConnectionEventListener

2025-01-07 10:58:48,323 INFO Nacos GrpcSdkServer Rpc server starting at port 9848

2025-01-07 10:58:48,362 INFO Load ProtocolNegotiatorBuilder com.alibaba.nacos.core.remote.grpc.negotiator.tls.SdkDefaultTlsProtocolNegotiatorBuilder for type DEFAULT_TLS

2025-01-07 10:58:48,362 INFO Load ProtocolNegotiatorBuilder com.alibaba.nacos.core.remote.grpc.negotiator.tls.ClusterDefaultTlsProtocolNegotiatorBuilder for type CLUSTER_DEFAULT_TLS

2025-01-07 10:58:48,362 WARN Not found ProtocolNegotiatorBuilder for type nacos.remote.server.rpc.protocol.negotiator.type, will use default type nacos.remote.server.rpc.protocol.negotiator.type

2025-01-07 10:58:48,366 WARN Recommended use 'nacos.remote.server.grpc.sdk.max-inbound-message-size' property instead 'nacos.remote.server.grpc.maxinbound.message.size', now property value is 10485760

2025-01-07 10:58:48,478 INFO Ssl Context auto refresh is not supported.

2025-01-07 10:58:48,478 INFO Ssl Context auto refresh is not supported.

2025-01-07 10:58:48,478 INFO RpcServerSslContextRefresher initialization completed.

2025-01-07 10:58:48,478 INFO Nacos GrpcSdkServer Rpc server started at port 9848

2025-01-07 10:58:48,482 INFO Nacos GrpcClusterServer Rpc server starting at port 9849

2025-01-07 10:58:48,489 WARN Not found ProtocolNegotiatorBuilder for type nacos.remote.cluster.server.rpc.protocol.negotiator.type, will use default type nacos.remote.cluster.server.rpc.protocol.negotiator.type

2025-01-07 10:58:48,490 WARN Recommended use 'nacos.remote.server.grpc.cluster.max-inbound-message-size' property instead 'nacos.remote.server.grpc.maxinbound.message.size', now property value is 10485760

2025-01-07 10:58:48,496 INFO Nacos GrpcClusterServer Rpc server started at port 9849

2025-01-07 10:58:48,753 INFO [ClientConnectionEventListenerRegistry] registry listener - RpcAckCallbackInitorOrCleaner

2025-01-07 11:20:57,871 INFO Nacos GrpcClusterServer Rpc server stopping

2025-01-07 11:20:57,887 INFO Nacos GrpcSdkServer Rpc server stopping

2025-01-07 11:20:57,903 INFO Nacos GrpcClusterServer Rpc server stopped successfully...

2025-01-07 11:20:57,910 INFO Nacos GrpcSdkServer Rpc server stopped successfully...

2025-01-07 11:21:21,009 INFO [ClientConnectionEventListenerRegistry] registry listener - ConnectionBasedClientManager

2025-01-07 11:21:29,894 INFO [ClientConnectionEventListenerRegistry] registry listener - ConfigConnectionEventListener

2025-01-07 11:21:29,976 INFO Nacos GrpcSdkServer Rpc server starting at port 9848

2025-01-07 11:21:30,031 INFO Load ProtocolNegotiatorBuilder com.alibaba.nacos.core.remote.grpc.negotiator.tls.SdkDefaultTlsProtocolNegotiatorBuilder for type DEFAULT_TLS

2025-01-07 11:21:30,031 INFO Load ProtocolNegotiatorBuilder com.alibaba.nacos.core.remote.grpc.negotiator.tls.ClusterDefaultTlsProtocolNegotiatorBuilder for type CLUSTER_DEFAULT_TLS

2025-01-07 11:21:30,031 WARN Not found ProtocolNegotiatorBuilder for type nacos.remote.server.rpc.protocol.negotiator.type, will use default type nacos.remote.server.rpc.protocol.negotiator.type

2025-01-07 11:21:30,037 WARN Recommended use 'nacos.remote.server.grpc.sdk.max-inbound-message-size' property instead 'nacos.remote.server.grpc.maxinbound.message.size', now property value is 10485760

2025-01-07 11:21:30,161 INFO Ssl Context auto refresh is not supported.

2025-01-07 11:21:30,161 INFO Ssl Context auto refresh is not supported.

2025-01-07 11:21:30,161 INFO RpcServerSslContextRefresher initialization completed.

2025-01-07 11:21:30,161 INFO Nacos GrpcSdkServer Rpc server started at port 9848

2025-01-07 11:21:30,168 INFO Nacos GrpcClusterServer Rpc server starting at port 9849

2025-01-07 11:21:30,184 WARN Not found ProtocolNegotiatorBuilder for type nacos.remote.cluster.server.rpc.protocol.negotiator.type, will use default type nacos.remote.cluster.server.rpc.protocol.negotiator.type

2025-01-07 11:21:30,185 WARN Recommended use 'nacos.remote.server.grpc.cluster.max-inbound-message-size' property instead 'nacos.remote.server.grpc.maxinbound.message.size', now property value is 10485760

2025-01-07 11:21:30,201 INFO Nacos GrpcClusterServer Rpc server started at port 9849

2025-01-07 11:21:30,295 INFO [ClientConnectionEventListenerRegistry] registry listener - RpcAckCallbackInitorOrCleaner

2025-01-07 11:38:45,544 INFO Nacos GrpcSdkServer Rpc server stopping

2025-01-07 11:38:45,545 INFO Nacos GrpcClusterServer Rpc server stopping

2025-01-07 11:38:45,583 INFO Nacos GrpcSdkServer Rpc server stopped successfully...

2025-01-07 11:38:45,598 INFO Nacos GrpcClusterServer Rpc server stopped successfully...

2025-01-07 11:39:07,586 INFO [ClientConnectionEventListenerRegistry] registry listener - ConnectionBasedClientManager

2025-01-07 11:39:15,660 INFO [ClientConnectionEventListenerRegistry] registry listener - ConfigConnectionEventListener

2025-01-07 11:39:15,767 INFO Nacos GrpcSdkServer Rpc server starting at port 9848

2025-01-07 11:39:15,823 INFO Load ProtocolNegotiatorBuilder com.alibaba.nacos.core.remote.grpc.negotiator.tls.SdkDefaultTlsProtocolNegotiatorBuilder for type DEFAULT_TLS

2025-01-07 11:39:15,823 INFO Load ProtocolNegotiatorBuilder com.alibaba.nacos.core.remote.grpc.negotiator.tls.ClusterDefaultTlsProtocolNegotiatorBuilder for type CLUSTER_DEFAULT_TLS

2025-01-07 11:39:15,824 WARN Not found ProtocolNegotiatorBuilder for type nacos.remote.server.rpc.protocol.negotiator.type, will use default type nacos.remote.server.rpc.protocol.negotiator.type

2025-01-07 11:39:15,828 WARN Recommended use 'nacos.remote.server.grpc.sdk.max-inbound-message-size' property instead 'nacos.remote.server.grpc.maxinbound.message.size', now property value is 10485760

2025-01-07 11:39:15,945 INFO Ssl Context auto refresh is not supported.

2025-01-07 11:39:15,946 INFO Ssl Context auto refresh is not supported.

2025-01-07 11:39:15,947 INFO RpcServerSslContextRefresher initialization completed.

2025-01-07 11:39:15,948 INFO Nacos GrpcSdkServer Rpc server started at port 9848

2025-01-07 11:39:15,960 INFO Nacos GrpcClusterServer Rpc server starting at port 9849

2025-01-07 11:39:15,965 WARN Not found ProtocolNegotiatorBuilder for type nacos.remote.cluster.server.rpc.protocol.negotiator.type, will use default type nacos.remote.cluster.server.rpc.protocol.negotiator.type

2025-01-07 11:39:15,976 WARN Recommended use 'nacos.remote.server.grpc.cluster.max-inbound-message-size' property instead 'nacos.remote.server.grpc.maxinbound.message.size', now property value is 10485760

2025-01-07 11:39:15,985 INFO Nacos GrpcClusterServer Rpc server started at port 9849

2025-01-07 11:39:16,299 INFO [ClientConnectionEventListenerRegistry] registry listener - RpcAckCallbackInitorOrCleaner

