2025-01-08 17:38:52,349 ERROR [db-error] org.springframework.jdbc.CannotGetJdbcConnectionException: Failed to obtain JDBC Connection; nested exception is java.sql.SQLException: HikariPool-1 - Interrupted during connection acquisition

org.springframework.jdbc.CannotGetJdbcConnectionException: Failed to obtain JDBC Connection; nested exception is java.sql.SQLException: HikariPool-1 - Interrupted during connection acquisition
	at org.springframework.jdbc.datasource.DataSourceUtils.getConnection(DataSourceUtils.java:84)
	at org.springframework.jdbc.core.JdbcTemplate.execute(JdbcTemplate.java:643)
	at org.springframework.jdbc.core.JdbcTemplate.query(JdbcTemplate.java:713)
	at org.springframework.jdbc.core.JdbcTemplate.query(JdbcTemplate.java:744)
	at org.springframework.jdbc.core.JdbcTemplate.query(JdbcTemplate.java:757)
	at org.springframework.jdbc.core.JdbcTemplate.queryForObject(JdbcTemplate.java:879)
	at org.springframework.jdbc.core.JdbcTemplate.queryForObject(JdbcTemplate.java:901)
	at com.alibaba.nacos.plugin.auth.impl.persistence.extrnal.AuthExternalPaginationHelperImpl.fetchPage(AuthExternalPaginationHelperImpl.java:74)
	at com.alibaba.nacos.plugin.auth.impl.persistence.extrnal.AuthExternalPaginationHelperImpl.fetchPage(AuthExternalPaginationHelperImpl.java:63)
	at com.alibaba.nacos.plugin.auth.impl.persistence.ExternalRolePersistServiceImpl.getRolesByUserNameAndRoleName(ExternalRolePersistServiceImpl.java:109)
	at com.alibaba.nacos.plugin.auth.impl.roles.NacosRoleServiceImpl.reload(NacosRoleServiceImpl.java:82)
	at sun.reflect.GeneratedMethodAccessor92.invoke(Unknown Source)
	at sun.reflect.DelegatingMethodAccessorImpl.invoke(DelegatingMethodAccessorImpl.java:43)
	at java.lang.reflect.Method.invoke(Method.java:498)
	at org.springframework.scheduling.support.ScheduledMethodRunnable.run(ScheduledMethodRunnable.java:84)
	at org.springframework.scheduling.support.DelegatingErrorHandlingRunnable.run(DelegatingErrorHandlingRunnable.java:54)
	at java.util.concurrent.Executors$RunnableAdapter.call(Executors.java:511)
	at java.util.concurrent.FutureTask.runAndReset(FutureTask.java:308)
	at java.util.concurrent.ScheduledThreadPoolExecutor$ScheduledFutureTask.access$301(ScheduledThreadPoolExecutor.java:180)
	at java.util.concurrent.ScheduledThreadPoolExecutor$ScheduledFutureTask.run(ScheduledThreadPoolExecutor.java:294)
	at java.util.concurrent.ThreadPoolExecutor.runWorker(ThreadPoolExecutor.java:1149)
	at java.util.concurrent.ThreadPoolExecutor$Worker.run(ThreadPoolExecutor.java:624)
	at java.lang.Thread.run(Thread.java:750)
Caused by: java.sql.SQLException: HikariPool-1 - Interrupted during connection acquisition
	at com.zaxxer.hikari.pool.HikariPool.getConnection(HikariPool.java:200)
	at com.zaxxer.hikari.pool.HikariPool.getConnection(HikariPool.java:161)
	at com.zaxxer.hikari.HikariDataSource.getConnection(HikariDataSource.java:128)
	at org.springframework.jdbc.datasource.DataSourceUtils.fetchConnection(DataSourceUtils.java:160)
	at org.springframework.jdbc.datasource.DataSourceUtils.doGetConnection(DataSourceUtils.java:118)
	at org.springframework.jdbc.datasource.DataSourceUtils.getConnection(DataSourceUtils.java:81)
	... 22 common frames omitted
Caused by: java.lang.InterruptedException: null
	at java.util.concurrent.SynchronousQueue.poll(SynchronousQueue.java:944)
	at com.zaxxer.hikari.util.ConcurrentBag.borrow(ConcurrentBag.java:157)
	at com.zaxxer.hikari.pool.HikariPool.getConnection(HikariPool.java:179)
	... 27 common frames omitted
