2025-01-07 16:28:03,759 INFO [dump] add formal task. groupKey=service-basic+public+6f82eef1-0d17-44ff-a5d9-dffda4f17b08

2025-01-07 16:28:03,783 INFO [dump] process formal task. groupKey=service-basic+public+6f82eef1-0d17-44ff-a5d9-dffda4f17b08

2025-01-07 16:28:03,838 INFO [dump] md5 changed, save to disk cache ,groupKey=service-basic+public+6f82eef1-0d17-44ff-a5d9-dffda4f17b08, newMd5=0faf2c0fd98e1d6d5fe2adbcdd717e9e,oldMd5=

2025-01-07 16:28:03,849 INFO [dump] md5 changed, update md5 and timestamp in jvm cache ,groupKey=service-basic+public+6f82eef1-0d17-44ff-a5d9-dffda4f17b08, newMd5=0faf2c0fd98e1d6d5fe2adbcdd717e9e,oldMd5=,lastModifiedTs=1736209684000

2025-01-07 16:28:34,720 INFO [dump] add formal task. groupKey=service-basic+public+6f82eef1-0d17-44ff-a5d9-dffda4f17b08

2025-01-07 16:28:34,773 INFO [dump] process formal task. groupKey=service-basic+public+6f82eef1-0d17-44ff-a5d9-dffda4f17b08

2025-01-07 16:28:34,777 INFO [dump] md5 changed, save to disk cache ,groupKey=service-basic+public+6f82eef1-0d17-44ff-a5d9-dffda4f17b08, newMd5=e6342efe0115e6f1147f5b87c63df2bd,oldMd5=0faf2c0fd98e1d6d5fe2adbcdd717e9e

2025-01-07 16:28:34,778 INFO [dump] md5 changed, update md5 and timestamp in jvm cache ,groupKey=service-basic+public+6f82eef1-0d17-44ff-a5d9-dffda4f17b08, newMd5=e6342efe0115e6f1147f5b87c63df2bd,oldMd5=0faf2c0fd98e1d6d5fe2adbcdd717e9e,lastModifiedTs=1736209715000

2025-01-07 16:29:15,275 INFO [dump] add formal task. groupKey=service-basic+public+6f82eef1-0d17-44ff-a5d9-dffda4f17b08

2025-01-07 16:29:15,351 INFO [dump] process formal task. groupKey=service-basic+public+6f82eef1-0d17-44ff-a5d9-dffda4f17b08

2025-01-07 16:29:15,354 INFO [dump] remove  local disk cache,groupKey=service-basic+public+6f82eef1-0d17-44ff-a5d9-dffda4f17b08 

2025-01-07 16:29:15,355 INFO [dump] remove  local jvm cache,groupKey=service-basic+public+6f82eef1-0d17-44ff-a5d9-dffda4f17b08 

2025-01-07 16:29:17,194 INFO [remove-ok] service-basic+public+6f82eef1-0d17-44ff-a5d9-dffda4f17b08 not exist.

2025-01-07 16:36:55,923 INFO [dump] add formal task. groupKey=111+test+6f82eef1-0d17-44ff-a5d9-dffda4f17b08

2025-01-07 16:36:55,974 INFO [dump] process formal task. groupKey=111+test+6f82eef1-0d17-44ff-a5d9-dffda4f17b08

2025-01-07 16:36:55,982 INFO [dump] md5 changed, save to disk cache ,groupKey=111+test+6f82eef1-0d17-44ff-a5d9-dffda4f17b08, newMd5=b0baee9d279d34fa1dfd71aadb908c3f,oldMd5=

2025-01-07 16:36:55,983 INFO [dump] md5 changed, update md5 and timestamp in jvm cache ,groupKey=111+test+6f82eef1-0d17-44ff-a5d9-dffda4f17b08, newMd5=b0baee9d279d34fa1dfd71aadb908c3f,oldMd5=,lastModifiedTs=1736210216000

2025-01-07 16:38:27,117 INFO [dump] add formal task. groupKey=111+test+6f82eef1-0d17-44ff-a5d9-dffda4f17b08

2025-01-07 16:38:27,122 INFO [dump] process formal task. groupKey=111+test+6f82eef1-0d17-44ff-a5d9-dffda4f17b08

2025-01-07 16:38:27,123 INFO [dump] remove  local disk cache,groupKey=111+test+6f82eef1-0d17-44ff-a5d9-dffda4f17b08 

2025-01-07 16:38:27,123 INFO [dump] remove  local jvm cache,groupKey=111+test+6f82eef1-0d17-44ff-a5d9-dffda4f17b08 

2025-01-07 16:38:47,276 INFO [remove-ok] 111+test+6f82eef1-0d17-44ff-a5d9-dffda4f17b08 not exist.

2025-01-07 16:39:10,150 INFO [dump] add formal task. groupKey=11+DEFAULT_GROUP+6f82eef1-0d17-44ff-a5d9-dffda4f17b08

2025-01-07 16:39:10,190 INFO [dump] process formal task. groupKey=11+DEFAULT_GROUP+6f82eef1-0d17-44ff-a5d9-dffda4f17b08

2025-01-07 16:39:10,191 INFO [dump] md5 changed, save to disk cache ,groupKey=11+DEFAULT_GROUP+6f82eef1-0d17-44ff-a5d9-dffda4f17b08, newMd5=b0baee9d279d34fa1dfd71aadb908c3f,oldMd5=

2025-01-07 16:39:10,192 INFO [dump] md5 changed, update md5 and timestamp in jvm cache ,groupKey=11+DEFAULT_GROUP+6f82eef1-0d17-44ff-a5d9-dffda4f17b08, newMd5=b0baee9d279d34fa1dfd71aadb908c3f,oldMd5=,lastModifiedTs=1736210350000

2025-01-07 16:40:25,287 INFO [dump] add formal task. groupKey=11+DEFAULT_GROUP+6f82eef1-0d17-44ff-a5d9-dffda4f17b08

2025-01-07 16:40:25,322 INFO [dump] process formal task. groupKey=11+DEFAULT_GROUP+6f82eef1-0d17-44ff-a5d9-dffda4f17b08

2025-01-07 16:40:25,325 INFO [dump] md5 changed, save to disk cache ,groupKey=11+DEFAULT_GROUP+6f82eef1-0d17-44ff-a5d9-dffda4f17b08, newMd5=1ece33f8258a7ea8d35b8ffaef329859,oldMd5=b0baee9d279d34fa1dfd71aadb908c3f

2025-01-07 16:40:25,325 INFO [dump] md5 changed, update md5 and timestamp in jvm cache ,groupKey=11+DEFAULT_GROUP+6f82eef1-0d17-44ff-a5d9-dffda4f17b08, newMd5=1ece33f8258a7ea8d35b8ffaef329859,oldMd5=b0baee9d279d34fa1dfd71aadb908c3f,lastModifiedTs=1736210425000

2025-01-07 16:40:52,782 INFO [dump] add formal task. groupKey=11+DEFAULT_GROUP+6f82eef1-0d17-44ff-a5d9-dffda4f17b08

2025-01-07 16:40:52,875 INFO [dump] process formal task. groupKey=11+DEFAULT_GROUP+6f82eef1-0d17-44ff-a5d9-dffda4f17b08

2025-01-07 16:40:52,877 INFO [dump] remove  local disk cache,groupKey=11+DEFAULT_GROUP+6f82eef1-0d17-44ff-a5d9-dffda4f17b08 

2025-01-07 16:40:52,878 INFO [dump] remove  local jvm cache,groupKey=11+DEFAULT_GROUP+6f82eef1-0d17-44ff-a5d9-dffda4f17b08 

2025-01-07 16:41:17,294 INFO [remove-ok] 11+DEFAULT_GROUP+6f82eef1-0d17-44ff-a5d9-dffda4f17b08 not exist.

2025-01-07 16:43:51,861 INFO [dump] add formal task. groupKey=11+DEFAULT_GROUP+6f82eef1-0d17-44ff-a5d9-dffda4f17b08

2025-01-07 16:43:51,888 INFO [dump] process formal task. groupKey=11+DEFAULT_GROUP+6f82eef1-0d17-44ff-a5d9-dffda4f17b08

2025-01-07 16:43:51,890 INFO [remove-ok] 11+DEFAULT_GROUP+6f82eef1-0d17-44ff-a5d9-dffda4f17b08 not exist.

2025-01-07 16:47:27,803 INFO [dump] add formal task. groupKey=111+222+6f82eef1-0d17-44ff-a5d9-dffda4f17b08

2025-01-07 16:47:27,863 INFO [dump] process formal task. groupKey=111+222+6f82eef1-0d17-44ff-a5d9-dffda4f17b08

2025-01-07 16:47:27,866 INFO [dump] md5 changed, save to disk cache ,groupKey=111+222+6f82eef1-0d17-44ff-a5d9-dffda4f17b08, newMd5=b59c67bf196a4758191e42f76670ceba,oldMd5=

2025-01-07 16:47:27,869 INFO [dump] md5 changed, update md5 and timestamp in jvm cache ,groupKey=111+222+6f82eef1-0d17-44ff-a5d9-dffda4f17b08, newMd5=b59c67bf196a4758191e42f76670ceba,oldMd5=,lastModifiedTs=1736210848000

2025-01-07 16:47:44,470 INFO [dump] add formal task. groupKey=111+222+6f82eef1-0d17-44ff-a5d9-dffda4f17b08

2025-01-07 16:47:44,500 INFO [dump] process formal task. groupKey=111+222+6f82eef1-0d17-44ff-a5d9-dffda4f17b08

2025-01-07 16:47:44,502 INFO [dump] md5 changed, save to disk cache ,groupKey=111+222+6f82eef1-0d17-44ff-a5d9-dffda4f17b08, newMd5=821f3157e1a3456bfe1a000a1adf0862,oldMd5=b59c67bf196a4758191e42f76670ceba

2025-01-07 16:47:44,503 INFO [dump] md5 changed, update md5 and timestamp in jvm cache ,groupKey=111+222+6f82eef1-0d17-44ff-a5d9-dffda4f17b08, newMd5=821f3157e1a3456bfe1a000a1adf0862,oldMd5=b59c67bf196a4758191e42f76670ceba,lastModifiedTs=1736210864000

2025-01-07 16:48:01,368 INFO [dump] add formal task. groupKey=111+222+6f82eef1-0d17-44ff-a5d9-dffda4f17b08

2025-01-07 16:48:01,432 INFO [dump] process formal task. groupKey=111+222+6f82eef1-0d17-44ff-a5d9-dffda4f17b08

2025-01-07 16:48:01,436 INFO [dump] md5 changed, save to disk cache ,groupKey=111+222+6f82eef1-0d17-44ff-a5d9-dffda4f17b08, newMd5=95ebebaa68041c9faae8673241eaae1b,oldMd5=821f3157e1a3456bfe1a000a1adf0862

2025-01-07 16:48:01,436 INFO [dump] md5 changed, update md5 and timestamp in jvm cache ,groupKey=111+222+6f82eef1-0d17-44ff-a5d9-dffda4f17b08, newMd5=95ebebaa68041c9faae8673241eaae1b,oldMd5=821f3157e1a3456bfe1a000a1adf0862,lastModifiedTs=1736210881000

2025-01-07 16:49:34,836 INFO [dump] add formal task. groupKey=111+222+6f82eef1-0d17-44ff-a5d9-dffda4f17b08

2025-01-07 16:49:34,913 INFO [dump] process formal task. groupKey=111+222+6f82eef1-0d17-44ff-a5d9-dffda4f17b08

2025-01-07 16:49:34,916 INFO [dump] md5 changed, save to disk cache ,groupKey=111+222+6f82eef1-0d17-44ff-a5d9-dffda4f17b08, newMd5=821f3157e1a3456bfe1a000a1adf0862,oldMd5=95ebebaa68041c9faae8673241eaae1b

2025-01-07 16:49:34,917 INFO [dump] md5 changed, update md5 and timestamp in jvm cache ,groupKey=111+222+6f82eef1-0d17-44ff-a5d9-dffda4f17b08, newMd5=821f3157e1a3456bfe1a000a1adf0862,oldMd5=95ebebaa68041c9faae8673241eaae1b,lastModifiedTs=1736210975000

2025-01-07 17:15:24,598 INFO [dump] add formal task. groupKey=haha+xixi+6f82eef1-0d17-44ff-a5d9-dffda4f17b08

2025-01-07 17:15:24,641 INFO [dump] process formal task. groupKey=haha+xixi+6f82eef1-0d17-44ff-a5d9-dffda4f17b08

2025-01-07 17:15:24,644 INFO [dump] md5 changed, save to disk cache ,groupKey=haha+xixi+6f82eef1-0d17-44ff-a5d9-dffda4f17b08, newMd5=a96577d544e716d2abf6aac5e91190d2,oldMd5=

2025-01-07 17:15:24,646 INFO [dump] md5 changed, update md5 and timestamp in jvm cache ,groupKey=haha+xixi+6f82eef1-0d17-44ff-a5d9-dffda4f17b08, newMd5=a96577d544e716d2abf6aac5e91190d2,oldMd5=,lastModifiedTs=1736212525000

