2025-01-08 00:02:34,393 ERROR Send request fail, request = MemberReportRequest{headers={}, requestId='null'}, retryTimes = 0, errorMessage = java.util.concurrent.TimeoutException: Waited 3000 milliseconds (plus 233507 nanoseconds delay) for io.grpc.stub.ClientCalls$GrpcFuture@3dfa3306[status=PENDING, info=[GrpcFuture{clientCall=ClientCallImpl{method=MethodDescriptor{fullMethodName=Request/request, type=UNARY, idempotent=false, safe=false, sampledToLocalTracing=true, requestMarshaller=io.grpc.protobuf.lite.ProtoLiteUtils$MessageMarshaller@5202954a, responseMarshaller=io.grpc.protobuf.lite.ProtoLiteUtils$MessageMarshaller@7b6f29de, schemaDescriptor=com.alibaba.nacos.api.grpc.auto.RequestGrpc$RequestMethodDescriptorSupplier@3d88915a}}}]]

2025-01-08 00:02:36,382 INFO [Cluster-nacos1:8848] Server check success, currentServer is nacos1:8848 

2025-01-08 00:09:15,653 INFO [capacityManagement] start correct usage

2025-01-08 00:09:15,655 INFO [capacityManagement] end correct usage, cost: 0.002089017s

2025-01-08 00:09:16,376 WARN clearHistoryConfig get scheduled

2025-01-08 00:09:16,376 WARN clearHistoryConfig is disable in current context

2025-01-08 00:19:15,656 INFO [capacityManagement] start correct usage

2025-01-08 00:19:15,658 INFO [capacityManagement] end correct usage, cost: 0.002301204s

2025-01-08 00:19:16,377 WARN clearHistoryConfig get scheduled

2025-01-08 00:19:16,377 WARN clearHistoryConfig is disable in current context

2025-01-08 00:29:15,659 INFO [capacityManagement] start correct usage

2025-01-08 00:29:15,661 INFO [capacityManagement] end correct usage, cost: 0.002016498s

2025-01-08 00:29:16,377 WARN clearHistoryConfig get scheduled

2025-01-08 00:29:16,377 WARN clearHistoryConfig is disable in current context

2025-01-08 00:39:15,662 INFO [capacityManagement] start correct usage

2025-01-08 00:39:15,665 INFO [capacityManagement] end correct usage, cost: 0.00298761s

2025-01-08 00:39:16,378 WARN clearHistoryConfig get scheduled

2025-01-08 00:39:16,378 WARN clearHistoryConfig is disable in current context

2025-01-08 00:49:15,665 INFO [capacityManagement] start correct usage

2025-01-08 00:49:15,667 INFO [capacityManagement] end correct usage, cost: 0.001899196s

2025-01-08 00:49:16,378 WARN clearHistoryConfig get scheduled

2025-01-08 00:49:16,378 WARN clearHistoryConfig is disable in current context

2025-01-08 00:59:15,667 INFO [capacityManagement] start correct usage

2025-01-08 00:59:15,669 INFO [capacityManagement] end correct usage, cost: 0.001840862s

2025-01-08 00:59:16,378 WARN clearHistoryConfig get scheduled

2025-01-08 00:59:16,379 WARN clearHistoryConfig is disable in current context

2025-01-08 01:09:15,670 INFO [capacityManagement] start correct usage

2025-01-08 01:09:15,672 INFO [capacityManagement] end correct usage, cost: 0.002063957s

2025-01-08 01:09:16,379 WARN clearHistoryConfig get scheduled

2025-01-08 01:09:16,379 WARN clearHistoryConfig is disable in current context

2025-01-08 01:19:15,672 INFO [capacityManagement] start correct usage

2025-01-08 01:19:15,675 INFO [capacityManagement] end correct usage, cost: 0.002351689s

2025-01-08 01:19:16,379 WARN clearHistoryConfig get scheduled

2025-01-08 01:19:16,380 WARN clearHistoryConfig is disable in current context

2025-01-08 01:29:15,675 INFO [capacityManagement] start correct usage

2025-01-08 01:29:15,678 INFO [capacityManagement] end correct usage, cost: 0.002563556s

2025-01-08 01:29:16,380 WARN clearHistoryConfig get scheduled

2025-01-08 01:29:16,380 WARN clearHistoryConfig is disable in current context

2025-01-08 01:39:15,678 INFO [capacityManagement] start correct usage

2025-01-08 01:39:15,681 INFO [capacityManagement] end correct usage, cost: 0.002634802s

2025-01-08 01:39:16,381 WARN clearHistoryConfig get scheduled

2025-01-08 01:39:16,381 WARN clearHistoryConfig is disable in current context

2025-01-08 01:49:15,682 INFO [capacityManagement] start correct usage

2025-01-08 01:49:15,684 INFO [capacityManagement] end correct usage, cost: 0.002413054s

2025-01-08 01:49:16,381 WARN clearHistoryConfig get scheduled

2025-01-08 01:49:16,381 WARN clearHistoryConfig is disable in current context

2025-01-08 01:59:15,684 INFO [capacityManagement] start correct usage

2025-01-08 01:59:15,687 INFO [capacityManagement] end correct usage, cost: 0.002069436s

2025-01-08 01:59:16,382 WARN clearHistoryConfig get scheduled

2025-01-08 01:59:16,382 WARN clearHistoryConfig is disable in current context

2025-01-08 02:09:15,687 INFO [capacityManagement] start correct usage

2025-01-08 02:09:15,689 INFO [capacityManagement] end correct usage, cost: 0.002214568s

2025-01-08 02:09:16,382 WARN clearHistoryConfig get scheduled

2025-01-08 02:09:16,382 WARN clearHistoryConfig is disable in current context

2025-01-08 02:19:15,690 INFO [capacityManagement] start correct usage

2025-01-08 02:19:15,692 INFO [capacityManagement] end correct usage, cost: 0.002317061s

2025-01-08 02:19:16,383 WARN clearHistoryConfig get scheduled

2025-01-08 02:19:16,383 WARN clearHistoryConfig is disable in current context

2025-01-08 02:29:15,693 INFO [capacityManagement] start correct usage

2025-01-08 02:29:15,696 INFO [capacityManagement] end correct usage, cost: 0.00284802s

2025-01-08 02:29:16,383 WARN clearHistoryConfig get scheduled

2025-01-08 02:29:16,384 WARN clearHistoryConfig is disable in current context

2025-01-08 02:33:53,894 ERROR Send request fail, request = MemberReportRequest{headers={}, requestId='null'}, retryTimes = 0, errorMessage = java.util.concurrent.TimeoutException: Waited 3000 milliseconds (plus 228902 nanoseconds delay) for io.grpc.stub.ClientCalls$GrpcFuture@5d3f9a83[status=PENDING, info=[GrpcFuture{clientCall=ClientCallImpl{method=MethodDescriptor{fullMethodName=Request/request, type=UNARY, idempotent=false, safe=false, sampledToLocalTracing=true, requestMarshaller=io.grpc.protobuf.lite.ProtoLiteUtils$MessageMarshaller@5202954a, responseMarshaller=io.grpc.protobuf.lite.ProtoLiteUtils$MessageMarshaller@7b6f29de, schemaDescriptor=com.alibaba.nacos.api.grpc.auto.RequestGrpc$RequestMethodDescriptorSupplier@3d88915a}}}]]

2025-01-08 02:33:55,773 INFO [Cluster-nacos1:8848] Server check success, currentServer is nacos1:8848 

2025-01-08 02:39:15,696 INFO [capacityManagement] start correct usage

2025-01-08 02:39:15,699 INFO [capacityManagement] end correct usage, cost: 0.002575116s

2025-01-08 02:39:16,384 WARN clearHistoryConfig get scheduled

2025-01-08 02:39:16,384 WARN clearHistoryConfig is disable in current context

2025-01-08 02:49:15,699 INFO [capacityManagement] start correct usage

2025-01-08 02:49:15,702 INFO [capacityManagement] end correct usage, cost: 0.002433434s

2025-01-08 02:49:16,384 WARN clearHistoryConfig get scheduled

2025-01-08 02:49:16,384 WARN clearHistoryConfig is disable in current context

2025-01-08 02:59:15,702 INFO [capacityManagement] start correct usage

2025-01-08 02:59:15,705 INFO [capacityManagement] end correct usage, cost: 0.002112154s

2025-01-08 02:59:16,385 WARN clearHistoryConfig get scheduled

2025-01-08 02:59:16,385 WARN clearHistoryConfig is disable in current context

2025-01-08 03:09:15,705 INFO [capacityManagement] start correct usage

2025-01-08 03:09:15,707 INFO [capacityManagement] end correct usage, cost: 0.001730405s

2025-01-08 03:09:16,385 WARN clearHistoryConfig get scheduled

2025-01-08 03:09:16,386 WARN clearHistoryConfig is disable in current context

2025-01-08 03:19:15,707 INFO [capacityManagement] start correct usage

2025-01-08 03:19:15,710 INFO [capacityManagement] end correct usage, cost: 0.002526907s

2025-01-08 03:19:16,386 WARN clearHistoryConfig get scheduled

2025-01-08 03:19:16,386 WARN clearHistoryConfig is disable in current context

2025-01-08 03:29:15,710 INFO [capacityManagement] start correct usage

2025-01-08 03:29:15,713 INFO [capacityManagement] end correct usage, cost: 0.002432846s

2025-01-08 03:29:16,386 WARN clearHistoryConfig get scheduled

2025-01-08 03:29:16,387 WARN clearHistoryConfig is disable in current context

2025-01-08 03:39:15,713 INFO [capacityManagement] start correct usage

2025-01-08 03:39:15,716 INFO [capacityManagement] end correct usage, cost: 0.002431765s

2025-01-08 03:39:16,387 WARN clearHistoryConfig get scheduled

2025-01-08 03:39:16,387 WARN clearHistoryConfig is disable in current context

2025-01-08 03:49:15,716 INFO [capacityManagement] start correct usage

2025-01-08 03:49:15,718 INFO [capacityManagement] end correct usage, cost: 0.001580831s

2025-01-08 03:49:16,387 WARN clearHistoryConfig get scheduled

2025-01-08 03:49:16,387 WARN clearHistoryConfig is disable in current context

2025-01-08 03:59:15,719 INFO [capacityManagement] start correct usage

2025-01-08 03:59:15,720 INFO [capacityManagement] end correct usage, cost: 0.001665393s

2025-01-08 03:59:16,388 WARN clearHistoryConfig get scheduled

2025-01-08 03:59:16,388 WARN clearHistoryConfig is disable in current context

2025-01-08 04:09:15,721 INFO [capacityManagement] start correct usage

2025-01-08 04:09:15,723 INFO [capacityManagement] end correct usage, cost: 0.001592354s

2025-01-08 04:09:16,388 WARN clearHistoryConfig get scheduled

2025-01-08 04:09:16,389 WARN clearHistoryConfig is disable in current context

2025-01-08 04:19:15,723 INFO [capacityManagement] start correct usage

2025-01-08 04:19:15,726 INFO [capacityManagement] end correct usage, cost: 0.002340857s

2025-01-08 04:19:16,389 WARN clearHistoryConfig get scheduled

2025-01-08 04:19:16,389 WARN clearHistoryConfig is disable in current context

2025-01-08 04:22:02,020 ERROR Send request fail, request = MemberReportRequest{headers={}, requestId='null'}, retryTimes = 0, errorMessage = java.util.concurrent.TimeoutException: Waited 3000 milliseconds (plus 157742 nanoseconds delay) for io.grpc.stub.ClientCalls$GrpcFuture@5a6e5d07[status=PENDING, info=[GrpcFuture{clientCall=ClientCallImpl{method=MethodDescriptor{fullMethodName=Request/request, type=UNARY, idempotent=false, safe=false, sampledToLocalTracing=true, requestMarshaller=io.grpc.protobuf.lite.ProtoLiteUtils$MessageMarshaller@5202954a, responseMarshaller=io.grpc.protobuf.lite.ProtoLiteUtils$MessageMarshaller@7b6f29de, schemaDescriptor=com.alibaba.nacos.api.grpc.auto.RequestGrpc$RequestMethodDescriptorSupplier@3d88915a}}}]]

2025-01-08 04:22:03,241 INFO [Cluster-nacos2:8848] Server check success, currentServer is nacos2:8848 

2025-01-08 04:29:15,726 INFO [capacityManagement] start correct usage

2025-01-08 04:29:15,729 INFO [capacityManagement] end correct usage, cost: 0.00249052s

2025-01-08 04:29:16,389 WARN clearHistoryConfig get scheduled

2025-01-08 04:29:16,390 WARN clearHistoryConfig is disable in current context

2025-01-08 04:39:15,729 INFO [capacityManagement] start correct usage

2025-01-08 04:39:15,732 INFO [capacityManagement] end correct usage, cost: 0.002442569s

2025-01-08 04:39:16,390 WARN clearHistoryConfig get scheduled

2025-01-08 04:39:16,390 WARN clearHistoryConfig is disable in current context

2025-01-08 04:49:15,733 INFO [capacityManagement] start correct usage

2025-01-08 04:49:15,734 INFO [capacityManagement] end correct usage, cost: 0.001470083s

2025-01-08 04:49:16,390 WARN clearHistoryConfig get scheduled

2025-01-08 04:49:16,390 WARN clearHistoryConfig is disable in current context

2025-01-08 04:59:15,734 INFO [capacityManagement] start correct usage

2025-01-08 04:59:15,737 INFO [capacityManagement] end correct usage, cost: 0.00219883s

2025-01-08 04:59:16,391 WARN clearHistoryConfig get scheduled

2025-01-08 04:59:16,391 WARN clearHistoryConfig is disable in current context

2025-01-08 05:09:15,737 INFO [capacityManagement] start correct usage

2025-01-08 05:09:15,740 INFO [capacityManagement] end correct usage, cost: 0.002440836s

2025-01-08 05:09:16,391 WARN clearHistoryConfig get scheduled

2025-01-08 05:09:16,391 WARN clearHistoryConfig is disable in current context

2025-01-08 05:19:15,740 INFO [capacityManagement] start correct usage

2025-01-08 05:19:15,742 INFO [capacityManagement] end correct usage, cost: 0.001940121s

2025-01-08 05:19:16,391 WARN clearHistoryConfig get scheduled

2025-01-08 05:19:16,392 WARN clearHistoryConfig is disable in current context

2025-01-08 05:29:15,743 INFO [capacityManagement] start correct usage

2025-01-08 05:29:15,745 INFO [capacityManagement] end correct usage, cost: 0.002504052s

2025-01-08 05:29:16,392 WARN clearHistoryConfig get scheduled

2025-01-08 05:29:16,392 WARN clearHistoryConfig is disable in current context

2025-01-08 05:39:15,746 INFO [capacityManagement] start correct usage

2025-01-08 05:39:15,748 INFO [capacityManagement] end correct usage, cost: 0.00237817s

2025-01-08 05:39:16,392 WARN clearHistoryConfig get scheduled

2025-01-08 05:39:16,393 WARN clearHistoryConfig is disable in current context

2025-01-08 05:49:15,748 INFO [capacityManagement] start correct usage

2025-01-08 05:49:15,751 INFO [capacityManagement] end correct usage, cost: 0.002443335s

2025-01-08 05:49:16,393 WARN clearHistoryConfig get scheduled

2025-01-08 05:49:16,393 WARN clearHistoryConfig is disable in current context

2025-01-08 05:59:15,751 INFO [capacityManagement] start correct usage

2025-01-08 05:59:15,754 INFO [capacityManagement] end correct usage, cost: 0.002252144s

2025-01-08 05:59:16,393 WARN clearHistoryConfig get scheduled

2025-01-08 05:59:16,394 WARN clearHistoryConfig is disable in current context

2025-01-08 06:09:15,754 INFO [capacityManagement] start correct usage

2025-01-08 06:09:15,757 INFO [capacityManagement] end correct usage, cost: 0.002726408s

2025-01-08 06:09:16,394 WARN clearHistoryConfig get scheduled

2025-01-08 06:09:16,394 WARN clearHistoryConfig is disable in current context

2025-01-08 06:19:15,758 INFO [capacityManagement] start correct usage

2025-01-08 06:19:15,761 INFO [capacityManagement] end correct usage, cost: 0.002487019s

2025-01-08 06:19:16,394 WARN clearHistoryConfig get scheduled

2025-01-08 06:19:16,395 WARN clearHistoryConfig is disable in current context

2025-01-08 06:29:15,761 INFO [capacityManagement] start correct usage

2025-01-08 06:29:15,764 INFO [capacityManagement] end correct usage, cost: 0.002361936s

2025-01-08 06:29:16,395 WARN clearHistoryConfig get scheduled

2025-01-08 06:29:16,395 WARN clearHistoryConfig is disable in current context

2025-01-08 06:39:15,764 INFO [capacityManagement] start correct usage

2025-01-08 06:39:15,767 INFO [capacityManagement] end correct usage, cost: 0.002433031s

2025-01-08 06:39:16,396 WARN clearHistoryConfig get scheduled

2025-01-08 06:39:16,396 WARN clearHistoryConfig is disable in current context

2025-01-08 06:49:15,767 INFO [capacityManagement] start correct usage

2025-01-08 06:49:15,769 INFO [capacityManagement] end correct usage, cost: 0.001933356s

2025-01-08 06:49:16,396 WARN clearHistoryConfig get scheduled

2025-01-08 06:49:16,396 WARN clearHistoryConfig is disable in current context

2025-01-08 06:59:15,770 INFO [capacityManagement] start correct usage

2025-01-08 06:59:15,773 INFO [capacityManagement] end correct usage, cost: 0.002996653s

2025-01-08 06:59:16,397 WARN clearHistoryConfig get scheduled

2025-01-08 06:59:16,397 WARN clearHistoryConfig is disable in current context

2025-01-08 07:09:15,773 INFO [capacityManagement] start correct usage

2025-01-08 07:09:15,776 INFO [capacityManagement] end correct usage, cost: 0.002601566s

2025-01-08 07:09:16,397 WARN clearHistoryConfig get scheduled

2025-01-08 07:09:16,397 WARN clearHistoryConfig is disable in current context

2025-01-08 07:19:15,776 INFO [capacityManagement] start correct usage

2025-01-08 07:19:15,780 INFO [capacityManagement] end correct usage, cost: 0.002928083s

2025-01-08 07:19:16,398 WARN clearHistoryConfig get scheduled

2025-01-08 07:19:16,398 WARN clearHistoryConfig is disable in current context

2025-01-08 07:29:15,780 INFO [capacityManagement] start correct usage

2025-01-08 07:29:15,783 INFO [capacityManagement] end correct usage, cost: 0.002349137s

2025-01-08 07:29:16,398 WARN clearHistoryConfig get scheduled

2025-01-08 07:29:16,398 WARN clearHistoryConfig is disable in current context

2025-01-08 07:36:36,826 ERROR Send request fail, request = MemberReportRequest{headers={}, requestId='null'}, retryTimes = 0, errorMessage = java.util.concurrent.TimeoutException: Waited 3000 milliseconds (plus 238653 nanoseconds delay) for io.grpc.stub.ClientCalls$GrpcFuture@31a90a0d[status=PENDING, info=[GrpcFuture{clientCall=ClientCallImpl{method=MethodDescriptor{fullMethodName=Request/request, type=UNARY, idempotent=false, safe=false, sampledToLocalTracing=true, requestMarshaller=io.grpc.protobuf.lite.ProtoLiteUtils$MessageMarshaller@5202954a, responseMarshaller=io.grpc.protobuf.lite.ProtoLiteUtils$MessageMarshaller@7b6f29de, schemaDescriptor=com.alibaba.nacos.api.grpc.auto.RequestGrpc$RequestMethodDescriptorSupplier@3d88915a}}}]]

2025-01-08 07:36:37,560 INFO [Cluster-nacos2:8848] Server check success, currentServer is nacos2:8848 

2025-01-08 07:39:15,783 INFO [capacityManagement] start correct usage

2025-01-08 07:39:15,785 INFO [capacityManagement] end correct usage, cost: 0.001803188s

2025-01-08 07:39:16,399 WARN clearHistoryConfig get scheduled

2025-01-08 07:39:16,399 WARN clearHistoryConfig is disable in current context

2025-01-08 07:49:15,785 INFO [capacityManagement] start correct usage

2025-01-08 07:49:15,788 INFO [capacityManagement] end correct usage, cost: 0.002449969s

2025-01-08 07:49:16,399 WARN clearHistoryConfig get scheduled

2025-01-08 07:49:16,399 WARN clearHistoryConfig is disable in current context

2025-01-08 07:59:15,788 INFO [capacityManagement] start correct usage

2025-01-08 07:59:15,791 INFO [capacityManagement] end correct usage, cost: 0.002510554s

2025-01-08 07:59:16,400 WARN clearHistoryConfig get scheduled

2025-01-08 07:59:16,400 WARN clearHistoryConfig is disable in current context

2025-01-08 08:09:15,792 INFO [capacityManagement] start correct usage

2025-01-08 08:09:15,794 INFO [capacityManagement] end correct usage, cost: 0.002410115s

2025-01-08 08:09:16,400 WARN clearHistoryConfig get scheduled

2025-01-08 08:09:16,400 WARN clearHistoryConfig is disable in current context

2025-01-08 08:19:15,795 INFO [capacityManagement] start correct usage

2025-01-08 08:19:15,797 INFO [capacityManagement] end correct usage, cost: 0.002024699s

2025-01-08 08:19:16,401 WARN clearHistoryConfig get scheduled

2025-01-08 08:19:16,401 WARN clearHistoryConfig is disable in current context

2025-01-08 08:29:15,797 INFO [capacityManagement] start correct usage

2025-01-08 08:29:15,799 INFO [capacityManagement] end correct usage, cost: 0.001699391s

2025-01-08 08:29:16,401 WARN clearHistoryConfig get scheduled

2025-01-08 08:29:16,401 WARN clearHistoryConfig is disable in current context

2025-01-08 08:39:15,800 INFO [capacityManagement] start correct usage

2025-01-08 08:39:15,801 INFO [capacityManagement] end correct usage, cost: 0.001539183s

2025-01-08 08:39:16,401 WARN clearHistoryConfig get scheduled

2025-01-08 08:39:16,402 WARN clearHistoryConfig is disable in current context

2025-01-08 08:41:27,725 ERROR Send request fail, request = MemberReportRequest{headers={}, requestId='null'}, retryTimes = 0, errorMessage = java.util.concurrent.TimeoutException: Waited 3000 milliseconds (plus 194777 nanoseconds delay) for io.grpc.stub.ClientCalls$GrpcFuture@661dca83[status=PENDING, info=[GrpcFuture{clientCall=ClientCallImpl{method=MethodDescriptor{fullMethodName=Request/request, type=UNARY, idempotent=false, safe=false, sampledToLocalTracing=true, requestMarshaller=io.grpc.protobuf.lite.ProtoLiteUtils$MessageMarshaller@5202954a, responseMarshaller=io.grpc.protobuf.lite.ProtoLiteUtils$MessageMarshaller@7b6f29de, schemaDescriptor=com.alibaba.nacos.api.grpc.auto.RequestGrpc$RequestMethodDescriptorSupplier@3d88915a}}}]]

2025-01-08 08:41:28,796 INFO [Cluster-nacos2:8848] Server check success, currentServer is nacos2:8848 

2025-01-08 08:49:15,802 INFO [capacityManagement] start correct usage

2025-01-08 08:49:15,804 INFO [capacityManagement] end correct usage, cost: 0.002033626s

2025-01-08 08:49:16,402 WARN clearHistoryConfig get scheduled

2025-01-08 08:49:16,402 WARN clearHistoryConfig is disable in current context

2025-01-08 08:59:15,804 INFO [capacityManagement] start correct usage

2025-01-08 08:59:15,806 INFO [capacityManagement] end correct usage, cost: 0.001612572s

2025-01-08 08:59:16,402 WARN clearHistoryConfig get scheduled

2025-01-08 08:59:16,403 WARN clearHistoryConfig is disable in current context

2025-01-08 09:09:15,807 INFO [capacityManagement] start correct usage

2025-01-08 09:09:15,808 INFO [capacityManagement] end correct usage, cost: 0.0014117s

2025-01-08 09:09:16,403 WARN clearHistoryConfig get scheduled

2025-01-08 09:09:16,403 WARN clearHistoryConfig is disable in current context

2025-01-08 09:19:15,809 INFO [capacityManagement] start correct usage

2025-01-08 09:19:15,810 INFO [capacityManagement] end correct usage, cost: 8.78522E-4s

2025-01-08 09:19:16,403 WARN clearHistoryConfig get scheduled

2025-01-08 09:19:16,404 WARN clearHistoryConfig is disable in current context

2025-01-08 09:24:44,485 ERROR Send request fail, request = MemberReportRequest{headers={}, requestId='null'}, retryTimes = 0, errorMessage = java.util.concurrent.TimeoutException: Waited 3000 milliseconds (plus 197231 nanoseconds delay) for io.grpc.stub.ClientCalls$GrpcFuture@7ba29a29[status=PENDING, info=[GrpcFuture{clientCall=ClientCallImpl{method=MethodDescriptor{fullMethodName=Request/request, type=UNARY, idempotent=false, safe=false, sampledToLocalTracing=true, requestMarshaller=io.grpc.protobuf.lite.ProtoLiteUtils$MessageMarshaller@5202954a, responseMarshaller=io.grpc.protobuf.lite.ProtoLiteUtils$MessageMarshaller@7b6f29de, schemaDescriptor=com.alibaba.nacos.api.grpc.auto.RequestGrpc$RequestMethodDescriptorSupplier@3d88915a}}}]]

2025-01-08 09:24:45,132 INFO [Cluster-nacos2:8848] Server check success, currentServer is nacos2:8848 

2025-01-08 09:29:15,811 INFO [capacityManagement] start correct usage

2025-01-08 09:29:15,813 INFO [capacityManagement] end correct usage, cost: 0.001838454s

2025-01-08 09:29:16,404 WARN clearHistoryConfig get scheduled

2025-01-08 09:29:16,404 WARN clearHistoryConfig is disable in current context

2025-01-08 09:39:15,813 INFO [capacityManagement] start correct usage

2025-01-08 09:39:15,815 INFO [capacityManagement] end correct usage, cost: 0.001954754s

2025-01-08 09:39:16,405 WARN clearHistoryConfig get scheduled

2025-01-08 09:39:16,405 WARN clearHistoryConfig is disable in current context

2025-01-08 09:49:15,816 INFO [capacityManagement] start correct usage

2025-01-08 09:49:15,818 INFO [capacityManagement] end correct usage, cost: 0.002079363s

2025-01-08 09:49:16,405 WARN clearHistoryConfig get scheduled

2025-01-08 09:49:16,405 WARN clearHistoryConfig is disable in current context

2025-01-08 09:59:15,818 INFO [capacityManagement] start correct usage

2025-01-08 09:59:15,821 INFO [capacityManagement] end correct usage, cost: 0.002195244s

2025-01-08 09:59:16,406 WARN clearHistoryConfig get scheduled

2025-01-08 09:59:16,406 WARN clearHistoryConfig is disable in current context

2025-01-08 10:09:15,822 INFO [capacityManagement] start correct usage

2025-01-08 10:09:15,824 INFO [capacityManagement] end correct usage, cost: 0.002373642s

2025-01-08 10:09:16,406 WARN clearHistoryConfig get scheduled

2025-01-08 10:09:16,406 WARN clearHistoryConfig is disable in current context

2025-01-08 10:19:15,825 INFO [capacityManagement] start correct usage

2025-01-08 10:19:15,826 INFO [capacityManagement] end correct usage, cost: 0.001248183s

2025-01-08 10:19:16,407 WARN clearHistoryConfig get scheduled

2025-01-08 10:19:16,407 WARN clearHistoryConfig is disable in current context

2025-01-08 10:29:15,826 INFO [capacityManagement] start correct usage

2025-01-08 10:29:15,829 INFO [capacityManagement] end correct usage, cost: 0.002009613s

2025-01-08 10:29:16,407 WARN clearHistoryConfig get scheduled

2025-01-08 10:29:16,407 WARN clearHistoryConfig is disable in current context

2025-01-08 10:39:15,829 INFO [capacityManagement] start correct usage

2025-01-08 10:39:15,831 INFO [capacityManagement] end correct usage, cost: 0.002128661s

2025-01-08 10:39:16,408 WARN clearHistoryConfig get scheduled

2025-01-08 10:39:16,408 WARN clearHistoryConfig is disable in current context

2025-01-08 10:49:15,832 INFO [capacityManagement] start correct usage

2025-01-08 10:49:15,837 INFO [capacityManagement] end correct usage, cost: 0.005040343s

2025-01-08 10:49:16,408 WARN clearHistoryConfig get scheduled

2025-01-08 10:49:16,408 WARN clearHistoryConfig is disable in current context

2025-01-08 10:51:15,980 ERROR Send request fail, request = MemberReportRequest{headers={}, requestId='null'}, retryTimes = 0, errorMessage = java.util.concurrent.TimeoutException: Waited 3000 milliseconds (plus 333268 nanoseconds delay) for io.grpc.stub.ClientCalls$GrpcFuture@6738d5d0[status=PENDING, info=[GrpcFuture{clientCall=ClientCallImpl{method=MethodDescriptor{fullMethodName=Request/request, type=UNARY, idempotent=false, safe=false, sampledToLocalTracing=true, requestMarshaller=io.grpc.protobuf.lite.ProtoLiteUtils$MessageMarshaller@5202954a, responseMarshaller=io.grpc.protobuf.lite.ProtoLiteUtils$MessageMarshaller@7b6f29de, schemaDescriptor=com.alibaba.nacos.api.grpc.auto.RequestGrpc$RequestMethodDescriptorSupplier@3d88915a}}}]]

2025-01-08 10:51:19,776 INFO [Cluster-nacos2:8848] Server check success, currentServer is nacos2:8848 

2025-01-08 10:59:15,837 INFO [capacityManagement] start correct usage

2025-01-08 10:59:15,839 INFO [capacityManagement] end correct usage, cost: 0.001267793s

2025-01-08 10:59:16,409 WARN clearHistoryConfig get scheduled

2025-01-08 10:59:16,409 WARN clearHistoryConfig is disable in current context

2025-01-08 11:09:15,839 INFO [capacityManagement] start correct usage

2025-01-08 11:09:15,841 INFO [capacityManagement] end correct usage, cost: 0.001817073s

2025-01-08 11:09:16,409 WARN clearHistoryConfig get scheduled

2025-01-08 11:09:16,409 WARN clearHistoryConfig is disable in current context

2025-01-08 11:19:15,841 INFO [capacityManagement] start correct usage

2025-01-08 11:19:15,844 INFO [capacityManagement] end correct usage, cost: 0.002073328s

2025-01-08 11:19:16,410 WARN clearHistoryConfig get scheduled

2025-01-08 11:19:16,410 WARN clearHistoryConfig is disable in current context

2025-01-08 11:29:15,844 INFO [capacityManagement] start correct usage

2025-01-08 11:29:15,847 INFO [capacityManagement] end correct usage, cost: 0.002282227s

2025-01-08 11:29:16,410 WARN clearHistoryConfig get scheduled

2025-01-08 11:29:16,410 WARN clearHistoryConfig is disable in current context

2025-01-08 11:34:28,381 ERROR Send request fail, request = MemberReportRequest{headers={}, requestId='null'}, retryTimes = 0, errorMessage = java.util.concurrent.TimeoutException: Waited 3000 milliseconds (plus 111881 nanoseconds delay) for io.grpc.stub.ClientCalls$GrpcFuture@3a42fd87[status=PENDING, info=[GrpcFuture{clientCall=ClientCallImpl{method=MethodDescriptor{fullMethodName=Request/request, type=UNARY, idempotent=false, safe=false, sampledToLocalTracing=true, requestMarshaller=io.grpc.protobuf.lite.ProtoLiteUtils$MessageMarshaller@5202954a, responseMarshaller=io.grpc.protobuf.lite.ProtoLiteUtils$MessageMarshaller@7b6f29de, schemaDescriptor=com.alibaba.nacos.api.grpc.auto.RequestGrpc$RequestMethodDescriptorSupplier@3d88915a}}}]]

2025-01-08 11:34:30,399 INFO [Cluster-nacos2:8848] Server check success, currentServer is nacos2:8848 

2025-01-08 11:39:15,847 INFO [capacityManagement] start correct usage

2025-01-08 11:39:15,851 INFO [capacityManagement] end correct usage, cost: 0.003590443s

2025-01-08 11:39:16,411 WARN clearHistoryConfig get scheduled

2025-01-08 11:39:16,411 WARN clearHistoryConfig is disable in current context

2025-01-08 11:49:15,851 INFO [capacityManagement] start correct usage

2025-01-08 11:49:15,854 INFO [capacityManagement] end correct usage, cost: 0.002160601s

2025-01-08 11:49:16,411 WARN clearHistoryConfig get scheduled

2025-01-08 11:49:16,412 WARN clearHistoryConfig is disable in current context

2025-01-08 11:56:05,726 ERROR Send request fail, request = MemberReportRequest{headers={}, requestId='null'}, retryTimes = 0, errorMessage = java.util.concurrent.TimeoutException: Waited 3000 milliseconds (plus 239387 nanoseconds delay) for io.grpc.stub.ClientCalls$GrpcFuture@103a147c[status=PENDING, info=[GrpcFuture{clientCall=ClientCallImpl{method=MethodDescriptor{fullMethodName=Request/request, type=UNARY, idempotent=false, safe=false, sampledToLocalTracing=true, requestMarshaller=io.grpc.protobuf.lite.ProtoLiteUtils$MessageMarshaller@5202954a, responseMarshaller=io.grpc.protobuf.lite.ProtoLiteUtils$MessageMarshaller@7b6f29de, schemaDescriptor=com.alibaba.nacos.api.grpc.auto.RequestGrpc$RequestMethodDescriptorSupplier@3d88915a}}}]]

2025-01-08 11:56:10,550 INFO [Cluster-nacos2:8848] Server check success, currentServer is nacos2:8848 

2025-01-08 11:59:15,854 INFO [capacityManagement] start correct usage

2025-01-08 11:59:15,856 INFO [capacityManagement] end correct usage, cost: 0.002199005s

2025-01-08 11:59:16,412 WARN clearHistoryConfig get scheduled

2025-01-08 11:59:16,412 WARN clearHistoryConfig is disable in current context

2025-01-08 12:09:15,857 INFO [capacityManagement] start correct usage

2025-01-08 12:09:15,859 INFO [capacityManagement] end correct usage, cost: 0.001785154s

2025-01-08 12:09:16,412 WARN clearHistoryConfig get scheduled

2025-01-08 12:09:16,413 WARN clearHistoryConfig is disable in current context

2025-01-08 12:19:15,859 INFO [capacityManagement] start correct usage

2025-01-08 12:19:15,862 INFO [capacityManagement] end correct usage, cost: 0.002227617s

2025-01-08 12:19:16,413 WARN clearHistoryConfig get scheduled

2025-01-08 12:19:16,413 WARN clearHistoryConfig is disable in current context

2025-01-08 12:29:15,862 INFO [capacityManagement] start correct usage

2025-01-08 12:29:15,865 INFO [capacityManagement] end correct usage, cost: 0.002427046s

2025-01-08 12:29:16,414 WARN clearHistoryConfig get scheduled

2025-01-08 12:29:16,414 WARN clearHistoryConfig is disable in current context

2025-01-08 12:39:15,865 INFO [capacityManagement] start correct usage

2025-01-08 12:39:15,867 INFO [capacityManagement] end correct usage, cost: 0.00203759s

2025-01-08 12:39:16,414 WARN clearHistoryConfig get scheduled

2025-01-08 12:39:16,414 WARN clearHistoryConfig is disable in current context

2025-01-08 12:49:15,868 INFO [capacityManagement] start correct usage

2025-01-08 12:49:15,870 INFO [capacityManagement] end correct usage, cost: 0.00180148s

2025-01-08 12:49:16,414 WARN clearHistoryConfig get scheduled

2025-01-08 12:49:16,415 WARN clearHistoryConfig is disable in current context

2025-01-08 12:59:15,870 INFO [capacityManagement] start correct usage

2025-01-08 12:59:15,872 INFO [capacityManagement] end correct usage, cost: 0.001999964s

2025-01-08 12:59:16,415 WARN clearHistoryConfig get scheduled

2025-01-08 12:59:16,415 WARN clearHistoryConfig is disable in current context

2025-01-08 13:09:15,872 INFO [capacityManagement] start correct usage

2025-01-08 13:09:15,875 INFO [capacityManagement] end correct usage, cost: 0.001999995s

2025-01-08 13:09:16,416 WARN clearHistoryConfig get scheduled

2025-01-08 13:09:16,416 WARN clearHistoryConfig is disable in current context

2025-01-08 13:19:15,875 INFO [capacityManagement] start correct usage

2025-01-08 13:19:15,877 INFO [capacityManagement] end correct usage, cost: 0.002073074s

2025-01-08 13:19:16,416 WARN clearHistoryConfig get scheduled

2025-01-08 13:19:16,416 WARN clearHistoryConfig is disable in current context

2025-01-08 13:22:36,561 ERROR Send request fail, request = MemberReportRequest{headers={}, requestId='null'}, retryTimes = 0, errorMessage = java.util.concurrent.TimeoutException: Waited 3000 milliseconds (plus 115413 nanoseconds delay) for io.grpc.stub.ClientCalls$GrpcFuture@40f2630b[status=PENDING, info=[GrpcFuture{clientCall=ClientCallImpl{method=MethodDescriptor{fullMethodName=Request/request, type=UNARY, idempotent=false, safe=false, sampledToLocalTracing=true, requestMarshaller=io.grpc.protobuf.lite.ProtoLiteUtils$MessageMarshaller@5202954a, responseMarshaller=io.grpc.protobuf.lite.ProtoLiteUtils$MessageMarshaller@7b6f29de, schemaDescriptor=com.alibaba.nacos.api.grpc.auto.RequestGrpc$RequestMethodDescriptorSupplier@3d88915a}}}]]

2025-01-08 13:22:37,128 INFO [Cluster-nacos1:8848] Server check success, currentServer is nacos1:8848 

2025-01-08 13:29:15,878 INFO [capacityManagement] start correct usage

2025-01-08 13:29:15,880 INFO [capacityManagement] end correct usage, cost: 0.002208967s

2025-01-08 13:29:16,417 WARN clearHistoryConfig get scheduled

2025-01-08 13:29:16,417 WARN clearHistoryConfig is disable in current context

2025-01-08 13:39:15,881 INFO [capacityManagement] start correct usage

2025-01-08 13:39:15,883 INFO [capacityManagement] end correct usage, cost: 0.002259343s

2025-01-08 13:39:16,417 WARN clearHistoryConfig get scheduled

2025-01-08 13:39:16,417 WARN clearHistoryConfig is disable in current context

2025-01-08 13:44:14,042 ERROR Send request fail, request = MemberReportRequest{headers={}, requestId='null'}, retryTimes = 0, errorMessage = java.util.concurrent.TimeoutException: Waited 3000 milliseconds (plus 1698 milliseconds, 205450 nanoseconds delay) for io.grpc.stub.ClientCalls$GrpcFuture@3d1121ee[status=PENDING, info=[GrpcFuture{clientCall=ClientCallImpl{method=MethodDescriptor{fullMethodName=Request/request, type=UNARY, idempotent=false, safe=false, sampledToLocalTracing=true, requestMarshaller=io.grpc.protobuf.lite.ProtoLiteUtils$MessageMarshaller@5202954a, responseMarshaller=io.grpc.protobuf.lite.ProtoLiteUtils$MessageMarshaller@7b6f29de, schemaDescriptor=com.alibaba.nacos.api.grpc.auto.RequestGrpc$RequestMethodDescriptorSupplier@3d88915a}}}]]

2025-01-08 13:44:14,308 INFO [Cluster-nacos1:8848] Server check success, currentServer is nacos1:8848 

2025-01-08 13:49:15,883 INFO [capacityManagement] start correct usage

2025-01-08 13:49:15,886 INFO [capacityManagement] end correct usage, cost: 0.002339798s

2025-01-08 13:49:16,418 WARN clearHistoryConfig get scheduled

2025-01-08 13:49:16,418 WARN clearHistoryConfig is disable in current context

2025-01-08 13:59:15,886 INFO [capacityManagement] start correct usage

2025-01-08 13:59:15,888 INFO [capacityManagement] end correct usage, cost: 0.001458327s

2025-01-08 13:59:16,418 WARN clearHistoryConfig get scheduled

2025-01-08 13:59:16,418 WARN clearHistoryConfig is disable in current context

2025-01-08 14:05:53,366 ERROR Send request fail, request = MemberReportRequest{headers={}, requestId='null'}, retryTimes = 0, errorMessage = java.util.concurrent.TimeoutException: Waited 3000 milliseconds (plus 208956 nanoseconds delay) for io.grpc.stub.ClientCalls$GrpcFuture@4e3503c7[status=PENDING, info=[GrpcFuture{clientCall=ClientCallImpl{method=MethodDescriptor{fullMethodName=Request/request, type=UNARY, idempotent=false, safe=false, sampledToLocalTracing=true, requestMarshaller=io.grpc.protobuf.lite.ProtoLiteUtils$MessageMarshaller@5202954a, responseMarshaller=io.grpc.protobuf.lite.ProtoLiteUtils$MessageMarshaller@7b6f29de, schemaDescriptor=com.alibaba.nacos.api.grpc.auto.RequestGrpc$RequestMethodDescriptorSupplier@3d88915a}}}]]

2025-01-08 14:05:53,808 INFO [Cluster-nacos1:8848] Server check success, currentServer is nacos1:8848 

2025-01-08 14:09:15,888 INFO [capacityManagement] start correct usage

2025-01-08 14:09:15,891 INFO [capacityManagement] end correct usage, cost: 0.002594365s

2025-01-08 14:09:16,418 WARN clearHistoryConfig get scheduled

2025-01-08 14:09:16,419 WARN clearHistoryConfig is disable in current context

2025-01-08 14:19:15,892 INFO [capacityManagement] start correct usage

2025-01-08 14:19:15,894 INFO [capacityManagement] end correct usage, cost: 0.002059289s

2025-01-08 14:19:16,419 WARN clearHistoryConfig get scheduled

2025-01-08 14:19:16,419 WARN clearHistoryConfig is disable in current context

2025-01-08 14:27:28,673 ERROR Send request fail, request = MemberReportRequest{headers={}, requestId='null'}, retryTimes = 0, errorMessage = java.util.concurrent.TimeoutException: Waited 3000 milliseconds (plus 141494 nanoseconds delay) for io.grpc.stub.ClientCalls$GrpcFuture@6ccd88a8[status=PENDING, info=[GrpcFuture{clientCall=ClientCallImpl{method=MethodDescriptor{fullMethodName=Request/request, type=UNARY, idempotent=false, safe=false, sampledToLocalTracing=true, requestMarshaller=io.grpc.protobuf.lite.ProtoLiteUtils$MessageMarshaller@5202954a, responseMarshaller=io.grpc.protobuf.lite.ProtoLiteUtils$MessageMarshaller@7b6f29de, schemaDescriptor=com.alibaba.nacos.api.grpc.auto.RequestGrpc$RequestMethodDescriptorSupplier@3d88915a}}}]]

2025-01-08 14:27:30,358 INFO [Cluster-nacos1:8848] Server check success, currentServer is nacos1:8848 

2025-01-08 14:29:15,894 INFO [capacityManagement] start correct usage

2025-01-08 14:29:15,896 INFO [capacityManagement] end correct usage, cost: 0.001994769s

2025-01-08 14:29:16,420 WARN clearHistoryConfig get scheduled

2025-01-08 14:29:16,420 WARN clearHistoryConfig is disable in current context

2025-01-08 14:39:15,897 INFO [capacityManagement] start correct usage

2025-01-08 14:39:15,899 INFO [capacityManagement] end correct usage, cost: 0.00217003s

2025-01-08 14:39:16,420 WARN clearHistoryConfig get scheduled

2025-01-08 14:39:16,420 WARN clearHistoryConfig is disable in current context

2025-01-08 14:49:15,900 INFO [capacityManagement] start correct usage

2025-01-08 14:49:15,903 INFO [capacityManagement] end correct usage, cost: 0.002666509s

2025-01-08 14:49:16,421 WARN clearHistoryConfig get scheduled

2025-01-08 14:49:16,421 WARN clearHistoryConfig is disable in current context

2025-01-08 14:59:15,903 INFO [capacityManagement] start correct usage

2025-01-08 14:59:15,906 INFO [capacityManagement] end correct usage, cost: 0.002510719s

2025-01-08 14:59:16,421 WARN clearHistoryConfig get scheduled

2025-01-08 14:59:16,421 WARN clearHistoryConfig is disable in current context

2025-01-08 15:09:15,906 INFO [capacityManagement] start correct usage

2025-01-08 15:09:15,909 INFO [capacityManagement] end correct usage, cost: 0.002582403s

2025-01-08 15:09:16,422 WARN clearHistoryConfig get scheduled

2025-01-08 15:09:16,422 WARN clearHistoryConfig is disable in current context

2025-01-08 15:19:15,909 INFO [capacityManagement] start correct usage

2025-01-08 15:19:15,912 INFO [capacityManagement] end correct usage, cost: 0.00230942s

2025-01-08 15:19:16,422 WARN clearHistoryConfig get scheduled

2025-01-08 15:19:16,422 WARN clearHistoryConfig is disable in current context

2025-01-08 15:29:15,912 INFO [capacityManagement] start correct usage

2025-01-08 15:29:15,915 INFO [capacityManagement] end correct usage, cost: 0.00222057s

2025-01-08 15:29:16,423 WARN clearHistoryConfig get scheduled

2025-01-08 15:29:16,423 WARN clearHistoryConfig is disable in current context

2025-01-08 15:39:15,915 INFO [capacityManagement] start correct usage

2025-01-08 15:39:15,918 INFO [capacityManagement] end correct usage, cost: 0.002150396s

2025-01-08 15:39:16,423 WARN clearHistoryConfig get scheduled

2025-01-08 15:39:16,423 WARN clearHistoryConfig is disable in current context

2025-01-08 15:49:15,918 INFO [capacityManagement] start correct usage

2025-01-08 15:49:15,923 INFO [capacityManagement] end correct usage, cost: 0.005047153s

2025-01-08 15:49:16,424 WARN clearHistoryConfig get scheduled

2025-01-08 15:49:16,424 WARN clearHistoryConfig is disable in current context

2025-01-08 15:59:15,924 INFO [capacityManagement] start correct usage

2025-01-08 15:59:15,926 INFO [capacityManagement] end correct usage, cost: 0.002311926s

2025-01-08 15:59:16,424 WARN clearHistoryConfig get scheduled

2025-01-08 15:59:16,424 WARN clearHistoryConfig is disable in current context

2025-01-08 16:09:15,927 INFO [capacityManagement] start correct usage

2025-01-08 16:09:15,929 INFO [capacityManagement] end correct usage, cost: 0.002139294s

2025-01-08 16:09:16,425 WARN clearHistoryConfig get scheduled

2025-01-08 16:09:16,425 WARN clearHistoryConfig is disable in current context

2025-01-08 16:19:15,930 INFO [capacityManagement] start correct usage

2025-01-08 16:19:15,932 INFO [capacityManagement] end correct usage, cost: 0.002335619s

2025-01-08 16:19:16,425 WARN clearHistoryConfig get scheduled

2025-01-08 16:19:16,425 WARN clearHistoryConfig is disable in current context

2025-01-08 16:29:15,933 INFO [capacityManagement] start correct usage

2025-01-08 16:29:15,935 INFO [capacityManagement] end correct usage, cost: 0.002087671s

2025-01-08 16:29:16,426 WARN clearHistoryConfig get scheduled

2025-01-08 16:29:16,426 WARN clearHistoryConfig is disable in current context

2025-01-08 16:39:15,935 INFO [capacityManagement] start correct usage

2025-01-08 16:39:15,938 INFO [capacityManagement] end correct usage, cost: 0.002378015s

2025-01-08 16:39:16,426 WARN clearHistoryConfig get scheduled

2025-01-08 16:39:16,426 WARN clearHistoryConfig is disable in current context

2025-01-08 16:49:15,939 INFO [capacityManagement] start correct usage

2025-01-08 16:49:15,941 INFO [capacityManagement] end correct usage, cost: 0.002702845s

2025-01-08 16:49:16,427 WARN clearHistoryConfig get scheduled

2025-01-08 16:49:16,427 WARN clearHistoryConfig is disable in current context

2025-01-08 16:58:53,681 ERROR Send request fail, request = MemberReportRequest{headers={}, requestId='null'}, retryTimes = 0, errorMessage = java.util.concurrent.TimeoutException: Waited 3000 milliseconds (plus 109810 nanoseconds delay) for io.grpc.stub.ClientCalls$GrpcFuture@5c077aeb[status=PENDING, info=[GrpcFuture{clientCall=ClientCallImpl{method=MethodDescriptor{fullMethodName=Request/request, type=UNARY, idempotent=false, safe=false, sampledToLocalTracing=true, requestMarshaller=io.grpc.protobuf.lite.ProtoLiteUtils$MessageMarshaller@5202954a, responseMarshaller=io.grpc.protobuf.lite.ProtoLiteUtils$MessageMarshaller@7b6f29de, schemaDescriptor=com.alibaba.nacos.api.grpc.auto.RequestGrpc$RequestMethodDescriptorSupplier@3d88915a}}}]]

2025-01-08 16:58:56,893 INFO [Cluster-nacos1:8848] Server check success, currentServer is nacos1:8848 

2025-01-08 16:59:15,942 INFO [capacityManagement] start correct usage

2025-01-08 16:59:15,945 INFO [capacityManagement] end correct usage, cost: 0.002457815s

2025-01-08 16:59:16,427 WARN clearHistoryConfig get scheduled

2025-01-08 16:59:16,427 WARN clearHistoryConfig is disable in current context

2025-01-08 17:09:15,945 INFO [capacityManagement] start correct usage

2025-01-08 17:09:15,948 INFO [capacityManagement] end correct usage, cost: 0.002554417s

2025-01-08 17:09:16,428 WARN clearHistoryConfig get scheduled

2025-01-08 17:09:16,428 WARN clearHistoryConfig is disable in current context

2025-01-08 17:19:15,948 INFO [capacityManagement] start correct usage

2025-01-08 17:19:15,951 INFO [capacityManagement] end correct usage, cost: 0.001914534s

2025-01-08 17:19:16,428 WARN clearHistoryConfig get scheduled

2025-01-08 17:19:16,428 WARN clearHistoryConfig is disable in current context

2025-01-08 17:29:15,951 INFO [capacityManagement] start correct usage

2025-01-08 17:29:15,954 INFO [capacityManagement] end correct usage, cost: 0.002368691s

2025-01-08 17:29:16,429 WARN clearHistoryConfig get scheduled

2025-01-08 17:29:16,429 WARN clearHistoryConfig is disable in current context

2025-01-08 17:38:34,163 ERROR [1736221165316_172.19.0.5_49548]Request stream error, switch server,error={}

io.grpc.StatusRuntimeException: CANCELLED: RST_STREAM closed stream. HTTP/2 error code: CANCEL
	at io.grpc.Status.asRuntimeException(Status.java:533)
	at io.grpc.stub.ClientCalls$StreamObserverToCallListenerAdapter.onClose(ClientCalls.java:481)
	at io.grpc.internal.ClientCallImpl.closeObserver(ClientCallImpl.java:564)
	at io.grpc.internal.ClientCallImpl.access$100(ClientCallImpl.java:72)
	at io.grpc.internal.ClientCallImpl$ClientStreamListenerImpl$1StreamClosed.runInternal(ClientCallImpl.java:729)
	at io.grpc.internal.ClientCallImpl$ClientStreamListenerImpl$1StreamClosed.runInContext(ClientCallImpl.java:710)
	at io.grpc.internal.ContextRunnable.run(ContextRunnable.java:37)
	at io.grpc.internal.SerializingExecutor.run(SerializingExecutor.java:133)
	at java.util.concurrent.ThreadPoolExecutor.runWorker(ThreadPoolExecutor.java:1149)
	at java.util.concurrent.ThreadPoolExecutor$Worker.run(ThreadPoolExecutor.java:624)
	at java.lang.Thread.run(Thread.java:750)
2025-01-08 17:38:34,163 INFO [Cluster-nacos1:8848] Try to reconnect to a new server, server is  not appointed, will choose a random server.

2025-01-08 17:38:34,164 INFO grpc client connection server:nacos1 ip,serverPort:9849,grpcTslConfig:{"enableTls":false,"mutualAuthEnable":false,"trustAll":true}

2025-01-08 17:38:34,206 ERROR Server check fail, please check server nacos1 ,port 9849 is available , error ={}

java.util.concurrent.ExecutionException: io.grpc.StatusRuntimeException: UNAVAILABLE: io exception
	at com.google.common.util.concurrent.AbstractFuture.getDoneValue(AbstractFuture.java:592)
	at com.google.common.util.concurrent.AbstractFuture.get(AbstractFuture.java:467)
	at com.alibaba.nacos.common.remote.client.grpc.GrpcClient.serverCheck(GrpcClient.java:234)
	at com.alibaba.nacos.common.remote.client.grpc.GrpcClient.connectToServer(GrpcClient.java:358)
	at com.alibaba.nacos.common.remote.client.RpcClient.reconnect(RpcClient.java:502)
	at com.alibaba.nacos.common.remote.client.RpcClient.lambda$start$1(RpcClient.java:329)
	at java.util.concurrent.Executors$RunnableAdapter.call(Executors.java:511)
	at java.util.concurrent.FutureTask.run(FutureTask.java:266)
	at java.util.concurrent.ScheduledThreadPoolExecutor$ScheduledFutureTask.access$201(ScheduledThreadPoolExecutor.java:180)
	at java.util.concurrent.ScheduledThreadPoolExecutor$ScheduledFutureTask.run(ScheduledThreadPoolExecutor.java:293)
	at java.util.concurrent.ThreadPoolExecutor.runWorker(ThreadPoolExecutor.java:1149)
	at java.util.concurrent.ThreadPoolExecutor$Worker.run(ThreadPoolExecutor.java:624)
	at java.lang.Thread.run(Thread.java:750)
Caused by: io.grpc.StatusRuntimeException: UNAVAILABLE: io exception
	at io.grpc.Status.asRuntimeException(Status.java:533)
	at io.grpc.stub.ClientCalls$UnaryStreamToFuture.onClose(ClientCalls.java:538)
	at io.grpc.internal.DelayedClientCall$DelayedListener$3.run(DelayedClientCall.java:489)
	at io.grpc.internal.DelayedClientCall$DelayedListener.delayOrExecute(DelayedClientCall.java:453)
	at io.grpc.internal.DelayedClientCall$DelayedListener.onClose(DelayedClientCall.java:486)
	at io.grpc.internal.ClientCallImpl.closeObserver(ClientCallImpl.java:564)
	at io.grpc.internal.ClientCallImpl.access$100(ClientCallImpl.java:72)
	at io.grpc.internal.ClientCallImpl$ClientStreamListenerImpl$1StreamClosed.runInternal(ClientCallImpl.java:729)
	at io.grpc.internal.ClientCallImpl$ClientStreamListenerImpl$1StreamClosed.runInContext(ClientCallImpl.java:710)
	at io.grpc.internal.ContextRunnable.run(ContextRunnable.java:37)
	at io.grpc.internal.SerializingExecutor.run(SerializingExecutor.java:133)
	... 3 common frames omitted
Caused by: io.grpc.netty.shaded.io.netty.channel.AbstractChannel$AnnotatedConnectException: finishConnect(..) failed: Connection refused: nacos1/172.19.0.4:9849
Caused by: java.net.ConnectException: finishConnect(..) failed: Connection refused
	at io.grpc.netty.shaded.io.netty.channel.unix.Errors.newConnectException0(Errors.java:166)
	at io.grpc.netty.shaded.io.netty.channel.unix.Errors.handleConnectErrno(Errors.java:131)
	at io.grpc.netty.shaded.io.netty.channel.unix.Socket.finishConnect(Socket.java:359)
	at io.grpc.netty.shaded.io.netty.channel.epoll.AbstractEpollChannel$AbstractEpollUnsafe.doFinishConnect(AbstractEpollChannel.java:710)
	at io.grpc.netty.shaded.io.netty.channel.epoll.AbstractEpollChannel$AbstractEpollUnsafe.finishConnect(AbstractEpollChannel.java:687)
	at io.grpc.netty.shaded.io.netty.channel.epoll.AbstractEpollChannel$AbstractEpollUnsafe.epollOutReady(AbstractEpollChannel.java:567)
	at io.grpc.netty.shaded.io.netty.channel.epoll.EpollEventLoop.processReady(EpollEventLoop.java:499)
	at io.grpc.netty.shaded.io.netty.channel.epoll.EpollEventLoop.run(EpollEventLoop.java:407)
	at io.grpc.netty.shaded.io.netty.util.concurrent.SingleThreadEventExecutor$4.run(SingleThreadEventExecutor.java:997)
	at io.grpc.netty.shaded.io.netty.util.internal.ThreadExecutorMap$2.run(ThreadExecutorMap.java:74)
	at io.grpc.netty.shaded.io.netty.util.concurrent.FastThreadLocalRunnable.run(FastThreadLocalRunnable.java:30)
	at java.lang.Thread.run(Thread.java:750)
2025-01-08 17:38:34,307 INFO grpc client connection server:nacos1 ip,serverPort:9849,grpcTslConfig:{"enableTls":false,"mutualAuthEnable":false,"trustAll":true}

2025-01-08 17:38:34,319 ERROR Server check fail, please check server nacos1 ,port 9849 is available , error ={}

java.util.concurrent.ExecutionException: io.grpc.StatusRuntimeException: UNAVAILABLE: io exception
	at com.google.common.util.concurrent.AbstractFuture.getDoneValue(AbstractFuture.java:592)
	at com.google.common.util.concurrent.AbstractFuture.get(AbstractFuture.java:467)
	at com.alibaba.nacos.common.remote.client.grpc.GrpcClient.serverCheck(GrpcClient.java:234)
	at com.alibaba.nacos.common.remote.client.grpc.GrpcClient.connectToServer(GrpcClient.java:358)
	at com.alibaba.nacos.common.remote.client.RpcClient.reconnect(RpcClient.java:502)
	at com.alibaba.nacos.common.remote.client.RpcClient.lambda$start$1(RpcClient.java:329)
	at java.util.concurrent.Executors$RunnableAdapter.call(Executors.java:511)
	at java.util.concurrent.FutureTask.run(FutureTask.java:266)
	at java.util.concurrent.ScheduledThreadPoolExecutor$ScheduledFutureTask.access$201(ScheduledThreadPoolExecutor.java:180)
	at java.util.concurrent.ScheduledThreadPoolExecutor$ScheduledFutureTask.run(ScheduledThreadPoolExecutor.java:293)
	at java.util.concurrent.ThreadPoolExecutor.runWorker(ThreadPoolExecutor.java:1149)
	at java.util.concurrent.ThreadPoolExecutor$Worker.run(ThreadPoolExecutor.java:624)
	at java.lang.Thread.run(Thread.java:750)
Caused by: io.grpc.StatusRuntimeException: UNAVAILABLE: io exception
	at io.grpc.Status.asRuntimeException(Status.java:533)
	at io.grpc.stub.ClientCalls$UnaryStreamToFuture.onClose(ClientCalls.java:538)
	at io.grpc.internal.DelayedClientCall$DelayedListener$3.run(DelayedClientCall.java:489)
	at io.grpc.internal.DelayedClientCall$DelayedListener.delayOrExecute(DelayedClientCall.java:453)
	at io.grpc.internal.DelayedClientCall$DelayedListener.onClose(DelayedClientCall.java:486)
	at io.grpc.internal.ClientCallImpl.closeObserver(ClientCallImpl.java:564)
	at io.grpc.internal.ClientCallImpl.access$100(ClientCallImpl.java:72)
	at io.grpc.internal.ClientCallImpl$ClientStreamListenerImpl$1StreamClosed.runInternal(ClientCallImpl.java:729)
	at io.grpc.internal.ClientCallImpl$ClientStreamListenerImpl$1StreamClosed.runInContext(ClientCallImpl.java:710)
	at io.grpc.internal.ContextRunnable.run(ContextRunnable.java:37)
	at io.grpc.internal.SerializingExecutor.run(SerializingExecutor.java:133)
	... 3 common frames omitted
Caused by: io.grpc.netty.shaded.io.netty.channel.AbstractChannel$AnnotatedConnectException: finishConnect(..) failed: Connection refused: nacos1/172.19.0.4:9849
Caused by: java.net.ConnectException: finishConnect(..) failed: Connection refused
	at io.grpc.netty.shaded.io.netty.channel.unix.Errors.newConnectException0(Errors.java:166)
	at io.grpc.netty.shaded.io.netty.channel.unix.Errors.handleConnectErrno(Errors.java:131)
	at io.grpc.netty.shaded.io.netty.channel.unix.Socket.finishConnect(Socket.java:359)
	at io.grpc.netty.shaded.io.netty.channel.epoll.AbstractEpollChannel$AbstractEpollUnsafe.doFinishConnect(AbstractEpollChannel.java:710)
	at io.grpc.netty.shaded.io.netty.channel.epoll.AbstractEpollChannel$AbstractEpollUnsafe.finishConnect(AbstractEpollChannel.java:687)
	at io.grpc.netty.shaded.io.netty.channel.epoll.AbstractEpollChannel$AbstractEpollUnsafe.epollOutReady(AbstractEpollChannel.java:567)
	at io.grpc.netty.shaded.io.netty.channel.epoll.EpollEventLoop.processReady(EpollEventLoop.java:499)
	at io.grpc.netty.shaded.io.netty.channel.epoll.EpollEventLoop.run(EpollEventLoop.java:407)
	at io.grpc.netty.shaded.io.netty.util.concurrent.SingleThreadEventExecutor$4.run(SingleThreadEventExecutor.java:997)
	at io.grpc.netty.shaded.io.netty.util.internal.ThreadExecutorMap$2.run(ThreadExecutorMap.java:74)
	at io.grpc.netty.shaded.io.netty.util.concurrent.FastThreadLocalRunnable.run(FastThreadLocalRunnable.java:30)
	at java.lang.Thread.run(Thread.java:750)
2025-01-08 17:38:34,319 INFO [Cluster-nacos1:8848] Fail to connect server, after trying 1 times, last try server is {serverIp = 'nacos1', server main port = 8848}, error = unknown

2025-01-08 17:38:34,520 INFO grpc client connection server:nacos1 ip,serverPort:9849,grpcTslConfig:{"enableTls":false,"mutualAuthEnable":false,"trustAll":true}

2025-01-08 17:38:34,526 ERROR Server check fail, please check server nacos1 ,port 9849 is available , error ={}

java.util.concurrent.ExecutionException: io.grpc.StatusRuntimeException: UNAVAILABLE: io exception
	at com.google.common.util.concurrent.AbstractFuture.getDoneValue(AbstractFuture.java:592)
	at com.google.common.util.concurrent.AbstractFuture.get(AbstractFuture.java:467)
	at com.alibaba.nacos.common.remote.client.grpc.GrpcClient.serverCheck(GrpcClient.java:234)
	at com.alibaba.nacos.common.remote.client.grpc.GrpcClient.connectToServer(GrpcClient.java:358)
	at com.alibaba.nacos.common.remote.client.RpcClient.reconnect(RpcClient.java:502)
	at com.alibaba.nacos.common.remote.client.RpcClient.lambda$start$1(RpcClient.java:329)
	at java.util.concurrent.Executors$RunnableAdapter.call(Executors.java:511)
	at java.util.concurrent.FutureTask.run(FutureTask.java:266)
	at java.util.concurrent.ScheduledThreadPoolExecutor$ScheduledFutureTask.access$201(ScheduledThreadPoolExecutor.java:180)
	at java.util.concurrent.ScheduledThreadPoolExecutor$ScheduledFutureTask.run(ScheduledThreadPoolExecutor.java:293)
	at java.util.concurrent.ThreadPoolExecutor.runWorker(ThreadPoolExecutor.java:1149)
	at java.util.concurrent.ThreadPoolExecutor$Worker.run(ThreadPoolExecutor.java:624)
	at java.lang.Thread.run(Thread.java:750)
Caused by: io.grpc.StatusRuntimeException: UNAVAILABLE: io exception
	at io.grpc.Status.asRuntimeException(Status.java:533)
	at io.grpc.stub.ClientCalls$UnaryStreamToFuture.onClose(ClientCalls.java:538)
	at io.grpc.internal.DelayedClientCall$DelayedListener$3.run(DelayedClientCall.java:489)
	at io.grpc.internal.DelayedClientCall$DelayedListener.delayOrExecute(DelayedClientCall.java:453)
	at io.grpc.internal.DelayedClientCall$DelayedListener.onClose(DelayedClientCall.java:486)
	at io.grpc.internal.ClientCallImpl.closeObserver(ClientCallImpl.java:564)
	at io.grpc.internal.ClientCallImpl.access$100(ClientCallImpl.java:72)
	at io.grpc.internal.ClientCallImpl$ClientStreamListenerImpl$1StreamClosed.runInternal(ClientCallImpl.java:729)
	at io.grpc.internal.ClientCallImpl$ClientStreamListenerImpl$1StreamClosed.runInContext(ClientCallImpl.java:710)
	at io.grpc.internal.ContextRunnable.run(ContextRunnable.java:37)
	at io.grpc.internal.SerializingExecutor.run(SerializingExecutor.java:133)
	... 3 common frames omitted
Caused by: io.grpc.netty.shaded.io.netty.channel.AbstractChannel$AnnotatedConnectException: finishConnect(..) failed: Connection refused: nacos1/172.19.0.4:9849
Caused by: java.net.ConnectException: finishConnect(..) failed: Connection refused
	at io.grpc.netty.shaded.io.netty.channel.unix.Errors.newConnectException0(Errors.java:166)
	at io.grpc.netty.shaded.io.netty.channel.unix.Errors.handleConnectErrno(Errors.java:131)
	at io.grpc.netty.shaded.io.netty.channel.unix.Socket.finishConnect(Socket.java:359)
	at io.grpc.netty.shaded.io.netty.channel.epoll.AbstractEpollChannel$AbstractEpollUnsafe.doFinishConnect(AbstractEpollChannel.java:710)
	at io.grpc.netty.shaded.io.netty.channel.epoll.AbstractEpollChannel$AbstractEpollUnsafe.finishConnect(AbstractEpollChannel.java:687)
	at io.grpc.netty.shaded.io.netty.channel.epoll.AbstractEpollChannel$AbstractEpollUnsafe.epollOutReady(AbstractEpollChannel.java:567)
	at io.grpc.netty.shaded.io.netty.channel.epoll.EpollEventLoop.processReady(EpollEventLoop.java:499)
	at io.grpc.netty.shaded.io.netty.channel.epoll.EpollEventLoop.run(EpollEventLoop.java:407)
	at io.grpc.netty.shaded.io.netty.util.concurrent.SingleThreadEventExecutor$4.run(SingleThreadEventExecutor.java:997)
	at io.grpc.netty.shaded.io.netty.util.internal.ThreadExecutorMap$2.run(ThreadExecutorMap.java:74)
	at io.grpc.netty.shaded.io.netty.util.concurrent.FastThreadLocalRunnable.run(FastThreadLocalRunnable.java:30)
	at java.lang.Thread.run(Thread.java:750)
2025-01-08 17:38:34,526 INFO [Cluster-nacos1:8848] Fail to connect server, after trying 2 times, last try server is {serverIp = 'nacos1', server main port = 8848}, error = unknown

2025-01-08 17:38:34,827 INFO grpc client connection server:nacos1 ip,serverPort:9849,grpcTslConfig:{"enableTls":false,"mutualAuthEnable":false,"trustAll":true}

2025-01-08 17:38:34,836 ERROR Server check fail, please check server nacos1 ,port 9849 is available , error ={}

java.util.concurrent.ExecutionException: io.grpc.StatusRuntimeException: UNAVAILABLE: io exception
	at com.google.common.util.concurrent.AbstractFuture.getDoneValue(AbstractFuture.java:592)
	at com.google.common.util.concurrent.AbstractFuture.get(AbstractFuture.java:467)
	at com.alibaba.nacos.common.remote.client.grpc.GrpcClient.serverCheck(GrpcClient.java:234)
	at com.alibaba.nacos.common.remote.client.grpc.GrpcClient.connectToServer(GrpcClient.java:358)
	at com.alibaba.nacos.common.remote.client.RpcClient.reconnect(RpcClient.java:502)
	at com.alibaba.nacos.common.remote.client.RpcClient.lambda$start$1(RpcClient.java:329)
	at java.util.concurrent.Executors$RunnableAdapter.call(Executors.java:511)
	at java.util.concurrent.FutureTask.run(FutureTask.java:266)
	at java.util.concurrent.ScheduledThreadPoolExecutor$ScheduledFutureTask.access$201(ScheduledThreadPoolExecutor.java:180)
	at java.util.concurrent.ScheduledThreadPoolExecutor$ScheduledFutureTask.run(ScheduledThreadPoolExecutor.java:293)
	at java.util.concurrent.ThreadPoolExecutor.runWorker(ThreadPoolExecutor.java:1149)
	at java.util.concurrent.ThreadPoolExecutor$Worker.run(ThreadPoolExecutor.java:624)
	at java.lang.Thread.run(Thread.java:750)
Caused by: io.grpc.StatusRuntimeException: UNAVAILABLE: io exception
	at io.grpc.Status.asRuntimeException(Status.java:533)
	at io.grpc.stub.ClientCalls$UnaryStreamToFuture.onClose(ClientCalls.java:538)
	at io.grpc.internal.DelayedClientCall$DelayedListener$3.run(DelayedClientCall.java:489)
	at io.grpc.internal.DelayedClientCall$DelayedListener.delayOrExecute(DelayedClientCall.java:453)
	at io.grpc.internal.DelayedClientCall$DelayedListener.onClose(DelayedClientCall.java:486)
	at io.grpc.internal.ClientCallImpl.closeObserver(ClientCallImpl.java:564)
	at io.grpc.internal.ClientCallImpl.access$100(ClientCallImpl.java:72)
	at io.grpc.internal.ClientCallImpl$ClientStreamListenerImpl$1StreamClosed.runInternal(ClientCallImpl.java:729)
	at io.grpc.internal.ClientCallImpl$ClientStreamListenerImpl$1StreamClosed.runInContext(ClientCallImpl.java:710)
	at io.grpc.internal.ContextRunnable.run(ContextRunnable.java:37)
	at io.grpc.internal.SerializingExecutor.run(SerializingExecutor.java:133)
	... 3 common frames omitted
Caused by: io.grpc.netty.shaded.io.netty.channel.AbstractChannel$AnnotatedConnectException: finishConnect(..) failed: Connection refused: nacos1/172.19.0.4:9849
Caused by: java.net.ConnectException: finishConnect(..) failed: Connection refused
	at io.grpc.netty.shaded.io.netty.channel.unix.Errors.newConnectException0(Errors.java:166)
	at io.grpc.netty.shaded.io.netty.channel.unix.Errors.handleConnectErrno(Errors.java:131)
	at io.grpc.netty.shaded.io.netty.channel.unix.Socket.finishConnect(Socket.java:359)
	at io.grpc.netty.shaded.io.netty.channel.epoll.AbstractEpollChannel$AbstractEpollUnsafe.doFinishConnect(AbstractEpollChannel.java:710)
	at io.grpc.netty.shaded.io.netty.channel.epoll.AbstractEpollChannel$AbstractEpollUnsafe.finishConnect(AbstractEpollChannel.java:687)
	at io.grpc.netty.shaded.io.netty.channel.epoll.AbstractEpollChannel$AbstractEpollUnsafe.epollOutReady(AbstractEpollChannel.java:567)
	at io.grpc.netty.shaded.io.netty.channel.epoll.EpollEventLoop.processReady(EpollEventLoop.java:499)
	at io.grpc.netty.shaded.io.netty.channel.epoll.EpollEventLoop.run(EpollEventLoop.java:407)
	at io.grpc.netty.shaded.io.netty.util.concurrent.SingleThreadEventExecutor$4.run(SingleThreadEventExecutor.java:997)
	at io.grpc.netty.shaded.io.netty.util.internal.ThreadExecutorMap$2.run(ThreadExecutorMap.java:74)
	at io.grpc.netty.shaded.io.netty.util.concurrent.FastThreadLocalRunnable.run(FastThreadLocalRunnable.java:30)
	at java.lang.Thread.run(Thread.java:750)
2025-01-08 17:38:34,837 INFO [Cluster-nacos1:8848] Fail to connect server, after trying 3 times, last try server is {serverIp = 'nacos1', server main port = 8848}, error = unknown

2025-01-08 17:38:35,238 INFO grpc client connection server:nacos1 ip,serverPort:9849,grpcTslConfig:{"enableTls":false,"mutualAuthEnable":false,"trustAll":true}

2025-01-08 17:38:35,251 ERROR Server check fail, please check server nacos1 ,port 9849 is available , error ={}

java.util.concurrent.ExecutionException: io.grpc.StatusRuntimeException: UNAVAILABLE: io exception
	at com.google.common.util.concurrent.AbstractFuture.getDoneValue(AbstractFuture.java:592)
	at com.google.common.util.concurrent.AbstractFuture.get(AbstractFuture.java:467)
	at com.alibaba.nacos.common.remote.client.grpc.GrpcClient.serverCheck(GrpcClient.java:234)
	at com.alibaba.nacos.common.remote.client.grpc.GrpcClient.connectToServer(GrpcClient.java:358)
	at com.alibaba.nacos.common.remote.client.RpcClient.reconnect(RpcClient.java:502)
	at com.alibaba.nacos.common.remote.client.RpcClient.lambda$start$1(RpcClient.java:329)
	at java.util.concurrent.Executors$RunnableAdapter.call(Executors.java:511)
	at java.util.concurrent.FutureTask.run(FutureTask.java:266)
	at java.util.concurrent.ScheduledThreadPoolExecutor$ScheduledFutureTask.access$201(ScheduledThreadPoolExecutor.java:180)
	at java.util.concurrent.ScheduledThreadPoolExecutor$ScheduledFutureTask.run(ScheduledThreadPoolExecutor.java:293)
	at java.util.concurrent.ThreadPoolExecutor.runWorker(ThreadPoolExecutor.java:1149)
	at java.util.concurrent.ThreadPoolExecutor$Worker.run(ThreadPoolExecutor.java:624)
	at java.lang.Thread.run(Thread.java:750)
Caused by: io.grpc.StatusRuntimeException: UNAVAILABLE: io exception
	at io.grpc.Status.asRuntimeException(Status.java:533)
	at io.grpc.stub.ClientCalls$UnaryStreamToFuture.onClose(ClientCalls.java:538)
	at io.grpc.internal.ClientCallImpl.closeObserver(ClientCallImpl.java:564)
	at io.grpc.internal.ClientCallImpl.access$100(ClientCallImpl.java:72)
	at io.grpc.internal.ClientCallImpl$ClientStreamListenerImpl$1StreamClosed.runInternal(ClientCallImpl.java:729)
	at io.grpc.internal.ClientCallImpl$ClientStreamListenerImpl$1StreamClosed.runInContext(ClientCallImpl.java:710)
	at io.grpc.internal.ContextRunnable.run(ContextRunnable.java:37)
	at io.grpc.internal.SerializingExecutor.run(SerializingExecutor.java:133)
	... 3 common frames omitted
Caused by: io.grpc.netty.shaded.io.netty.channel.AbstractChannel$AnnotatedConnectException: finishConnect(..) failed: Connection refused: nacos1/172.19.0.4:9849
Caused by: java.net.ConnectException: finishConnect(..) failed: Connection refused
	at io.grpc.netty.shaded.io.netty.channel.unix.Errors.newConnectException0(Errors.java:166)
	at io.grpc.netty.shaded.io.netty.channel.unix.Errors.handleConnectErrno(Errors.java:131)
	at io.grpc.netty.shaded.io.netty.channel.unix.Socket.finishConnect(Socket.java:359)
	at io.grpc.netty.shaded.io.netty.channel.epoll.AbstractEpollChannel$AbstractEpollUnsafe.doFinishConnect(AbstractEpollChannel.java:710)
	at io.grpc.netty.shaded.io.netty.channel.epoll.AbstractEpollChannel$AbstractEpollUnsafe.finishConnect(AbstractEpollChannel.java:687)
	at io.grpc.netty.shaded.io.netty.channel.epoll.AbstractEpollChannel$AbstractEpollUnsafe.epollOutReady(AbstractEpollChannel.java:567)
	at io.grpc.netty.shaded.io.netty.channel.epoll.EpollEventLoop.processReady(EpollEventLoop.java:499)
	at io.grpc.netty.shaded.io.netty.channel.epoll.EpollEventLoop.run(EpollEventLoop.java:407)
	at io.grpc.netty.shaded.io.netty.util.concurrent.SingleThreadEventExecutor$4.run(SingleThreadEventExecutor.java:997)
	at io.grpc.netty.shaded.io.netty.util.internal.ThreadExecutorMap$2.run(ThreadExecutorMap.java:74)
	at io.grpc.netty.shaded.io.netty.util.concurrent.FastThreadLocalRunnable.run(FastThreadLocalRunnable.java:30)
	at java.lang.Thread.run(Thread.java:750)
2025-01-08 17:38:35,251 INFO [Cluster-nacos1:8848] Fail to connect server, after trying 4 times, last try server is {serverIp = 'nacos1', server main port = 8848}, error = unknown

2025-01-08 17:38:35,752 INFO grpc client connection server:nacos1 ip,serverPort:9849,grpcTslConfig:{"enableTls":false,"mutualAuthEnable":false,"trustAll":true}

2025-01-08 17:38:35,766 ERROR Server check fail, please check server nacos1 ,port 9849 is available , error ={}

java.util.concurrent.ExecutionException: io.grpc.StatusRuntimeException: UNAVAILABLE: io exception
	at com.google.common.util.concurrent.AbstractFuture.getDoneValue(AbstractFuture.java:592)
	at com.google.common.util.concurrent.AbstractFuture.get(AbstractFuture.java:467)
	at com.alibaba.nacos.common.remote.client.grpc.GrpcClient.serverCheck(GrpcClient.java:234)
	at com.alibaba.nacos.common.remote.client.grpc.GrpcClient.connectToServer(GrpcClient.java:358)
	at com.alibaba.nacos.common.remote.client.RpcClient.reconnect(RpcClient.java:502)
	at com.alibaba.nacos.common.remote.client.RpcClient.lambda$start$1(RpcClient.java:329)
	at java.util.concurrent.Executors$RunnableAdapter.call(Executors.java:511)
	at java.util.concurrent.FutureTask.run(FutureTask.java:266)
	at java.util.concurrent.ScheduledThreadPoolExecutor$ScheduledFutureTask.access$201(ScheduledThreadPoolExecutor.java:180)
	at java.util.concurrent.ScheduledThreadPoolExecutor$ScheduledFutureTask.run(ScheduledThreadPoolExecutor.java:293)
	at java.util.concurrent.ThreadPoolExecutor.runWorker(ThreadPoolExecutor.java:1149)
	at java.util.concurrent.ThreadPoolExecutor$Worker.run(ThreadPoolExecutor.java:624)
	at java.lang.Thread.run(Thread.java:750)
Caused by: io.grpc.StatusRuntimeException: UNAVAILABLE: io exception
	at io.grpc.Status.asRuntimeException(Status.java:533)
	at io.grpc.stub.ClientCalls$UnaryStreamToFuture.onClose(ClientCalls.java:538)
	at io.grpc.internal.DelayedClientCall$DelayedListener$3.run(DelayedClientCall.java:489)
	at io.grpc.internal.DelayedClientCall$DelayedListener.delayOrExecute(DelayedClientCall.java:453)
	at io.grpc.internal.DelayedClientCall$DelayedListener.onClose(DelayedClientCall.java:486)
	at io.grpc.internal.ClientCallImpl.closeObserver(ClientCallImpl.java:564)
	at io.grpc.internal.ClientCallImpl.access$100(ClientCallImpl.java:72)
	at io.grpc.internal.ClientCallImpl$ClientStreamListenerImpl$1StreamClosed.runInternal(ClientCallImpl.java:729)
	at io.grpc.internal.ClientCallImpl$ClientStreamListenerImpl$1StreamClosed.runInContext(ClientCallImpl.java:710)
	at io.grpc.internal.ContextRunnable.run(ContextRunnable.java:37)
	at io.grpc.internal.SerializingExecutor.run(SerializingExecutor.java:133)
	... 3 common frames omitted
Caused by: io.grpc.netty.shaded.io.netty.channel.AbstractChannel$AnnotatedConnectException: finishConnect(..) failed: Connection refused: nacos1/172.19.0.4:9849
Caused by: java.net.ConnectException: finishConnect(..) failed: Connection refused
	at io.grpc.netty.shaded.io.netty.channel.unix.Errors.newConnectException0(Errors.java:166)
	at io.grpc.netty.shaded.io.netty.channel.unix.Errors.handleConnectErrno(Errors.java:131)
	at io.grpc.netty.shaded.io.netty.channel.unix.Socket.finishConnect(Socket.java:359)
	at io.grpc.netty.shaded.io.netty.channel.epoll.AbstractEpollChannel$AbstractEpollUnsafe.doFinishConnect(AbstractEpollChannel.java:710)
	at io.grpc.netty.shaded.io.netty.channel.epoll.AbstractEpollChannel$AbstractEpollUnsafe.finishConnect(AbstractEpollChannel.java:687)
	at io.grpc.netty.shaded.io.netty.channel.epoll.AbstractEpollChannel$AbstractEpollUnsafe.epollOutReady(AbstractEpollChannel.java:567)
	at io.grpc.netty.shaded.io.netty.channel.epoll.EpollEventLoop.processReady(EpollEventLoop.java:499)
	at io.grpc.netty.shaded.io.netty.channel.epoll.EpollEventLoop.run(EpollEventLoop.java:407)
	at io.grpc.netty.shaded.io.netty.util.concurrent.SingleThreadEventExecutor$4.run(SingleThreadEventExecutor.java:997)
	at io.grpc.netty.shaded.io.netty.util.internal.ThreadExecutorMap$2.run(ThreadExecutorMap.java:74)
	at io.grpc.netty.shaded.io.netty.util.concurrent.FastThreadLocalRunnable.run(FastThreadLocalRunnable.java:30)
	at java.lang.Thread.run(Thread.java:750)
2025-01-08 17:38:35,766 INFO [Cluster-nacos1:8848] Fail to connect server, after trying 5 times, last try server is {serverIp = 'nacos1', server main port = 8848}, error = unknown

2025-01-08 17:38:36,367 INFO grpc client connection server:nacos1 ip,serverPort:9849,grpcTslConfig:{"enableTls":false,"mutualAuthEnable":false,"trustAll":true}

2025-01-08 17:38:36,383 ERROR Server check fail, please check server nacos1 ,port 9849 is available , error ={}

java.util.concurrent.ExecutionException: io.grpc.StatusRuntimeException: UNAVAILABLE: io exception
	at com.google.common.util.concurrent.AbstractFuture.getDoneValue(AbstractFuture.java:592)
	at com.google.common.util.concurrent.AbstractFuture.get(AbstractFuture.java:467)
	at com.alibaba.nacos.common.remote.client.grpc.GrpcClient.serverCheck(GrpcClient.java:234)
	at com.alibaba.nacos.common.remote.client.grpc.GrpcClient.connectToServer(GrpcClient.java:358)
	at com.alibaba.nacos.common.remote.client.RpcClient.reconnect(RpcClient.java:502)
	at com.alibaba.nacos.common.remote.client.RpcClient.lambda$start$1(RpcClient.java:329)
	at java.util.concurrent.Executors$RunnableAdapter.call(Executors.java:511)
	at java.util.concurrent.FutureTask.run(FutureTask.java:266)
	at java.util.concurrent.ScheduledThreadPoolExecutor$ScheduledFutureTask.access$201(ScheduledThreadPoolExecutor.java:180)
	at java.util.concurrent.ScheduledThreadPoolExecutor$ScheduledFutureTask.run(ScheduledThreadPoolExecutor.java:293)
	at java.util.concurrent.ThreadPoolExecutor.runWorker(ThreadPoolExecutor.java:1149)
	at java.util.concurrent.ThreadPoolExecutor$Worker.run(ThreadPoolExecutor.java:624)
	at java.lang.Thread.run(Thread.java:750)
Caused by: io.grpc.StatusRuntimeException: UNAVAILABLE: io exception
	at io.grpc.Status.asRuntimeException(Status.java:533)
	at io.grpc.stub.ClientCalls$UnaryStreamToFuture.onClose(ClientCalls.java:538)
	at io.grpc.internal.ClientCallImpl.closeObserver(ClientCallImpl.java:564)
	at io.grpc.internal.ClientCallImpl.access$100(ClientCallImpl.java:72)
	at io.grpc.internal.ClientCallImpl$ClientStreamListenerImpl$1StreamClosed.runInternal(ClientCallImpl.java:729)
	at io.grpc.internal.ClientCallImpl$ClientStreamListenerImpl$1StreamClosed.runInContext(ClientCallImpl.java:710)
	at io.grpc.internal.ContextRunnable.run(ContextRunnable.java:37)
	at io.grpc.internal.SerializingExecutor.run(SerializingExecutor.java:133)
	... 3 common frames omitted
Caused by: io.grpc.netty.shaded.io.netty.channel.AbstractChannel$AnnotatedConnectException: finishConnect(..) failed: Connection refused: nacos1/172.19.0.4:9849
Caused by: java.net.ConnectException: finishConnect(..) failed: Connection refused
	at io.grpc.netty.shaded.io.netty.channel.unix.Errors.newConnectException0(Errors.java:166)
	at io.grpc.netty.shaded.io.netty.channel.unix.Errors.handleConnectErrno(Errors.java:131)
	at io.grpc.netty.shaded.io.netty.channel.unix.Socket.finishConnect(Socket.java:359)
	at io.grpc.netty.shaded.io.netty.channel.epoll.AbstractEpollChannel$AbstractEpollUnsafe.doFinishConnect(AbstractEpollChannel.java:710)
	at io.grpc.netty.shaded.io.netty.channel.epoll.AbstractEpollChannel$AbstractEpollUnsafe.finishConnect(AbstractEpollChannel.java:687)
	at io.grpc.netty.shaded.io.netty.channel.epoll.AbstractEpollChannel$AbstractEpollUnsafe.epollOutReady(AbstractEpollChannel.java:567)
	at io.grpc.netty.shaded.io.netty.channel.epoll.EpollEventLoop.processReady(EpollEventLoop.java:499)
	at io.grpc.netty.shaded.io.netty.channel.epoll.EpollEventLoop.run(EpollEventLoop.java:407)
	at io.grpc.netty.shaded.io.netty.util.concurrent.SingleThreadEventExecutor$4.run(SingleThreadEventExecutor.java:997)
	at io.grpc.netty.shaded.io.netty.util.internal.ThreadExecutorMap$2.run(ThreadExecutorMap.java:74)
	at io.grpc.netty.shaded.io.netty.util.concurrent.FastThreadLocalRunnable.run(FastThreadLocalRunnable.java:30)
	at java.lang.Thread.run(Thread.java:750)
2025-01-08 17:38:36,383 INFO [Cluster-nacos1:8848] Fail to connect server, after trying 6 times, last try server is {serverIp = 'nacos1', server main port = 8848}, error = unknown

2025-01-08 17:38:37,083 INFO grpc client connection server:nacos1 ip,serverPort:9849,grpcTslConfig:{"enableTls":false,"mutualAuthEnable":false,"trustAll":true}

2025-01-08 17:38:37,494 WARN HikariPool-1 - Failed to validate connection com.mysql.cj.jdbc.ConnectionImpl@34187b31 (Communications link failure

The last packet successfully received from the server was 11,957 milliseconds ago. The last packet sent successfully to the server was 11,958 milliseconds ago.). Possibly consider using a shorter maxLifetime value.

2025-01-08 17:38:37,501 WARN HikariPool-1 - Failed to validate connection com.mysql.cj.jdbc.ConnectionImpl@486e7d88 (Communications link failure

The last packet successfully received from the server was 7,127 milliseconds ago. The last packet sent successfully to the server was 7,127 milliseconds ago.). Possibly consider using a shorter maxLifetime value.

2025-01-08 17:38:40,088 ERROR Server check fail, please check server nacos1 ,port 9849 is available , error ={}

java.util.concurrent.TimeoutException: Waited 3000 milliseconds (plus 157712 nanoseconds delay) for io.grpc.stub.ClientCalls$GrpcFuture@2cdb5acc[status=PENDING, info=[GrpcFuture{clientCall=ClientCallImpl{method=MethodDescriptor{fullMethodName=Request/request, type=UNARY, idempotent=false, safe=false, sampledToLocalTracing=true, requestMarshaller=io.grpc.protobuf.lite.ProtoLiteUtils$MessageMarshaller@5202954a, responseMarshaller=io.grpc.protobuf.lite.ProtoLiteUtils$MessageMarshaller@7b6f29de, schemaDescriptor=com.alibaba.nacos.api.grpc.auto.RequestGrpc$RequestMethodDescriptorSupplier@3d88915a}}}]]
	at com.google.common.util.concurrent.AbstractFuture.get(AbstractFuture.java:531)
	at com.alibaba.nacos.common.remote.client.grpc.GrpcClient.serverCheck(GrpcClient.java:234)
	at com.alibaba.nacos.common.remote.client.grpc.GrpcClient.connectToServer(GrpcClient.java:358)
	at com.alibaba.nacos.common.remote.client.RpcClient.reconnect(RpcClient.java:502)
	at com.alibaba.nacos.common.remote.client.RpcClient.lambda$start$1(RpcClient.java:329)
	at java.util.concurrent.Executors$RunnableAdapter.call(Executors.java:511)
	at java.util.concurrent.FutureTask.run(FutureTask.java:266)
	at java.util.concurrent.ScheduledThreadPoolExecutor$ScheduledFutureTask.access$201(ScheduledThreadPoolExecutor.java:180)
	at java.util.concurrent.ScheduledThreadPoolExecutor$ScheduledFutureTask.run(ScheduledThreadPoolExecutor.java:293)
	at java.util.concurrent.ThreadPoolExecutor.runWorker(ThreadPoolExecutor.java:1149)
	at java.util.concurrent.ThreadPoolExecutor$Worker.run(ThreadPoolExecutor.java:624)
	at java.lang.Thread.run(Thread.java:750)
2025-01-08 17:38:40,089 INFO [Cluster-nacos1:8848] Fail to connect server, after trying 7 times, last try server is {serverIp = 'nacos1', server main port = 8848}, error = unknown

2025-01-08 17:38:40,890 INFO grpc client connection server:nacos1 ip,serverPort:9849,grpcTslConfig:{"enableTls":false,"mutualAuthEnable":false,"trustAll":true}

2025-01-08 17:38:43,893 ERROR Server check fail, please check server nacos1 ,port 9849 is available , error ={}

java.util.concurrent.TimeoutException: Waited 3000 milliseconds (plus 103385 nanoseconds delay) for io.grpc.stub.ClientCalls$GrpcFuture@32012133[status=PENDING, info=[GrpcFuture{clientCall=PendingCall{realCall=ClientCallImpl{method=MethodDescriptor{fullMethodName=Request/request, type=UNARY, idempotent=false, safe=false, sampledToLocalTracing=true, requestMarshaller=io.grpc.protobuf.lite.ProtoLiteUtils$MessageMarshaller@5202954a, responseMarshaller=io.grpc.protobuf.lite.ProtoLiteUtils$MessageMarshaller@7b6f29de, schemaDescriptor=com.alibaba.nacos.api.grpc.auto.RequestGrpc$RequestMethodDescriptorSupplier@3d88915a}}}}]]
	at com.google.common.util.concurrent.AbstractFuture.get(AbstractFuture.java:531)
	at com.alibaba.nacos.common.remote.client.grpc.GrpcClient.serverCheck(GrpcClient.java:234)
	at com.alibaba.nacos.common.remote.client.grpc.GrpcClient.connectToServer(GrpcClient.java:358)
	at com.alibaba.nacos.common.remote.client.RpcClient.reconnect(RpcClient.java:502)
	at com.alibaba.nacos.common.remote.client.RpcClient.lambda$start$1(RpcClient.java:329)
	at java.util.concurrent.Executors$RunnableAdapter.call(Executors.java:511)
	at java.util.concurrent.FutureTask.run(FutureTask.java:266)
	at java.util.concurrent.ScheduledThreadPoolExecutor$ScheduledFutureTask.access$201(ScheduledThreadPoolExecutor.java:180)
	at java.util.concurrent.ScheduledThreadPoolExecutor$ScheduledFutureTask.run(ScheduledThreadPoolExecutor.java:293)
	at java.util.concurrent.ThreadPoolExecutor.runWorker(ThreadPoolExecutor.java:1149)
	at java.util.concurrent.ThreadPoolExecutor$Worker.run(ThreadPoolExecutor.java:624)
	at java.lang.Thread.run(Thread.java:750)
2025-01-08 17:38:43,897 INFO [Cluster-nacos1:8848] Fail to connect server, after trying 8 times, last try server is {serverIp = 'nacos1', server main port = 8848}, error = unknown

2025-01-08 17:38:44,798 INFO grpc client connection server:nacos1 ip,serverPort:9849,grpcTslConfig:{"enableTls":false,"mutualAuthEnable":false,"trustAll":true}

2025-01-08 17:38:47,802 ERROR Server check fail, please check server nacos1 ,port 9849 is available , error ={}

java.util.concurrent.TimeoutException: Waited 3000 milliseconds (plus 187872 nanoseconds delay) for io.grpc.stub.ClientCalls$GrpcFuture@2086a3a9[status=PENDING, info=[GrpcFuture{clientCall=PendingCall{realCall=ClientCallImpl{method=MethodDescriptor{fullMethodName=Request/request, type=UNARY, idempotent=false, safe=false, sampledToLocalTracing=true, requestMarshaller=io.grpc.protobuf.lite.ProtoLiteUtils$MessageMarshaller@5202954a, responseMarshaller=io.grpc.protobuf.lite.ProtoLiteUtils$MessageMarshaller@7b6f29de, schemaDescriptor=com.alibaba.nacos.api.grpc.auto.RequestGrpc$RequestMethodDescriptorSupplier@3d88915a}}}}]]
	at com.google.common.util.concurrent.AbstractFuture.get(AbstractFuture.java:531)
	at com.alibaba.nacos.common.remote.client.grpc.GrpcClient.serverCheck(GrpcClient.java:234)
	at com.alibaba.nacos.common.remote.client.grpc.GrpcClient.connectToServer(GrpcClient.java:358)
	at com.alibaba.nacos.common.remote.client.RpcClient.reconnect(RpcClient.java:502)
	at com.alibaba.nacos.common.remote.client.RpcClient.lambda$start$1(RpcClient.java:329)
	at java.util.concurrent.Executors$RunnableAdapter.call(Executors.java:511)
	at java.util.concurrent.FutureTask.run(FutureTask.java:266)
	at java.util.concurrent.ScheduledThreadPoolExecutor$ScheduledFutureTask.access$201(ScheduledThreadPoolExecutor.java:180)
	at java.util.concurrent.ScheduledThreadPoolExecutor$ScheduledFutureTask.run(ScheduledThreadPoolExecutor.java:293)
	at java.util.concurrent.ThreadPoolExecutor.runWorker(ThreadPoolExecutor.java:1149)
	at java.util.concurrent.ThreadPoolExecutor$Worker.run(ThreadPoolExecutor.java:624)
	at java.lang.Thread.run(Thread.java:750)
2025-01-08 17:38:47,803 INFO [Cluster-nacos1:8848] Fail to connect server, after trying 9 times, last try server is {serverIp = 'nacos1', server main port = 8848}, error = unknown

2025-01-08 17:38:48,804 INFO grpc client connection server:nacos1 ip,serverPort:9849,grpcTslConfig:{"enableTls":false,"mutualAuthEnable":false,"trustAll":true}

2025-01-08 17:38:51,813 ERROR Server check fail, please check server nacos1 ,port 9849 is available , error ={}

java.util.concurrent.TimeoutException: Waited 3000 milliseconds (plus 141069 nanoseconds delay) for io.grpc.stub.ClientCalls$GrpcFuture@d1594f3[status=PENDING, info=[GrpcFuture{clientCall=PendingCall{realCall=ClientCallImpl{method=MethodDescriptor{fullMethodName=Request/request, type=UNARY, idempotent=false, safe=false, sampledToLocalTracing=true, requestMarshaller=io.grpc.protobuf.lite.ProtoLiteUtils$MessageMarshaller@5202954a, responseMarshaller=io.grpc.protobuf.lite.ProtoLiteUtils$MessageMarshaller@7b6f29de, schemaDescriptor=com.alibaba.nacos.api.grpc.auto.RequestGrpc$RequestMethodDescriptorSupplier@3d88915a}}}}]]
	at com.google.common.util.concurrent.AbstractFuture.get(AbstractFuture.java:531)
	at com.alibaba.nacos.common.remote.client.grpc.GrpcClient.serverCheck(GrpcClient.java:234)
	at com.alibaba.nacos.common.remote.client.grpc.GrpcClient.connectToServer(GrpcClient.java:358)
	at com.alibaba.nacos.common.remote.client.RpcClient.reconnect(RpcClient.java:502)
	at com.alibaba.nacos.common.remote.client.RpcClient.lambda$start$1(RpcClient.java:329)
	at java.util.concurrent.Executors$RunnableAdapter.call(Executors.java:511)
	at java.util.concurrent.FutureTask.run(FutureTask.java:266)
	at java.util.concurrent.ScheduledThreadPoolExecutor$ScheduledFutureTask.access$201(ScheduledThreadPoolExecutor.java:180)
	at java.util.concurrent.ScheduledThreadPoolExecutor$ScheduledFutureTask.run(ScheduledThreadPoolExecutor.java:293)
	at java.util.concurrent.ThreadPoolExecutor.runWorker(ThreadPoolExecutor.java:1149)
	at java.util.concurrent.ThreadPoolExecutor$Worker.run(ThreadPoolExecutor.java:624)
	at java.lang.Thread.run(Thread.java:750)
2025-01-08 17:38:51,814 INFO [Cluster-nacos1:8848] Fail to connect server, after trying 10 times, last try server is {serverIp = 'nacos1', server main port = 8848}, error = unknown

2025-01-08 17:38:52,054 WARN [HttpClientBeanHolder] Start destroying common HttpClient

2025-01-08 17:38:52,055 WARN [ThreadPoolManager] Start destroying ThreadPool

2025-01-08 17:38:52,057 WARN [NotifyCenter] Start destroying Publisher

2025-01-08 17:38:52,058 WARN [HttpClientBeanHolder] Destruction of the end

2025-01-08 17:38:52,072 WARN [NotifyCenter] Destruction of the end

2025-01-08 17:38:52,073 WARN [WatchFileCenter] start close

2025-01-08 17:38:52,074 WARN [WatchFileCenter] start to shutdown this watcher which is watch : /home/nacos/conf

2025-01-08 17:38:52,084 WARN [WatchFileCenter] already closed

2025-01-08 17:38:52,116 ERROR [1736221167050_172.19.0.5_47122]Request stream error, switch server,error={}

io.grpc.StatusRuntimeException: CANCELLED: RST_STREAM closed stream. HTTP/2 error code: CANCEL
	at io.grpc.Status.asRuntimeException(Status.java:533)
	at io.grpc.stub.ClientCalls$StreamObserverToCallListenerAdapter.onClose(ClientCalls.java:481)
	at io.grpc.internal.ClientCallImpl.closeObserver(ClientCallImpl.java:564)
	at io.grpc.internal.ClientCallImpl.access$100(ClientCallImpl.java:72)
	at io.grpc.internal.ClientCallImpl$ClientStreamListenerImpl$1StreamClosed.runInternal(ClientCallImpl.java:729)
	at io.grpc.internal.ClientCallImpl$ClientStreamListenerImpl$1StreamClosed.runInContext(ClientCallImpl.java:710)
	at io.grpc.internal.ContextRunnable.run(ContextRunnable.java:37)
	at io.grpc.internal.SerializingExecutor.run(SerializingExecutor.java:133)
	at java.util.concurrent.ThreadPoolExecutor.runWorker(ThreadPoolExecutor.java:1149)
	at java.util.concurrent.ThreadPoolExecutor$Worker.run(ThreadPoolExecutor.java:624)
	at java.lang.Thread.run(Thread.java:750)
2025-01-08 17:38:52,116 INFO [Cluster-nacos2:8848] Try to reconnect to a new server, server is  not appointed, will choose a random server.

2025-01-08 17:38:52,116 INFO grpc client connection server:nacos2 ip,serverPort:9849,grpcTslConfig:{"enableTls":false,"mutualAuthEnable":false,"trustAll":true}

2025-01-08 17:38:52,147 ERROR Server check fail, please check server nacos2 ,port 9849 is available , error ={}

java.util.concurrent.ExecutionException: io.grpc.StatusRuntimeException: UNAVAILABLE: io exception
	at com.google.common.util.concurrent.AbstractFuture.getDoneValue(AbstractFuture.java:592)
	at com.google.common.util.concurrent.AbstractFuture.get(AbstractFuture.java:467)
	at com.alibaba.nacos.common.remote.client.grpc.GrpcClient.serverCheck(GrpcClient.java:234)
	at com.alibaba.nacos.common.remote.client.grpc.GrpcClient.connectToServer(GrpcClient.java:358)
	at com.alibaba.nacos.common.remote.client.RpcClient.reconnect(RpcClient.java:502)
	at com.alibaba.nacos.common.remote.client.RpcClient.lambda$start$1(RpcClient.java:329)
	at java.util.concurrent.Executors$RunnableAdapter.call(Executors.java:511)
	at java.util.concurrent.FutureTask.run(FutureTask.java:266)
	at java.util.concurrent.ScheduledThreadPoolExecutor$ScheduledFutureTask.access$201(ScheduledThreadPoolExecutor.java:180)
	at java.util.concurrent.ScheduledThreadPoolExecutor$ScheduledFutureTask.run(ScheduledThreadPoolExecutor.java:293)
	at java.util.concurrent.ThreadPoolExecutor.runWorker(ThreadPoolExecutor.java:1149)
	at java.util.concurrent.ThreadPoolExecutor$Worker.run(ThreadPoolExecutor.java:624)
	at java.lang.Thread.run(Thread.java:750)
Caused by: io.grpc.StatusRuntimeException: UNAVAILABLE: io exception
	at io.grpc.Status.asRuntimeException(Status.java:533)
	at io.grpc.stub.ClientCalls$UnaryStreamToFuture.onClose(ClientCalls.java:538)
	at io.grpc.internal.DelayedClientCall$DelayedListener$3.run(DelayedClientCall.java:489)
	at io.grpc.internal.DelayedClientCall$DelayedListener.delayOrExecute(DelayedClientCall.java:453)
	at io.grpc.internal.DelayedClientCall$DelayedListener.onClose(DelayedClientCall.java:486)
	at io.grpc.internal.ClientCallImpl.closeObserver(ClientCallImpl.java:564)
	at io.grpc.internal.ClientCallImpl.access$100(ClientCallImpl.java:72)
	at io.grpc.internal.ClientCallImpl$ClientStreamListenerImpl$1StreamClosed.runInternal(ClientCallImpl.java:729)
	at io.grpc.internal.ClientCallImpl$ClientStreamListenerImpl$1StreamClosed.runInContext(ClientCallImpl.java:710)
	at io.grpc.internal.ContextRunnable.run(ContextRunnable.java:37)
	at io.grpc.internal.SerializingExecutor.run(SerializingExecutor.java:133)
	... 3 common frames omitted
Caused by: io.grpc.netty.shaded.io.netty.channel.AbstractChannel$AnnotatedConnectException: finishConnect(..) failed: Connection refused: nacos2/172.19.0.3:9849
Caused by: java.net.ConnectException: finishConnect(..) failed: Connection refused
	at io.grpc.netty.shaded.io.netty.channel.unix.Errors.newConnectException0(Errors.java:166)
	at io.grpc.netty.shaded.io.netty.channel.unix.Errors.handleConnectErrno(Errors.java:131)
	at io.grpc.netty.shaded.io.netty.channel.unix.Socket.finishConnect(Socket.java:359)
	at io.grpc.netty.shaded.io.netty.channel.epoll.AbstractEpollChannel$AbstractEpollUnsafe.doFinishConnect(AbstractEpollChannel.java:710)
	at io.grpc.netty.shaded.io.netty.channel.epoll.AbstractEpollChannel$AbstractEpollUnsafe.finishConnect(AbstractEpollChannel.java:687)
	at io.grpc.netty.shaded.io.netty.channel.epoll.AbstractEpollChannel$AbstractEpollUnsafe.epollOutReady(AbstractEpollChannel.java:567)
	at io.grpc.netty.shaded.io.netty.channel.epoll.EpollEventLoop.processReady(EpollEventLoop.java:499)
	at io.grpc.netty.shaded.io.netty.channel.epoll.EpollEventLoop.run(EpollEventLoop.java:407)
	at io.grpc.netty.shaded.io.netty.util.concurrent.SingleThreadEventExecutor$4.run(SingleThreadEventExecutor.java:997)
	at io.grpc.netty.shaded.io.netty.util.internal.ThreadExecutorMap$2.run(ThreadExecutorMap.java:74)
	at io.grpc.netty.shaded.io.netty.util.concurrent.FastThreadLocalRunnable.run(FastThreadLocalRunnable.java:30)
	at java.lang.Thread.run(Thread.java:750)
2025-01-08 17:38:52,249 INFO grpc client connection server:nacos2 ip,serverPort:9849,grpcTslConfig:{"enableTls":false,"mutualAuthEnable":false,"trustAll":true}

2025-01-08 17:38:52,255 ERROR Server check fail, please check server nacos2 ,port 9849 is available , error ={}

java.util.concurrent.ExecutionException: io.grpc.StatusRuntimeException: UNAVAILABLE: io exception
	at com.google.common.util.concurrent.AbstractFuture.getDoneValue(AbstractFuture.java:592)
	at com.google.common.util.concurrent.AbstractFuture.get(AbstractFuture.java:467)
	at com.alibaba.nacos.common.remote.client.grpc.GrpcClient.serverCheck(GrpcClient.java:234)
	at com.alibaba.nacos.common.remote.client.grpc.GrpcClient.connectToServer(GrpcClient.java:358)
	at com.alibaba.nacos.common.remote.client.RpcClient.reconnect(RpcClient.java:502)
	at com.alibaba.nacos.common.remote.client.RpcClient.lambda$start$1(RpcClient.java:329)
	at java.util.concurrent.Executors$RunnableAdapter.call(Executors.java:511)
	at java.util.concurrent.FutureTask.run(FutureTask.java:266)
	at java.util.concurrent.ScheduledThreadPoolExecutor$ScheduledFutureTask.access$201(ScheduledThreadPoolExecutor.java:180)
	at java.util.concurrent.ScheduledThreadPoolExecutor$ScheduledFutureTask.run(ScheduledThreadPoolExecutor.java:293)
	at java.util.concurrent.ThreadPoolExecutor.runWorker(ThreadPoolExecutor.java:1149)
	at java.util.concurrent.ThreadPoolExecutor$Worker.run(ThreadPoolExecutor.java:624)
	at java.lang.Thread.run(Thread.java:750)
Caused by: io.grpc.StatusRuntimeException: UNAVAILABLE: io exception
	at io.grpc.Status.asRuntimeException(Status.java:533)
	at io.grpc.stub.ClientCalls$UnaryStreamToFuture.onClose(ClientCalls.java:538)
	at io.grpc.internal.DelayedClientCall$DelayedListener$3.run(DelayedClientCall.java:489)
	at io.grpc.internal.DelayedClientCall$DelayedListener.drainPendingCallbacks(DelayedClientCall.java:528)
	at io.grpc.internal.DelayedClientCall$1DrainListenerRunnable.runInContext(DelayedClientCall.java:317)
	at io.grpc.internal.ContextRunnable.run(ContextRunnable.java:37)
	... 3 common frames omitted
Caused by: io.grpc.netty.shaded.io.netty.channel.AbstractChannel$AnnotatedConnectException: finishConnect(..) failed: Connection refused: nacos2/172.19.0.3:9849
Caused by: java.net.ConnectException: finishConnect(..) failed: Connection refused
	at io.grpc.netty.shaded.io.netty.channel.unix.Errors.newConnectException0(Errors.java:166)
	at io.grpc.netty.shaded.io.netty.channel.unix.Errors.handleConnectErrno(Errors.java:131)
	at io.grpc.netty.shaded.io.netty.channel.unix.Socket.finishConnect(Socket.java:359)
	at io.grpc.netty.shaded.io.netty.channel.epoll.AbstractEpollChannel$AbstractEpollUnsafe.doFinishConnect(AbstractEpollChannel.java:710)
	at io.grpc.netty.shaded.io.netty.channel.epoll.AbstractEpollChannel$AbstractEpollUnsafe.finishConnect(AbstractEpollChannel.java:687)
	at io.grpc.netty.shaded.io.netty.channel.epoll.AbstractEpollChannel$AbstractEpollUnsafe.epollOutReady(AbstractEpollChannel.java:567)
	at io.grpc.netty.shaded.io.netty.channel.epoll.EpollEventLoop.processReady(EpollEventLoop.java:499)
	at io.grpc.netty.shaded.io.netty.channel.epoll.EpollEventLoop.run(EpollEventLoop.java:407)
	at io.grpc.netty.shaded.io.netty.util.concurrent.SingleThreadEventExecutor$4.run(SingleThreadEventExecutor.java:997)
	at io.grpc.netty.shaded.io.netty.util.internal.ThreadExecutorMap$2.run(ThreadExecutorMap.java:74)
	at io.grpc.netty.shaded.io.netty.util.concurrent.FastThreadLocalRunnable.run(FastThreadLocalRunnable.java:30)
	at java.lang.Thread.run(Thread.java:750)
2025-01-08 17:38:52,256 INFO [Cluster-nacos2:8848] Fail to connect server, after trying 1 times, last try server is {serverIp = 'nacos2', server main port = 8848}, error = unknown

