2025-01-07 10:21:38,610 INFO Not configure type of control plugin, no limit control for current node.

2025-01-07 10:21:38,613 INFO Load connection metrics collector,size=2,[com.alibaba.nacos.config.server.service.LongPollingConnectionMetricsCollector@236ab296, com.alibaba.nacos.core.remote.LongConnectionMetricsCollector@63034ed1]

2025-01-07 10:21:38,614 INFO No connection rule content found ,use default empty rule 

2025-01-07 10:21:38,731 INFO No tps control rule of CONFIG_PUSH_COUNT found,content =null  

2025-01-07 10:21:38,731 WARN Tps point for CONFIG_PUSH_COUNT registered, But tps control manager is no limit implementation.

2025-01-07 10:21:38,731 INFO No tps control rule of CONFIG_PUSH_SUCCESS found,content =null  

2025-01-07 10:21:38,732 WARN Tps point for CONFIG_PUSH_SUCCESS registered, But tps control manager is no limit implementation.

2025-01-07 10:21:38,732 INFO No tps control rule of CONFIG_PUSH_FAIL found,content =null  

2025-01-07 10:21:38,732 WARN Tps point for CONFIG_PUSH_FAIL registered, But tps control manager is no limit implementation.

2025-01-07 10:22:05,574 INFO Not configure type of control plugin, no limit control for current node.

2025-01-07 10:22:05,620 INFO Load connection metrics collector,size=2,[com.alibaba.nacos.config.server.service.LongPollingConnectionMetricsCollector@e362c57, com.alibaba.nacos.core.remote.LongConnectionMetricsCollector@79c4715d]

2025-01-07 10:22:05,621 INFO No connection rule content found ,use default empty rule 

2025-01-07 10:22:05,746 INFO No tps control rule of CONFIG_PUSH_COUNT found,content =null  

2025-01-07 10:22:05,746 WARN Tps point for CONFIG_PUSH_COUNT registered, But tps control manager is no limit implementation.

2025-01-07 10:22:05,746 INFO No tps control rule of CONFIG_PUSH_SUCCESS found,content =null  

2025-01-07 10:22:05,746 WARN Tps point for CONFIG_PUSH_SUCCESS registered, But tps control manager is no limit implementation.

2025-01-07 10:22:05,750 INFO No tps control rule of CONFIG_PUSH_FAIL found,content =null  

2025-01-07 10:22:05,750 WARN Tps point for CONFIG_PUSH_FAIL registered, But tps control manager is no limit implementation.

2025-01-07 10:22:32,023 INFO Not configure type of control plugin, no limit control for current node.

2025-01-07 10:22:32,031 INFO Load connection metrics collector,size=2,[com.alibaba.nacos.config.server.service.LongPollingConnectionMetricsCollector@553f3b6e, com.alibaba.nacos.core.remote.LongConnectionMetricsCollector@4e406694]

2025-01-07 10:22:32,032 INFO No connection rule content found ,use default empty rule 

2025-01-07 10:22:32,111 INFO No tps control rule of CONFIG_PUSH_COUNT found,content =null  

2025-01-07 10:22:32,112 WARN Tps point for CONFIG_PUSH_COUNT registered, But tps control manager is no limit implementation.

2025-01-07 10:22:32,112 INFO No tps control rule of CONFIG_PUSH_SUCCESS found,content =null  

2025-01-07 10:22:32,112 WARN Tps point for CONFIG_PUSH_SUCCESS registered, But tps control manager is no limit implementation.

2025-01-07 10:22:32,112 INFO No tps control rule of CONFIG_PUSH_FAIL found,content =null  

2025-01-07 10:22:32,112 WARN Tps point for CONFIG_PUSH_FAIL registered, But tps control manager is no limit implementation.

2025-01-07 10:22:59,647 INFO Not configure type of control plugin, no limit control for current node.

2025-01-07 10:22:59,657 INFO Load connection metrics collector,size=2,[com.alibaba.nacos.config.server.service.LongPollingConnectionMetricsCollector@25230246, com.alibaba.nacos.core.remote.LongConnectionMetricsCollector@4a8b5227]

2025-01-07 10:22:59,658 INFO No connection rule content found ,use default empty rule 

2025-01-07 10:22:59,724 INFO No tps control rule of CONFIG_PUSH_COUNT found,content =null  

2025-01-07 10:22:59,724 WARN Tps point for CONFIG_PUSH_COUNT registered, But tps control manager is no limit implementation.

2025-01-07 10:22:59,724 INFO No tps control rule of CONFIG_PUSH_SUCCESS found,content =null  

2025-01-07 10:22:59,724 WARN Tps point for CONFIG_PUSH_SUCCESS registered, But tps control manager is no limit implementation.

2025-01-07 10:22:59,725 INFO No tps control rule of CONFIG_PUSH_FAIL found,content =null  

2025-01-07 10:22:59,731 WARN Tps point for CONFIG_PUSH_FAIL registered, But tps control manager is no limit implementation.

2025-01-07 10:23:25,404 INFO Not configure type of control plugin, no limit control for current node.

2025-01-07 10:23:25,417 INFO Load connection metrics collector,size=2,[com.alibaba.nacos.config.server.service.LongPollingConnectionMetricsCollector@5b43e173, com.alibaba.nacos.core.remote.LongConnectionMetricsCollector@545f80bf]

2025-01-07 10:23:25,418 INFO No connection rule content found ,use default empty rule 

2025-01-07 10:23:25,501 INFO No tps control rule of CONFIG_PUSH_COUNT found,content =null  

2025-01-07 10:23:25,501 WARN Tps point for CONFIG_PUSH_COUNT registered, But tps control manager is no limit implementation.

2025-01-07 10:23:25,501 INFO No tps control rule of CONFIG_PUSH_SUCCESS found,content =null  

2025-01-07 10:23:25,501 WARN Tps point for CONFIG_PUSH_SUCCESS registered, But tps control manager is no limit implementation.

2025-01-07 10:23:25,501 INFO No tps control rule of CONFIG_PUSH_FAIL found,content =null  

2025-01-07 10:23:25,501 WARN Tps point for CONFIG_PUSH_FAIL registered, But tps control manager is no limit implementation.

2025-01-07 10:23:53,303 INFO Not configure type of control plugin, no limit control for current node.

2025-01-07 10:23:53,307 INFO Load connection metrics collector,size=2,[com.alibaba.nacos.config.server.service.LongPollingConnectionMetricsCollector@589b028e, com.alibaba.nacos.core.remote.LongConnectionMetricsCollector@9fecdf1]

2025-01-07 10:23:53,307 INFO No connection rule content found ,use default empty rule 

2025-01-07 10:23:53,354 INFO No tps control rule of CONFIG_PUSH_COUNT found,content =null  

2025-01-07 10:23:53,354 WARN Tps point for CONFIG_PUSH_COUNT registered, But tps control manager is no limit implementation.

2025-01-07 10:23:53,355 INFO No tps control rule of CONFIG_PUSH_SUCCESS found,content =null  

2025-01-07 10:23:53,355 WARN Tps point for CONFIG_PUSH_SUCCESS registered, But tps control manager is no limit implementation.

2025-01-07 10:23:53,355 INFO No tps control rule of CONFIG_PUSH_FAIL found,content =null  

2025-01-07 10:23:53,355 WARN Tps point for CONFIG_PUSH_FAIL registered, But tps control manager is no limit implementation.

2025-01-07 10:24:21,215 INFO Not configure type of control plugin, no limit control for current node.

2025-01-07 10:24:21,219 INFO Load connection metrics collector,size=2,[com.alibaba.nacos.config.server.service.LongPollingConnectionMetricsCollector@62b3df3a, com.alibaba.nacos.core.remote.LongConnectionMetricsCollector@7e11ab3d]

2025-01-07 10:24:21,222 INFO No connection rule content found ,use default empty rule 

2025-01-07 10:24:21,257 INFO No tps control rule of CONFIG_PUSH_COUNT found,content =null  

2025-01-07 10:24:21,257 WARN Tps point for CONFIG_PUSH_COUNT registered, But tps control manager is no limit implementation.

2025-01-07 10:24:21,257 INFO No tps control rule of CONFIG_PUSH_SUCCESS found,content =null  

2025-01-07 10:24:21,257 WARN Tps point for CONFIG_PUSH_SUCCESS registered, But tps control manager is no limit implementation.

2025-01-07 10:24:21,257 INFO No tps control rule of CONFIG_PUSH_FAIL found,content =null  

2025-01-07 10:24:21,257 WARN Tps point for CONFIG_PUSH_FAIL registered, But tps control manager is no limit implementation.

2025-01-07 10:24:48,163 INFO Not configure type of control plugin, no limit control for current node.

2025-01-07 10:24:48,173 INFO Load connection metrics collector,size=2,[com.alibaba.nacos.config.server.service.LongPollingConnectionMetricsCollector@236ab296, com.alibaba.nacos.core.remote.LongConnectionMetricsCollector@63034ed1]

2025-01-07 10:24:48,174 INFO No connection rule content found ,use default empty rule 

2025-01-07 10:24:48,282 INFO No tps control rule of CONFIG_PUSH_COUNT found,content =null  

2025-01-07 10:24:48,282 WARN Tps point for CONFIG_PUSH_COUNT registered, But tps control manager is no limit implementation.

2025-01-07 10:24:48,282 INFO No tps control rule of CONFIG_PUSH_SUCCESS found,content =null  

2025-01-07 10:24:48,282 WARN Tps point for CONFIG_PUSH_SUCCESS registered, But tps control manager is no limit implementation.

2025-01-07 10:24:48,282 INFO No tps control rule of CONFIG_PUSH_FAIL found,content =null  

2025-01-07 10:24:48,282 WARN Tps point for CONFIG_PUSH_FAIL registered, But tps control manager is no limit implementation.

2025-01-07 10:25:15,491 INFO Not configure type of control plugin, no limit control for current node.

2025-01-07 10:25:15,495 INFO Load connection metrics collector,size=2,[com.alibaba.nacos.config.server.service.LongPollingConnectionMetricsCollector@3b0f7d9d, com.alibaba.nacos.core.remote.LongConnectionMetricsCollector@5c84624f]

2025-01-07 10:25:15,496 INFO No connection rule content found ,use default empty rule 

2025-01-07 10:25:15,564 INFO No tps control rule of CONFIG_PUSH_COUNT found,content =null  

2025-01-07 10:25:15,564 WARN Tps point for CONFIG_PUSH_COUNT registered, But tps control manager is no limit implementation.

2025-01-07 10:25:15,564 INFO No tps control rule of CONFIG_PUSH_SUCCESS found,content =null  

2025-01-07 10:25:15,564 WARN Tps point for CONFIG_PUSH_SUCCESS registered, But tps control manager is no limit implementation.

2025-01-07 10:25:15,564 INFO No tps control rule of CONFIG_PUSH_FAIL found,content =null  

2025-01-07 10:25:15,564 WARN Tps point for CONFIG_PUSH_FAIL registered, But tps control manager is no limit implementation.

2025-01-07 10:25:42,566 INFO Not configure type of control plugin, no limit control for current node.

2025-01-07 10:25:42,569 INFO Load connection metrics collector,size=2,[com.alibaba.nacos.config.server.service.LongPollingConnectionMetricsCollector@5a6d5a8f, com.alibaba.nacos.core.remote.LongConnectionMetricsCollector@315ba14a]

2025-01-07 10:25:42,570 INFO No connection rule content found ,use default empty rule 

2025-01-07 10:25:42,638 INFO No tps control rule of CONFIG_PUSH_COUNT found,content =null  

2025-01-07 10:25:42,638 WARN Tps point for CONFIG_PUSH_COUNT registered, But tps control manager is no limit implementation.

2025-01-07 10:25:42,639 INFO No tps control rule of CONFIG_PUSH_SUCCESS found,content =null  

2025-01-07 10:25:42,639 WARN Tps point for CONFIG_PUSH_SUCCESS registered, But tps control manager is no limit implementation.

2025-01-07 10:25:42,639 INFO No tps control rule of CONFIG_PUSH_FAIL found,content =null  

2025-01-07 10:25:42,639 WARN Tps point for CONFIG_PUSH_FAIL registered, But tps control manager is no limit implementation.

2025-01-07 10:26:10,646 INFO Not configure type of control plugin, no limit control for current node.

2025-01-07 10:26:10,651 INFO Load connection metrics collector,size=2,[com.alibaba.nacos.config.server.service.LongPollingConnectionMetricsCollector@66f66866, com.alibaba.nacos.core.remote.LongConnectionMetricsCollector@4d666b41]

2025-01-07 10:26:10,652 INFO No connection rule content found ,use default empty rule 

2025-01-07 10:26:10,803 INFO No tps control rule of CONFIG_PUSH_COUNT found,content =null  

2025-01-07 10:26:10,804 WARN Tps point for CONFIG_PUSH_COUNT registered, But tps control manager is no limit implementation.

2025-01-07 10:26:10,804 INFO No tps control rule of CONFIG_PUSH_SUCCESS found,content =null  

2025-01-07 10:26:10,804 WARN Tps point for CONFIG_PUSH_SUCCESS registered, But tps control manager is no limit implementation.

2025-01-07 10:26:10,804 INFO No tps control rule of CONFIG_PUSH_FAIL found,content =null  

2025-01-07 10:26:10,804 WARN Tps point for CONFIG_PUSH_FAIL registered, But tps control manager is no limit implementation.

2025-01-07 10:26:37,751 INFO Not configure type of control plugin, no limit control for current node.

2025-01-07 10:26:37,755 INFO Load connection metrics collector,size=2,[com.alibaba.nacos.config.server.service.LongPollingConnectionMetricsCollector@420bc288, com.alibaba.nacos.core.remote.LongConnectionMetricsCollector@308a6984]

2025-01-07 10:26:37,760 INFO No connection rule content found ,use default empty rule 

2025-01-07 10:26:37,827 INFO No tps control rule of CONFIG_PUSH_COUNT found,content =null  

2025-01-07 10:26:37,827 WARN Tps point for CONFIG_PUSH_COUNT registered, But tps control manager is no limit implementation.

2025-01-07 10:26:37,827 INFO No tps control rule of CONFIG_PUSH_SUCCESS found,content =null  

2025-01-07 10:26:37,827 WARN Tps point for CONFIG_PUSH_SUCCESS registered, But tps control manager is no limit implementation.

2025-01-07 10:26:37,827 INFO No tps control rule of CONFIG_PUSH_FAIL found,content =null  

2025-01-07 10:26:37,827 WARN Tps point for CONFIG_PUSH_FAIL registered, But tps control manager is no limit implementation.

2025-01-07 10:27:02,464 INFO Not configure type of control plugin, no limit control for current node.

2025-01-07 10:27:02,467 INFO Load connection metrics collector,size=2,[com.alibaba.nacos.config.server.service.LongPollingConnectionMetricsCollector@64d7b720, com.alibaba.nacos.core.remote.LongConnectionMetricsCollector@5bb3d42d]

2025-01-07 10:27:02,468 INFO No connection rule content found ,use default empty rule 

2025-01-07 10:27:02,493 INFO No tps control rule of CONFIG_PUSH_COUNT found,content =null  

2025-01-07 10:27:02,493 WARN Tps point for CONFIG_PUSH_COUNT registered, But tps control manager is no limit implementation.

2025-01-07 10:27:02,493 INFO No tps control rule of CONFIG_PUSH_SUCCESS found,content =null  

2025-01-07 10:27:02,493 WARN Tps point for CONFIG_PUSH_SUCCESS registered, But tps control manager is no limit implementation.

2025-01-07 10:27:02,493 INFO No tps control rule of CONFIG_PUSH_FAIL found,content =null  

2025-01-07 10:27:02,493 WARN Tps point for CONFIG_PUSH_FAIL registered, But tps control manager is no limit implementation.

2025-01-07 10:27:28,616 INFO Not configure type of control plugin, no limit control for current node.

2025-01-07 10:27:28,627 INFO Load connection metrics collector,size=2,[com.alibaba.nacos.config.server.service.LongPollingConnectionMetricsCollector@1ad777f, com.alibaba.nacos.core.remote.LongConnectionMetricsCollector@438bad7c]

2025-01-07 10:27:28,637 INFO No connection rule content found ,use default empty rule 

2025-01-07 10:27:28,722 INFO No tps control rule of CONFIG_PUSH_COUNT found,content =null  

2025-01-07 10:27:28,722 WARN Tps point for CONFIG_PUSH_COUNT registered, But tps control manager is no limit implementation.

2025-01-07 10:27:28,722 INFO No tps control rule of CONFIG_PUSH_SUCCESS found,content =null  

2025-01-07 10:27:28,722 WARN Tps point for CONFIG_PUSH_SUCCESS registered, But tps control manager is no limit implementation.

2025-01-07 10:27:28,722 INFO No tps control rule of CONFIG_PUSH_FAIL found,content =null  

2025-01-07 10:27:28,722 WARN Tps point for CONFIG_PUSH_FAIL registered, But tps control manager is no limit implementation.

2025-01-07 10:27:56,069 INFO Not configure type of control plugin, no limit control for current node.

2025-01-07 10:27:56,072 INFO Load connection metrics collector,size=2,[com.alibaba.nacos.config.server.service.LongPollingConnectionMetricsCollector@22175d4f, com.alibaba.nacos.core.remote.LongConnectionMetricsCollector@3b809711]

2025-01-07 10:27:56,073 INFO No connection rule content found ,use default empty rule 

2025-01-07 10:27:56,132 INFO No tps control rule of CONFIG_PUSH_COUNT found,content =null  

2025-01-07 10:27:56,133 WARN Tps point for CONFIG_PUSH_COUNT registered, But tps control manager is no limit implementation.

2025-01-07 10:27:56,133 INFO No tps control rule of CONFIG_PUSH_SUCCESS found,content =null  

2025-01-07 10:27:56,133 WARN Tps point for CONFIG_PUSH_SUCCESS registered, But tps control manager is no limit implementation.

2025-01-07 10:27:56,133 INFO No tps control rule of CONFIG_PUSH_FAIL found,content =null  

2025-01-07 10:27:56,133 WARN Tps point for CONFIG_PUSH_FAIL registered, But tps control manager is no limit implementation.

2025-01-07 10:28:24,186 INFO Not configure type of control plugin, no limit control for current node.

2025-01-07 10:28:24,194 INFO Load connection metrics collector,size=2,[com.alibaba.nacos.config.server.service.LongPollingConnectionMetricsCollector@62e8f862, com.alibaba.nacos.core.remote.LongConnectionMetricsCollector@3c49fab6]

2025-01-07 10:28:24,195 INFO No connection rule content found ,use default empty rule 

2025-01-07 10:28:24,333 INFO No tps control rule of CONFIG_PUSH_COUNT found,content =null  

2025-01-07 10:28:24,333 WARN Tps point for CONFIG_PUSH_COUNT registered, But tps control manager is no limit implementation.

2025-01-07 10:28:24,333 INFO No tps control rule of CONFIG_PUSH_SUCCESS found,content =null  

2025-01-07 10:28:24,333 WARN Tps point for CONFIG_PUSH_SUCCESS registered, But tps control manager is no limit implementation.

2025-01-07 10:28:24,333 INFO No tps control rule of CONFIG_PUSH_FAIL found,content =null  

2025-01-07 10:28:24,333 WARN Tps point for CONFIG_PUSH_FAIL registered, But tps control manager is no limit implementation.

2025-01-07 10:28:51,791 INFO Not configure type of control plugin, no limit control for current node.

2025-01-07 10:28:51,795 INFO Load connection metrics collector,size=2,[com.alibaba.nacos.config.server.service.LongPollingConnectionMetricsCollector@c1a4620, com.alibaba.nacos.core.remote.LongConnectionMetricsCollector@130a0f66]

2025-01-07 10:28:51,807 INFO No connection rule content found ,use default empty rule 

2025-01-07 10:28:51,914 INFO No tps control rule of CONFIG_PUSH_COUNT found,content =null  

2025-01-07 10:28:51,914 WARN Tps point for CONFIG_PUSH_COUNT registered, But tps control manager is no limit implementation.

2025-01-07 10:28:51,914 INFO No tps control rule of CONFIG_PUSH_SUCCESS found,content =null  

2025-01-07 10:28:51,914 WARN Tps point for CONFIG_PUSH_SUCCESS registered, But tps control manager is no limit implementation.

2025-01-07 10:28:51,914 INFO No tps control rule of CONFIG_PUSH_FAIL found,content =null  

2025-01-07 10:28:51,914 WARN Tps point for CONFIG_PUSH_FAIL registered, But tps control manager is no limit implementation.

2025-01-07 10:29:18,585 INFO Not configure type of control plugin, no limit control for current node.

2025-01-07 10:29:18,638 INFO Load connection metrics collector,size=2,[com.alibaba.nacos.config.server.service.LongPollingConnectionMetricsCollector@28f8e165, com.alibaba.nacos.core.remote.LongConnectionMetricsCollector@66f66866]

2025-01-07 10:29:18,639 INFO No connection rule content found ,use default empty rule 

2025-01-07 10:29:18,757 INFO No tps control rule of CONFIG_PUSH_COUNT found,content =null  

2025-01-07 10:29:18,757 WARN Tps point for CONFIG_PUSH_COUNT registered, But tps control manager is no limit implementation.

2025-01-07 10:29:18,757 INFO No tps control rule of CONFIG_PUSH_SUCCESS found,content =null  

2025-01-07 10:29:18,757 WARN Tps point for CONFIG_PUSH_SUCCESS registered, But tps control manager is no limit implementation.

2025-01-07 10:29:18,759 INFO No tps control rule of CONFIG_PUSH_FAIL found,content =null  

2025-01-07 10:29:18,759 WARN Tps point for CONFIG_PUSH_FAIL registered, But tps control manager is no limit implementation.

2025-01-07 10:29:45,660 INFO Not configure type of control plugin, no limit control for current node.

2025-01-07 10:29:45,663 INFO Load connection metrics collector,size=2,[com.alibaba.nacos.config.server.service.LongPollingConnectionMetricsCollector@7cc9ce8, com.alibaba.nacos.core.remote.LongConnectionMetricsCollector@c0b41d6]

2025-01-07 10:29:45,664 INFO No connection rule content found ,use default empty rule 

2025-01-07 10:29:45,797 INFO No tps control rule of CONFIG_PUSH_COUNT found,content =null  

2025-01-07 10:29:45,799 WARN Tps point for CONFIG_PUSH_COUNT registered, But tps control manager is no limit implementation.

2025-01-07 10:29:45,799 INFO No tps control rule of CONFIG_PUSH_SUCCESS found,content =null  

2025-01-07 10:29:45,800 WARN Tps point for CONFIG_PUSH_SUCCESS registered, But tps control manager is no limit implementation.

2025-01-07 10:29:45,800 INFO No tps control rule of CONFIG_PUSH_FAIL found,content =null  

2025-01-07 10:29:45,800 WARN Tps point for CONFIG_PUSH_FAIL registered, But tps control manager is no limit implementation.

2025-01-07 10:30:11,539 INFO Not configure type of control plugin, no limit control for current node.

2025-01-07 10:30:11,546 INFO Load connection metrics collector,size=2,[com.alibaba.nacos.config.server.service.LongPollingConnectionMetricsCollector@3773862a, com.alibaba.nacos.core.remote.LongConnectionMetricsCollector@589b028e]

2025-01-07 10:30:11,552 INFO No connection rule content found ,use default empty rule 

2025-01-07 10:30:11,682 INFO No tps control rule of CONFIG_PUSH_COUNT found,content =null  

2025-01-07 10:30:11,682 WARN Tps point for CONFIG_PUSH_COUNT registered, But tps control manager is no limit implementation.

2025-01-07 10:30:11,682 INFO No tps control rule of CONFIG_PUSH_SUCCESS found,content =null  

2025-01-07 10:30:11,682 WARN Tps point for CONFIG_PUSH_SUCCESS registered, But tps control manager is no limit implementation.

2025-01-07 10:30:11,682 INFO No tps control rule of CONFIG_PUSH_FAIL found,content =null  

2025-01-07 10:30:11,682 WARN Tps point for CONFIG_PUSH_FAIL registered, But tps control manager is no limit implementation.

2025-01-07 10:30:21,841 INFO No tps control rule of ConfigQuery found,content =null  

2025-01-07 10:30:21,841 WARN Tps point for ConfigQuery registered, But tps control manager is no limit implementation.

2025-01-07 10:30:21,842 INFO No tps control rule of ClusterConfigChangeNotify found,content =null  

2025-01-07 10:30:21,842 WARN Tps point for ClusterConfigChangeNotify registered, But tps control manager is no limit implementation.

2025-01-07 10:30:21,854 INFO No tps control rule of ConfigListen found,content =null  

2025-01-07 10:30:21,855 WARN Tps point for ConfigListen registered, But tps control manager is no limit implementation.

2025-01-07 10:30:21,855 INFO No tps control rule of ConfigRemove found,content =null  

2025-01-07 10:30:21,855 WARN Tps point for ConfigRemove registered, But tps control manager is no limit implementation.

2025-01-07 10:30:21,855 INFO No tps control rule of ConfigPublish found,content =null  

2025-01-07 10:30:21,855 WARN Tps point for ConfigPublish registered, But tps control manager is no limit implementation.

2025-01-07 10:30:21,855 INFO No tps control rule of HealthCheck found,content =null  

2025-01-07 10:30:21,855 WARN Tps point for HealthCheck registered, But tps control manager is no limit implementation.

2025-01-07 10:30:21,855 INFO No tps control rule of RemoteNamingServiceQuery found,content =null  

2025-01-07 10:30:21,855 WARN Tps point for RemoteNamingServiceQuery registered, But tps control manager is no limit implementation.

2025-01-07 10:30:21,855 INFO No tps control rule of RemoteNamingInstanceBatchRegister found,content =null  

2025-01-07 10:30:21,855 WARN Tps point for RemoteNamingInstanceBatchRegister registered, But tps control manager is no limit implementation.

2025-01-07 10:30:21,855 INFO No tps control rule of RemoteNamingInstanceRegisterDeregister found,content =null  

2025-01-07 10:30:21,855 WARN Tps point for RemoteNamingInstanceRegisterDeregister registered, But tps control manager is no limit implementation.

2025-01-07 10:30:21,855 INFO No tps control rule of RemoteNamingServiceListQuery found,content =null  

2025-01-07 10:30:21,855 WARN Tps point for RemoteNamingServiceListQuery registered, But tps control manager is no limit implementation.

2025-01-07 10:30:21,855 INFO No tps control rule of RemoteNamingServiceSubscribeUnSubscribe found,content =null  

2025-01-07 10:30:21,856 WARN Tps point for RemoteNamingServiceSubscribeUnSubscribe registered, But tps control manager is no limit implementation.

2025-01-07 10:30:21,856 WARN Tps point for RemoteNamingInstanceRegisterDeregister registered, But tps control manager is no limit implementation.

2025-01-07 10:30:21,856 WARN Tps point for ConfigQuery registered, But tps control manager is no limit implementation.

2025-01-07 10:30:21,856 INFO No tps control rule of NamingInstanceDeregister found,content =null  

2025-01-07 10:30:21,856 WARN Tps point for NamingInstanceDeregister registered, But tps control manager is no limit implementation.

2025-01-07 10:30:21,856 INFO No tps control rule of NamingInstanceMetadataUpdate found,content =null  

2025-01-07 10:30:21,856 WARN Tps point for NamingInstanceMetadataUpdate registered, But tps control manager is no limit implementation.

2025-01-07 10:30:21,856 INFO No tps control rule of NamingServiceUpdate found,content =null  

2025-01-07 10:30:21,856 WARN Tps point for NamingServiceUpdate registered, But tps control manager is no limit implementation.

2025-01-07 10:30:21,856 INFO No tps control rule of NamingServiceListQuery found,content =null  

2025-01-07 10:30:21,856 WARN Tps point for NamingServiceListQuery registered, But tps control manager is no limit implementation.

2025-01-07 10:30:21,856 INFO No tps control rule of NamingInstanceQuery found,content =null  

2025-01-07 10:30:21,856 WARN Tps point for NamingInstanceQuery registered, But tps control manager is no limit implementation.

2025-01-07 10:30:21,857 INFO No tps control rule of HttpHealthCheck found,content =null  

2025-01-07 10:30:21,857 WARN Tps point for HttpHealthCheck registered, But tps control manager is no limit implementation.

2025-01-07 10:30:21,857 INFO No tps control rule of NamingServiceRegister found,content =null  

2025-01-07 10:30:21,857 WARN Tps point for NamingServiceRegister registered, But tps control manager is no limit implementation.

2025-01-07 10:30:21,857 INFO No tps control rule of NamingServiceSubscribe found,content =null  

2025-01-07 10:30:21,857 WARN Tps point for NamingServiceSubscribe registered, But tps control manager is no limit implementation.

2025-01-07 10:30:21,857 WARN Tps point for NamingInstanceMetadataUpdate registered, But tps control manager is no limit implementation.

2025-01-07 10:30:21,857 INFO No tps control rule of NamingInstanceRegister found,content =null  

2025-01-07 10:30:21,857 WARN Tps point for NamingInstanceRegister registered, But tps control manager is no limit implementation.

2025-01-07 10:30:21,857 INFO No tps control rule of NamingInstanceUpdate found,content =null  

2025-01-07 10:30:21,857 WARN Tps point for NamingInstanceUpdate registered, But tps control manager is no limit implementation.

2025-01-07 10:30:21,857 WARN Tps point for NamingInstanceDeregister registered, But tps control manager is no limit implementation.

2025-01-07 10:30:21,857 INFO No tps control rule of NamingServiceQuery found,content =null  

2025-01-07 10:30:21,857 WARN Tps point for NamingServiceQuery registered, But tps control manager is no limit implementation.

2025-01-07 10:30:21,857 WARN Tps point for ConfigPublish registered, But tps control manager is no limit implementation.

2025-01-07 10:30:21,857 WARN Tps point for NamingInstanceMetadataUpdate registered, But tps control manager is no limit implementation.

2025-01-07 10:30:21,857 WARN Tps point for NamingInstanceUpdate registered, But tps control manager is no limit implementation.

2025-01-07 10:30:21,857 WARN Tps point for NamingServiceSubscribe registered, But tps control manager is no limit implementation.

2025-01-07 10:30:21,857 WARN Tps point for HttpHealthCheck registered, But tps control manager is no limit implementation.

2025-01-07 10:30:21,857 WARN Tps point for NamingServiceQuery registered, But tps control manager is no limit implementation.

2025-01-07 10:30:21,857 INFO No tps control rule of NamingServiceDeregister found,content =null  

2025-01-07 10:30:21,857 WARN Tps point for NamingServiceDeregister registered, But tps control manager is no limit implementation.

2025-01-07 10:30:21,857 WARN Tps point for NamingServiceListQuery registered, But tps control manager is no limit implementation.

2025-01-07 10:30:21,857 WARN Tps point for NamingInstanceQuery registered, But tps control manager is no limit implementation.

2025-01-07 10:30:21,857 WARN Tps point for NamingInstanceRegister registered, But tps control manager is no limit implementation.

2025-01-07 10:30:21,857 WARN Tps point for NamingServiceUpdate registered, But tps control manager is no limit implementation.

2025-01-07 10:30:21,857 WARN Tps point for NamingInstanceMetadataUpdate registered, But tps control manager is no limit implementation.

2025-01-07 10:30:21,857 WARN Tps point for NamingServiceRegister registered, But tps control manager is no limit implementation.

2025-01-07 10:30:21,857 WARN Tps point for NamingServiceDeregister registered, But tps control manager is no limit implementation.

2025-01-07 10:37:21,799 INFO Not configure type of control plugin, no limit control for current node.

2025-01-07 10:37:21,806 INFO Load connection metrics collector,size=2,[com.alibaba.nacos.config.server.service.LongPollingConnectionMetricsCollector@30865a90, com.alibaba.nacos.core.remote.LongConnectionMetricsCollector@777c9dc9]

2025-01-07 10:37:21,807 INFO No connection rule content found ,use default empty rule 

2025-01-07 10:37:21,895 INFO No tps control rule of CONFIG_PUSH_COUNT found,content =null  

2025-01-07 10:37:21,895 WARN Tps point for CONFIG_PUSH_COUNT registered, But tps control manager is no limit implementation.

2025-01-07 10:37:21,895 INFO No tps control rule of CONFIG_PUSH_SUCCESS found,content =null  

2025-01-07 10:37:21,895 WARN Tps point for CONFIG_PUSH_SUCCESS registered, But tps control manager is no limit implementation.

2025-01-07 10:37:21,895 INFO No tps control rule of CONFIG_PUSH_FAIL found,content =null  

2025-01-07 10:37:21,895 WARN Tps point for CONFIG_PUSH_FAIL registered, But tps control manager is no limit implementation.

2025-01-07 10:37:32,285 INFO No tps control rule of ConfigQuery found,content =null  

2025-01-07 10:37:32,285 WARN Tps point for ConfigQuery registered, But tps control manager is no limit implementation.

2025-01-07 10:37:32,285 INFO No tps control rule of ClusterConfigChangeNotify found,content =null  

2025-01-07 10:37:32,285 WARN Tps point for ClusterConfigChangeNotify registered, But tps control manager is no limit implementation.

2025-01-07 10:37:32,307 INFO No tps control rule of ConfigListen found,content =null  

2025-01-07 10:37:32,307 WARN Tps point for ConfigListen registered, But tps control manager is no limit implementation.

2025-01-07 10:37:32,307 INFO No tps control rule of ConfigRemove found,content =null  

2025-01-07 10:37:32,307 WARN Tps point for ConfigRemove registered, But tps control manager is no limit implementation.

2025-01-07 10:37:32,307 INFO No tps control rule of ConfigPublish found,content =null  

2025-01-07 10:37:32,307 WARN Tps point for ConfigPublish registered, But tps control manager is no limit implementation.

2025-01-07 10:37:32,307 INFO No tps control rule of HealthCheck found,content =null  

2025-01-07 10:37:32,307 WARN Tps point for HealthCheck registered, But tps control manager is no limit implementation.

2025-01-07 10:37:32,312 INFO No tps control rule of RemoteNamingServiceQuery found,content =null  

2025-01-07 10:37:32,312 WARN Tps point for RemoteNamingServiceQuery registered, But tps control manager is no limit implementation.

2025-01-07 10:37:32,312 INFO No tps control rule of RemoteNamingInstanceBatchRegister found,content =null  

2025-01-07 10:37:32,312 WARN Tps point for RemoteNamingInstanceBatchRegister registered, But tps control manager is no limit implementation.

2025-01-07 10:37:32,312 INFO No tps control rule of RemoteNamingInstanceRegisterDeregister found,content =null  

2025-01-07 10:37:32,312 WARN Tps point for RemoteNamingInstanceRegisterDeregister registered, But tps control manager is no limit implementation.

2025-01-07 10:37:32,312 INFO No tps control rule of RemoteNamingServiceListQuery found,content =null  

2025-01-07 10:37:32,312 WARN Tps point for RemoteNamingServiceListQuery registered, But tps control manager is no limit implementation.

2025-01-07 10:37:32,313 INFO No tps control rule of RemoteNamingServiceSubscribeUnSubscribe found,content =null  

2025-01-07 10:37:32,313 WARN Tps point for RemoteNamingServiceSubscribeUnSubscribe registered, But tps control manager is no limit implementation.

2025-01-07 10:37:32,313 WARN Tps point for RemoteNamingInstanceRegisterDeregister registered, But tps control manager is no limit implementation.

2025-01-07 10:37:32,313 INFO No tps control rule of HttpHealthCheck found,content =null  

2025-01-07 10:37:32,313 WARN Tps point for HttpHealthCheck registered, But tps control manager is no limit implementation.

2025-01-07 10:37:32,313 INFO No tps control rule of NamingServiceListQuery found,content =null  

2025-01-07 10:37:32,313 WARN Tps point for NamingServiceListQuery registered, But tps control manager is no limit implementation.

2025-01-07 10:37:32,313 INFO No tps control rule of NamingInstanceQuery found,content =null  

2025-01-07 10:37:32,313 WARN Tps point for NamingInstanceQuery registered, But tps control manager is no limit implementation.

2025-01-07 10:37:32,313 INFO No tps control rule of NamingServiceUpdate found,content =null  

2025-01-07 10:37:32,313 WARN Tps point for NamingServiceUpdate registered, But tps control manager is no limit implementation.

2025-01-07 10:37:32,313 INFO No tps control rule of NamingServiceSubscribe found,content =null  

2025-01-07 10:37:32,313 WARN Tps point for NamingServiceSubscribe registered, But tps control manager is no limit implementation.

2025-01-07 10:37:32,313 WARN Tps point for NamingInstanceQuery registered, But tps control manager is no limit implementation.

2025-01-07 10:37:32,313 INFO No tps control rule of NamingServiceDeregister found,content =null  

2025-01-07 10:37:32,313 WARN Tps point for NamingServiceDeregister registered, But tps control manager is no limit implementation.

2025-01-07 10:37:32,314 WARN Tps point for ConfigQuery registered, But tps control manager is no limit implementation.

2025-01-07 10:37:32,314 INFO No tps control rule of NamingInstanceRegister found,content =null  

2025-01-07 10:37:32,314 WARN Tps point for NamingInstanceRegister registered, But tps control manager is no limit implementation.

2025-01-07 10:37:32,314 INFO No tps control rule of NamingServiceRegister found,content =null  

2025-01-07 10:37:32,314 WARN Tps point for NamingServiceRegister registered, But tps control manager is no limit implementation.

2025-01-07 10:37:32,314 INFO No tps control rule of NamingInstanceUpdate found,content =null  

2025-01-07 10:37:32,314 WARN Tps point for NamingInstanceUpdate registered, But tps control manager is no limit implementation.

2025-01-07 10:37:32,314 WARN Tps point for NamingServiceDeregister registered, But tps control manager is no limit implementation.

2025-01-07 10:37:32,314 WARN Tps point for HttpHealthCheck registered, But tps control manager is no limit implementation.

2025-01-07 10:37:32,314 INFO No tps control rule of NamingInstanceDeregister found,content =null  

2025-01-07 10:37:32,314 WARN Tps point for NamingInstanceDeregister registered, But tps control manager is no limit implementation.

2025-01-07 10:37:32,314 WARN Tps point for NamingServiceRegister registered, But tps control manager is no limit implementation.

2025-01-07 10:37:32,314 INFO No tps control rule of NamingInstanceMetadataUpdate found,content =null  

2025-01-07 10:37:32,314 WARN Tps point for NamingInstanceMetadataUpdate registered, But tps control manager is no limit implementation.

2025-01-07 10:37:32,314 WARN Tps point for NamingServiceSubscribe registered, But tps control manager is no limit implementation.

2025-01-07 10:37:32,314 WARN Tps point for NamingServiceListQuery registered, But tps control manager is no limit implementation.

2025-01-07 10:37:32,314 INFO No tps control rule of NamingServiceQuery found,content =null  

2025-01-07 10:37:32,314 WARN Tps point for NamingServiceQuery registered, But tps control manager is no limit implementation.

2025-01-07 10:37:32,314 WARN Tps point for NamingInstanceUpdate registered, But tps control manager is no limit implementation.

2025-01-07 10:37:32,314 WARN Tps point for NamingInstanceMetadataUpdate registered, But tps control manager is no limit implementation.

2025-01-07 10:37:32,314 WARN Tps point for NamingServiceUpdate registered, But tps control manager is no limit implementation.

2025-01-07 10:37:32,314 WARN Tps point for NamingInstanceMetadataUpdate registered, But tps control manager is no limit implementation.

2025-01-07 10:37:32,314 WARN Tps point for NamingInstanceDeregister registered, But tps control manager is no limit implementation.

2025-01-07 10:37:32,314 WARN Tps point for ConfigPublish registered, But tps control manager is no limit implementation.

2025-01-07 10:37:32,314 WARN Tps point for NamingInstanceMetadataUpdate registered, But tps control manager is no limit implementation.

2025-01-07 10:37:32,314 WARN Tps point for NamingServiceQuery registered, But tps control manager is no limit implementation.

2025-01-07 10:37:32,314 WARN Tps point for NamingInstanceRegister registered, But tps control manager is no limit implementation.

2025-01-07 10:40:01,176 INFO Not configure type of control plugin, no limit control for current node.

2025-01-07 10:40:01,179 INFO Load connection metrics collector,size=2,[com.alibaba.nacos.config.server.service.LongPollingConnectionMetricsCollector@38d5b107, com.alibaba.nacos.core.remote.LongConnectionMetricsCollector@44ea608c]

2025-01-07 10:40:01,180 INFO No connection rule content found ,use default empty rule 

2025-01-07 10:40:01,282 INFO No tps control rule of CONFIG_PUSH_COUNT found,content =null  

2025-01-07 10:40:01,282 WARN Tps point for CONFIG_PUSH_COUNT registered, But tps control manager is no limit implementation.

2025-01-07 10:40:01,295 INFO No tps control rule of CONFIG_PUSH_SUCCESS found,content =null  

2025-01-07 10:40:01,295 WARN Tps point for CONFIG_PUSH_SUCCESS registered, But tps control manager is no limit implementation.

2025-01-07 10:40:01,296 INFO No tps control rule of CONFIG_PUSH_FAIL found,content =null  

2025-01-07 10:40:01,296 WARN Tps point for CONFIG_PUSH_FAIL registered, But tps control manager is no limit implementation.

2025-01-07 10:41:07,715 INFO Not configure type of control plugin, no limit control for current node.

2025-01-07 10:41:07,719 INFO Load connection metrics collector,size=2,[com.alibaba.nacos.config.server.service.LongPollingConnectionMetricsCollector@77e2a6e2, com.alibaba.nacos.core.remote.LongConnectionMetricsCollector@199e4c2b]

2025-01-07 10:41:07,720 INFO No connection rule content found ,use default empty rule 

2025-01-07 10:41:07,765 INFO No tps control rule of CONFIG_PUSH_COUNT found,content =null  

2025-01-07 10:41:07,765 WARN Tps point for CONFIG_PUSH_COUNT registered, But tps control manager is no limit implementation.

2025-01-07 10:41:07,765 INFO No tps control rule of CONFIG_PUSH_SUCCESS found,content =null  

2025-01-07 10:41:07,765 WARN Tps point for CONFIG_PUSH_SUCCESS registered, But tps control manager is no limit implementation.

2025-01-07 10:41:07,765 INFO No tps control rule of CONFIG_PUSH_FAIL found,content =null  

2025-01-07 10:41:07,765 WARN Tps point for CONFIG_PUSH_FAIL registered, But tps control manager is no limit implementation.

2025-01-07 10:41:17,588 INFO No tps control rule of ConfigQuery found,content =null  

2025-01-07 10:41:17,588 WARN Tps point for ConfigQuery registered, But tps control manager is no limit implementation.

2025-01-07 10:41:17,589 INFO No tps control rule of ClusterConfigChangeNotify found,content =null  

2025-01-07 10:41:17,589 WARN Tps point for ClusterConfigChangeNotify registered, But tps control manager is no limit implementation.

2025-01-07 10:41:17,603 INFO No tps control rule of ConfigListen found,content =null  

2025-01-07 10:41:17,604 WARN Tps point for ConfigListen registered, But tps control manager is no limit implementation.

2025-01-07 10:41:17,604 INFO No tps control rule of ConfigRemove found,content =null  

2025-01-07 10:41:17,604 WARN Tps point for ConfigRemove registered, But tps control manager is no limit implementation.

2025-01-07 10:41:17,604 INFO No tps control rule of ConfigPublish found,content =null  

2025-01-07 10:41:17,604 WARN Tps point for ConfigPublish registered, But tps control manager is no limit implementation.

2025-01-07 10:41:17,604 INFO No tps control rule of HealthCheck found,content =null  

2025-01-07 10:41:17,604 WARN Tps point for HealthCheck registered, But tps control manager is no limit implementation.

2025-01-07 10:41:17,604 INFO No tps control rule of RemoteNamingServiceQuery found,content =null  

2025-01-07 10:41:17,604 WARN Tps point for RemoteNamingServiceQuery registered, But tps control manager is no limit implementation.

2025-01-07 10:41:17,604 INFO No tps control rule of RemoteNamingInstanceBatchRegister found,content =null  

2025-01-07 10:41:17,604 WARN Tps point for RemoteNamingInstanceBatchRegister registered, But tps control manager is no limit implementation.

2025-01-07 10:41:17,604 INFO No tps control rule of RemoteNamingInstanceRegisterDeregister found,content =null  

2025-01-07 10:41:17,604 WARN Tps point for RemoteNamingInstanceRegisterDeregister registered, But tps control manager is no limit implementation.

2025-01-07 10:41:17,604 INFO No tps control rule of RemoteNamingServiceListQuery found,content =null  

2025-01-07 10:41:17,605 WARN Tps point for RemoteNamingServiceListQuery registered, But tps control manager is no limit implementation.

2025-01-07 10:41:17,605 INFO No tps control rule of RemoteNamingServiceSubscribeUnSubscribe found,content =null  

2025-01-07 10:41:17,605 WARN Tps point for RemoteNamingServiceSubscribeUnSubscribe registered, But tps control manager is no limit implementation.

2025-01-07 10:41:17,605 WARN Tps point for RemoteNamingInstanceRegisterDeregister registered, But tps control manager is no limit implementation.

2025-01-07 10:41:17,605 INFO No tps control rule of NamingServiceListQuery found,content =null  

2025-01-07 10:41:17,605 WARN Tps point for NamingServiceListQuery registered, But tps control manager is no limit implementation.

2025-01-07 10:41:17,605 INFO No tps control rule of NamingInstanceMetadataUpdate found,content =null  

2025-01-07 10:41:17,605 WARN Tps point for NamingInstanceMetadataUpdate registered, But tps control manager is no limit implementation.

2025-01-07 10:41:17,605 INFO No tps control rule of NamingServiceSubscribe found,content =null  

2025-01-07 10:41:17,606 WARN Tps point for NamingServiceSubscribe registered, But tps control manager is no limit implementation.

2025-01-07 10:41:17,606 INFO No tps control rule of HttpHealthCheck found,content =null  

2025-01-07 10:41:17,606 WARN Tps point for HttpHealthCheck registered, But tps control manager is no limit implementation.

2025-01-07 10:41:17,606 INFO No tps control rule of NamingServiceUpdate found,content =null  

2025-01-07 10:41:17,606 WARN Tps point for NamingServiceUpdate registered, But tps control manager is no limit implementation.

2025-01-07 10:41:17,606 INFO No tps control rule of NamingInstanceDeregister found,content =null  

2025-01-07 10:41:17,606 WARN Tps point for NamingInstanceDeregister registered, But tps control manager is no limit implementation.

2025-01-07 10:41:17,606 INFO No tps control rule of NamingServiceRegister found,content =null  

2025-01-07 10:41:17,606 WARN Tps point for NamingServiceRegister registered, But tps control manager is no limit implementation.

2025-01-07 10:41:17,606 INFO No tps control rule of NamingInstanceQuery found,content =null  

2025-01-07 10:41:17,606 WARN Tps point for NamingInstanceQuery registered, But tps control manager is no limit implementation.

2025-01-07 10:41:17,606 WARN Tps point for HttpHealthCheck registered, But tps control manager is no limit implementation.

2025-01-07 10:41:17,606 WARN Tps point for NamingInstanceMetadataUpdate registered, But tps control manager is no limit implementation.

2025-01-07 10:41:17,606 WARN Tps point for NamingServiceListQuery registered, But tps control manager is no limit implementation.

2025-01-07 10:41:17,606 WARN Tps point for NamingInstanceDeregister registered, But tps control manager is no limit implementation.

2025-01-07 10:41:17,606 WARN Tps point for NamingInstanceQuery registered, But tps control manager is no limit implementation.

2025-01-07 10:41:17,606 WARN Tps point for NamingServiceRegister registered, But tps control manager is no limit implementation.

2025-01-07 10:41:17,606 WARN Tps point for ConfigQuery registered, But tps control manager is no limit implementation.

2025-01-07 10:41:17,606 WARN Tps point for NamingServiceUpdate registered, But tps control manager is no limit implementation.

2025-01-07 10:41:17,606 INFO No tps control rule of NamingServiceQuery found,content =null  

2025-01-07 10:41:17,606 WARN Tps point for NamingServiceQuery registered, But tps control manager is no limit implementation.

2025-01-07 10:41:17,606 INFO No tps control rule of NamingServiceDeregister found,content =null  

2025-01-07 10:41:17,606 WARN Tps point for NamingServiceDeregister registered, But tps control manager is no limit implementation.

2025-01-07 10:41:17,606 INFO No tps control rule of NamingInstanceUpdate found,content =null  

2025-01-07 10:41:17,606 WARN Tps point for NamingInstanceUpdate registered, But tps control manager is no limit implementation.

2025-01-07 10:41:17,606 WARN Tps point for NamingServiceSubscribe registered, But tps control manager is no limit implementation.

2025-01-07 10:41:17,606 WARN Tps point for NamingInstanceMetadataUpdate registered, But tps control manager is no limit implementation.

2025-01-07 10:41:17,606 WARN Tps point for NamingServiceQuery registered, But tps control manager is no limit implementation.

2025-01-07 10:41:17,606 WARN Tps point for NamingInstanceMetadataUpdate registered, But tps control manager is no limit implementation.

2025-01-07 10:41:17,607 INFO No tps control rule of NamingInstanceRegister found,content =null  

2025-01-07 10:41:17,607 WARN Tps point for NamingInstanceRegister registered, But tps control manager is no limit implementation.

2025-01-07 10:41:17,607 WARN Tps point for NamingInstanceUpdate registered, But tps control manager is no limit implementation.

2025-01-07 10:41:17,607 WARN Tps point for NamingServiceDeregister registered, But tps control manager is no limit implementation.

2025-01-07 10:41:17,607 WARN Tps point for ConfigPublish registered, But tps control manager is no limit implementation.

2025-01-07 10:41:17,607 WARN Tps point for NamingInstanceRegister registered, But tps control manager is no limit implementation.

2025-01-07 10:44:11,019 INFO Not configure type of control plugin, no limit control for current node.

2025-01-07 10:44:11,023 INFO Load connection metrics collector,size=2,[com.alibaba.nacos.config.server.service.LongPollingConnectionMetricsCollector@73e132e0, com.alibaba.nacos.core.remote.LongConnectionMetricsCollector@2472c7d8]

2025-01-07 10:44:11,024 INFO No connection rule content found ,use default empty rule 

2025-01-07 10:44:11,124 INFO No tps control rule of CONFIG_PUSH_COUNT found,content =null  

2025-01-07 10:44:11,124 WARN Tps point for CONFIG_PUSH_COUNT registered, But tps control manager is no limit implementation.

2025-01-07 10:44:11,124 INFO No tps control rule of CONFIG_PUSH_SUCCESS found,content =null  

2025-01-07 10:44:11,124 WARN Tps point for CONFIG_PUSH_SUCCESS registered, But tps control manager is no limit implementation.

2025-01-07 10:44:11,124 INFO No tps control rule of CONFIG_PUSH_FAIL found,content =null  

2025-01-07 10:44:11,124 WARN Tps point for CONFIG_PUSH_FAIL registered, But tps control manager is no limit implementation.

2025-01-07 10:44:19,917 INFO No tps control rule of ConfigQuery found,content =null  

2025-01-07 10:44:19,918 WARN Tps point for ConfigQuery registered, But tps control manager is no limit implementation.

2025-01-07 10:44:19,918 INFO No tps control rule of ClusterConfigChangeNotify found,content =null  

2025-01-07 10:44:19,918 WARN Tps point for ClusterConfigChangeNotify registered, But tps control manager is no limit implementation.

2025-01-07 10:44:20,011 INFO No tps control rule of ConfigListen found,content =null  

2025-01-07 10:44:20,011 WARN Tps point for ConfigListen registered, But tps control manager is no limit implementation.

2025-01-07 10:44:20,011 INFO No tps control rule of ConfigRemove found,content =null  

2025-01-07 10:44:20,011 WARN Tps point for ConfigRemove registered, But tps control manager is no limit implementation.

2025-01-07 10:44:20,011 INFO No tps control rule of ConfigPublish found,content =null  

2025-01-07 10:44:20,011 WARN Tps point for ConfigPublish registered, But tps control manager is no limit implementation.

2025-01-07 10:44:20,012 INFO No tps control rule of HealthCheck found,content =null  

2025-01-07 10:44:20,012 WARN Tps point for HealthCheck registered, But tps control manager is no limit implementation.

2025-01-07 10:44:20,012 INFO No tps control rule of RemoteNamingServiceQuery found,content =null  

2025-01-07 10:44:20,012 WARN Tps point for RemoteNamingServiceQuery registered, But tps control manager is no limit implementation.

2025-01-07 10:44:20,012 INFO No tps control rule of RemoteNamingInstanceBatchRegister found,content =null  

2025-01-07 10:44:20,012 WARN Tps point for RemoteNamingInstanceBatchRegister registered, But tps control manager is no limit implementation.

2025-01-07 10:44:20,012 INFO No tps control rule of RemoteNamingInstanceRegisterDeregister found,content =null  

2025-01-07 10:44:20,012 WARN Tps point for RemoteNamingInstanceRegisterDeregister registered, But tps control manager is no limit implementation.

2025-01-07 10:44:20,012 INFO No tps control rule of RemoteNamingServiceListQuery found,content =null  

2025-01-07 10:44:20,012 WARN Tps point for RemoteNamingServiceListQuery registered, But tps control manager is no limit implementation.

2025-01-07 10:44:20,012 INFO No tps control rule of RemoteNamingServiceSubscribeUnSubscribe found,content =null  

2025-01-07 10:44:20,012 WARN Tps point for RemoteNamingServiceSubscribeUnSubscribe registered, But tps control manager is no limit implementation.

2025-01-07 10:44:20,012 WARN Tps point for RemoteNamingInstanceRegisterDeregister registered, But tps control manager is no limit implementation.

2025-01-07 10:44:20,013 INFO No tps control rule of NamingInstanceDeregister found,content =null  

2025-01-07 10:44:20,013 WARN Tps point for NamingInstanceDeregister registered, But tps control manager is no limit implementation.

2025-01-07 10:44:20,013 INFO No tps control rule of HttpHealthCheck found,content =null  

2025-01-07 10:44:20,013 WARN Tps point for HttpHealthCheck registered, But tps control manager is no limit implementation.

2025-01-07 10:44:20,013 INFO No tps control rule of NamingServiceSubscribe found,content =null  

2025-01-07 10:44:20,013 WARN Tps point for NamingServiceSubscribe registered, But tps control manager is no limit implementation.

2025-01-07 10:44:20,013 INFO No tps control rule of NamingInstanceQuery found,content =null  

2025-01-07 10:44:20,013 WARN Tps point for NamingInstanceQuery registered, But tps control manager is no limit implementation.

2025-01-07 10:44:20,013 WARN Tps point for ConfigQuery registered, But tps control manager is no limit implementation.

2025-01-07 10:44:20,013 INFO No tps control rule of NamingServiceRegister found,content =null  

2025-01-07 10:44:20,013 WARN Tps point for NamingServiceRegister registered, But tps control manager is no limit implementation.

2025-01-07 10:44:20,013 WARN Tps point for NamingServiceRegister registered, But tps control manager is no limit implementation.

2025-01-07 10:44:20,014 INFO No tps control rule of NamingServiceListQuery found,content =null  

2025-01-07 10:44:20,014 WARN Tps point for NamingServiceListQuery registered, But tps control manager is no limit implementation.

2025-01-07 10:44:20,014 INFO No tps control rule of NamingInstanceMetadataUpdate found,content =null  

2025-01-07 10:44:20,014 WARN Tps point for NamingInstanceMetadataUpdate registered, But tps control manager is no limit implementation.

2025-01-07 10:44:20,014 WARN Tps point for NamingInstanceDeregister registered, But tps control manager is no limit implementation.

2025-01-07 10:44:20,014 WARN Tps point for NamingInstanceMetadataUpdate registered, But tps control manager is no limit implementation.

2025-01-07 10:44:20,014 INFO No tps control rule of NamingServiceUpdate found,content =null  

2025-01-07 10:44:20,014 WARN Tps point for NamingServiceUpdate registered, But tps control manager is no limit implementation.

2025-01-07 10:44:20,014 WARN Tps point for ConfigPublish registered, But tps control manager is no limit implementation.

2025-01-07 10:44:20,014 WARN Tps point for HttpHealthCheck registered, But tps control manager is no limit implementation.

2025-01-07 10:44:20,014 WARN Tps point for NamingServiceSubscribe registered, But tps control manager is no limit implementation.

2025-01-07 10:44:20,014 INFO No tps control rule of NamingServiceQuery found,content =null  

2025-01-07 10:44:20,014 WARN Tps point for NamingServiceQuery registered, But tps control manager is no limit implementation.

2025-01-07 10:44:20,014 INFO No tps control rule of NamingInstanceUpdate found,content =null  

2025-01-07 10:44:20,014 WARN Tps point for NamingInstanceUpdate registered, But tps control manager is no limit implementation.

2025-01-07 10:44:20,014 WARN Tps point for NamingInstanceMetadataUpdate registered, But tps control manager is no limit implementation.

2025-01-07 10:44:20,014 WARN Tps point for NamingInstanceUpdate registered, But tps control manager is no limit implementation.

2025-01-07 10:44:20,014 INFO No tps control rule of NamingInstanceRegister found,content =null  

2025-01-07 10:44:20,014 WARN Tps point for NamingInstanceRegister registered, But tps control manager is no limit implementation.

2025-01-07 10:44:20,014 WARN Tps point for NamingServiceQuery registered, But tps control manager is no limit implementation.

2025-01-07 10:44:20,014 WARN Tps point for NamingServiceListQuery registered, But tps control manager is no limit implementation.

2025-01-07 10:44:20,014 WARN Tps point for NamingServiceUpdate registered, But tps control manager is no limit implementation.

2025-01-07 10:44:20,014 WARN Tps point for NamingInstanceQuery registered, But tps control manager is no limit implementation.

2025-01-07 10:44:20,014 INFO No tps control rule of NamingServiceDeregister found,content =null  

2025-01-07 10:44:20,014 WARN Tps point for NamingServiceDeregister registered, But tps control manager is no limit implementation.

2025-01-07 10:44:20,014 WARN Tps point for NamingServiceDeregister registered, But tps control manager is no limit implementation.

2025-01-07 10:44:20,015 WARN Tps point for NamingInstanceMetadataUpdate registered, But tps control manager is no limit implementation.

2025-01-07 10:44:20,015 WARN Tps point for NamingInstanceRegister registered, But tps control manager is no limit implementation.

2025-01-07 10:58:48,612 INFO Not configure type of control plugin, no limit control for current node.

2025-01-07 10:58:48,616 INFO Load connection metrics collector,size=2,[com.alibaba.nacos.config.server.service.LongPollingConnectionMetricsCollector@55b5e331, com.alibaba.nacos.core.remote.LongConnectionMetricsCollector@15fc442]

2025-01-07 10:58:48,617 INFO No connection rule content found ,use default empty rule 

2025-01-07 10:58:48,688 INFO No tps control rule of CONFIG_PUSH_COUNT found,content =null  

2025-01-07 10:58:48,689 WARN Tps point for CONFIG_PUSH_COUNT registered, But tps control manager is no limit implementation.

2025-01-07 10:58:48,689 INFO No tps control rule of CONFIG_PUSH_SUCCESS found,content =null  

2025-01-07 10:58:48,689 WARN Tps point for CONFIG_PUSH_SUCCESS registered, But tps control manager is no limit implementation.

2025-01-07 10:58:48,689 INFO No tps control rule of CONFIG_PUSH_FAIL found,content =null  

2025-01-07 10:58:48,689 WARN Tps point for CONFIG_PUSH_FAIL registered, But tps control manager is no limit implementation.

2025-01-07 10:58:59,594 INFO No tps control rule of ConfigQuery found,content =null  

2025-01-07 10:58:59,594 WARN Tps point for ConfigQuery registered, But tps control manager is no limit implementation.

2025-01-07 10:58:59,594 INFO No tps control rule of ClusterConfigChangeNotify found,content =null  

2025-01-07 10:58:59,594 WARN Tps point for ClusterConfigChangeNotify registered, But tps control manager is no limit implementation.

2025-01-07 10:58:59,630 INFO No tps control rule of ConfigListen found,content =null  

2025-01-07 10:58:59,630 WARN Tps point for ConfigListen registered, But tps control manager is no limit implementation.

2025-01-07 10:58:59,630 INFO No tps control rule of ConfigRemove found,content =null  

2025-01-07 10:58:59,630 WARN Tps point for ConfigRemove registered, But tps control manager is no limit implementation.

2025-01-07 10:58:59,630 INFO No tps control rule of ConfigPublish found,content =null  

2025-01-07 10:58:59,630 WARN Tps point for ConfigPublish registered, But tps control manager is no limit implementation.

2025-01-07 10:58:59,630 INFO No tps control rule of HealthCheck found,content =null  

2025-01-07 10:58:59,630 WARN Tps point for HealthCheck registered, But tps control manager is no limit implementation.

2025-01-07 10:58:59,630 INFO No tps control rule of RemoteNamingServiceQuery found,content =null  

2025-01-07 10:58:59,630 WARN Tps point for RemoteNamingServiceQuery registered, But tps control manager is no limit implementation.

2025-01-07 10:58:59,631 INFO No tps control rule of RemoteNamingInstanceBatchRegister found,content =null  

2025-01-07 10:58:59,631 WARN Tps point for RemoteNamingInstanceBatchRegister registered, But tps control manager is no limit implementation.

2025-01-07 10:58:59,631 INFO No tps control rule of RemoteNamingInstanceRegisterDeregister found,content =null  

2025-01-07 10:58:59,631 WARN Tps point for RemoteNamingInstanceRegisterDeregister registered, But tps control manager is no limit implementation.

2025-01-07 10:58:59,631 INFO No tps control rule of RemoteNamingServiceListQuery found,content =null  

2025-01-07 10:58:59,631 WARN Tps point for RemoteNamingServiceListQuery registered, But tps control manager is no limit implementation.

2025-01-07 10:58:59,631 INFO No tps control rule of RemoteNamingServiceSubscribeUnSubscribe found,content =null  

2025-01-07 10:58:59,631 WARN Tps point for RemoteNamingServiceSubscribeUnSubscribe registered, But tps control manager is no limit implementation.

2025-01-07 10:58:59,631 WARN Tps point for RemoteNamingInstanceRegisterDeregister registered, But tps control manager is no limit implementation.

2025-01-07 10:58:59,632 INFO No tps control rule of HttpHealthCheck found,content =null  

2025-01-07 10:58:59,632 WARN Tps point for HttpHealthCheck registered, But tps control manager is no limit implementation.

2025-01-07 10:58:59,632 INFO No tps control rule of NamingServiceDeregister found,content =null  

2025-01-07 10:58:59,632 WARN Tps point for NamingServiceDeregister registered, But tps control manager is no limit implementation.

2025-01-07 10:58:59,632 INFO No tps control rule of NamingServiceListQuery found,content =null  

2025-01-07 10:58:59,632 WARN Tps point for NamingServiceListQuery registered, But tps control manager is no limit implementation.

2025-01-07 10:58:59,632 INFO No tps control rule of NamingInstanceRegister found,content =null  

2025-01-07 10:58:59,632 WARN Tps point for NamingInstanceRegister registered, But tps control manager is no limit implementation.

2025-01-07 10:58:59,632 INFO No tps control rule of NamingServiceUpdate found,content =null  

2025-01-07 10:58:59,632 WARN Tps point for NamingServiceUpdate registered, But tps control manager is no limit implementation.

2025-01-07 10:58:59,632 INFO No tps control rule of NamingServiceRegister found,content =null  

2025-01-07 10:58:59,632 WARN Tps point for NamingServiceRegister registered, But tps control manager is no limit implementation.

2025-01-07 10:58:59,632 INFO No tps control rule of NamingInstanceQuery found,content =null  

2025-01-07 10:58:59,632 WARN Tps point for NamingInstanceQuery registered, But tps control manager is no limit implementation.

2025-01-07 10:58:59,632 INFO No tps control rule of NamingInstanceMetadataUpdate found,content =null  

2025-01-07 10:58:59,632 WARN Tps point for NamingInstanceMetadataUpdate registered, But tps control manager is no limit implementation.

2025-01-07 10:58:59,632 INFO No tps control rule of NamingInstanceDeregister found,content =null  

2025-01-07 10:58:59,632 WARN Tps point for NamingInstanceDeregister registered, But tps control manager is no limit implementation.

2025-01-07 10:58:59,632 INFO No tps control rule of NamingServiceSubscribe found,content =null  

2025-01-07 10:58:59,632 WARN Tps point for NamingServiceSubscribe registered, But tps control manager is no limit implementation.

2025-01-07 10:58:59,632 WARN Tps point for ConfigPublish registered, But tps control manager is no limit implementation.

2025-01-07 10:58:59,632 INFO No tps control rule of NamingServiceQuery found,content =null  

2025-01-07 10:58:59,633 WARN Tps point for NamingServiceQuery registered, But tps control manager is no limit implementation.

2025-01-07 10:58:59,633 WARN Tps point for NamingInstanceRegister registered, But tps control manager is no limit implementation.

2025-01-07 10:58:59,633 WARN Tps point for NamingServiceUpdate registered, But tps control manager is no limit implementation.

2025-01-07 10:58:59,633 WARN Tps point for HttpHealthCheck registered, But tps control manager is no limit implementation.

2025-01-07 10:58:59,633 WARN Tps point for NamingInstanceMetadataUpdate registered, But tps control manager is no limit implementation.

2025-01-07 10:58:59,633 INFO No tps control rule of NamingInstanceUpdate found,content =null  

2025-01-07 10:58:59,633 WARN Tps point for NamingInstanceUpdate registered, But tps control manager is no limit implementation.

2025-01-07 10:58:59,633 WARN Tps point for NamingServiceQuery registered, But tps control manager is no limit implementation.

2025-01-07 10:58:59,633 WARN Tps point for NamingInstanceMetadataUpdate registered, But tps control manager is no limit implementation.

2025-01-07 10:58:59,633 WARN Tps point for NamingServiceSubscribe registered, But tps control manager is no limit implementation.

2025-01-07 10:58:59,633 WARN Tps point for NamingInstanceMetadataUpdate registered, But tps control manager is no limit implementation.

2025-01-07 10:58:59,633 WARN Tps point for NamingInstanceDeregister registered, But tps control manager is no limit implementation.

2025-01-07 10:58:59,633 WARN Tps point for NamingInstanceUpdate registered, But tps control manager is no limit implementation.

2025-01-07 10:58:59,633 WARN Tps point for ConfigQuery registered, But tps control manager is no limit implementation.

2025-01-07 10:58:59,633 WARN Tps point for NamingServiceRegister registered, But tps control manager is no limit implementation.

2025-01-07 10:58:59,633 WARN Tps point for NamingServiceListQuery registered, But tps control manager is no limit implementation.

2025-01-07 10:58:59,633 WARN Tps point for NamingServiceDeregister registered, But tps control manager is no limit implementation.

2025-01-07 10:58:59,633 WARN Tps point for NamingInstanceQuery registered, But tps control manager is no limit implementation.

2025-01-07 11:21:27,889 INFO Not configure type of control plugin, no limit control for current node.

2025-01-07 11:21:27,894 INFO Load connection metrics collector,size=2,[com.alibaba.nacos.config.server.service.LongPollingConnectionMetricsCollector@3c49fab6, com.alibaba.nacos.core.remote.LongConnectionMetricsCollector@74518890]

2025-01-07 11:21:27,895 INFO No connection rule content found ,use default empty rule 

2025-01-07 11:21:28,000 INFO No tps control rule of CONFIG_PUSH_COUNT found,content =null  

2025-01-07 11:21:28,000 WARN Tps point for CONFIG_PUSH_COUNT registered, But tps control manager is no limit implementation.

2025-01-07 11:21:28,000 INFO No tps control rule of CONFIG_PUSH_SUCCESS found,content =null  

2025-01-07 11:21:28,000 WARN Tps point for CONFIG_PUSH_SUCCESS registered, But tps control manager is no limit implementation.

2025-01-07 11:21:28,000 INFO No tps control rule of CONFIG_PUSH_FAIL found,content =null  

2025-01-07 11:21:28,000 WARN Tps point for CONFIG_PUSH_FAIL registered, But tps control manager is no limit implementation.

2025-01-07 11:21:37,545 INFO No tps control rule of ConfigQuery found,content =null  

2025-01-07 11:21:37,545 WARN Tps point for ConfigQuery registered, But tps control manager is no limit implementation.

2025-01-07 11:21:37,546 INFO No tps control rule of ClusterConfigChangeNotify found,content =null  

2025-01-07 11:21:37,546 WARN Tps point for ClusterConfigChangeNotify registered, But tps control manager is no limit implementation.

2025-01-07 11:21:37,574 INFO No tps control rule of ConfigListen found,content =null  

2025-01-07 11:21:37,574 WARN Tps point for ConfigListen registered, But tps control manager is no limit implementation.

2025-01-07 11:21:37,575 INFO No tps control rule of ConfigRemove found,content =null  

2025-01-07 11:21:37,575 WARN Tps point for ConfigRemove registered, But tps control manager is no limit implementation.

2025-01-07 11:21:37,575 INFO No tps control rule of ConfigPublish found,content =null  

2025-01-07 11:21:37,575 WARN Tps point for ConfigPublish registered, But tps control manager is no limit implementation.

2025-01-07 11:21:37,575 INFO No tps control rule of HealthCheck found,content =null  

2025-01-07 11:21:37,575 WARN Tps point for HealthCheck registered, But tps control manager is no limit implementation.

2025-01-07 11:21:37,575 INFO No tps control rule of RemoteNamingServiceQuery found,content =null  

2025-01-07 11:21:37,575 WARN Tps point for RemoteNamingServiceQuery registered, But tps control manager is no limit implementation.

2025-01-07 11:21:37,575 INFO No tps control rule of RemoteNamingInstanceBatchRegister found,content =null  

2025-01-07 11:21:37,575 WARN Tps point for RemoteNamingInstanceBatchRegister registered, But tps control manager is no limit implementation.

2025-01-07 11:21:37,575 INFO No tps control rule of RemoteNamingInstanceRegisterDeregister found,content =null  

2025-01-07 11:21:37,575 WARN Tps point for RemoteNamingInstanceRegisterDeregister registered, But tps control manager is no limit implementation.

2025-01-07 11:21:37,575 INFO No tps control rule of RemoteNamingServiceListQuery found,content =null  

2025-01-07 11:21:37,575 WARN Tps point for RemoteNamingServiceListQuery registered, But tps control manager is no limit implementation.

2025-01-07 11:21:37,575 INFO No tps control rule of RemoteNamingServiceSubscribeUnSubscribe found,content =null  

2025-01-07 11:21:37,576 WARN Tps point for RemoteNamingServiceSubscribeUnSubscribe registered, But tps control manager is no limit implementation.

2025-01-07 11:21:37,576 WARN Tps point for RemoteNamingInstanceRegisterDeregister registered, But tps control manager is no limit implementation.

2025-01-07 11:21:37,578 INFO No tps control rule of HttpHealthCheck found,content =null  

2025-01-07 11:21:37,579 WARN Tps point for HttpHealthCheck registered, But tps control manager is no limit implementation.

2025-01-07 11:21:37,587 INFO No tps control rule of NamingServiceQuery found,content =null  

2025-01-07 11:21:37,587 WARN Tps point for NamingServiceQuery registered, But tps control manager is no limit implementation.

2025-01-07 11:21:37,588 INFO No tps control rule of NamingServiceDeregister found,content =null  

2025-01-07 11:21:37,588 WARN Tps point for NamingServiceDeregister registered, But tps control manager is no limit implementation.

2025-01-07 11:21:37,588 INFO No tps control rule of NamingInstanceDeregister found,content =null  

2025-01-07 11:21:37,588 WARN Tps point for NamingInstanceDeregister registered, But tps control manager is no limit implementation.

2025-01-07 11:21:37,588 INFO No tps control rule of NamingServiceUpdate found,content =null  

2025-01-07 11:21:37,588 WARN Tps point for NamingServiceUpdate registered, But tps control manager is no limit implementation.

2025-01-07 11:21:37,588 INFO No tps control rule of NamingServiceRegister found,content =null  

2025-01-07 11:21:37,588 WARN Tps point for NamingServiceRegister registered, But tps control manager is no limit implementation.

2025-01-07 11:21:37,588 INFO No tps control rule of NamingServiceSubscribe found,content =null  

2025-01-07 11:21:37,588 WARN Tps point for NamingServiceSubscribe registered, But tps control manager is no limit implementation.

2025-01-07 11:21:37,588 WARN Tps point for NamingServiceUpdate registered, But tps control manager is no limit implementation.

2025-01-07 11:21:37,588 WARN Tps point for NamingServiceRegister registered, But tps control manager is no limit implementation.

2025-01-07 11:21:37,589 WARN Tps point for NamingServiceQuery registered, But tps control manager is no limit implementation.

2025-01-07 11:21:37,589 INFO No tps control rule of NamingInstanceQuery found,content =null  

2025-01-07 11:21:37,589 WARN Tps point for NamingInstanceQuery registered, But tps control manager is no limit implementation.

2025-01-07 11:21:37,589 INFO No tps control rule of NamingInstanceMetadataUpdate found,content =null  

2025-01-07 11:21:37,589 WARN Tps point for NamingInstanceMetadataUpdate registered, But tps control manager is no limit implementation.

2025-01-07 11:21:37,589 WARN Tps point for NamingInstanceMetadataUpdate registered, But tps control manager is no limit implementation.

2025-01-07 11:21:37,590 WARN Tps point for NamingServiceSubscribe registered, But tps control manager is no limit implementation.

2025-01-07 11:21:37,590 WARN Tps point for NamingInstanceMetadataUpdate registered, But tps control manager is no limit implementation.

2025-01-07 11:21:37,590 INFO No tps control rule of NamingServiceListQuery found,content =null  

2025-01-07 11:21:37,590 WARN Tps point for NamingServiceListQuery registered, But tps control manager is no limit implementation.

2025-01-07 11:21:37,590 WARN Tps point for HttpHealthCheck registered, But tps control manager is no limit implementation.

2025-01-07 11:21:37,590 WARN Tps point for NamingInstanceMetadataUpdate registered, But tps control manager is no limit implementation.

2025-01-07 11:21:37,590 INFO No tps control rule of NamingInstanceUpdate found,content =null  

2025-01-07 11:21:37,590 WARN Tps point for NamingInstanceUpdate registered, But tps control manager is no limit implementation.

2025-01-07 11:21:37,590 WARN Tps point for NamingInstanceUpdate registered, But tps control manager is no limit implementation.

2025-01-07 11:21:37,594 INFO No tps control rule of NamingInstanceRegister found,content =null  

2025-01-07 11:21:37,594 WARN Tps point for NamingInstanceRegister registered, But tps control manager is no limit implementation.

2025-01-07 11:21:37,594 WARN Tps point for NamingServiceDeregister registered, But tps control manager is no limit implementation.

2025-01-07 11:21:37,594 WARN Tps point for NamingServiceListQuery registered, But tps control manager is no limit implementation.

2025-01-07 11:21:37,594 WARN Tps point for ConfigQuery registered, But tps control manager is no limit implementation.

2025-01-07 11:21:37,594 WARN Tps point for NamingInstanceRegister registered, But tps control manager is no limit implementation.

2025-01-07 11:21:37,594 WARN Tps point for NamingInstanceQuery registered, But tps control manager is no limit implementation.

2025-01-07 11:21:37,594 WARN Tps point for ConfigPublish registered, But tps control manager is no limit implementation.

2025-01-07 11:21:37,594 WARN Tps point for NamingInstanceDeregister registered, But tps control manager is no limit implementation.

2025-01-07 11:39:15,796 INFO Not configure type of control plugin, no limit control for current node.

2025-01-07 11:39:15,799 INFO Load connection metrics collector,size=2,[com.alibaba.nacos.config.server.service.LongPollingConnectionMetricsCollector@2b50150, com.alibaba.nacos.core.remote.LongConnectionMetricsCollector@6bb7cce7]

2025-01-07 11:39:15,810 INFO No connection rule content found ,use default empty rule 

2025-01-07 11:39:15,913 INFO No tps control rule of CONFIG_PUSH_COUNT found,content =null  

2025-01-07 11:39:15,914 WARN Tps point for CONFIG_PUSH_COUNT registered, But tps control manager is no limit implementation.

2025-01-07 11:39:15,914 INFO No tps control rule of CONFIG_PUSH_SUCCESS found,content =null  

2025-01-07 11:39:15,914 WARN Tps point for CONFIG_PUSH_SUCCESS registered, But tps control manager is no limit implementation.

2025-01-07 11:39:15,914 INFO No tps control rule of CONFIG_PUSH_FAIL found,content =null  

2025-01-07 11:39:15,914 WARN Tps point for CONFIG_PUSH_FAIL registered, But tps control manager is no limit implementation.

2025-01-07 11:39:26,009 INFO No tps control rule of ConfigQuery found,content =null  

2025-01-07 11:39:26,009 WARN Tps point for ConfigQuery registered, But tps control manager is no limit implementation.

2025-01-07 11:39:26,009 INFO No tps control rule of ClusterConfigChangeNotify found,content =null  

2025-01-07 11:39:26,009 WARN Tps point for ClusterConfigChangeNotify registered, But tps control manager is no limit implementation.

2025-01-07 11:39:26,045 INFO No tps control rule of ConfigListen found,content =null  

2025-01-07 11:39:26,045 WARN Tps point for ConfigListen registered, But tps control manager is no limit implementation.

2025-01-07 11:39:26,045 INFO No tps control rule of ConfigRemove found,content =null  

2025-01-07 11:39:26,045 WARN Tps point for ConfigRemove registered, But tps control manager is no limit implementation.

2025-01-07 11:39:26,046 INFO No tps control rule of ConfigPublish found,content =null  

2025-01-07 11:39:26,046 WARN Tps point for ConfigPublish registered, But tps control manager is no limit implementation.

2025-01-07 11:39:26,046 INFO No tps control rule of HealthCheck found,content =null  

2025-01-07 11:39:26,046 WARN Tps point for HealthCheck registered, But tps control manager is no limit implementation.

2025-01-07 11:39:26,046 INFO No tps control rule of RemoteNamingServiceQuery found,content =null  

2025-01-07 11:39:26,046 WARN Tps point for RemoteNamingServiceQuery registered, But tps control manager is no limit implementation.

2025-01-07 11:39:26,046 INFO No tps control rule of RemoteNamingInstanceBatchRegister found,content =null  

2025-01-07 11:39:26,046 WARN Tps point for RemoteNamingInstanceBatchRegister registered, But tps control manager is no limit implementation.

2025-01-07 11:39:26,046 INFO No tps control rule of RemoteNamingInstanceRegisterDeregister found,content =null  

2025-01-07 11:39:26,046 WARN Tps point for RemoteNamingInstanceRegisterDeregister registered, But tps control manager is no limit implementation.

2025-01-07 11:39:26,046 INFO No tps control rule of RemoteNamingServiceListQuery found,content =null  

2025-01-07 11:39:26,046 WARN Tps point for RemoteNamingServiceListQuery registered, But tps control manager is no limit implementation.

2025-01-07 11:39:26,046 INFO No tps control rule of RemoteNamingServiceSubscribeUnSubscribe found,content =null  

2025-01-07 11:39:26,046 WARN Tps point for RemoteNamingServiceSubscribeUnSubscribe registered, But tps control manager is no limit implementation.

2025-01-07 11:39:26,046 WARN Tps point for RemoteNamingInstanceRegisterDeregister registered, But tps control manager is no limit implementation.

2025-01-07 11:39:26,047 INFO No tps control rule of NamingServiceUpdate found,content =null  

2025-01-07 11:39:26,047 WARN Tps point for NamingServiceUpdate registered, But tps control manager is no limit implementation.

2025-01-07 11:39:26,047 INFO No tps control rule of NamingInstanceRegister found,content =null  

2025-01-07 11:39:26,047 WARN Tps point for NamingInstanceRegister registered, But tps control manager is no limit implementation.

2025-01-07 11:39:26,047 INFO No tps control rule of HttpHealthCheck found,content =null  

2025-01-07 11:39:26,047 WARN Tps point for HttpHealthCheck registered, But tps control manager is no limit implementation.

2025-01-07 11:39:26,047 INFO No tps control rule of NamingServiceDeregister found,content =null  

2025-01-07 11:39:26,047 WARN Tps point for NamingServiceDeregister registered, But tps control manager is no limit implementation.

2025-01-07 11:39:26,047 WARN Tps point for NamingServiceDeregister registered, But tps control manager is no limit implementation.

2025-01-07 11:39:26,047 INFO No tps control rule of NamingServiceQuery found,content =null  

2025-01-07 11:39:26,047 WARN Tps point for NamingServiceQuery registered, But tps control manager is no limit implementation.

2025-01-07 11:39:26,047 WARN Tps point for NamingInstanceRegister registered, But tps control manager is no limit implementation.

2025-01-07 11:39:26,048 WARN Tps point for ConfigPublish registered, But tps control manager is no limit implementation.

2025-01-07 11:39:26,048 INFO No tps control rule of NamingInstanceMetadataUpdate found,content =null  

2025-01-07 11:39:26,048 WARN Tps point for NamingInstanceMetadataUpdate registered, But tps control manager is no limit implementation.

2025-01-07 11:39:26,048 WARN Tps point for NamingServiceQuery registered, But tps control manager is no limit implementation.

2025-01-07 11:39:26,048 INFO No tps control rule of NamingInstanceUpdate found,content =null  

2025-01-07 11:39:26,048 WARN Tps point for NamingInstanceUpdate registered, But tps control manager is no limit implementation.

2025-01-07 11:39:26,048 INFO No tps control rule of NamingServiceListQuery found,content =null  

2025-01-07 11:39:26,048 WARN Tps point for NamingServiceListQuery registered, But tps control manager is no limit implementation.

2025-01-07 11:39:26,048 WARN Tps point for NamingInstanceMetadataUpdate registered, But tps control manager is no limit implementation.

2025-01-07 11:39:26,048 INFO No tps control rule of NamingServiceRegister found,content =null  

2025-01-07 11:39:26,048 WARN Tps point for NamingServiceRegister registered, But tps control manager is no limit implementation.

2025-01-07 11:39:26,048 INFO No tps control rule of NamingInstanceQuery found,content =null  

2025-01-07 11:39:26,048 WARN Tps point for NamingInstanceQuery registered, But tps control manager is no limit implementation.

2025-01-07 11:39:26,048 WARN Tps point for NamingInstanceMetadataUpdate registered, But tps control manager is no limit implementation.

2025-01-07 11:39:26,048 INFO No tps control rule of NamingServiceSubscribe found,content =null  

2025-01-07 11:39:26,048 WARN Tps point for NamingServiceSubscribe registered, But tps control manager is no limit implementation.

2025-01-07 11:39:26,048 WARN Tps point for NamingServiceRegister registered, But tps control manager is no limit implementation.

2025-01-07 11:39:26,048 WARN Tps point for NamingInstanceQuery registered, But tps control manager is no limit implementation.

2025-01-07 11:39:26,048 WARN Tps point for NamingInstanceUpdate registered, But tps control manager is no limit implementation.

2025-01-07 11:39:26,048 WARN Tps point for HttpHealthCheck registered, But tps control manager is no limit implementation.

2025-01-07 11:39:26,048 INFO No tps control rule of NamingInstanceDeregister found,content =null  

2025-01-07 11:39:26,048 WARN Tps point for NamingInstanceDeregister registered, But tps control manager is no limit implementation.

2025-01-07 11:39:26,048 WARN Tps point for NamingServiceListQuery registered, But tps control manager is no limit implementation.

2025-01-07 11:39:26,048 WARN Tps point for ConfigQuery registered, But tps control manager is no limit implementation.

2025-01-07 11:39:26,048 WARN Tps point for NamingServiceSubscribe registered, But tps control manager is no limit implementation.

2025-01-07 11:39:26,048 WARN Tps point for NamingInstanceMetadataUpdate registered, But tps control manager is no limit implementation.

2025-01-07 11:39:26,048 WARN Tps point for NamingServiceUpdate registered, But tps control manager is no limit implementation.

2025-01-07 11:39:26,048 WARN Tps point for NamingInstanceDeregister registered, But tps control manager is no limit implementation.

