2025-01-08 00:09:16,107 INFO [capacityManagement] start correct usage

2025-01-08 00:09:16,110 INFO [capacityManagement] end correct usage, cost: 0.00243937s

2025-01-08 00:09:16,963 WARN clearHistoryConfig get scheduled

2025-01-08 00:09:16,965 WARN clearHistoryConfig is disable in current context

2025-01-08 00:19:16,111 INFO [capacityManagement] start correct usage

2025-01-08 00:19:16,113 INFO [capacityManagement] end correct usage, cost: 0.002523379s

2025-01-08 00:19:16,965 WARN clearHistoryConfig get scheduled

2025-01-08 00:19:16,966 WARN clearHistoryConfig is disable in current context

2025-01-08 00:29:16,114 INFO [capacityManagement] start correct usage

2025-01-08 00:29:16,116 INFO [capacityManagement] end correct usage, cost: 0.002266894s

2025-01-08 00:29:16,966 WARN clearHistoryConfig get scheduled

2025-01-08 00:29:16,966 WARN clearHistoryConfig is disable in current context

2025-01-08 00:39:16,117 INFO [capacityManagement] start correct usage

2025-01-08 00:39:16,119 INFO [capacityManagement] end correct usage, cost: 0.002473004s

2025-01-08 00:39:16,966 WARN clearHistoryConfig get scheduled

2025-01-08 00:39:16,967 WARN clearHistoryConfig is disable in current context

2025-01-08 00:49:16,120 INFO [capacityManagement] start correct usage

2025-01-08 00:49:16,123 INFO [capacityManagement] end correct usage, cost: 0.00247973s

2025-01-08 00:49:16,967 WARN clearHistoryConfig get scheduled

2025-01-08 00:49:16,967 WARN clearHistoryConfig is disable in current context

2025-01-08 00:59:16,123 INFO [capacityManagement] start correct usage

2025-01-08 00:59:16,126 INFO [capacityManagement] end correct usage, cost: 0.002353272s

2025-01-08 00:59:16,967 WARN clearHistoryConfig get scheduled

2025-01-08 00:59:16,967 WARN clearHistoryConfig is disable in current context

2025-01-08 01:09:16,126 INFO [capacityManagement] start correct usage

2025-01-08 01:09:16,129 INFO [capacityManagement] end correct usage, cost: 0.002271954s

2025-01-08 01:09:16,968 WARN clearHistoryConfig get scheduled

2025-01-08 01:09:16,968 WARN clearHistoryConfig is disable in current context

2025-01-08 01:19:16,129 INFO [capacityManagement] start correct usage

2025-01-08 01:19:16,133 INFO [capacityManagement] end correct usage, cost: 0.003109956s

2025-01-08 01:19:16,968 WARN clearHistoryConfig get scheduled

2025-01-08 01:19:16,968 WARN clearHistoryConfig is disable in current context

2025-01-08 01:29:16,133 INFO [capacityManagement] start correct usage

2025-01-08 01:29:16,136 INFO [capacityManagement] end correct usage, cost: 0.002405267s

2025-01-08 01:29:16,969 WARN clearHistoryConfig get scheduled

2025-01-08 01:29:16,969 WARN clearHistoryConfig is disable in current context

2025-01-08 01:39:16,136 INFO [capacityManagement] start correct usage

2025-01-08 01:39:16,139 INFO [capacityManagement] end correct usage, cost: 0.003006935s

2025-01-08 01:39:16,969 WARN clearHistoryConfig get scheduled

2025-01-08 01:39:16,970 WARN clearHistoryConfig is disable in current context

2025-01-08 01:49:16,140 INFO [capacityManagement] start correct usage

2025-01-08 01:49:16,143 INFO [capacityManagement] end correct usage, cost: 0.00242644s

2025-01-08 01:49:16,970 WARN clearHistoryConfig get scheduled

2025-01-08 01:49:16,970 WARN clearHistoryConfig is disable in current context

2025-01-08 01:59:16,143 INFO [capacityManagement] start correct usage

2025-01-08 01:59:16,145 INFO [capacityManagement] end correct usage, cost: 0.001814754s

2025-01-08 01:59:16,970 WARN clearHistoryConfig get scheduled

2025-01-08 01:59:16,971 WARN clearHistoryConfig is disable in current context

2025-01-08 02:09:16,146 INFO [capacityManagement] start correct usage

2025-01-08 02:09:16,148 INFO [capacityManagement] end correct usage, cost: 0.002170691s

2025-01-08 02:09:16,972 WARN clearHistoryConfig get scheduled

2025-01-08 02:09:16,972 WARN clearHistoryConfig is disable in current context

2025-01-08 02:19:16,149 INFO [capacityManagement] start correct usage

2025-01-08 02:19:16,151 INFO [capacityManagement] end correct usage, cost: 0.002032119s

2025-01-08 02:19:16,972 WARN clearHistoryConfig get scheduled

2025-01-08 02:19:16,972 WARN clearHistoryConfig is disable in current context

2025-01-08 02:29:16,151 INFO [capacityManagement] start correct usage

2025-01-08 02:29:16,154 INFO [capacityManagement] end correct usage, cost: 0.002170886s

2025-01-08 02:29:16,973 WARN clearHistoryConfig get scheduled

2025-01-08 02:29:16,973 WARN clearHistoryConfig is disable in current context

2025-01-08 02:39:16,154 INFO [capacityManagement] start correct usage

2025-01-08 02:39:16,157 INFO [capacityManagement] end correct usage, cost: 0.002113123s

2025-01-08 02:39:16,973 WARN clearHistoryConfig get scheduled

2025-01-08 02:39:16,973 WARN clearHistoryConfig is disable in current context

2025-01-08 02:49:16,157 INFO [capacityManagement] start correct usage

2025-01-08 02:49:16,160 INFO [capacityManagement] end correct usage, cost: 0.002753235s

2025-01-08 02:49:16,974 WARN clearHistoryConfig get scheduled

2025-01-08 02:49:16,974 WARN clearHistoryConfig is disable in current context

2025-01-08 02:59:16,160 INFO [capacityManagement] start correct usage

2025-01-08 02:59:16,162 INFO [capacityManagement] end correct usage, cost: 0.001962752s

2025-01-08 02:59:16,974 WARN clearHistoryConfig get scheduled

2025-01-08 02:59:16,974 WARN clearHistoryConfig is disable in current context

2025-01-08 03:09:16,163 INFO [capacityManagement] start correct usage

2025-01-08 03:09:16,166 INFO [capacityManagement] end correct usage, cost: 0.002907359s

2025-01-08 03:09:16,975 WARN clearHistoryConfig get scheduled

2025-01-08 03:09:16,975 WARN clearHistoryConfig is disable in current context

2025-01-08 03:19:16,167 INFO [capacityManagement] start correct usage

2025-01-08 03:19:16,169 INFO [capacityManagement] end correct usage, cost: 0.002562296s

2025-01-08 03:19:16,975 WARN clearHistoryConfig get scheduled

2025-01-08 03:19:16,975 WARN clearHistoryConfig is disable in current context

2025-01-08 03:29:16,170 INFO [capacityManagement] start correct usage

2025-01-08 03:29:16,172 INFO [capacityManagement] end correct usage, cost: 0.002591633s

2025-01-08 03:29:16,976 WARN clearHistoryConfig get scheduled

2025-01-08 03:29:16,976 WARN clearHistoryConfig is disable in current context

2025-01-08 03:38:44,996 ERROR Send request fail, request = MemberReportRequest{headers={}, requestId='null'}, retryTimes = 0, errorMessage = java.util.concurrent.TimeoutException: Waited 3000 milliseconds (plus 128346 nanoseconds delay) for io.grpc.stub.ClientCalls$GrpcFuture@164659a9[status=PENDING, info=[GrpcFuture{clientCall=ClientCallImpl{method=MethodDescriptor{fullMethodName=Request/request, type=UNARY, idempotent=false, safe=false, sampledToLocalTracing=true, requestMarshaller=io.grpc.protobuf.lite.ProtoLiteUtils$MessageMarshaller@28a8435c, responseMarshaller=io.grpc.protobuf.lite.ProtoLiteUtils$MessageMarshaller@597c6728, schemaDescriptor=com.alibaba.nacos.api.grpc.auto.RequestGrpc$RequestMethodDescriptorSupplier@2737506a}}}]]

2025-01-08 03:38:46,770 INFO [Cluster-nacos1:8848] Server check success, currentServer is nacos1:8848 

2025-01-08 03:39:16,173 INFO [capacityManagement] start correct usage

2025-01-08 03:39:16,176 INFO [capacityManagement] end correct usage, cost: 0.002512454s

2025-01-08 03:39:16,976 WARN clearHistoryConfig get scheduled

2025-01-08 03:39:16,976 WARN clearHistoryConfig is disable in current context

2025-01-08 03:49:16,176 INFO [capacityManagement] start correct usage

2025-01-08 03:49:16,179 INFO [capacityManagement] end correct usage, cost: 0.002444568s

2025-01-08 03:49:16,977 WARN clearHistoryConfig get scheduled

2025-01-08 03:49:16,977 WARN clearHistoryConfig is disable in current context

2025-01-08 03:59:16,180 INFO [capacityManagement] start correct usage

2025-01-08 03:59:16,182 INFO [capacityManagement] end correct usage, cost: 0.002400279s

2025-01-08 03:59:16,977 WARN clearHistoryConfig get scheduled

2025-01-08 03:59:16,977 WARN clearHistoryConfig is disable in current context

2025-01-08 04:09:16,183 INFO [capacityManagement] start correct usage

2025-01-08 04:09:16,185 INFO [capacityManagement] end correct usage, cost: 0.002352282s

2025-01-08 04:09:16,978 WARN clearHistoryConfig get scheduled

2025-01-08 04:09:16,978 WARN clearHistoryConfig is disable in current context

2025-01-08 04:19:16,186 INFO [capacityManagement] start correct usage

2025-01-08 04:19:16,190 INFO [capacityManagement] end correct usage, cost: 0.003708744s

2025-01-08 04:19:16,978 WARN clearHistoryConfig get scheduled

2025-01-08 04:19:16,978 WARN clearHistoryConfig is disable in current context

2025-01-08 04:22:02,011 ERROR Send request fail, request = MemberReportRequest{headers={}, requestId='null'}, retryTimes = 0, errorMessage = java.util.concurrent.TimeoutException: Waited 3000 milliseconds (plus 229184 nanoseconds delay) for io.grpc.stub.ClientCalls$GrpcFuture@43423dad[status=PENDING, info=[GrpcFuture{clientCall=ClientCallImpl{method=MethodDescriptor{fullMethodName=Request/request, type=UNARY, idempotent=false, safe=false, sampledToLocalTracing=true, requestMarshaller=io.grpc.protobuf.lite.ProtoLiteUtils$MessageMarshaller@28a8435c, responseMarshaller=io.grpc.protobuf.lite.ProtoLiteUtils$MessageMarshaller@597c6728, schemaDescriptor=com.alibaba.nacos.api.grpc.auto.RequestGrpc$RequestMethodDescriptorSupplier@2737506a}}}]]

2025-01-08 04:22:03,276 INFO [Cluster-nacos1:8848] Server check success, currentServer is nacos1:8848 

2025-01-08 04:29:16,190 INFO [capacityManagement] start correct usage

2025-01-08 04:29:16,193 INFO [capacityManagement] end correct usage, cost: 0.002650983s

2025-01-08 04:29:16,979 WARN clearHistoryConfig get scheduled

2025-01-08 04:29:16,979 WARN clearHistoryConfig is disable in current context

2025-01-08 04:39:16,194 INFO [capacityManagement] start correct usage

2025-01-08 04:39:16,197 INFO [capacityManagement] end correct usage, cost: 0.002443743s

2025-01-08 04:39:16,979 WARN clearHistoryConfig get scheduled

2025-01-08 04:39:16,979 WARN clearHistoryConfig is disable in current context

2025-01-08 04:49:16,197 INFO [capacityManagement] start correct usage

2025-01-08 04:49:16,200 INFO [capacityManagement] end correct usage, cost: 0.002579434s

2025-01-08 04:49:16,980 WARN clearHistoryConfig get scheduled

2025-01-08 04:49:16,980 WARN clearHistoryConfig is disable in current context

2025-01-08 04:59:16,200 INFO [capacityManagement] start correct usage

2025-01-08 04:59:16,203 INFO [capacityManagement] end correct usage, cost: 0.002429591s

2025-01-08 04:59:16,980 WARN clearHistoryConfig get scheduled

2025-01-08 04:59:16,980 WARN clearHistoryConfig is disable in current context

2025-01-08 05:09:16,203 INFO [capacityManagement] start correct usage

2025-01-08 05:09:16,206 INFO [capacityManagement] end correct usage, cost: 0.002130807s

2025-01-08 05:09:16,980 WARN clearHistoryConfig get scheduled

2025-01-08 05:09:16,981 WARN clearHistoryConfig is disable in current context

2025-01-08 05:19:16,206 INFO [capacityManagement] start correct usage

2025-01-08 05:19:16,209 INFO [capacityManagement] end correct usage, cost: 0.002292614s

2025-01-08 05:19:16,981 WARN clearHistoryConfig get scheduled

2025-01-08 05:19:16,981 WARN clearHistoryConfig is disable in current context

2025-01-08 05:29:16,209 INFO [capacityManagement] start correct usage

2025-01-08 05:29:16,212 INFO [capacityManagement] end correct usage, cost: 0.002311589s

2025-01-08 05:29:16,981 WARN clearHistoryConfig get scheduled

2025-01-08 05:29:16,982 WARN clearHistoryConfig is disable in current context

2025-01-08 05:39:16,212 INFO [capacityManagement] start correct usage

2025-01-08 05:39:16,214 INFO [capacityManagement] end correct usage, cost: 0.001769427s

2025-01-08 05:39:16,982 WARN clearHistoryConfig get scheduled

2025-01-08 05:39:16,982 WARN clearHistoryConfig is disable in current context

2025-01-08 05:49:16,214 INFO [capacityManagement] start correct usage

2025-01-08 05:49:16,217 INFO [capacityManagement] end correct usage, cost: 0.002639806s

2025-01-08 05:49:16,983 WARN clearHistoryConfig get scheduled

2025-01-08 05:49:16,983 WARN clearHistoryConfig is disable in current context

2025-01-08 05:59:16,218 INFO [capacityManagement] start correct usage

2025-01-08 05:59:16,220 INFO [capacityManagement] end correct usage, cost: 0.002554116s

2025-01-08 05:59:16,983 WARN clearHistoryConfig get scheduled

2025-01-08 05:59:16,983 WARN clearHistoryConfig is disable in current context

2025-01-08 06:09:16,221 INFO [capacityManagement] start correct usage

2025-01-08 06:09:16,224 INFO [capacityManagement] end correct usage, cost: 0.00248833s

2025-01-08 06:09:16,984 WARN clearHistoryConfig get scheduled

2025-01-08 06:09:16,984 WARN clearHistoryConfig is disable in current context

2025-01-08 06:19:16,224 INFO [capacityManagement] start correct usage

2025-01-08 06:19:16,227 INFO [capacityManagement] end correct usage, cost: 0.002194668s

2025-01-08 06:19:16,984 WARN clearHistoryConfig get scheduled

2025-01-08 06:19:16,984 WARN clearHistoryConfig is disable in current context

2025-01-08 06:29:16,227 INFO [capacityManagement] start correct usage

2025-01-08 06:29:16,230 INFO [capacityManagement] end correct usage, cost: 0.002424036s

2025-01-08 06:29:16,985 WARN clearHistoryConfig get scheduled

2025-01-08 06:29:16,985 WARN clearHistoryConfig is disable in current context

2025-01-08 06:39:16,230 INFO [capacityManagement] start correct usage

2025-01-08 06:39:16,233 INFO [capacityManagement] end correct usage, cost: 0.002980363s

2025-01-08 06:39:16,985 WARN clearHistoryConfig get scheduled

2025-01-08 06:39:16,985 WARN clearHistoryConfig is disable in current context

2025-01-08 06:49:16,234 INFO [capacityManagement] start correct usage

2025-01-08 06:49:16,237 INFO [capacityManagement] end correct usage, cost: 0.002813254s

2025-01-08 06:49:16,986 WARN clearHistoryConfig get scheduled

2025-01-08 06:49:16,986 WARN clearHistoryConfig is disable in current context

2025-01-08 06:59:16,237 INFO [capacityManagement] start correct usage

2025-01-08 06:59:16,240 INFO [capacityManagement] end correct usage, cost: 0.002725614s

2025-01-08 06:59:16,986 WARN clearHistoryConfig get scheduled

2025-01-08 06:59:16,987 WARN clearHistoryConfig is disable in current context

2025-01-08 07:09:16,241 INFO [capacityManagement] start correct usage

2025-01-08 07:09:16,243 INFO [capacityManagement] end correct usage, cost: 0.002206155s

2025-01-08 07:09:16,987 WARN clearHistoryConfig get scheduled

2025-01-08 07:09:16,987 WARN clearHistoryConfig is disable in current context

2025-01-08 07:19:16,243 INFO [capacityManagement] start correct usage

2025-01-08 07:19:16,246 INFO [capacityManagement] end correct usage, cost: 0.002287908s

2025-01-08 07:19:16,987 WARN clearHistoryConfig get scheduled

2025-01-08 07:19:16,988 WARN clearHistoryConfig is disable in current context

2025-01-08 07:29:16,246 INFO [capacityManagement] start correct usage

2025-01-08 07:29:16,249 INFO [capacityManagement] end correct usage, cost: 0.002677093s

2025-01-08 07:29:16,988 WARN clearHistoryConfig get scheduled

2025-01-08 07:29:16,988 WARN clearHistoryConfig is disable in current context

2025-01-08 07:39:16,250 INFO [capacityManagement] start correct usage

2025-01-08 07:39:16,253 INFO [capacityManagement] end correct usage, cost: 0.00317723s

2025-01-08 07:39:16,988 WARN clearHistoryConfig get scheduled

2025-01-08 07:39:16,988 WARN clearHistoryConfig is disable in current context

2025-01-08 07:49:16,254 INFO [capacityManagement] start correct usage

2025-01-08 07:49:16,257 INFO [capacityManagement] end correct usage, cost: 0.002701439s

2025-01-08 07:49:16,989 WARN clearHistoryConfig get scheduled

2025-01-08 07:49:16,989 WARN clearHistoryConfig is disable in current context

2025-01-08 07:59:16,257 INFO [capacityManagement] start correct usage

2025-01-08 07:59:16,260 INFO [capacityManagement] end correct usage, cost: 0.002525827s

2025-01-08 07:59:16,989 WARN clearHistoryConfig get scheduled

2025-01-08 07:59:16,989 WARN clearHistoryConfig is disable in current context

2025-01-08 08:09:16,260 INFO [capacityManagement] start correct usage

2025-01-08 08:09:16,263 INFO [capacityManagement] end correct usage, cost: 0.0023249s

2025-01-08 08:09:16,990 WARN clearHistoryConfig get scheduled

2025-01-08 08:09:16,990 WARN clearHistoryConfig is disable in current context

2025-01-08 08:19:16,263 INFO [capacityManagement] start correct usage

2025-01-08 08:19:16,266 INFO [capacityManagement] end correct usage, cost: 0.002296094s

2025-01-08 08:19:16,990 WARN clearHistoryConfig get scheduled

2025-01-08 08:19:16,990 WARN clearHistoryConfig is disable in current context

2025-01-08 08:19:51,718 ERROR Send request fail, request = MemberReportRequest{headers={}, requestId='null'}, retryTimes = 0, errorMessage = java.util.concurrent.TimeoutException: Waited 3000 milliseconds (plus 195101 nanoseconds delay) for io.grpc.stub.ClientCalls$GrpcFuture@5586cc2c[status=PENDING, info=[GrpcFuture{clientCall=ClientCallImpl{method=MethodDescriptor{fullMethodName=Request/request, type=UNARY, idempotent=false, safe=false, sampledToLocalTracing=true, requestMarshaller=io.grpc.protobuf.lite.ProtoLiteUtils$MessageMarshaller@28a8435c, responseMarshaller=io.grpc.protobuf.lite.ProtoLiteUtils$MessageMarshaller@597c6728, schemaDescriptor=com.alibaba.nacos.api.grpc.auto.RequestGrpc$RequestMethodDescriptorSupplier@2737506a}}}]]

2025-01-08 08:19:52,473 INFO [Cluster-nacos1:8848] Server check success, currentServer is nacos1:8848 

2025-01-08 08:29:16,266 INFO [capacityManagement] start correct usage

2025-01-08 08:29:16,269 INFO [capacityManagement] end correct usage, cost: 0.002812219s

2025-01-08 08:29:16,990 WARN clearHistoryConfig get scheduled

2025-01-08 08:29:16,991 WARN clearHistoryConfig is disable in current context

2025-01-08 08:39:16,270 INFO [capacityManagement] start correct usage

2025-01-08 08:39:16,273 INFO [capacityManagement] end correct usage, cost: 0.002622775s

2025-01-08 08:39:16,991 WARN clearHistoryConfig get scheduled

2025-01-08 08:39:16,991 WARN clearHistoryConfig is disable in current context

2025-01-08 08:49:16,273 INFO [capacityManagement] start correct usage

2025-01-08 08:49:16,276 INFO [capacityManagement] end correct usage, cost: 0.002492601s

2025-01-08 08:49:16,991 WARN clearHistoryConfig get scheduled

2025-01-08 08:49:16,992 WARN clearHistoryConfig is disable in current context

2025-01-08 08:59:16,276 INFO [capacityManagement] start correct usage

2025-01-08 08:59:16,280 INFO [capacityManagement] end correct usage, cost: 0.003746717s

2025-01-08 08:59:16,992 WARN clearHistoryConfig get scheduled

2025-01-08 08:59:16,992 WARN clearHistoryConfig is disable in current context

2025-01-08 09:09:16,280 INFO [capacityManagement] start correct usage

2025-01-08 09:09:16,283 INFO [capacityManagement] end correct usage, cost: 0.002445479s

2025-01-08 09:09:16,992 WARN clearHistoryConfig get scheduled

2025-01-08 09:09:16,993 WARN clearHistoryConfig is disable in current context

2025-01-08 09:19:16,283 INFO [capacityManagement] start correct usage

2025-01-08 09:19:16,286 INFO [capacityManagement] end correct usage, cost: 0.002400922s

2025-01-08 09:19:16,993 WARN clearHistoryConfig get scheduled

2025-01-08 09:19:16,993 WARN clearHistoryConfig is disable in current context

2025-01-08 09:24:43,976 ERROR Send request fail, request = MemberReportRequest{headers={}, requestId='null'}, retryTimes = 0, errorMessage = java.util.concurrent.TimeoutException: Waited 3000 milliseconds (plus 196882 nanoseconds delay) for io.grpc.stub.ClientCalls$GrpcFuture@25c552f7[status=PENDING, info=[GrpcFuture{clientCall=ClientCallImpl{method=MethodDescriptor{fullMethodName=Request/request, type=UNARY, idempotent=false, safe=false, sampledToLocalTracing=true, requestMarshaller=io.grpc.protobuf.lite.ProtoLiteUtils$MessageMarshaller@28a8435c, responseMarshaller=io.grpc.protobuf.lite.ProtoLiteUtils$MessageMarshaller@597c6728, schemaDescriptor=com.alibaba.nacos.api.grpc.auto.RequestGrpc$RequestMethodDescriptorSupplier@2737506a}}}]]

2025-01-08 09:24:45,405 INFO [Cluster-nacos3:8848] Server check success, currentServer is nacos3:8848 

2025-01-08 09:29:16,287 INFO [capacityManagement] start correct usage

2025-01-08 09:29:16,289 INFO [capacityManagement] end correct usage, cost: 0.002271479s

2025-01-08 09:29:16,993 WARN clearHistoryConfig get scheduled

2025-01-08 09:29:16,993 WARN clearHistoryConfig is disable in current context

2025-01-08 09:39:16,290 INFO [capacityManagement] start correct usage

2025-01-08 09:39:16,292 INFO [capacityManagement] end correct usage, cost: 0.002521475s

2025-01-08 09:39:16,994 WARN clearHistoryConfig get scheduled

2025-01-08 09:39:16,994 WARN clearHistoryConfig is disable in current context

2025-01-08 09:49:16,293 INFO [capacityManagement] start correct usage

2025-01-08 09:49:16,295 INFO [capacityManagement] end correct usage, cost: 0.002214173s

2025-01-08 09:49:16,994 WARN clearHistoryConfig get scheduled

2025-01-08 09:49:16,994 WARN clearHistoryConfig is disable in current context

2025-01-08 09:59:16,296 INFO [capacityManagement] start correct usage

2025-01-08 09:59:16,299 INFO [capacityManagement] end correct usage, cost: 0.00240891s

2025-01-08 09:59:16,995 WARN clearHistoryConfig get scheduled

2025-01-08 09:59:16,995 WARN clearHistoryConfig is disable in current context

2025-01-08 10:08:02,056 ERROR Send request fail, request = MemberReportRequest{headers={}, requestId='null'}, retryTimes = 0, errorMessage = java.util.concurrent.TimeoutException: Waited 3000 milliseconds (plus 212740 nanoseconds delay) for io.grpc.stub.ClientCalls$GrpcFuture@1fb082c1[status=PENDING, info=[GrpcFuture{clientCall=ClientCallImpl{method=MethodDescriptor{fullMethodName=Request/request, type=UNARY, idempotent=false, safe=false, sampledToLocalTracing=true, requestMarshaller=io.grpc.protobuf.lite.ProtoLiteUtils$MessageMarshaller@28a8435c, responseMarshaller=io.grpc.protobuf.lite.ProtoLiteUtils$MessageMarshaller@597c6728, schemaDescriptor=com.alibaba.nacos.api.grpc.auto.RequestGrpc$RequestMethodDescriptorSupplier@2737506a}}}]]

2025-01-08 10:08:02,257 INFO [Cluster-nacos1:8848] Server check success, currentServer is nacos1:8848 

2025-01-08 10:09:16,299 INFO [capacityManagement] start correct usage

2025-01-08 10:09:16,302 INFO [capacityManagement] end correct usage, cost: 0.003094644s

2025-01-08 10:09:16,995 WARN clearHistoryConfig get scheduled

2025-01-08 10:09:16,995 WARN clearHistoryConfig is disable in current context

2025-01-08 10:19:16,303 INFO [capacityManagement] start correct usage

2025-01-08 10:19:16,305 INFO [capacityManagement] end correct usage, cost: 0.001741414s

2025-01-08 10:19:16,996 WARN clearHistoryConfig get scheduled

2025-01-08 10:19:16,996 WARN clearHistoryConfig is disable in current context

2025-01-08 10:29:16,305 INFO [capacityManagement] start correct usage

2025-01-08 10:29:16,308 INFO [capacityManagement] end correct usage, cost: 0.002406017s

2025-01-08 10:29:16,996 WARN clearHistoryConfig get scheduled

2025-01-08 10:29:16,996 WARN clearHistoryConfig is disable in current context

2025-01-08 10:39:16,308 INFO [capacityManagement] start correct usage

2025-01-08 10:39:16,310 INFO [capacityManagement] end correct usage, cost: 0.001421163s

2025-01-08 10:39:16,997 WARN clearHistoryConfig get scheduled

2025-01-08 10:39:16,997 WARN clearHistoryConfig is disable in current context

2025-01-08 10:49:16,310 INFO [capacityManagement] start correct usage

2025-01-08 10:49:16,313 INFO [capacityManagement] end correct usage, cost: 0.002501331s

2025-01-08 10:49:16,997 WARN clearHistoryConfig get scheduled

2025-01-08 10:49:16,997 WARN clearHistoryConfig is disable in current context

2025-01-08 10:51:17,001 ERROR Send request fail, request = MemberReportRequest{headers={}, requestId='null'}, retryTimes = 0, errorMessage = java.util.concurrent.TimeoutException: Waited 3000 milliseconds (plus 208697 nanoseconds delay) for io.grpc.stub.ClientCalls$GrpcFuture@353d1aa5[status=PENDING, info=[GrpcFuture{clientCall=ClientCallImpl{method=MethodDescriptor{fullMethodName=Request/request, type=UNARY, idempotent=false, safe=false, sampledToLocalTracing=true, requestMarshaller=io.grpc.protobuf.lite.ProtoLiteUtils$MessageMarshaller@28a8435c, responseMarshaller=io.grpc.protobuf.lite.ProtoLiteUtils$MessageMarshaller@597c6728, schemaDescriptor=com.alibaba.nacos.api.grpc.auto.RequestGrpc$RequestMethodDescriptorSupplier@2737506a}}}]]

2025-01-08 10:51:19,593 INFO [Cluster-nacos1:8848] Server check success, currentServer is nacos1:8848 

2025-01-08 10:59:16,313 INFO [capacityManagement] start correct usage

2025-01-08 10:59:16,315 INFO [capacityManagement] end correct usage, cost: 0.001596481s

2025-01-08 10:59:16,997 WARN clearHistoryConfig get scheduled

2025-01-08 10:59:16,998 WARN clearHistoryConfig is disable in current context

2025-01-08 11:09:16,316 INFO [capacityManagement] start correct usage

2025-01-08 11:09:16,318 INFO [capacityManagement] end correct usage, cost: 0.002418362s

2025-01-08 11:09:16,998 WARN clearHistoryConfig get scheduled

2025-01-08 11:09:16,998 WARN clearHistoryConfig is disable in current context

2025-01-08 11:19:16,319 INFO [capacityManagement] start correct usage

2025-01-08 11:19:16,321 INFO [capacityManagement] end correct usage, cost: 0.001917465s

2025-01-08 11:19:16,998 WARN clearHistoryConfig get scheduled

2025-01-08 11:19:16,999 WARN clearHistoryConfig is disable in current context

2025-01-08 11:29:16,321 INFO [capacityManagement] start correct usage

2025-01-08 11:29:16,324 INFO [capacityManagement] end correct usage, cost: 0.002490064s

2025-01-08 11:29:16,999 WARN clearHistoryConfig get scheduled

2025-01-08 11:29:16,999 WARN clearHistoryConfig is disable in current context

2025-01-08 11:34:29,909 ERROR Send request fail, request = MemberReportRequest{headers={}, requestId='null'}, retryTimes = 0, errorMessage = java.util.concurrent.TimeoutException: Waited 3000 milliseconds (plus 115839 nanoseconds delay) for io.grpc.stub.ClientCalls$GrpcFuture@2e554430[status=PENDING, info=[GrpcFuture{clientCall=ClientCallImpl{method=MethodDescriptor{fullMethodName=Request/request, type=UNARY, idempotent=false, safe=false, sampledToLocalTracing=true, requestMarshaller=io.grpc.protobuf.lite.ProtoLiteUtils$MessageMarshaller@28a8435c, responseMarshaller=io.grpc.protobuf.lite.ProtoLiteUtils$MessageMarshaller@597c6728, schemaDescriptor=com.alibaba.nacos.api.grpc.auto.RequestGrpc$RequestMethodDescriptorSupplier@2737506a}}}]]

2025-01-08 11:34:30,391 INFO [Cluster-nacos1:8848] Server check success, currentServer is nacos1:8848 

2025-01-08 11:39:16,324 INFO [capacityManagement] start correct usage

2025-01-08 11:39:16,326 INFO [capacityManagement] end correct usage, cost: 0.001749931s

2025-01-08 11:39:17,000 WARN clearHistoryConfig get scheduled

2025-01-08 11:39:17,000 WARN clearHistoryConfig is disable in current context

2025-01-08 11:49:16,327 INFO [capacityManagement] start correct usage

2025-01-08 11:49:16,329 INFO [capacityManagement] end correct usage, cost: 0.001994621s

2025-01-08 11:49:17,000 WARN clearHistoryConfig get scheduled

2025-01-08 11:49:17,000 WARN clearHistoryConfig is disable in current context

2025-01-08 11:59:16,329 INFO [capacityManagement] start correct usage

2025-01-08 11:59:16,332 INFO [capacityManagement] end correct usage, cost: 0.002194438s

2025-01-08 11:59:17,001 WARN clearHistoryConfig get scheduled

2025-01-08 11:59:17,001 WARN clearHistoryConfig is disable in current context

2025-01-08 12:09:16,332 INFO [capacityManagement] start correct usage

2025-01-08 12:09:16,334 INFO [capacityManagement] end correct usage, cost: 0.001648238s

2025-01-08 12:09:17,001 WARN clearHistoryConfig get scheduled

2025-01-08 12:09:17,001 WARN clearHistoryConfig is disable in current context

2025-01-08 12:17:45,336 ERROR Send request fail, request = MemberReportRequest{headers={}, requestId='null'}, retryTimes = 0, errorMessage = java.util.concurrent.TimeoutException: Waited 3000 milliseconds (plus 105084 nanoseconds delay) for io.grpc.stub.ClientCalls$GrpcFuture@6c879eef[status=PENDING, info=[GrpcFuture{clientCall=ClientCallImpl{method=MethodDescriptor{fullMethodName=Request/request, type=UNARY, idempotent=false, safe=false, sampledToLocalTracing=true, requestMarshaller=io.grpc.protobuf.lite.ProtoLiteUtils$MessageMarshaller@28a8435c, responseMarshaller=io.grpc.protobuf.lite.ProtoLiteUtils$MessageMarshaller@597c6728, schemaDescriptor=com.alibaba.nacos.api.grpc.auto.RequestGrpc$RequestMethodDescriptorSupplier@2737506a}}}]]

2025-01-08 12:17:45,979 INFO [Cluster-nacos1:8848] Server check success, currentServer is nacos1:8848 

2025-01-08 12:19:16,334 INFO [capacityManagement] start correct usage

2025-01-08 12:19:16,337 INFO [capacityManagement] end correct usage, cost: 0.002047037s

2025-01-08 12:19:17,002 WARN clearHistoryConfig get scheduled

2025-01-08 12:19:17,002 WARN clearHistoryConfig is disable in current context

2025-01-08 12:29:16,337 INFO [capacityManagement] start correct usage

2025-01-08 12:29:16,339 INFO [capacityManagement] end correct usage, cost: 0.002089423s

2025-01-08 12:29:17,002 WARN clearHistoryConfig get scheduled

2025-01-08 12:29:17,003 WARN clearHistoryConfig is disable in current context

2025-01-08 12:39:16,340 INFO [capacityManagement] start correct usage

2025-01-08 12:39:16,343 INFO [capacityManagement] end correct usage, cost: 0.002554706s

2025-01-08 12:39:17,003 WARN clearHistoryConfig get scheduled

2025-01-08 12:39:17,003 WARN clearHistoryConfig is disable in current context

2025-01-08 12:49:16,343 INFO [capacityManagement] start correct usage

2025-01-08 12:49:16,346 INFO [capacityManagement] end correct usage, cost: 0.00260672s

2025-01-08 12:49:17,003 WARN clearHistoryConfig get scheduled

2025-01-08 12:49:17,004 WARN clearHistoryConfig is disable in current context

2025-01-08 12:59:16,346 INFO [capacityManagement] start correct usage

2025-01-08 12:59:16,348 INFO [capacityManagement] end correct usage, cost: 0.001549323s

2025-01-08 12:59:17,004 WARN clearHistoryConfig get scheduled

2025-01-08 12:59:17,004 WARN clearHistoryConfig is disable in current context

2025-01-08 13:09:16,349 INFO [capacityManagement] start correct usage

2025-01-08 13:09:16,351 INFO [capacityManagement] end correct usage, cost: 0.001807586s

2025-01-08 13:09:17,004 WARN clearHistoryConfig get scheduled

2025-01-08 13:09:17,005 WARN clearHistoryConfig is disable in current context

2025-01-08 13:19:16,351 INFO [capacityManagement] start correct usage

2025-01-08 13:19:16,353 INFO [capacityManagement] end correct usage, cost: 0.001673689s

2025-01-08 13:19:17,005 WARN clearHistoryConfig get scheduled

2025-01-08 13:19:17,005 WARN clearHistoryConfig is disable in current context

2025-01-08 13:22:36,578 ERROR Send request fail, request = MemberReportRequest{headers={}, requestId='null'}, retryTimes = 0, errorMessage = java.util.concurrent.TimeoutException: Waited 3000 milliseconds (plus 112447 nanoseconds delay) for io.grpc.stub.ClientCalls$GrpcFuture@96d9bcc[status=PENDING, info=[GrpcFuture{clientCall=ClientCallImpl{method=MethodDescriptor{fullMethodName=Request/request, type=UNARY, idempotent=false, safe=false, sampledToLocalTracing=true, requestMarshaller=io.grpc.protobuf.lite.ProtoLiteUtils$MessageMarshaller@28a8435c, responseMarshaller=io.grpc.protobuf.lite.ProtoLiteUtils$MessageMarshaller@597c6728, schemaDescriptor=com.alibaba.nacos.api.grpc.auto.RequestGrpc$RequestMethodDescriptorSupplier@2737506a}}}]]

2025-01-08 13:22:37,414 INFO [Cluster-nacos1:8848] Server check success, currentServer is nacos1:8848 

2025-01-08 13:29:16,354 INFO [capacityManagement] start correct usage

2025-01-08 13:29:16,356 INFO [capacityManagement] end correct usage, cost: 0.001927731s

2025-01-08 13:29:17,005 WARN clearHistoryConfig get scheduled

2025-01-08 13:29:17,006 WARN clearHistoryConfig is disable in current context

2025-01-08 13:39:16,356 INFO [capacityManagement] start correct usage

2025-01-08 13:39:16,358 INFO [capacityManagement] end correct usage, cost: 0.001763756s

2025-01-08 13:39:17,006 WARN clearHistoryConfig get scheduled

2025-01-08 13:39:17,006 WARN clearHistoryConfig is disable in current context

2025-01-08 13:49:16,359 INFO [capacityManagement] start correct usage

2025-01-08 13:49:16,362 INFO [capacityManagement] end correct usage, cost: 0.003139708s

2025-01-08 13:49:17,007 WARN clearHistoryConfig get scheduled

2025-01-08 13:49:17,007 WARN clearHistoryConfig is disable in current context

2025-01-08 13:59:16,363 INFO [capacityManagement] start correct usage

2025-01-08 13:59:16,366 INFO [capacityManagement] end correct usage, cost: 0.00269863s

2025-01-08 13:59:17,007 WARN clearHistoryConfig get scheduled

2025-01-08 13:59:17,007 WARN clearHistoryConfig is disable in current context

2025-01-08 14:09:16,366 INFO [capacityManagement] start correct usage

2025-01-08 14:09:16,368 INFO [capacityManagement] end correct usage, cost: 0.00230384s

2025-01-08 14:09:17,008 WARN clearHistoryConfig get scheduled

2025-01-08 14:09:17,008 WARN clearHistoryConfig is disable in current context

2025-01-08 14:19:16,369 INFO [capacityManagement] start correct usage

2025-01-08 14:19:16,371 INFO [capacityManagement] end correct usage, cost: 0.002220308s

2025-01-08 14:19:17,008 WARN clearHistoryConfig get scheduled

2025-01-08 14:19:17,008 WARN clearHistoryConfig is disable in current context

2025-01-08 14:27:28,676 ERROR Send request fail, request = MemberReportRequest{headers={}, requestId='null'}, retryTimes = 0, errorMessage = java.util.concurrent.TimeoutException: Waited 3000 milliseconds (plus 207043 nanoseconds delay) for io.grpc.stub.ClientCalls$GrpcFuture@2446aaca[status=PENDING, info=[GrpcFuture{clientCall=ClientCallImpl{method=MethodDescriptor{fullMethodName=Request/request, type=UNARY, idempotent=false, safe=false, sampledToLocalTracing=true, requestMarshaller=io.grpc.protobuf.lite.ProtoLiteUtils$MessageMarshaller@28a8435c, responseMarshaller=io.grpc.protobuf.lite.ProtoLiteUtils$MessageMarshaller@597c6728, schemaDescriptor=com.alibaba.nacos.api.grpc.auto.RequestGrpc$RequestMethodDescriptorSupplier@2737506a}}}]]

2025-01-08 14:27:30,352 INFO [Cluster-nacos3:8848] Server check success, currentServer is nacos3:8848 

2025-01-08 14:29:16,372 INFO [capacityManagement] start correct usage

2025-01-08 14:29:16,374 INFO [capacityManagement] end correct usage, cost: 0.00214413s

2025-01-08 14:29:17,009 WARN clearHistoryConfig get scheduled

2025-01-08 14:29:17,009 WARN clearHistoryConfig is disable in current context

2025-01-08 14:39:16,375 INFO [capacityManagement] start correct usage

2025-01-08 14:39:16,377 INFO [capacityManagement] end correct usage, cost: 0.00269293s

2025-01-08 14:39:17,009 WARN clearHistoryConfig get scheduled

2025-01-08 14:39:17,010 WARN clearHistoryConfig is disable in current context

2025-01-08 14:49:16,378 INFO [capacityManagement] start correct usage

2025-01-08 14:49:16,381 INFO [capacityManagement] end correct usage, cost: 0.002766007s

2025-01-08 14:49:17,010 WARN clearHistoryConfig get scheduled

2025-01-08 14:49:17,010 WARN clearHistoryConfig is disable in current context

2025-01-08 14:59:16,382 INFO [capacityManagement] start correct usage

2025-01-08 14:59:16,384 INFO [capacityManagement] end correct usage, cost: 0.002220399s

2025-01-08 14:59:17,011 WARN clearHistoryConfig get scheduled

2025-01-08 14:59:17,011 WARN clearHistoryConfig is disable in current context

2025-01-08 15:09:16,384 INFO [capacityManagement] start correct usage

2025-01-08 15:09:16,387 INFO [capacityManagement] end correct usage, cost: 0.002693947s

2025-01-08 15:09:17,011 WARN clearHistoryConfig get scheduled

2025-01-08 15:09:17,011 WARN clearHistoryConfig is disable in current context

2025-01-08 15:10:45,813 ERROR Send request fail, request = MemberReportRequest{headers={}, requestId='null'}, retryTimes = 0, errorMessage = java.util.concurrent.TimeoutException: Waited 3000 milliseconds (plus 98590 nanoseconds delay) for io.grpc.stub.ClientCalls$GrpcFuture@11de2f5f[status=PENDING, info=[GrpcFuture{clientCall=ClientCallImpl{method=MethodDescriptor{fullMethodName=Request/request, type=UNARY, idempotent=false, safe=false, sampledToLocalTracing=true, requestMarshaller=io.grpc.protobuf.lite.ProtoLiteUtils$MessageMarshaller@28a8435c, responseMarshaller=io.grpc.protobuf.lite.ProtoLiteUtils$MessageMarshaller@597c6728, schemaDescriptor=com.alibaba.nacos.api.grpc.auto.RequestGrpc$RequestMethodDescriptorSupplier@2737506a}}}]]

2025-01-08 15:10:46,380 INFO [Cluster-nacos1:8848] Server check success, currentServer is nacos1:8848 

2025-01-08 15:19:16,388 INFO [capacityManagement] start correct usage

2025-01-08 15:19:16,390 INFO [capacityManagement] end correct usage, cost: 0.001736494s

2025-01-08 15:19:17,012 WARN clearHistoryConfig get scheduled

2025-01-08 15:19:17,012 WARN clearHistoryConfig is disable in current context

2025-01-08 15:29:16,390 INFO [capacityManagement] start correct usage

2025-01-08 15:29:16,392 INFO [capacityManagement] end correct usage, cost: 0.001831305s

2025-01-08 15:29:17,012 WARN clearHistoryConfig get scheduled

2025-01-08 15:29:17,012 WARN clearHistoryConfig is disable in current context

2025-01-08 15:39:16,393 INFO [capacityManagement] start correct usage

2025-01-08 15:39:16,395 INFO [capacityManagement] end correct usage, cost: 0.001663883s

2025-01-08 15:39:17,013 WARN clearHistoryConfig get scheduled

2025-01-08 15:39:17,013 WARN clearHistoryConfig is disable in current context

2025-01-08 15:49:16,395 INFO [capacityManagement] start correct usage

2025-01-08 15:49:16,397 INFO [capacityManagement] end correct usage, cost: 0.001615818s

2025-01-08 15:49:17,013 WARN clearHistoryConfig get scheduled

2025-01-08 15:49:17,014 WARN clearHistoryConfig is disable in current context

2025-01-08 15:59:16,398 INFO [capacityManagement] start correct usage

2025-01-08 15:59:16,401 INFO [capacityManagement] end correct usage, cost: 0.002984857s

2025-01-08 15:59:17,014 WARN clearHistoryConfig get scheduled

2025-01-08 15:59:17,014 WARN clearHistoryConfig is disable in current context

2025-01-08 16:09:16,402 INFO [capacityManagement] start correct usage

2025-01-08 16:09:16,404 INFO [capacityManagement] end correct usage, cost: 0.002680196s

2025-01-08 16:09:17,014 WARN clearHistoryConfig get scheduled

2025-01-08 16:09:17,014 WARN clearHistoryConfig is disable in current context

2025-01-08 16:19:16,405 INFO [capacityManagement] start correct usage

2025-01-08 16:19:16,408 INFO [capacityManagement] end correct usage, cost: 0.002602808s

2025-01-08 16:19:17,015 WARN clearHistoryConfig get scheduled

2025-01-08 16:19:17,015 WARN clearHistoryConfig is disable in current context

2025-01-08 16:29:16,408 INFO [capacityManagement] start correct usage

2025-01-08 16:29:16,411 INFO [capacityManagement] end correct usage, cost: 0.002499637s

2025-01-08 16:29:17,015 WARN clearHistoryConfig get scheduled

2025-01-08 16:29:17,015 WARN clearHistoryConfig is disable in current context

2025-01-08 16:39:16,411 INFO [capacityManagement] start correct usage

2025-01-08 16:39:16,414 INFO [capacityManagement] end correct usage, cost: 0.002454261s

2025-01-08 16:39:17,016 WARN clearHistoryConfig get scheduled

2025-01-08 16:39:17,016 WARN clearHistoryConfig is disable in current context

2025-01-08 16:49:16,415 INFO [capacityManagement] start correct usage

2025-01-08 16:49:16,417 INFO [capacityManagement] end correct usage, cost: 0.002480657s

2025-01-08 16:49:17,016 WARN clearHistoryConfig get scheduled

2025-01-08 16:49:17,016 WARN clearHistoryConfig is disable in current context

2025-01-08 16:58:54,517 ERROR Send request fail, request = MemberReportRequest{headers={}, requestId='null'}, retryTimes = 0, errorMessage = java.util.concurrent.TimeoutException: Waited 3000 milliseconds (plus 232707 nanoseconds delay) for io.grpc.stub.ClientCalls$GrpcFuture@632fa6db[status=PENDING, info=[GrpcFuture{clientCall=ClientCallImpl{method=MethodDescriptor{fullMethodName=Request/request, type=UNARY, idempotent=false, safe=false, sampledToLocalTracing=true, requestMarshaller=io.grpc.protobuf.lite.ProtoLiteUtils$MessageMarshaller@28a8435c, responseMarshaller=io.grpc.protobuf.lite.ProtoLiteUtils$MessageMarshaller@597c6728, schemaDescriptor=com.alibaba.nacos.api.grpc.auto.RequestGrpc$RequestMethodDescriptorSupplier@2737506a}}}]]

2025-01-08 16:58:57,025 INFO [Cluster-nacos1:8848] Server check success, currentServer is nacos1:8848 

2025-01-08 16:59:16,418 INFO [capacityManagement] start correct usage

2025-01-08 16:59:16,420 INFO [capacityManagement] end correct usage, cost: 0.001766609s

2025-01-08 16:59:17,017 WARN clearHistoryConfig get scheduled

2025-01-08 16:59:17,017 WARN clearHistoryConfig is disable in current context

2025-01-08 17:09:16,420 INFO [capacityManagement] start correct usage

2025-01-08 17:09:16,423 INFO [capacityManagement] end correct usage, cost: 0.002151925s

2025-01-08 17:09:17,017 WARN clearHistoryConfig get scheduled

2025-01-08 17:09:17,017 WARN clearHistoryConfig is disable in current context

