2025-01-07 10:21:38,040 INFO Not configure type of control plugin, no limit control for current node.

2025-01-07 10:21:38,043 INFO Load connection metrics collector,size=2,[com.alibaba.nacos.config.server.service.LongPollingConnectionMetricsCollector@1162410a, com.alibaba.nacos.core.remote.LongConnectionMetricsCollector@62df0ff3]

2025-01-07 10:21:38,060 INFO No connection rule content found ,use default empty rule 

2025-01-07 10:21:38,143 INFO No tps control rule of CONFIG_PUSH_COUNT found,content =null  

2025-01-07 10:21:38,144 WARN Tps point for CONFIG_PUSH_COUNT registered, But tps control manager is no limit implementation.

2025-01-07 10:21:38,144 INFO No tps control rule of CONFIG_PUSH_SUCCESS found,content =null  

2025-01-07 10:21:38,144 WARN Tps point for CONFIG_PUSH_SUCCESS registered, But tps control manager is no limit implementation.

2025-01-07 10:21:38,144 INFO No tps control rule of CONFIG_PUSH_FAIL found,content =null  

2025-01-07 10:21:38,144 WARN Tps point for CONFIG_PUSH_FAIL registered, But tps control manager is no limit implementation.

2025-01-07 10:22:06,299 INFO Not configure type of control plugin, no limit control for current node.

2025-01-07 10:22:06,302 INFO Load connection metrics collector,size=2,[com.alibaba.nacos.config.server.service.LongPollingConnectionMetricsCollector@3c49fab6, com.alibaba.nacos.core.remote.LongConnectionMetricsCollector@74518890]

2025-01-07 10:22:06,302 INFO No connection rule content found ,use default empty rule 

2025-01-07 10:22:06,382 INFO No tps control rule of CONFIG_PUSH_COUNT found,content =null  

2025-01-07 10:22:06,383 WARN Tps point for CONFIG_PUSH_COUNT registered, But tps control manager is no limit implementation.

2025-01-07 10:22:06,383 INFO No tps control rule of CONFIG_PUSH_SUCCESS found,content =null  

2025-01-07 10:22:06,383 WARN Tps point for CONFIG_PUSH_SUCCESS registered, But tps control manager is no limit implementation.

2025-01-07 10:22:06,383 INFO No tps control rule of CONFIG_PUSH_FAIL found,content =null  

2025-01-07 10:22:06,383 WARN Tps point for CONFIG_PUSH_FAIL registered, But tps control manager is no limit implementation.

2025-01-07 10:22:34,570 INFO Not configure type of control plugin, no limit control for current node.

2025-01-07 10:22:34,574 INFO Load connection metrics collector,size=2,[com.alibaba.nacos.config.server.service.LongPollingConnectionMetricsCollector@5c371e13, com.alibaba.nacos.core.remote.LongConnectionMetricsCollector@1e34c607]

2025-01-07 10:22:34,575 INFO No connection rule content found ,use default empty rule 

2025-01-07 10:22:34,646 INFO No tps control rule of CONFIG_PUSH_COUNT found,content =null  

2025-01-07 10:22:34,646 WARN Tps point for CONFIG_PUSH_COUNT registered, But tps control manager is no limit implementation.

2025-01-07 10:22:34,646 INFO No tps control rule of CONFIG_PUSH_SUCCESS found,content =null  

2025-01-07 10:22:34,646 WARN Tps point for CONFIG_PUSH_SUCCESS registered, But tps control manager is no limit implementation.

2025-01-07 10:22:34,647 INFO No tps control rule of CONFIG_PUSH_FAIL found,content =null  

2025-01-07 10:22:34,647 WARN Tps point for CONFIG_PUSH_FAIL registered, But tps control manager is no limit implementation.

2025-01-07 10:23:04,037 INFO Not configure type of control plugin, no limit control for current node.

2025-01-07 10:23:04,059 INFO Load connection metrics collector,size=2,[com.alibaba.nacos.config.server.service.LongPollingConnectionMetricsCollector@4201a617, com.alibaba.nacos.core.remote.LongConnectionMetricsCollector@1bb9aa43]

2025-01-07 10:23:04,060 INFO No connection rule content found ,use default empty rule 

2025-01-07 10:23:04,153 INFO No tps control rule of CONFIG_PUSH_COUNT found,content =null  

2025-01-07 10:23:04,153 WARN Tps point for CONFIG_PUSH_COUNT registered, But tps control manager is no limit implementation.

2025-01-07 10:23:04,153 INFO No tps control rule of CONFIG_PUSH_SUCCESS found,content =null  

2025-01-07 10:23:04,153 WARN Tps point for CONFIG_PUSH_SUCCESS registered, But tps control manager is no limit implementation.

2025-01-07 10:23:04,153 INFO No tps control rule of CONFIG_PUSH_FAIL found,content =null  

2025-01-07 10:23:04,153 WARN Tps point for CONFIG_PUSH_FAIL registered, But tps control manager is no limit implementation.

2025-01-07 10:23:31,698 INFO Not configure type of control plugin, no limit control for current node.

2025-01-07 10:23:31,702 INFO Load connection metrics collector,size=2,[com.alibaba.nacos.config.server.service.LongPollingConnectionMetricsCollector@39fc6b2c, com.alibaba.nacos.core.remote.LongConnectionMetricsCollector@3ee39da0]

2025-01-07 10:23:31,705 INFO No connection rule content found ,use default empty rule 

2025-01-07 10:23:31,756 INFO No tps control rule of CONFIG_PUSH_COUNT found,content =null  

2025-01-07 10:23:31,756 WARN Tps point for CONFIG_PUSH_COUNT registered, But tps control manager is no limit implementation.

2025-01-07 10:23:31,756 INFO No tps control rule of CONFIG_PUSH_SUCCESS found,content =null  

2025-01-07 10:23:31,756 WARN Tps point for CONFIG_PUSH_SUCCESS registered, But tps control manager is no limit implementation.

2025-01-07 10:23:31,757 INFO No tps control rule of CONFIG_PUSH_FAIL found,content =null  

2025-01-07 10:23:31,757 WARN Tps point for CONFIG_PUSH_FAIL registered, But tps control manager is no limit implementation.

2025-01-07 10:23:59,376 INFO Not configure type of control plugin, no limit control for current node.

2025-01-07 10:23:59,407 INFO Load connection metrics collector,size=2,[com.alibaba.nacos.config.server.service.LongPollingConnectionMetricsCollector@6650813a, com.alibaba.nacos.core.remote.LongConnectionMetricsCollector@50cf5a23]

2025-01-07 10:23:59,412 INFO No connection rule content found ,use default empty rule 

2025-01-07 10:23:59,467 INFO No tps control rule of CONFIG_PUSH_COUNT found,content =null  

2025-01-07 10:23:59,467 WARN Tps point for CONFIG_PUSH_COUNT registered, But tps control manager is no limit implementation.

2025-01-07 10:23:59,467 INFO No tps control rule of CONFIG_PUSH_SUCCESS found,content =null  

2025-01-07 10:23:59,467 WARN Tps point for CONFIG_PUSH_SUCCESS registered, But tps control manager is no limit implementation.

2025-01-07 10:23:59,468 INFO No tps control rule of CONFIG_PUSH_FAIL found,content =null  

2025-01-07 10:23:59,468 WARN Tps point for CONFIG_PUSH_FAIL registered, But tps control manager is no limit implementation.

2025-01-07 10:24:27,243 INFO Not configure type of control plugin, no limit control for current node.

2025-01-07 10:24:27,254 INFO Load connection metrics collector,size=2,[com.alibaba.nacos.config.server.service.LongPollingConnectionMetricsCollector@1a1d3c1a, com.alibaba.nacos.core.remote.LongConnectionMetricsCollector@159e366]

2025-01-07 10:24:27,255 INFO No connection rule content found ,use default empty rule 

2025-01-07 10:24:27,364 INFO No tps control rule of CONFIG_PUSH_COUNT found,content =null  

2025-01-07 10:24:27,365 WARN Tps point for CONFIG_PUSH_COUNT registered, But tps control manager is no limit implementation.

2025-01-07 10:24:27,365 INFO No tps control rule of CONFIG_PUSH_SUCCESS found,content =null  

2025-01-07 10:24:27,365 WARN Tps point for CONFIG_PUSH_SUCCESS registered, But tps control manager is no limit implementation.

2025-01-07 10:24:27,365 INFO No tps control rule of CONFIG_PUSH_FAIL found,content =null  

2025-01-07 10:24:27,365 WARN Tps point for CONFIG_PUSH_FAIL registered, But tps control manager is no limit implementation.

2025-01-07 10:24:52,947 INFO Not configure type of control plugin, no limit control for current node.

2025-01-07 10:24:52,952 INFO Load connection metrics collector,size=2,[com.alibaba.nacos.config.server.service.LongPollingConnectionMetricsCollector@51671b08, com.alibaba.nacos.core.remote.LongConnectionMetricsCollector@1162410a]

2025-01-07 10:24:52,953 INFO No connection rule content found ,use default empty rule 

2025-01-07 10:24:53,018 INFO No tps control rule of CONFIG_PUSH_COUNT found,content =null  

2025-01-07 10:24:53,019 WARN Tps point for CONFIG_PUSH_COUNT registered, But tps control manager is no limit implementation.

2025-01-07 10:24:53,019 INFO No tps control rule of CONFIG_PUSH_SUCCESS found,content =null  

2025-01-07 10:24:53,019 WARN Tps point for CONFIG_PUSH_SUCCESS registered, But tps control manager is no limit implementation.

2025-01-07 10:24:53,019 INFO No tps control rule of CONFIG_PUSH_FAIL found,content =null  

2025-01-07 10:24:53,019 WARN Tps point for CONFIG_PUSH_FAIL registered, But tps control manager is no limit implementation.

2025-01-07 10:25:20,058 INFO Not configure type of control plugin, no limit control for current node.

2025-01-07 10:25:20,062 INFO Load connection metrics collector,size=2,[com.alibaba.nacos.config.server.service.LongPollingConnectionMetricsCollector@30272916, com.alibaba.nacos.core.remote.LongConnectionMetricsCollector@5bf61e67]

2025-01-07 10:25:20,063 INFO No connection rule content found ,use default empty rule 

2025-01-07 10:25:20,131 INFO No tps control rule of CONFIG_PUSH_COUNT found,content =null  

2025-01-07 10:25:20,131 WARN Tps point for CONFIG_PUSH_COUNT registered, But tps control manager is no limit implementation.

2025-01-07 10:25:20,131 INFO No tps control rule of CONFIG_PUSH_SUCCESS found,content =null  

2025-01-07 10:25:20,131 WARN Tps point for CONFIG_PUSH_SUCCESS registered, But tps control manager is no limit implementation.

2025-01-07 10:25:20,131 INFO No tps control rule of CONFIG_PUSH_FAIL found,content =null  

2025-01-07 10:25:20,131 WARN Tps point for CONFIG_PUSH_FAIL registered, But tps control manager is no limit implementation.

2025-01-07 10:25:48,084 INFO Not configure type of control plugin, no limit control for current node.

2025-01-07 10:25:48,128 INFO Load connection metrics collector,size=2,[com.alibaba.nacos.config.server.service.LongPollingConnectionMetricsCollector@17ae98d7, com.alibaba.nacos.core.remote.LongConnectionMetricsCollector@6ac4944a]

2025-01-07 10:25:48,129 INFO No connection rule content found ,use default empty rule 

2025-01-07 10:25:48,224 INFO No tps control rule of CONFIG_PUSH_COUNT found,content =null  

2025-01-07 10:25:48,224 WARN Tps point for CONFIG_PUSH_COUNT registered, But tps control manager is no limit implementation.

2025-01-07 10:25:48,224 INFO No tps control rule of CONFIG_PUSH_SUCCESS found,content =null  

2025-01-07 10:25:48,224 WARN Tps point for CONFIG_PUSH_SUCCESS registered, But tps control manager is no limit implementation.

2025-01-07 10:25:48,225 INFO No tps control rule of CONFIG_PUSH_FAIL found,content =null  

2025-01-07 10:25:48,225 WARN Tps point for CONFIG_PUSH_FAIL registered, But tps control manager is no limit implementation.

2025-01-07 10:26:16,535 INFO Not configure type of control plugin, no limit control for current node.

2025-01-07 10:26:16,539 INFO Load connection metrics collector,size=2,[com.alibaba.nacos.config.server.service.LongPollingConnectionMetricsCollector@51bde877, com.alibaba.nacos.core.remote.LongConnectionMetricsCollector@492fc69e]

2025-01-07 10:26:16,544 INFO No connection rule content found ,use default empty rule 

2025-01-07 10:26:16,626 INFO No tps control rule of CONFIG_PUSH_COUNT found,content =null  

2025-01-07 10:26:16,626 WARN Tps point for CONFIG_PUSH_COUNT registered, But tps control manager is no limit implementation.

2025-01-07 10:26:16,626 INFO No tps control rule of CONFIG_PUSH_SUCCESS found,content =null  

2025-01-07 10:26:16,626 WARN Tps point for CONFIG_PUSH_SUCCESS registered, But tps control manager is no limit implementation.

2025-01-07 10:26:16,626 INFO No tps control rule of CONFIG_PUSH_FAIL found,content =null  

2025-01-07 10:26:16,626 WARN Tps point for CONFIG_PUSH_FAIL registered, But tps control manager is no limit implementation.

2025-01-07 10:26:43,803 INFO Not configure type of control plugin, no limit control for current node.

2025-01-07 10:26:43,820 INFO Load connection metrics collector,size=2,[com.alibaba.nacos.config.server.service.LongPollingConnectionMetricsCollector@6134ac4a, com.alibaba.nacos.core.remote.LongConnectionMetricsCollector@71b1a49c]

2025-01-07 10:26:43,821 INFO No connection rule content found ,use default empty rule 

2025-01-07 10:26:43,913 INFO No tps control rule of CONFIG_PUSH_COUNT found,content =null  

2025-01-07 10:26:43,913 WARN Tps point for CONFIG_PUSH_COUNT registered, But tps control manager is no limit implementation.

2025-01-07 10:26:43,913 INFO No tps control rule of CONFIG_PUSH_SUCCESS found,content =null  

2025-01-07 10:26:43,913 WARN Tps point for CONFIG_PUSH_SUCCESS registered, But tps control manager is no limit implementation.

2025-01-07 10:26:43,913 INFO No tps control rule of CONFIG_PUSH_FAIL found,content =null  

2025-01-07 10:26:43,913 WARN Tps point for CONFIG_PUSH_FAIL registered, But tps control manager is no limit implementation.

2025-01-07 10:27:09,824 INFO Not configure type of control plugin, no limit control for current node.

2025-01-07 10:27:09,834 INFO Load connection metrics collector,size=2,[com.alibaba.nacos.config.server.service.LongPollingConnectionMetricsCollector@bae47a0, com.alibaba.nacos.core.remote.LongConnectionMetricsCollector@85ec632]

2025-01-07 10:27:09,835 INFO No connection rule content found ,use default empty rule 

2025-01-07 10:27:09,888 INFO No tps control rule of CONFIG_PUSH_COUNT found,content =null  

2025-01-07 10:27:09,888 WARN Tps point for CONFIG_PUSH_COUNT registered, But tps control manager is no limit implementation.

2025-01-07 10:27:09,888 INFO No tps control rule of CONFIG_PUSH_SUCCESS found,content =null  

2025-01-07 10:27:09,888 WARN Tps point for CONFIG_PUSH_SUCCESS registered, But tps control manager is no limit implementation.

2025-01-07 10:27:09,888 INFO No tps control rule of CONFIG_PUSH_FAIL found,content =null  

2025-01-07 10:27:09,888 WARN Tps point for CONFIG_PUSH_FAIL registered, But tps control manager is no limit implementation.

2025-01-07 10:27:36,172 INFO Not configure type of control plugin, no limit control for current node.

2025-01-07 10:27:36,175 INFO Load connection metrics collector,size=2,[com.alibaba.nacos.config.server.service.LongPollingConnectionMetricsCollector@328572f0, com.alibaba.nacos.core.remote.LongConnectionMetricsCollector@17f460bb]

2025-01-07 10:27:36,183 INFO No connection rule content found ,use default empty rule 

2025-01-07 10:27:36,225 INFO No tps control rule of CONFIG_PUSH_COUNT found,content =null  

2025-01-07 10:27:36,225 WARN Tps point for CONFIG_PUSH_COUNT registered, But tps control manager is no limit implementation.

2025-01-07 10:27:36,225 INFO No tps control rule of CONFIG_PUSH_SUCCESS found,content =null  

2025-01-07 10:27:36,225 WARN Tps point for CONFIG_PUSH_SUCCESS registered, But tps control manager is no limit implementation.

2025-01-07 10:27:36,225 INFO No tps control rule of CONFIG_PUSH_FAIL found,content =null  

2025-01-07 10:27:36,225 WARN Tps point for CONFIG_PUSH_FAIL registered, But tps control manager is no limit implementation.

2025-01-07 10:28:02,949 INFO Not configure type of control plugin, no limit control for current node.

2025-01-07 10:28:02,957 INFO Load connection metrics collector,size=2,[com.alibaba.nacos.config.server.service.LongPollingConnectionMetricsCollector@d4ab71a, com.alibaba.nacos.core.remote.LongConnectionMetricsCollector@1af05b03]

2025-01-07 10:28:02,959 INFO No connection rule content found ,use default empty rule 

2025-01-07 10:28:02,985 INFO No tps control rule of CONFIG_PUSH_COUNT found,content =null  

2025-01-07 10:28:02,985 WARN Tps point for CONFIG_PUSH_COUNT registered, But tps control manager is no limit implementation.

2025-01-07 10:28:02,988 INFO No tps control rule of CONFIG_PUSH_SUCCESS found,content =null  

2025-01-07 10:28:02,988 WARN Tps point for CONFIG_PUSH_SUCCESS registered, But tps control manager is no limit implementation.

2025-01-07 10:28:02,990 INFO No tps control rule of CONFIG_PUSH_FAIL found,content =null  

2025-01-07 10:28:02,990 WARN Tps point for CONFIG_PUSH_FAIL registered, But tps control manager is no limit implementation.

2025-01-07 10:28:30,661 INFO Not configure type of control plugin, no limit control for current node.

2025-01-07 10:28:30,669 INFO Load connection metrics collector,size=2,[com.alibaba.nacos.config.server.service.LongPollingConnectionMetricsCollector@49bf29c6, com.alibaba.nacos.core.remote.LongConnectionMetricsCollector@3fcdcf]

2025-01-07 10:28:30,670 INFO No connection rule content found ,use default empty rule 

2025-01-07 10:28:30,735 INFO No tps control rule of CONFIG_PUSH_COUNT found,content =null  

2025-01-07 10:28:30,736 WARN Tps point for CONFIG_PUSH_COUNT registered, But tps control manager is no limit implementation.

2025-01-07 10:28:30,736 INFO No tps control rule of CONFIG_PUSH_SUCCESS found,content =null  

2025-01-07 10:28:30,736 WARN Tps point for CONFIG_PUSH_SUCCESS registered, But tps control manager is no limit implementation.

2025-01-07 10:28:30,736 INFO No tps control rule of CONFIG_PUSH_FAIL found,content =null  

2025-01-07 10:28:30,737 WARN Tps point for CONFIG_PUSH_FAIL registered, But tps control manager is no limit implementation.

2025-01-07 10:28:57,379 INFO Not configure type of control plugin, no limit control for current node.

2025-01-07 10:28:57,391 INFO Load connection metrics collector,size=2,[com.alibaba.nacos.config.server.service.LongPollingConnectionMetricsCollector@2c1dc8e, com.alibaba.nacos.core.remote.LongConnectionMetricsCollector@4e7095ac]

2025-01-07 10:28:57,393 INFO No connection rule content found ,use default empty rule 

2025-01-07 10:28:57,439 INFO No tps control rule of CONFIG_PUSH_COUNT found,content =null  

2025-01-07 10:28:57,439 WARN Tps point for CONFIG_PUSH_COUNT registered, But tps control manager is no limit implementation.

2025-01-07 10:28:57,439 INFO No tps control rule of CONFIG_PUSH_SUCCESS found,content =null  

2025-01-07 10:28:57,439 WARN Tps point for CONFIG_PUSH_SUCCESS registered, But tps control manager is no limit implementation.

2025-01-07 10:28:57,439 INFO No tps control rule of CONFIG_PUSH_FAIL found,content =null  

2025-01-07 10:28:57,439 WARN Tps point for CONFIG_PUSH_FAIL registered, But tps control manager is no limit implementation.

2025-01-07 10:29:25,152 INFO Not configure type of control plugin, no limit control for current node.

2025-01-07 10:29:25,172 INFO Load connection metrics collector,size=2,[com.alibaba.nacos.config.server.service.LongPollingConnectionMetricsCollector@232024b9, com.alibaba.nacos.core.remote.LongConnectionMetricsCollector@2a415aa9]

2025-01-07 10:29:25,172 INFO No connection rule content found ,use default empty rule 

2025-01-07 10:29:25,220 INFO No tps control rule of CONFIG_PUSH_COUNT found,content =null  

2025-01-07 10:29:25,221 WARN Tps point for CONFIG_PUSH_COUNT registered, But tps control manager is no limit implementation.

2025-01-07 10:29:25,221 INFO No tps control rule of CONFIG_PUSH_SUCCESS found,content =null  

2025-01-07 10:29:25,221 WARN Tps point for CONFIG_PUSH_SUCCESS registered, But tps control manager is no limit implementation.

2025-01-07 10:29:25,221 INFO No tps control rule of CONFIG_PUSH_FAIL found,content =null  

2025-01-07 10:29:25,221 WARN Tps point for CONFIG_PUSH_FAIL registered, But tps control manager is no limit implementation.

2025-01-07 10:29:53,368 INFO Not configure type of control plugin, no limit control for current node.

2025-01-07 10:29:53,372 INFO Load connection metrics collector,size=2,[com.alibaba.nacos.config.server.service.LongPollingConnectionMetricsCollector@450794b4, com.alibaba.nacos.core.remote.LongConnectionMetricsCollector@30457e14]

2025-01-07 10:29:53,373 INFO No connection rule content found ,use default empty rule 

2025-01-07 10:29:53,442 INFO No tps control rule of CONFIG_PUSH_COUNT found,content =null  

2025-01-07 10:29:53,442 WARN Tps point for CONFIG_PUSH_COUNT registered, But tps control manager is no limit implementation.

2025-01-07 10:29:53,447 INFO No tps control rule of CONFIG_PUSH_SUCCESS found,content =null  

2025-01-07 10:29:53,447 WARN Tps point for CONFIG_PUSH_SUCCESS registered, But tps control manager is no limit implementation.

2025-01-07 10:29:53,447 INFO No tps control rule of CONFIG_PUSH_FAIL found,content =null  

2025-01-07 10:29:53,447 WARN Tps point for CONFIG_PUSH_FAIL registered, But tps control manager is no limit implementation.

2025-01-07 10:30:23,167 INFO Not configure type of control plugin, no limit control for current node.

2025-01-07 10:30:23,173 INFO Load connection metrics collector,size=2,[com.alibaba.nacos.config.server.service.LongPollingConnectionMetricsCollector@5710768a, com.alibaba.nacos.core.remote.LongConnectionMetricsCollector@6e0d4a8]

2025-01-07 10:30:23,174 INFO No connection rule content found ,use default empty rule 

2025-01-07 10:30:23,234 INFO No tps control rule of CONFIG_PUSH_COUNT found,content =null  

2025-01-07 10:30:23,234 WARN Tps point for CONFIG_PUSH_COUNT registered, But tps control manager is no limit implementation.

2025-01-07 10:30:23,234 INFO No tps control rule of CONFIG_PUSH_SUCCESS found,content =null  

2025-01-07 10:30:23,235 WARN Tps point for CONFIG_PUSH_SUCCESS registered, But tps control manager is no limit implementation.

2025-01-07 10:30:23,235 INFO No tps control rule of CONFIG_PUSH_FAIL found,content =null  

2025-01-07 10:30:23,235 WARN Tps point for CONFIG_PUSH_FAIL registered, But tps control manager is no limit implementation.

2025-01-07 10:30:30,670 INFO No tps control rule of ConfigQuery found,content =null  

2025-01-07 10:30:30,670 WARN Tps point for ConfigQuery registered, But tps control manager is no limit implementation.

2025-01-07 10:30:30,671 INFO No tps control rule of ClusterConfigChangeNotify found,content =null  

2025-01-07 10:30:30,671 WARN Tps point for ClusterConfigChangeNotify registered, But tps control manager is no limit implementation.

2025-01-07 10:30:30,684 INFO No tps control rule of ConfigListen found,content =null  

2025-01-07 10:30:30,684 WARN Tps point for ConfigListen registered, But tps control manager is no limit implementation.

2025-01-07 10:30:30,684 INFO No tps control rule of ConfigRemove found,content =null  

2025-01-07 10:30:30,684 WARN Tps point for ConfigRemove registered, But tps control manager is no limit implementation.

2025-01-07 10:30:30,684 INFO No tps control rule of ConfigPublish found,content =null  

2025-01-07 10:30:30,684 WARN Tps point for ConfigPublish registered, But tps control manager is no limit implementation.

2025-01-07 10:30:30,684 INFO No tps control rule of HealthCheck found,content =null  

2025-01-07 10:30:30,684 WARN Tps point for HealthCheck registered, But tps control manager is no limit implementation.

2025-01-07 10:30:30,684 INFO No tps control rule of RemoteNamingServiceQuery found,content =null  

2025-01-07 10:30:30,684 WARN Tps point for RemoteNamingServiceQuery registered, But tps control manager is no limit implementation.

2025-01-07 10:30:30,685 INFO No tps control rule of RemoteNamingInstanceBatchRegister found,content =null  

2025-01-07 10:30:30,685 WARN Tps point for RemoteNamingInstanceBatchRegister registered, But tps control manager is no limit implementation.

2025-01-07 10:30:30,685 INFO No tps control rule of RemoteNamingInstanceRegisterDeregister found,content =null  

2025-01-07 10:30:30,685 WARN Tps point for RemoteNamingInstanceRegisterDeregister registered, But tps control manager is no limit implementation.

2025-01-07 10:30:30,685 INFO No tps control rule of RemoteNamingServiceListQuery found,content =null  

2025-01-07 10:30:30,685 WARN Tps point for RemoteNamingServiceListQuery registered, But tps control manager is no limit implementation.

2025-01-07 10:30:30,685 INFO No tps control rule of RemoteNamingServiceSubscribeUnSubscribe found,content =null  

2025-01-07 10:30:30,685 WARN Tps point for RemoteNamingServiceSubscribeUnSubscribe registered, But tps control manager is no limit implementation.

2025-01-07 10:30:30,685 WARN Tps point for RemoteNamingInstanceRegisterDeregister registered, But tps control manager is no limit implementation.

2025-01-07 10:30:30,686 INFO No tps control rule of NamingServiceUpdate found,content =null  

2025-01-07 10:30:30,686 WARN Tps point for NamingServiceUpdate registered, But tps control manager is no limit implementation.

2025-01-07 10:30:30,686 INFO No tps control rule of NamingInstanceQuery found,content =null  

2025-01-07 10:30:30,686 WARN Tps point for NamingInstanceQuery registered, But tps control manager is no limit implementation.

2025-01-07 10:30:30,686 WARN Tps point for ConfigQuery registered, But tps control manager is no limit implementation.

2025-01-07 10:30:30,686 INFO No tps control rule of HttpHealthCheck found,content =null  

2025-01-07 10:30:30,686 WARN Tps point for HttpHealthCheck registered, But tps control manager is no limit implementation.

2025-01-07 10:30:30,686 INFO No tps control rule of NamingInstanceRegister found,content =null  

2025-01-07 10:30:30,686 WARN Tps point for NamingInstanceRegister registered, But tps control manager is no limit implementation.

2025-01-07 10:30:30,686 INFO No tps control rule of NamingInstanceMetadataUpdate found,content =null  

2025-01-07 10:30:30,686 WARN Tps point for NamingInstanceMetadataUpdate registered, But tps control manager is no limit implementation.

2025-01-07 10:30:30,686 INFO No tps control rule of NamingServiceDeregister found,content =null  

2025-01-07 10:30:30,686 WARN Tps point for NamingServiceDeregister registered, But tps control manager is no limit implementation.

2025-01-07 10:30:30,686 WARN Tps point for NamingInstanceRegister registered, But tps control manager is no limit implementation.

2025-01-07 10:30:30,686 INFO No tps control rule of NamingInstanceUpdate found,content =null  

2025-01-07 10:30:30,686 WARN Tps point for NamingInstanceUpdate registered, But tps control manager is no limit implementation.

2025-01-07 10:30:30,687 INFO No tps control rule of NamingServiceListQuery found,content =null  

2025-01-07 10:30:30,687 WARN Tps point for NamingServiceListQuery registered, But tps control manager is no limit implementation.

2025-01-07 10:30:30,687 WARN Tps point for ConfigPublish registered, But tps control manager is no limit implementation.

2025-01-07 10:30:30,687 INFO No tps control rule of NamingServiceSubscribe found,content =null  

2025-01-07 10:30:30,687 WARN Tps point for NamingServiceSubscribe registered, But tps control manager is no limit implementation.

2025-01-07 10:30:30,687 WARN Tps point for NamingServiceSubscribe registered, But tps control manager is no limit implementation.

2025-01-07 10:30:30,687 WARN Tps point for NamingInstanceMetadataUpdate registered, But tps control manager is no limit implementation.

2025-01-07 10:30:30,687 INFO No tps control rule of NamingServiceQuery found,content =null  

2025-01-07 10:30:30,687 WARN Tps point for NamingServiceQuery registered, But tps control manager is no limit implementation.

2025-01-07 10:30:30,687 INFO No tps control rule of NamingServiceRegister found,content =null  

2025-01-07 10:30:30,687 WARN Tps point for NamingServiceRegister registered, But tps control manager is no limit implementation.

2025-01-07 10:30:30,687 INFO No tps control rule of NamingInstanceDeregister found,content =null  

2025-01-07 10:30:30,687 WARN Tps point for NamingInstanceDeregister registered, But tps control manager is no limit implementation.

2025-01-07 10:30:30,687 WARN Tps point for NamingInstanceMetadataUpdate registered, But tps control manager is no limit implementation.

2025-01-07 10:30:30,687 WARN Tps point for NamingInstanceUpdate registered, But tps control manager is no limit implementation.

2025-01-07 10:30:30,687 WARN Tps point for NamingServiceQuery registered, But tps control manager is no limit implementation.

2025-01-07 10:30:30,687 WARN Tps point for HttpHealthCheck registered, But tps control manager is no limit implementation.

2025-01-07 10:30:30,687 WARN Tps point for NamingInstanceQuery registered, But tps control manager is no limit implementation.

2025-01-07 10:30:30,687 WARN Tps point for NamingServiceListQuery registered, But tps control manager is no limit implementation.

2025-01-07 10:30:30,687 WARN Tps point for NamingServiceDeregister registered, But tps control manager is no limit implementation.

2025-01-07 10:30:30,687 WARN Tps point for NamingInstanceDeregister registered, But tps control manager is no limit implementation.

2025-01-07 10:30:30,687 WARN Tps point for NamingServiceRegister registered, But tps control manager is no limit implementation.

2025-01-07 10:30:30,687 WARN Tps point for NamingServiceUpdate registered, But tps control manager is no limit implementation.

2025-01-07 10:30:30,687 WARN Tps point for NamingInstanceMetadataUpdate registered, But tps control manager is no limit implementation.

2025-01-07 10:37:21,812 INFO Not configure type of control plugin, no limit control for current node.

2025-01-07 10:37:21,820 INFO Load connection metrics collector,size=2,[com.alibaba.nacos.config.server.service.LongPollingConnectionMetricsCollector@28f8e165, com.alibaba.nacos.core.remote.LongConnectionMetricsCollector@66f66866]

2025-01-07 10:37:21,821 INFO No connection rule content found ,use default empty rule 

2025-01-07 10:37:21,918 INFO No tps control rule of CONFIG_PUSH_COUNT found,content =null  

2025-01-07 10:37:21,918 WARN Tps point for CONFIG_PUSH_COUNT registered, But tps control manager is no limit implementation.

2025-01-07 10:37:21,919 INFO No tps control rule of CONFIG_PUSH_SUCCESS found,content =null  

2025-01-07 10:37:21,919 WARN Tps point for CONFIG_PUSH_SUCCESS registered, But tps control manager is no limit implementation.

2025-01-07 10:37:21,919 INFO No tps control rule of CONFIG_PUSH_FAIL found,content =null  

2025-01-07 10:37:21,920 WARN Tps point for CONFIG_PUSH_FAIL registered, But tps control manager is no limit implementation.

2025-01-07 10:37:32,756 INFO No tps control rule of ConfigQuery found,content =null  

2025-01-07 10:37:32,756 WARN Tps point for ConfigQuery registered, But tps control manager is no limit implementation.

2025-01-07 10:37:32,756 INFO No tps control rule of ClusterConfigChangeNotify found,content =null  

2025-01-07 10:37:32,756 WARN Tps point for ClusterConfigChangeNotify registered, But tps control manager is no limit implementation.

2025-01-07 10:37:32,796 INFO No tps control rule of ConfigListen found,content =null  

2025-01-07 10:37:32,796 WARN Tps point for ConfigListen registered, But tps control manager is no limit implementation.

2025-01-07 10:37:32,796 INFO No tps control rule of ConfigRemove found,content =null  

2025-01-07 10:37:32,796 WARN Tps point for ConfigRemove registered, But tps control manager is no limit implementation.

2025-01-07 10:37:32,796 INFO No tps control rule of ConfigPublish found,content =null  

2025-01-07 10:37:32,796 WARN Tps point for ConfigPublish registered, But tps control manager is no limit implementation.

2025-01-07 10:37:32,796 INFO No tps control rule of HealthCheck found,content =null  

2025-01-07 10:37:32,796 WARN Tps point for HealthCheck registered, But tps control manager is no limit implementation.

2025-01-07 10:37:32,796 INFO No tps control rule of RemoteNamingServiceQuery found,content =null  

2025-01-07 10:37:32,799 WARN Tps point for RemoteNamingServiceQuery registered, But tps control manager is no limit implementation.

2025-01-07 10:37:32,802 INFO No tps control rule of RemoteNamingInstanceBatchRegister found,content =null  

2025-01-07 10:37:32,802 WARN Tps point for RemoteNamingInstanceBatchRegister registered, But tps control manager is no limit implementation.

2025-01-07 10:37:32,802 INFO No tps control rule of RemoteNamingInstanceRegisterDeregister found,content =null  

2025-01-07 10:37:32,802 WARN Tps point for RemoteNamingInstanceRegisterDeregister registered, But tps control manager is no limit implementation.

2025-01-07 10:37:32,802 INFO No tps control rule of RemoteNamingServiceListQuery found,content =null  

2025-01-07 10:37:32,802 WARN Tps point for RemoteNamingServiceListQuery registered, But tps control manager is no limit implementation.

2025-01-07 10:37:32,803 INFO No tps control rule of RemoteNamingServiceSubscribeUnSubscribe found,content =null  

2025-01-07 10:37:32,803 WARN Tps point for RemoteNamingServiceSubscribeUnSubscribe registered, But tps control manager is no limit implementation.

2025-01-07 10:37:32,803 WARN Tps point for RemoteNamingInstanceRegisterDeregister registered, But tps control manager is no limit implementation.

2025-01-07 10:37:32,803 INFO No tps control rule of NamingInstanceUpdate found,content =null  

2025-01-07 10:37:32,803 WARN Tps point for NamingInstanceUpdate registered, But tps control manager is no limit implementation.

2025-01-07 10:37:32,803 INFO No tps control rule of NamingInstanceMetadataUpdate found,content =null  

2025-01-07 10:37:32,803 WARN Tps point for NamingInstanceMetadataUpdate registered, But tps control manager is no limit implementation.

2025-01-07 10:37:32,803 INFO No tps control rule of HttpHealthCheck found,content =null  

2025-01-07 10:37:32,803 WARN Tps point for HttpHealthCheck registered, But tps control manager is no limit implementation.

2025-01-07 10:37:32,803 INFO No tps control rule of NamingServiceRegister found,content =null  

2025-01-07 10:37:32,803 WARN Tps point for NamingServiceRegister registered, But tps control manager is no limit implementation.

2025-01-07 10:37:32,803 INFO No tps control rule of NamingInstanceQuery found,content =null  

2025-01-07 10:37:32,804 WARN Tps point for NamingInstanceQuery registered, But tps control manager is no limit implementation.

2025-01-07 10:37:32,804 WARN Tps point for ConfigQuery registered, But tps control manager is no limit implementation.

2025-01-07 10:37:32,804 WARN Tps point for NamingInstanceMetadataUpdate registered, But tps control manager is no limit implementation.

2025-01-07 10:37:32,804 WARN Tps point for NamingInstanceMetadataUpdate registered, But tps control manager is no limit implementation.

2025-01-07 10:37:32,804 INFO No tps control rule of NamingInstanceRegister found,content =null  

2025-01-07 10:37:32,804 WARN Tps point for NamingInstanceRegister registered, But tps control manager is no limit implementation.

2025-01-07 10:37:32,804 INFO No tps control rule of NamingInstanceDeregister found,content =null  

2025-01-07 10:37:32,804 WARN Tps point for NamingInstanceDeregister registered, But tps control manager is no limit implementation.

2025-01-07 10:37:32,804 WARN Tps point for NamingInstanceUpdate registered, But tps control manager is no limit implementation.

2025-01-07 10:37:32,804 WARN Tps point for NamingServiceRegister registered, But tps control manager is no limit implementation.

2025-01-07 10:37:32,804 INFO No tps control rule of NamingServiceListQuery found,content =null  

2025-01-07 10:37:32,804 WARN Tps point for NamingServiceListQuery registered, But tps control manager is no limit implementation.

2025-01-07 10:37:32,804 WARN Tps point for NamingInstanceMetadataUpdate registered, But tps control manager is no limit implementation.

2025-01-07 10:37:32,804 INFO No tps control rule of NamingServiceQuery found,content =null  

2025-01-07 10:37:32,804 WARN Tps point for NamingServiceQuery registered, But tps control manager is no limit implementation.

2025-01-07 10:37:32,804 INFO No tps control rule of NamingServiceSubscribe found,content =null  

2025-01-07 10:37:32,804 WARN Tps point for NamingServiceSubscribe registered, But tps control manager is no limit implementation.

2025-01-07 10:37:32,804 INFO No tps control rule of NamingServiceUpdate found,content =null  

2025-01-07 10:37:32,804 WARN Tps point for NamingServiceUpdate registered, But tps control manager is no limit implementation.

2025-01-07 10:37:32,804 WARN Tps point for HttpHealthCheck registered, But tps control manager is no limit implementation.

2025-01-07 10:37:32,804 WARN Tps point for NamingServiceSubscribe registered, But tps control manager is no limit implementation.

2025-01-07 10:37:32,804 WARN Tps point for NamingServiceUpdate registered, But tps control manager is no limit implementation.

2025-01-07 10:37:32,804 WARN Tps point for NamingServiceQuery registered, But tps control manager is no limit implementation.

2025-01-07 10:37:32,804 INFO No tps control rule of NamingServiceDeregister found,content =null  

2025-01-07 10:37:32,804 WARN Tps point for NamingServiceDeregister registered, But tps control manager is no limit implementation.

2025-01-07 10:37:32,804 WARN Tps point for NamingInstanceQuery registered, But tps control manager is no limit implementation.

2025-01-07 10:37:32,804 WARN Tps point for NamingServiceListQuery registered, But tps control manager is no limit implementation.

2025-01-07 10:37:32,804 WARN Tps point for NamingInstanceDeregister registered, But tps control manager is no limit implementation.

2025-01-07 10:37:32,804 WARN Tps point for ConfigPublish registered, But tps control manager is no limit implementation.

2025-01-07 10:37:32,804 WARN Tps point for NamingInstanceRegister registered, But tps control manager is no limit implementation.

2025-01-07 10:37:32,804 WARN Tps point for NamingServiceDeregister registered, But tps control manager is no limit implementation.

2025-01-07 10:40:01,520 INFO Not configure type of control plugin, no limit control for current node.

2025-01-07 10:40:01,523 INFO Load connection metrics collector,size=2,[com.alibaba.nacos.config.server.service.LongPollingConnectionMetricsCollector@1162410a, com.alibaba.nacos.core.remote.LongConnectionMetricsCollector@62df0ff3]

2025-01-07 10:40:01,524 INFO No connection rule content found ,use default empty rule 

2025-01-07 10:40:01,635 INFO No tps control rule of CONFIG_PUSH_COUNT found,content =null  

2025-01-07 10:40:01,635 WARN Tps point for CONFIG_PUSH_COUNT registered, But tps control manager is no limit implementation.

2025-01-07 10:40:01,635 INFO No tps control rule of CONFIG_PUSH_SUCCESS found,content =null  

2025-01-07 10:40:01,635 WARN Tps point for CONFIG_PUSH_SUCCESS registered, But tps control manager is no limit implementation.

2025-01-07 10:40:01,635 INFO No tps control rule of CONFIG_PUSH_FAIL found,content =null  

2025-01-07 10:40:01,635 WARN Tps point for CONFIG_PUSH_FAIL registered, But tps control manager is no limit implementation.

2025-01-07 10:41:04,816 INFO Not configure type of control plugin, no limit control for current node.

2025-01-07 10:41:04,839 INFO Load connection metrics collector,size=2,[com.alibaba.nacos.config.server.service.LongPollingConnectionMetricsCollector@6a078481, com.alibaba.nacos.core.remote.LongConnectionMetricsCollector@1929425f]

2025-01-07 10:41:04,840 INFO No connection rule content found ,use default empty rule 

2025-01-07 10:41:04,960 INFO No tps control rule of CONFIG_PUSH_COUNT found,content =null  

2025-01-07 10:41:04,961 WARN Tps point for CONFIG_PUSH_COUNT registered, But tps control manager is no limit implementation.

2025-01-07 10:41:04,961 INFO No tps control rule of CONFIG_PUSH_SUCCESS found,content =null  

2025-01-07 10:41:04,961 WARN Tps point for CONFIG_PUSH_SUCCESS registered, But tps control manager is no limit implementation.

2025-01-07 10:41:04,961 INFO No tps control rule of CONFIG_PUSH_FAIL found,content =null  

2025-01-07 10:41:04,961 WARN Tps point for CONFIG_PUSH_FAIL registered, But tps control manager is no limit implementation.

2025-01-07 10:41:15,557 INFO No tps control rule of ConfigQuery found,content =null  

2025-01-07 10:41:15,557 WARN Tps point for ConfigQuery registered, But tps control manager is no limit implementation.

2025-01-07 10:41:15,557 INFO No tps control rule of ClusterConfigChangeNotify found,content =null  

2025-01-07 10:41:15,557 WARN Tps point for ClusterConfigChangeNotify registered, But tps control manager is no limit implementation.

2025-01-07 10:41:15,597 INFO No tps control rule of ConfigListen found,content =null  

2025-01-07 10:41:15,597 WARN Tps point for ConfigListen registered, But tps control manager is no limit implementation.

2025-01-07 10:41:15,597 INFO No tps control rule of ConfigRemove found,content =null  

2025-01-07 10:41:15,597 WARN Tps point for ConfigRemove registered, But tps control manager is no limit implementation.

2025-01-07 10:41:15,597 INFO No tps control rule of ConfigPublish found,content =null  

2025-01-07 10:41:15,597 WARN Tps point for ConfigPublish registered, But tps control manager is no limit implementation.

2025-01-07 10:41:15,597 INFO No tps control rule of HealthCheck found,content =null  

2025-01-07 10:41:15,597 WARN Tps point for HealthCheck registered, But tps control manager is no limit implementation.

2025-01-07 10:41:15,598 INFO No tps control rule of RemoteNamingServiceQuery found,content =null  

2025-01-07 10:41:15,598 WARN Tps point for RemoteNamingServiceQuery registered, But tps control manager is no limit implementation.

2025-01-07 10:41:15,598 INFO No tps control rule of RemoteNamingInstanceBatchRegister found,content =null  

2025-01-07 10:41:15,598 WARN Tps point for RemoteNamingInstanceBatchRegister registered, But tps control manager is no limit implementation.

2025-01-07 10:41:15,598 INFO No tps control rule of RemoteNamingInstanceRegisterDeregister found,content =null  

2025-01-07 10:41:15,598 WARN Tps point for RemoteNamingInstanceRegisterDeregister registered, But tps control manager is no limit implementation.

2025-01-07 10:41:15,598 INFO No tps control rule of RemoteNamingServiceListQuery found,content =null  

2025-01-07 10:41:15,598 WARN Tps point for RemoteNamingServiceListQuery registered, But tps control manager is no limit implementation.

2025-01-07 10:41:15,598 INFO No tps control rule of RemoteNamingServiceSubscribeUnSubscribe found,content =null  

2025-01-07 10:41:15,598 WARN Tps point for RemoteNamingServiceSubscribeUnSubscribe registered, But tps control manager is no limit implementation.

2025-01-07 10:41:15,598 WARN Tps point for RemoteNamingInstanceRegisterDeregister registered, But tps control manager is no limit implementation.

2025-01-07 10:41:15,599 INFO No tps control rule of NamingServiceSubscribe found,content =null  

2025-01-07 10:41:15,599 WARN Tps point for NamingServiceSubscribe registered, But tps control manager is no limit implementation.

2025-01-07 10:41:15,599 INFO No tps control rule of NamingInstanceUpdate found,content =null  

2025-01-07 10:41:15,599 WARN Tps point for NamingInstanceUpdate registered, But tps control manager is no limit implementation.

2025-01-07 10:41:15,599 INFO No tps control rule of NamingInstanceQuery found,content =null  

2025-01-07 10:41:15,599 WARN Tps point for NamingInstanceQuery registered, But tps control manager is no limit implementation.

2025-01-07 10:41:15,599 WARN Tps point for NamingInstanceUpdate registered, But tps control manager is no limit implementation.

2025-01-07 10:41:15,599 INFO No tps control rule of NamingServiceListQuery found,content =null  

2025-01-07 10:41:15,599 WARN Tps point for NamingServiceListQuery registered, But tps control manager is no limit implementation.

2025-01-07 10:41:15,601 INFO No tps control rule of NamingInstanceMetadataUpdate found,content =null  

2025-01-07 10:41:15,601 WARN Tps point for NamingInstanceMetadataUpdate registered, But tps control manager is no limit implementation.

2025-01-07 10:41:15,601 INFO No tps control rule of NamingInstanceRegister found,content =null  

2025-01-07 10:41:15,601 WARN Tps point for NamingInstanceRegister registered, But tps control manager is no limit implementation.

2025-01-07 10:41:15,601 INFO No tps control rule of NamingServiceRegister found,content =null  

2025-01-07 10:41:15,601 WARN Tps point for NamingServiceRegister registered, But tps control manager is no limit implementation.

2025-01-07 10:41:15,601 INFO No tps control rule of NamingServiceDeregister found,content =null  

2025-01-07 10:41:15,601 WARN Tps point for NamingServiceDeregister registered, But tps control manager is no limit implementation.

2025-01-07 10:41:15,601 WARN Tps point for NamingServiceDeregister registered, But tps control manager is no limit implementation.

2025-01-07 10:41:15,601 WARN Tps point for NamingInstanceMetadataUpdate registered, But tps control manager is no limit implementation.

2025-01-07 10:41:15,601 WARN Tps point for ConfigQuery registered, But tps control manager is no limit implementation.

2025-01-07 10:41:15,601 WARN Tps point for NamingServiceListQuery registered, But tps control manager is no limit implementation.

2025-01-07 10:41:15,601 WARN Tps point for NamingInstanceQuery registered, But tps control manager is no limit implementation.

2025-01-07 10:41:15,601 INFO No tps control rule of NamingServiceQuery found,content =null  

2025-01-07 10:41:15,601 WARN Tps point for NamingServiceQuery registered, But tps control manager is no limit implementation.

2025-01-07 10:41:15,601 WARN Tps point for NamingServiceSubscribe registered, But tps control manager is no limit implementation.

2025-01-07 10:41:15,601 WARN Tps point for NamingInstanceMetadataUpdate registered, But tps control manager is no limit implementation.

2025-01-07 10:41:15,601 WARN Tps point for NamingInstanceRegister registered, But tps control manager is no limit implementation.

2025-01-07 10:41:15,602 INFO No tps control rule of HttpHealthCheck found,content =null  

2025-01-07 10:41:15,602 WARN Tps point for HttpHealthCheck registered, But tps control manager is no limit implementation.

2025-01-07 10:41:15,602 INFO No tps control rule of NamingInstanceDeregister found,content =null  

2025-01-07 10:41:15,602 WARN Tps point for NamingInstanceDeregister registered, But tps control manager is no limit implementation.

2025-01-07 10:41:15,602 WARN Tps point for NamingServiceQuery registered, But tps control manager is no limit implementation.

2025-01-07 10:41:15,602 WARN Tps point for NamingServiceRegister registered, But tps control manager is no limit implementation.

2025-01-07 10:41:15,602 INFO No tps control rule of NamingServiceUpdate found,content =null  

2025-01-07 10:41:15,602 WARN Tps point for NamingServiceUpdate registered, But tps control manager is no limit implementation.

2025-01-07 10:41:15,602 WARN Tps point for NamingServiceUpdate registered, But tps control manager is no limit implementation.

2025-01-07 10:41:15,602 WARN Tps point for NamingInstanceMetadataUpdate registered, But tps control manager is no limit implementation.

2025-01-07 10:41:15,602 WARN Tps point for ConfigPublish registered, But tps control manager is no limit implementation.

2025-01-07 10:41:15,602 WARN Tps point for HttpHealthCheck registered, But tps control manager is no limit implementation.

2025-01-07 10:41:15,602 WARN Tps point for NamingInstanceDeregister registered, But tps control manager is no limit implementation.

2025-01-07 10:44:11,584 INFO Not configure type of control plugin, no limit control for current node.

2025-01-07 10:44:11,588 INFO Load connection metrics collector,size=2,[com.alibaba.nacos.config.server.service.LongPollingConnectionMetricsCollector@5bf61e67, com.alibaba.nacos.core.remote.LongConnectionMetricsCollector@b273a59]

2025-01-07 10:44:11,589 INFO No connection rule content found ,use default empty rule 

2025-01-07 10:44:11,655 INFO No tps control rule of CONFIG_PUSH_COUNT found,content =null  

2025-01-07 10:44:11,655 WARN Tps point for CONFIG_PUSH_COUNT registered, But tps control manager is no limit implementation.

2025-01-07 10:44:11,655 INFO No tps control rule of CONFIG_PUSH_SUCCESS found,content =null  

2025-01-07 10:44:11,655 WARN Tps point for CONFIG_PUSH_SUCCESS registered, But tps control manager is no limit implementation.

2025-01-07 10:44:11,655 INFO No tps control rule of CONFIG_PUSH_FAIL found,content =null  

2025-01-07 10:44:11,655 WARN Tps point for CONFIG_PUSH_FAIL registered, But tps control manager is no limit implementation.

2025-01-07 10:44:21,765 INFO No tps control rule of ConfigQuery found,content =null  

2025-01-07 10:44:21,765 WARN Tps point for ConfigQuery registered, But tps control manager is no limit implementation.

2025-01-07 10:44:21,765 INFO No tps control rule of ClusterConfigChangeNotify found,content =null  

2025-01-07 10:44:21,765 WARN Tps point for ClusterConfigChangeNotify registered, But tps control manager is no limit implementation.

2025-01-07 10:44:21,787 INFO No tps control rule of ConfigListen found,content =null  

2025-01-07 10:44:21,787 WARN Tps point for ConfigListen registered, But tps control manager is no limit implementation.

2025-01-07 10:44:21,787 INFO No tps control rule of ConfigRemove found,content =null  

2025-01-07 10:44:21,787 WARN Tps point for ConfigRemove registered, But tps control manager is no limit implementation.

2025-01-07 10:44:21,787 INFO No tps control rule of ConfigPublish found,content =null  

2025-01-07 10:44:21,787 WARN Tps point for ConfigPublish registered, But tps control manager is no limit implementation.

2025-01-07 10:44:21,799 INFO No tps control rule of HealthCheck found,content =null  

2025-01-07 10:44:21,800 WARN Tps point for HealthCheck registered, But tps control manager is no limit implementation.

2025-01-07 10:44:21,800 INFO No tps control rule of RemoteNamingServiceQuery found,content =null  

2025-01-07 10:44:21,800 WARN Tps point for RemoteNamingServiceQuery registered, But tps control manager is no limit implementation.

2025-01-07 10:44:21,800 INFO No tps control rule of RemoteNamingInstanceBatchRegister found,content =null  

2025-01-07 10:44:21,800 WARN Tps point for RemoteNamingInstanceBatchRegister registered, But tps control manager is no limit implementation.

2025-01-07 10:44:21,800 INFO No tps control rule of RemoteNamingInstanceRegisterDeregister found,content =null  

2025-01-07 10:44:21,800 WARN Tps point for RemoteNamingInstanceRegisterDeregister registered, But tps control manager is no limit implementation.

2025-01-07 10:44:21,800 INFO No tps control rule of RemoteNamingServiceListQuery found,content =null  

2025-01-07 10:44:21,800 WARN Tps point for RemoteNamingServiceListQuery registered, But tps control manager is no limit implementation.

2025-01-07 10:44:21,800 INFO No tps control rule of RemoteNamingServiceSubscribeUnSubscribe found,content =null  

2025-01-07 10:44:21,800 WARN Tps point for RemoteNamingServiceSubscribeUnSubscribe registered, But tps control manager is no limit implementation.

2025-01-07 10:44:21,800 WARN Tps point for RemoteNamingInstanceRegisterDeregister registered, But tps control manager is no limit implementation.

2025-01-07 10:44:21,801 INFO No tps control rule of NamingInstanceMetadataUpdate found,content =null  

2025-01-07 10:44:21,801 WARN Tps point for NamingInstanceMetadataUpdate registered, But tps control manager is no limit implementation.

2025-01-07 10:44:21,801 INFO No tps control rule of NamingInstanceDeregister found,content =null  

2025-01-07 10:44:21,801 WARN Tps point for NamingInstanceDeregister registered, But tps control manager is no limit implementation.

2025-01-07 10:44:21,801 INFO No tps control rule of HttpHealthCheck found,content =null  

2025-01-07 10:44:21,801 WARN Tps point for HttpHealthCheck registered, But tps control manager is no limit implementation.

2025-01-07 10:44:21,801 INFO No tps control rule of NamingServiceSubscribe found,content =null  

2025-01-07 10:44:21,801 WARN Tps point for NamingServiceSubscribe registered, But tps control manager is no limit implementation.

2025-01-07 10:44:21,801 INFO No tps control rule of NamingInstanceRegister found,content =null  

2025-01-07 10:44:21,801 WARN Tps point for NamingInstanceRegister registered, But tps control manager is no limit implementation.

2025-01-07 10:44:21,801 INFO No tps control rule of NamingInstanceUpdate found,content =null  

2025-01-07 10:44:21,801 WARN Tps point for NamingInstanceUpdate registered, But tps control manager is no limit implementation.

2025-01-07 10:44:21,801 WARN Tps point for NamingInstanceUpdate registered, But tps control manager is no limit implementation.

2025-01-07 10:44:21,801 INFO No tps control rule of NamingServiceQuery found,content =null  

2025-01-07 10:44:21,801 WARN Tps point for NamingServiceQuery registered, But tps control manager is no limit implementation.

2025-01-07 10:44:21,801 WARN Tps point for NamingInstanceMetadataUpdate registered, But tps control manager is no limit implementation.

2025-01-07 10:44:21,802 INFO No tps control rule of NamingServiceListQuery found,content =null  

2025-01-07 10:44:21,802 WARN Tps point for NamingServiceListQuery registered, But tps control manager is no limit implementation.

2025-01-07 10:44:21,802 INFO No tps control rule of NamingServiceRegister found,content =null  

2025-01-07 10:44:21,802 WARN Tps point for NamingServiceRegister registered, But tps control manager is no limit implementation.

2025-01-07 10:44:21,802 WARN Tps point for NamingInstanceRegister registered, But tps control manager is no limit implementation.

2025-01-07 10:44:21,802 INFO No tps control rule of NamingInstanceQuery found,content =null  

2025-01-07 10:44:21,802 WARN Tps point for NamingInstanceQuery registered, But tps control manager is no limit implementation.

2025-01-07 10:44:21,802 INFO No tps control rule of NamingServiceDeregister found,content =null  

2025-01-07 10:44:21,802 WARN Tps point for NamingServiceDeregister registered, But tps control manager is no limit implementation.

2025-01-07 10:44:21,802 WARN Tps point for NamingInstanceMetadataUpdate registered, But tps control manager is no limit implementation.

2025-01-07 10:44:21,802 WARN Tps point for HttpHealthCheck registered, But tps control manager is no limit implementation.

2025-01-07 10:44:21,802 WARN Tps point for ConfigQuery registered, But tps control manager is no limit implementation.

2025-01-07 10:44:21,802 WARN Tps point for NamingInstanceMetadataUpdate registered, But tps control manager is no limit implementation.

2025-01-07 10:44:21,802 WARN Tps point for ConfigPublish registered, But tps control manager is no limit implementation.

2025-01-07 10:44:21,802 INFO No tps control rule of NamingServiceUpdate found,content =null  

2025-01-07 10:44:21,802 WARN Tps point for NamingServiceUpdate registered, But tps control manager is no limit implementation.

2025-01-07 10:44:21,802 WARN Tps point for NamingServiceDeregister registered, But tps control manager is no limit implementation.

2025-01-07 10:44:21,802 WARN Tps point for NamingInstanceDeregister registered, But tps control manager is no limit implementation.

2025-01-07 10:44:21,802 WARN Tps point for NamingServiceUpdate registered, But tps control manager is no limit implementation.

2025-01-07 10:44:21,802 WARN Tps point for NamingServiceListQuery registered, But tps control manager is no limit implementation.

2025-01-07 10:44:21,802 WARN Tps point for NamingServiceRegister registered, But tps control manager is no limit implementation.

2025-01-07 10:44:21,802 WARN Tps point for NamingInstanceQuery registered, But tps control manager is no limit implementation.

2025-01-07 10:44:21,802 WARN Tps point for NamingServiceSubscribe registered, But tps control manager is no limit implementation.

2025-01-07 10:44:21,802 WARN Tps point for NamingServiceQuery registered, But tps control manager is no limit implementation.

2025-01-07 10:58:49,477 INFO Not configure type of control plugin, no limit control for current node.

2025-01-07 10:58:49,481 INFO Load connection metrics collector,size=2,[com.alibaba.nacos.config.server.service.LongPollingConnectionMetricsCollector@771158fb, com.alibaba.nacos.core.remote.LongConnectionMetricsCollector@62d0ac62]

2025-01-07 10:58:49,482 INFO No connection rule content found ,use default empty rule 

2025-01-07 10:58:49,564 INFO No tps control rule of CONFIG_PUSH_COUNT found,content =null  

2025-01-07 10:58:49,564 WARN Tps point for CONFIG_PUSH_COUNT registered, But tps control manager is no limit implementation.

2025-01-07 10:58:49,564 INFO No tps control rule of CONFIG_PUSH_SUCCESS found,content =null  

2025-01-07 10:58:49,564 WARN Tps point for CONFIG_PUSH_SUCCESS registered, But tps control manager is no limit implementation.

2025-01-07 10:58:49,564 INFO No tps control rule of CONFIG_PUSH_FAIL found,content =null  

2025-01-07 10:58:49,564 WARN Tps point for CONFIG_PUSH_FAIL registered, But tps control manager is no limit implementation.

2025-01-07 10:58:59,713 INFO No tps control rule of ConfigQuery found,content =null  

2025-01-07 10:58:59,714 WARN Tps point for ConfigQuery registered, But tps control manager is no limit implementation.

2025-01-07 10:58:59,714 INFO No tps control rule of ClusterConfigChangeNotify found,content =null  

2025-01-07 10:58:59,714 WARN Tps point for ClusterConfigChangeNotify registered, But tps control manager is no limit implementation.

2025-01-07 10:58:59,729 INFO No tps control rule of ConfigListen found,content =null  

2025-01-07 10:58:59,729 WARN Tps point for ConfigListen registered, But tps control manager is no limit implementation.

2025-01-07 10:58:59,729 INFO No tps control rule of ConfigRemove found,content =null  

2025-01-07 10:58:59,729 WARN Tps point for ConfigRemove registered, But tps control manager is no limit implementation.

2025-01-07 10:58:59,729 INFO No tps control rule of ConfigPublish found,content =null  

2025-01-07 10:58:59,729 WARN Tps point for ConfigPublish registered, But tps control manager is no limit implementation.

2025-01-07 10:58:59,729 INFO No tps control rule of HealthCheck found,content =null  

2025-01-07 10:58:59,729 WARN Tps point for HealthCheck registered, But tps control manager is no limit implementation.

2025-01-07 10:58:59,729 INFO No tps control rule of RemoteNamingServiceQuery found,content =null  

2025-01-07 10:58:59,729 WARN Tps point for RemoteNamingServiceQuery registered, But tps control manager is no limit implementation.

2025-01-07 10:58:59,729 INFO No tps control rule of RemoteNamingInstanceBatchRegister found,content =null  

2025-01-07 10:58:59,729 WARN Tps point for RemoteNamingInstanceBatchRegister registered, But tps control manager is no limit implementation.

2025-01-07 10:58:59,729 INFO No tps control rule of RemoteNamingInstanceRegisterDeregister found,content =null  

2025-01-07 10:58:59,729 WARN Tps point for RemoteNamingInstanceRegisterDeregister registered, But tps control manager is no limit implementation.

2025-01-07 10:58:59,729 INFO No tps control rule of RemoteNamingServiceListQuery found,content =null  

2025-01-07 10:58:59,729 WARN Tps point for RemoteNamingServiceListQuery registered, But tps control manager is no limit implementation.

2025-01-07 10:58:59,730 INFO No tps control rule of RemoteNamingServiceSubscribeUnSubscribe found,content =null  

2025-01-07 10:58:59,730 WARN Tps point for RemoteNamingServiceSubscribeUnSubscribe registered, But tps control manager is no limit implementation.

2025-01-07 10:58:59,730 WARN Tps point for RemoteNamingInstanceRegisterDeregister registered, But tps control manager is no limit implementation.

2025-01-07 10:58:59,730 INFO No tps control rule of NamingServiceSubscribe found,content =null  

2025-01-07 10:58:59,730 WARN Tps point for NamingServiceSubscribe registered, But tps control manager is no limit implementation.

2025-01-07 10:58:59,730 INFO No tps control rule of NamingInstanceMetadataUpdate found,content =null  

2025-01-07 10:58:59,730 WARN Tps point for NamingInstanceMetadataUpdate registered, But tps control manager is no limit implementation.

2025-01-07 10:58:59,730 INFO No tps control rule of NamingInstanceUpdate found,content =null  

2025-01-07 10:58:59,730 WARN Tps point for NamingInstanceUpdate registered, But tps control manager is no limit implementation.

2025-01-07 10:58:59,731 INFO No tps control rule of NamingServiceQuery found,content =null  

2025-01-07 10:58:59,731 WARN Tps point for NamingServiceQuery registered, But tps control manager is no limit implementation.

2025-01-07 10:58:59,731 INFO No tps control rule of NamingInstanceDeregister found,content =null  

2025-01-07 10:58:59,731 WARN Tps point for NamingInstanceDeregister registered, But tps control manager is no limit implementation.

2025-01-07 10:58:59,731 INFO No tps control rule of NamingServiceRegister found,content =null  

2025-01-07 10:58:59,731 WARN Tps point for NamingServiceRegister registered, But tps control manager is no limit implementation.

2025-01-07 10:58:59,731 INFO No tps control rule of HttpHealthCheck found,content =null  

2025-01-07 10:58:59,731 WARN Tps point for HttpHealthCheck registered, But tps control manager is no limit implementation.

2025-01-07 10:58:59,731 WARN Tps point for HttpHealthCheck registered, But tps control manager is no limit implementation.

2025-01-07 10:58:59,731 INFO No tps control rule of NamingServiceDeregister found,content =null  

2025-01-07 10:58:59,731 WARN Tps point for NamingServiceDeregister registered, But tps control manager is no limit implementation.

2025-01-07 10:58:59,731 INFO No tps control rule of NamingServiceUpdate found,content =null  

2025-01-07 10:58:59,731 WARN Tps point for NamingServiceUpdate registered, But tps control manager is no limit implementation.

2025-01-07 10:58:59,731 INFO No tps control rule of NamingInstanceRegister found,content =null  

2025-01-07 10:58:59,731 WARN Tps point for NamingInstanceRegister registered, But tps control manager is no limit implementation.

2025-01-07 10:58:59,731 INFO No tps control rule of NamingServiceListQuery found,content =null  

2025-01-07 10:58:59,731 WARN Tps point for NamingServiceListQuery registered, But tps control manager is no limit implementation.

2025-01-07 10:58:59,731 INFO No tps control rule of NamingInstanceQuery found,content =null  

2025-01-07 10:58:59,731 WARN Tps point for NamingInstanceQuery registered, But tps control manager is no limit implementation.

2025-01-07 10:58:59,731 WARN Tps point for NamingServiceQuery registered, But tps control manager is no limit implementation.

2025-01-07 10:58:59,731 WARN Tps point for NamingServiceSubscribe registered, But tps control manager is no limit implementation.

2025-01-07 10:58:59,731 WARN Tps point for NamingInstanceRegister registered, But tps control manager is no limit implementation.

2025-01-07 10:58:59,731 WARN Tps point for NamingServiceUpdate registered, But tps control manager is no limit implementation.

2025-01-07 10:58:59,731 WARN Tps point for NamingInstanceDeregister registered, But tps control manager is no limit implementation.

2025-01-07 10:58:59,731 WARN Tps point for ConfigQuery registered, But tps control manager is no limit implementation.

2025-01-07 10:58:59,731 WARN Tps point for NamingServiceRegister registered, But tps control manager is no limit implementation.

2025-01-07 10:58:59,731 WARN Tps point for NamingInstanceMetadataUpdate registered, But tps control manager is no limit implementation.

2025-01-07 10:58:59,731 WARN Tps point for NamingInstanceMetadataUpdate registered, But tps control manager is no limit implementation.

2025-01-07 10:58:59,731 WARN Tps point for NamingServiceDeregister registered, But tps control manager is no limit implementation.

2025-01-07 10:58:59,732 WARN Tps point for NamingServiceListQuery registered, But tps control manager is no limit implementation.

2025-01-07 10:58:59,732 WARN Tps point for ConfigPublish registered, But tps control manager is no limit implementation.

2025-01-07 10:58:59,732 WARN Tps point for NamingInstanceQuery registered, But tps control manager is no limit implementation.

2025-01-07 10:58:59,732 WARN Tps point for NamingInstanceMetadataUpdate registered, But tps control manager is no limit implementation.

2025-01-07 10:58:59,732 WARN Tps point for NamingInstanceUpdate registered, But tps control manager is no limit implementation.

2025-01-07 11:21:26,735 INFO Not configure type of control plugin, no limit control for current node.

2025-01-07 11:21:26,739 INFO Load connection metrics collector,size=2,[com.alibaba.nacos.config.server.service.LongPollingConnectionMetricsCollector@55a8dc49, com.alibaba.nacos.core.remote.LongConnectionMetricsCollector@53cdecf6]

2025-01-07 11:21:26,740 INFO No connection rule content found ,use default empty rule 

2025-01-07 11:21:26,790 INFO No tps control rule of CONFIG_PUSH_COUNT found,content =null  

2025-01-07 11:21:26,790 WARN Tps point for CONFIG_PUSH_COUNT registered, But tps control manager is no limit implementation.

2025-01-07 11:21:26,790 INFO No tps control rule of CONFIG_PUSH_SUCCESS found,content =null  

2025-01-07 11:21:26,790 WARN Tps point for CONFIG_PUSH_SUCCESS registered, But tps control manager is no limit implementation.

2025-01-07 11:21:26,790 INFO No tps control rule of CONFIG_PUSH_FAIL found,content =null  

2025-01-07 11:21:26,790 WARN Tps point for CONFIG_PUSH_FAIL registered, But tps control manager is no limit implementation.

2025-01-07 11:21:36,461 INFO No tps control rule of ConfigQuery found,content =null  

2025-01-07 11:21:36,461 WARN Tps point for ConfigQuery registered, But tps control manager is no limit implementation.

2025-01-07 11:21:36,461 INFO No tps control rule of ClusterConfigChangeNotify found,content =null  

2025-01-07 11:21:36,461 WARN Tps point for ClusterConfigChangeNotify registered, But tps control manager is no limit implementation.

2025-01-07 11:21:36,550 INFO No tps control rule of ConfigListen found,content =null  

2025-01-07 11:21:36,550 WARN Tps point for ConfigListen registered, But tps control manager is no limit implementation.

2025-01-07 11:21:36,551 INFO No tps control rule of ConfigRemove found,content =null  

2025-01-07 11:21:36,551 WARN Tps point for ConfigRemove registered, But tps control manager is no limit implementation.

2025-01-07 11:21:36,551 INFO No tps control rule of ConfigPublish found,content =null  

2025-01-07 11:21:36,551 WARN Tps point for ConfigPublish registered, But tps control manager is no limit implementation.

2025-01-07 11:21:36,551 INFO No tps control rule of HealthCheck found,content =null  

2025-01-07 11:21:36,551 WARN Tps point for HealthCheck registered, But tps control manager is no limit implementation.

2025-01-07 11:21:36,551 INFO No tps control rule of RemoteNamingServiceQuery found,content =null  

2025-01-07 11:21:36,551 WARN Tps point for RemoteNamingServiceQuery registered, But tps control manager is no limit implementation.

2025-01-07 11:21:36,551 INFO No tps control rule of RemoteNamingInstanceBatchRegister found,content =null  

2025-01-07 11:21:36,551 WARN Tps point for RemoteNamingInstanceBatchRegister registered, But tps control manager is no limit implementation.

2025-01-07 11:21:36,551 INFO No tps control rule of RemoteNamingInstanceRegisterDeregister found,content =null  

2025-01-07 11:21:36,551 WARN Tps point for RemoteNamingInstanceRegisterDeregister registered, But tps control manager is no limit implementation.

2025-01-07 11:21:36,551 INFO No tps control rule of RemoteNamingServiceListQuery found,content =null  

2025-01-07 11:21:36,551 WARN Tps point for RemoteNamingServiceListQuery registered, But tps control manager is no limit implementation.

2025-01-07 11:21:36,552 INFO No tps control rule of RemoteNamingServiceSubscribeUnSubscribe found,content =null  

2025-01-07 11:21:36,552 WARN Tps point for RemoteNamingServiceSubscribeUnSubscribe registered, But tps control manager is no limit implementation.

2025-01-07 11:21:36,552 WARN Tps point for RemoteNamingInstanceRegisterDeregister registered, But tps control manager is no limit implementation.

2025-01-07 11:21:36,552 INFO No tps control rule of NamingServiceListQuery found,content =null  

2025-01-07 11:21:36,552 WARN Tps point for NamingServiceListQuery registered, But tps control manager is no limit implementation.

2025-01-07 11:21:36,552 INFO No tps control rule of NamingInstanceMetadataUpdate found,content =null  

2025-01-07 11:21:36,552 WARN Tps point for NamingInstanceMetadataUpdate registered, But tps control manager is no limit implementation.

2025-01-07 11:21:36,552 INFO No tps control rule of NamingInstanceRegister found,content =null  

2025-01-07 11:21:36,552 WARN Tps point for NamingInstanceRegister registered, But tps control manager is no limit implementation.

2025-01-07 11:21:36,553 INFO No tps control rule of NamingServiceUpdate found,content =null  

2025-01-07 11:21:36,553 WARN Tps point for NamingServiceUpdate registered, But tps control manager is no limit implementation.

2025-01-07 11:21:36,553 INFO No tps control rule of NamingInstanceDeregister found,content =null  

2025-01-07 11:21:36,553 WARN Tps point for NamingInstanceDeregister registered, But tps control manager is no limit implementation.

2025-01-07 11:21:36,553 INFO No tps control rule of NamingServiceRegister found,content =null  

2025-01-07 11:21:36,553 WARN Tps point for NamingServiceRegister registered, But tps control manager is no limit implementation.

2025-01-07 11:21:36,553 WARN Tps point for NamingInstanceRegister registered, But tps control manager is no limit implementation.

2025-01-07 11:21:36,553 INFO No tps control rule of NamingInstanceQuery found,content =null  

2025-01-07 11:21:36,553 WARN Tps point for NamingInstanceQuery registered, But tps control manager is no limit implementation.

2025-01-07 11:21:36,553 INFO No tps control rule of NamingServiceQuery found,content =null  

2025-01-07 11:21:36,553 WARN Tps point for NamingServiceQuery registered, But tps control manager is no limit implementation.

2025-01-07 11:21:36,553 INFO No tps control rule of NamingInstanceUpdate found,content =null  

2025-01-07 11:21:36,553 WARN Tps point for NamingInstanceUpdate registered, But tps control manager is no limit implementation.

2025-01-07 11:21:36,553 INFO No tps control rule of NamingServiceDeregister found,content =null  

2025-01-07 11:21:36,553 WARN Tps point for NamingServiceDeregister registered, But tps control manager is no limit implementation.

2025-01-07 11:21:36,553 INFO No tps control rule of NamingServiceSubscribe found,content =null  

2025-01-07 11:21:36,553 WARN Tps point for NamingServiceSubscribe registered, But tps control manager is no limit implementation.

2025-01-07 11:21:36,553 WARN Tps point for NamingServiceSubscribe registered, But tps control manager is no limit implementation.

2025-01-07 11:21:36,553 WARN Tps point for NamingInstanceMetadataUpdate registered, But tps control manager is no limit implementation.

2025-01-07 11:21:36,553 WARN Tps point for NamingInstanceMetadataUpdate registered, But tps control manager is no limit implementation.

2025-01-07 11:21:36,553 INFO No tps control rule of HttpHealthCheck found,content =null  

2025-01-07 11:21:36,553 WARN Tps point for HttpHealthCheck registered, But tps control manager is no limit implementation.

2025-01-07 11:21:36,553 WARN Tps point for NamingServiceQuery registered, But tps control manager is no limit implementation.

2025-01-07 11:21:36,553 WARN Tps point for ConfigPublish registered, But tps control manager is no limit implementation.

2025-01-07 11:21:36,553 WARN Tps point for NamingInstanceDeregister registered, But tps control manager is no limit implementation.

2025-01-07 11:21:36,553 WARN Tps point for NamingInstanceMetadataUpdate registered, But tps control manager is no limit implementation.

2025-01-07 11:21:36,553 WARN Tps point for NamingServiceRegister registered, But tps control manager is no limit implementation.

2025-01-07 11:21:36,553 WARN Tps point for NamingServiceListQuery registered, But tps control manager is no limit implementation.

2025-01-07 11:21:36,553 WARN Tps point for NamingInstanceUpdate registered, But tps control manager is no limit implementation.

2025-01-07 11:21:36,553 WARN Tps point for NamingServiceDeregister registered, But tps control manager is no limit implementation.

2025-01-07 11:21:36,553 WARN Tps point for ConfigQuery registered, But tps control manager is no limit implementation.

2025-01-07 11:21:36,553 WARN Tps point for NamingInstanceQuery registered, But tps control manager is no limit implementation.

2025-01-07 11:21:36,553 WARN Tps point for NamingServiceUpdate registered, But tps control manager is no limit implementation.

2025-01-07 11:21:36,553 WARN Tps point for HttpHealthCheck registered, But tps control manager is no limit implementation.

2025-01-07 11:39:16,367 INFO Not configure type of control plugin, no limit control for current node.

2025-01-07 11:39:16,439 INFO Load connection metrics collector,size=2,[com.alibaba.nacos.config.server.service.LongPollingConnectionMetricsCollector@1ea9f009, com.alibaba.nacos.core.remote.LongConnectionMetricsCollector@5298dead]

2025-01-07 11:39:16,448 INFO No connection rule content found ,use default empty rule 

2025-01-07 11:39:16,533 INFO No tps control rule of CONFIG_PUSH_COUNT found,content =null  

2025-01-07 11:39:16,533 WARN Tps point for CONFIG_PUSH_COUNT registered, But tps control manager is no limit implementation.

2025-01-07 11:39:16,533 INFO No tps control rule of CONFIG_PUSH_SUCCESS found,content =null  

2025-01-07 11:39:16,533 WARN Tps point for CONFIG_PUSH_SUCCESS registered, But tps control manager is no limit implementation.

2025-01-07 11:39:16,533 INFO No tps control rule of CONFIG_PUSH_FAIL found,content =null  

2025-01-07 11:39:16,534 WARN Tps point for CONFIG_PUSH_FAIL registered, But tps control manager is no limit implementation.

2025-01-07 11:39:26,797 INFO No tps control rule of ConfigQuery found,content =null  

2025-01-07 11:39:26,797 WARN Tps point for ConfigQuery registered, But tps control manager is no limit implementation.

2025-01-07 11:39:26,798 INFO No tps control rule of ClusterConfigChangeNotify found,content =null  

2025-01-07 11:39:26,798 WARN Tps point for ClusterConfigChangeNotify registered, But tps control manager is no limit implementation.

2025-01-07 11:39:26,831 INFO No tps control rule of ConfigListen found,content =null  

2025-01-07 11:39:26,831 WARN Tps point for ConfigListen registered, But tps control manager is no limit implementation.

2025-01-07 11:39:26,832 INFO No tps control rule of ConfigRemove found,content =null  

2025-01-07 11:39:26,832 WARN Tps point for ConfigRemove registered, But tps control manager is no limit implementation.

2025-01-07 11:39:26,832 INFO No tps control rule of ConfigPublish found,content =null  

2025-01-07 11:39:26,832 WARN Tps point for ConfigPublish registered, But tps control manager is no limit implementation.

2025-01-07 11:39:26,832 INFO No tps control rule of HealthCheck found,content =null  

2025-01-07 11:39:26,832 WARN Tps point for HealthCheck registered, But tps control manager is no limit implementation.

2025-01-07 11:39:26,832 INFO No tps control rule of RemoteNamingServiceQuery found,content =null  

2025-01-07 11:39:26,832 WARN Tps point for RemoteNamingServiceQuery registered, But tps control manager is no limit implementation.

2025-01-07 11:39:26,832 INFO No tps control rule of RemoteNamingInstanceBatchRegister found,content =null  

2025-01-07 11:39:26,832 WARN Tps point for RemoteNamingInstanceBatchRegister registered, But tps control manager is no limit implementation.

2025-01-07 11:39:26,832 INFO No tps control rule of RemoteNamingInstanceRegisterDeregister found,content =null  

2025-01-07 11:39:26,832 WARN Tps point for RemoteNamingInstanceRegisterDeregister registered, But tps control manager is no limit implementation.

2025-01-07 11:39:26,833 INFO No tps control rule of RemoteNamingServiceListQuery found,content =null  

2025-01-07 11:39:26,833 WARN Tps point for RemoteNamingServiceListQuery registered, But tps control manager is no limit implementation.

2025-01-07 11:39:26,833 INFO No tps control rule of RemoteNamingServiceSubscribeUnSubscribe found,content =null  

2025-01-07 11:39:26,833 WARN Tps point for RemoteNamingServiceSubscribeUnSubscribe registered, But tps control manager is no limit implementation.

2025-01-07 11:39:26,833 WARN Tps point for RemoteNamingInstanceRegisterDeregister registered, But tps control manager is no limit implementation.

2025-01-07 11:39:26,833 INFO No tps control rule of NamingInstanceRegister found,content =null  

2025-01-07 11:39:26,833 WARN Tps point for NamingInstanceRegister registered, But tps control manager is no limit implementation.

2025-01-07 11:39:26,833 INFO No tps control rule of NamingServiceDeregister found,content =null  

2025-01-07 11:39:26,834 WARN Tps point for NamingServiceDeregister registered, But tps control manager is no limit implementation.

2025-01-07 11:39:26,834 WARN Tps point for NamingInstanceRegister registered, But tps control manager is no limit implementation.

2025-01-07 11:39:26,834 INFO No tps control rule of NamingInstanceMetadataUpdate found,content =null  

2025-01-07 11:39:26,834 WARN Tps point for NamingInstanceMetadataUpdate registered, But tps control manager is no limit implementation.

2025-01-07 11:39:26,834 WARN Tps point for ConfigQuery registered, But tps control manager is no limit implementation.

2025-01-07 11:39:26,834 INFO No tps control rule of NamingServiceRegister found,content =null  

2025-01-07 11:39:26,834 WARN Tps point for NamingServiceRegister registered, But tps control manager is no limit implementation.

2025-01-07 11:39:26,834 INFO No tps control rule of NamingInstanceUpdate found,content =null  

2025-01-07 11:39:26,834 WARN Tps point for NamingInstanceUpdate registered, But tps control manager is no limit implementation.

2025-01-07 11:39:26,834 INFO No tps control rule of NamingServiceQuery found,content =null  

2025-01-07 11:39:26,834 WARN Tps point for NamingServiceQuery registered, But tps control manager is no limit implementation.

2025-01-07 11:39:26,834 WARN Tps point for NamingInstanceMetadataUpdate registered, But tps control manager is no limit implementation.

2025-01-07 11:39:26,834 INFO No tps control rule of NamingInstanceQuery found,content =null  

2025-01-07 11:39:26,834 WARN Tps point for NamingInstanceQuery registered, But tps control manager is no limit implementation.

2025-01-07 11:39:26,834 WARN Tps point for NamingServiceRegister registered, But tps control manager is no limit implementation.

2025-01-07 11:39:26,834 INFO No tps control rule of NamingServiceListQuery found,content =null  

2025-01-07 11:39:26,834 WARN Tps point for NamingServiceListQuery registered, But tps control manager is no limit implementation.

2025-01-07 11:39:26,834 INFO No tps control rule of NamingServiceSubscribe found,content =null  

2025-01-07 11:39:26,834 WARN Tps point for NamingServiceSubscribe registered, But tps control manager is no limit implementation.

2025-01-07 11:39:26,834 WARN Tps point for NamingServiceDeregister registered, But tps control manager is no limit implementation.

2025-01-07 11:39:26,834 WARN Tps point for NamingInstanceMetadataUpdate registered, But tps control manager is no limit implementation.

2025-01-07 11:39:26,834 INFO No tps control rule of NamingServiceUpdate found,content =null  

2025-01-07 11:39:26,834 WARN Tps point for NamingServiceUpdate registered, But tps control manager is no limit implementation.

2025-01-07 11:39:26,834 WARN Tps point for NamingInstanceMetadataUpdate registered, But tps control manager is no limit implementation.

2025-01-07 11:39:26,834 INFO No tps control rule of NamingInstanceDeregister found,content =null  

2025-01-07 11:39:26,834 WARN Tps point for NamingInstanceDeregister registered, But tps control manager is no limit implementation.

2025-01-07 11:39:26,834 WARN Tps point for NamingServiceSubscribe registered, But tps control manager is no limit implementation.

2025-01-07 11:39:26,834 WARN Tps point for NamingInstanceDeregister registered, But tps control manager is no limit implementation.

2025-01-07 11:39:26,834 WARN Tps point for NamingInstanceQuery registered, But tps control manager is no limit implementation.

2025-01-07 11:39:26,834 WARN Tps point for NamingServiceListQuery registered, But tps control manager is no limit implementation.

2025-01-07 11:39:26,835 INFO No tps control rule of HttpHealthCheck found,content =null  

2025-01-07 11:39:26,835 WARN Tps point for HttpHealthCheck registered, But tps control manager is no limit implementation.

2025-01-07 11:39:26,835 WARN Tps point for NamingServiceQuery registered, But tps control manager is no limit implementation.

2025-01-07 11:39:26,835 WARN Tps point for NamingInstanceUpdate registered, But tps control manager is no limit implementation.

2025-01-07 11:39:26,835 WARN Tps point for ConfigPublish registered, But tps control manager is no limit implementation.

2025-01-07 11:39:26,835 WARN Tps point for NamingServiceUpdate registered, But tps control manager is no limit implementation.

2025-01-07 11:39:26,835 WARN Tps point for HttpHealthCheck registered, But tps control manager is no limit implementation.

