2025-01-08 00:02:36,184 INFO This Raft event changes : RaftEvent{groupId='naming_persistent_service', leader='nacos3:7848', term=11, raftClusterInfo=[nacos3:7848, nacos1:7848, nacos2:7848]}

2025-01-08 00:02:36,482 INFO This Raft event changes : RaftEvent{groupId='naming_persistent_service_v2', leader='nacos2:7848', term=11, raftClusterInfo=[nacos3:7848, nacos1:7848, nacos2:7848]}

2025-01-08 02:33:55,565 INFO This Raft event changes : RaftEvent{groupId='naming_persistent_service', leader='nacos3:7848', term=11, raftClusterInfo=[nacos3:7848, nacos1:7848, nacos2:7848]}

2025-01-08 02:33:55,569 ERROR Fail to refresh route configuration for group : naming_persistent_service_v2, status is : Status[UNKNOWN<-1>: handleRequest internal error]

2025-01-08 02:33:55,569 INFO This Raft event changes : RaftEvent{groupId='naming_instance_metadata', leader='nacos1:7848', term=12, raftClusterInfo=[nacos3:7848, nacos1:7848, nacos2:7848]}

2025-01-08 02:33:55,620 INFO This Raft event changes : RaftEvent{groupId='naming_instance_metadata', leader='nacos2:7848', term=13, raftClusterInfo=[nacos3:7848, nacos1:7848, nacos2:7848]}

2025-01-08 02:33:55,624 INFO This Raft event changes : RaftEvent{groupId='naming_persistent_service', leader='nacos2:7848', term=12, raftClusterInfo=[nacos3:7848, nacos1:7848, nacos2:7848]}

2025-01-08 02:33:57,631 INFO This Raft event changes : RaftEvent{groupId='naming_persistent_service_v2', leader='nacos1:7848', term=12, raftClusterInfo=[nacos3:7848, nacos1:7848, nacos2:7848]}

2025-01-08 02:33:57,902 INFO This Raft event changes : RaftEvent{groupId='naming_service_metadata', leader='nacos3:7848', term=11, raftClusterInfo=[nacos3:7848, nacos1:7848, nacos2:7848]}

2025-01-08 03:38:46,800 INFO This Raft event changes : RaftEvent{groupId='naming_persistent_service', leader='nacos3:7848', term=13, raftClusterInfo=[nacos3:7848, nacos1:7848, nacos2:7848]}

2025-01-08 03:38:46,809 INFO This Raft event changes : RaftEvent{groupId='naming_persistent_service_v2', leader='nacos3:7848', term=13, raftClusterInfo=[nacos3:7848, nacos1:7848, nacos2:7848]}

2025-01-08 03:38:47,444 ERROR Fail to refresh route configuration for group : naming_service_metadata, status is : Status[UNKNOWN<-1>: handleRequest internal error]

2025-01-08 03:38:49,701 INFO This Raft event changes : RaftEvent{groupId='naming_service_metadata', leader='nacos1:7848', term=12, raftClusterInfo=[nacos3:7848, nacos1:7848, nacos2:7848]}

2025-01-08 04:22:02,893 ERROR Fail to refresh route configuration for group : naming_persistent_service, status is : Status[UNKNOWN<-1>: handleRequest internal error]

2025-01-08 04:22:04,059 INFO This Raft event changes : RaftEvent{groupId='naming_persistent_service', leader='nacos2:7848', term=14, raftClusterInfo=[nacos3:7848, nacos1:7848, nacos2:7848]}

2025-01-08 07:58:14,781 ERROR Fail to refresh route configuration for group : naming_persistent_service_v2, status is : Status[UNKNOWN<-1>: handleRequest internal error]

2025-01-08 07:58:14,795 INFO This Raft event changes : RaftEvent{groupId='naming_persistent_service_v2', leader='nacos1:7848', term=14, raftClusterInfo=[nacos3:7848, nacos1:7848, nacos2:7848]}

2025-01-08 07:58:14,813 INFO This Raft event changes : RaftEvent{groupId='naming_instance_metadata', leader='nacos3:7848', term=14, raftClusterInfo=[nacos3:7848, nacos1:7848, nacos2:7848]}

2025-01-08 07:58:14,823 INFO This Raft event changes : RaftEvent{groupId='naming_persistent_service', leader='nacos3:7848', term=15, raftClusterInfo=[nacos3:7848, nacos1:7848, nacos2:7848]}

2025-01-08 09:24:45,834 ERROR Fail to refresh route configuration for group : naming_persistent_service, status is : Status[UNKNOWN<-1>: handleRequest internal error]

2025-01-08 09:24:46,903 INFO This Raft event changes : RaftEvent{groupId='naming_service_metadata', leader='nacos3:7848', term=13, raftClusterInfo=[nacos3:7848, nacos1:7848, nacos2:7848]}

2025-01-08 09:24:50,536 INFO This Raft event changes : RaftEvent{groupId='naming_persistent_service', leader='nacos3:7848', term=16, raftClusterInfo=[nacos3:7848, nacos1:7848, nacos2:7848]}

2025-01-08 10:08:02,126 ERROR Fail to refresh route configuration for group : naming_persistent_service_v2, status is : Status[UNKNOWN<-1>: handleRequest internal error]

2025-01-08 10:08:02,434 INFO This Raft event changes : RaftEvent{groupId='naming_persistent_service_v2', leader='nacos2:7848', term=15, raftClusterInfo=[nacos3:7848, nacos1:7848, nacos2:7848]}

2025-01-08 10:51:19,305 ERROR Fail to refresh route configuration for group : naming_persistent_service_v2, status is : Status[UNKNOWN<-1>: handleRequest internal error]

2025-01-08 10:51:19,318 INFO This Raft event changes : RaftEvent{groupId='naming_service_metadata', leader='nacos3:7848', term=13, raftClusterInfo=[nacos3:7848, nacos1:7848, nacos2:7848]}

2025-01-08 10:51:22,396 INFO This Raft event changes : RaftEvent{groupId='naming_persistent_service_v2', leader='nacos1:7848', term=16, raftClusterInfo=[nacos3:7848, nacos1:7848, nacos2:7848]}

2025-01-08 11:34:30,390 INFO This Raft event changes : RaftEvent{groupId='naming_persistent_service', leader='nacos3:7848', term=16, raftClusterInfo=[nacos3:7848, nacos1:7848, nacos2:7848]}

2025-01-08 11:34:30,411 ERROR Fail to refresh route configuration for group : naming_service_metadata, status is : Status[UNKNOWN<-1>: handleRequest internal error]

2025-01-08 11:34:30,428 INFO This Raft event changes : RaftEvent{groupId='naming_persistent_service', leader='nacos2:7848', term=17, raftClusterInfo=[nacos3:7848, nacos1:7848, nacos2:7848]}

2025-01-08 11:34:31,722 INFO This Raft event changes : RaftEvent{groupId='naming_service_metadata', leader='nacos1:7848', term=14, raftClusterInfo=[nacos3:7848, nacos1:7848, nacos2:7848]}

2025-01-08 11:56:10,128 INFO This Raft event changes : RaftEvent{groupId='naming_persistent_service_v2', leader='nacos1:7848', term=16, raftClusterInfo=[nacos3:7848, nacos1:7848, nacos2:7848]}

2025-01-08 11:56:10,141 INFO This Raft event changes : RaftEvent{groupId='naming_service_metadata', leader='nacos1:7848', term=14, raftClusterInfo=[nacos3:7848, nacos1:7848, nacos2:7848]}

2025-01-08 11:56:10,167 INFO This Raft event changes : RaftEvent{groupId='naming_instance_metadata', leader='nacos3:7848', term=14, raftClusterInfo=[nacos3:7848, nacos1:7848, nacos2:7848]}

2025-01-08 11:56:10,172 ERROR Fail to refresh route configuration for group : naming_instance_metadata, status is : Status[UNKNOWN<-1>: handleRequest internal error]

2025-01-08 11:56:10,172 ERROR Fail to refresh leader for group : naming_persistent_service, status is : Status[UNKNOWN<-1>: Unknown leader, Unknown leader, Unknown leader]

2025-01-08 11:56:10,177 INFO This Raft event changes : RaftEvent{groupId='naming_service_metadata', leader='nacos3:7848', term=15, raftClusterInfo=[nacos3:7848, nacos1:7848, nacos2:7848]}

2025-01-08 11:56:10,185 INFO This Raft event changes : RaftEvent{groupId='naming_persistent_service', leader='nacos3:7848', term=18, raftClusterInfo=[nacos3:7848, nacos1:7848, nacos2:7848]}

2025-01-08 11:56:10,187 ERROR Fail to refresh route configuration for group : naming_persistent_service, status is : Status[UNKNOWN<-1>: handleRequest internal error]

2025-01-08 11:56:10,209 INFO This Raft event changes : RaftEvent{groupId='naming_persistent_service_v2', leader='nacos2:7848', term=17, raftClusterInfo=[nacos3:7848, nacos1:7848, nacos2:7848]}

2025-01-08 11:56:10,209 INFO This Raft event changes : RaftEvent{groupId='naming_instance_metadata', leader='nacos2:7848', term=15, raftClusterInfo=[nacos3:7848, nacos1:7848, nacos2:7848]}

2025-01-08 14:27:30,187 ERROR Fail to refresh route configuration for group : naming_instance_metadata, status is : Status[UNKNOWN<-1>: handleRequest internal error]

2025-01-08 14:27:30,208 INFO This Raft event changes : RaftEvent{groupId='naming_instance_metadata', leader='nacos3:7848', term=16, raftClusterInfo=[nacos3:7848, nacos1:7848, nacos2:7848]}

2025-01-08 15:10:46,122 INFO This Raft event changes : RaftEvent{groupId='naming_persistent_service_v2', leader='nacos1:7848', term=18, raftClusterInfo=[nacos3:7848, nacos1:7848, nacos2:7848]}

2025-01-08 16:58:56,827 INFO This Raft event changes : RaftEvent{groupId='naming_persistent_service_v2', leader='nacos1:7848', term=18, raftClusterInfo=[nacos3:7848, nacos1:7848, nacos2:7848]}

2025-01-08 16:58:56,854 ERROR Fail to refresh route configuration for group : naming_persistent_service_v2, status is : Status[UNKNOWN<-1>: handleRequest internal error]

2025-01-08 16:58:57,431 INFO This Raft event changes : RaftEvent{groupId='naming_persistent_service_v2', leader='nacos3:7848', term=19, raftClusterInfo=[nacos3:7848, nacos1:7848, nacos2:7848]}

2025-01-08 17:38:52,231 INFO shutdown jraft server

2025-01-08 17:38:52,231 INFO ========= The raft protocol is starting to close =========

2025-01-08 17:38:53,022 INFO ========= The raft protocol has been closed =========

